=== Worker 7 start ===
Running matches: games_per_side=5, depth=8, max_plies=150, movetime_ms=100, fen_or_book=book, version_a=v20, version_b=v21

Batch 1/2: v20 white vs v21 black, 5 games
Game (W:v20 vs B:v21) FEN=knbrqbnr/ppp4p/4ppp1/3p4/2PP4/P3P1P1/1P3P1P/RNBQRBNK\ w\ -\ -\ 0\ 1 -> result 1-0 checkmate
Game (W:v20 vs B:v21) FEN=rnbqrbnk/1pp3pp/p2p4/4pp2/4P3/1PPP2P1/P4P1P/KNBRQBNR\ w\ -\ -\ 0\ 1 -> result 1/2-1/2 max-plies
Game (W:v20 vs B:v21) FEN=knbrqbnr/pp4pp/2p1pp2/3p4/3PP3/1P4P1/P1P2P1P/RNBQRBNK\ w\ -\ -\ 0\ 1 -> result 1/2-1/2 threefold-repetition
Game (W:v20 vs B:v21) FEN=rnbqrbnk/1p4pp/p2ppp2/2p5/8/1PPPPP2/P5PP/KNBRQBNR\ w\ -\ -\ 0\ 1 -> result 1/2-1/2 threefold-repetition
Game (W:v20 vs B:v21) FEN=knbrqbnr/ppp5/3ppppp/8/4PP2/2PP4/PP4PP/RNBQRBNK\ w\ -\ -\ 0\ 1 -> result 1/2-1/2 max-plies
Batch 2/2: v21 white vs v20 black, 5 games
Game (W:v21 vs B:v20) FEN=knbrqbnr/pp4p1/2pppp1p/8/3PP3/P5P1/1PP2P1P/RNBQRBNK\ w\ -\ -\ 0\ 1 -> result 1/2-1/2 max-plies
Game (W:v21 vs B:v20) FEN=rnbqrbnk/pp3p1p/6p1/2ppp3/4P3/1P1P1P1P/P1P3P1/KNBRQBNR\ w\ -\ c6\ 0\ 1 -> result 1/2-1/2 max-plies
Game (W:v21 vs B:v20) FEN=knbrqbnr/pp3pp1/2p1p2p/3p4/2P1P3/6PP/PP1P1P2/RNBQRBNK\ w\ -\ -\ 0\ 1 -> result 1/2-1/2 max-plies
Game (W:v21 vs B:v20) FEN=knbrqbnr/ppp5/3ppppp/8/2P5/1P2P1PP/P2P1P2/RNBQRBNK\ w\ -\ -\ 0\ 1 -> result 1-0 checkmate
Game (W:v21 vs B:v20) FEN=rnbqrbnk/3p2pp/ppp1p3/5p2/2P2P2/PP1P4/4P1PP/KNBRQBNR\ w\ -\ -\ 0\ 1 -> result 0-1 checkmate

=== Match Summary ===
Total games: 10
v20 wins: 2
v21 wins: 1
draws:   7
=== Worker 7 end ===
