=== Worker 6 start ===
Running matches: games_per_side=7, depth=8, max_plies=150, movetime_ms=40, fen_or_book=book, version_a=v5, version_b=v6

Game (W:v5 vs B:v6) FEN='knbrqbnr/pp3p1p/2p1p1p1/3p4/2P1PP2/3P4/PP4PP/RNBQRBNK w - - 0 1' -> result 1/2-1/2 max-plies
Game (W:v5 vs B:v6) FEN='knbrqbnr/1p3p1p/p2p2p1/2p1p3/3P1P2/1PP1P3/P5PP/RNBQRBNK w - - 0 1' -> result 1/2-1/2 max-plies
Game (W:v5 vs B:v6) FEN='rnbqrbnk/pp1p2p1/2p4p/4pp2/2P5/PP1PP3/5PPP/KNBRQBNR w - - 0 1' -> result 1/2-1/2 max-plies
Game (W:v5 vs B:v6) FEN='knbrqbnr/pp3pp1/2p1p2p/3p4/2P1P3/6PP/PP1P1P2/RNBQRBNK w - - 0 1' -> result 0-1 checkmate
Game (W:v5 vs B:v6) FEN='rnbqrbnk/p1p4p/1p1pp1p1/5p2/2PP4/PP6/4PPPP/KNBRQBNR w - - 0 1' -> result 1/2-1/2 max-plies
Game (W:v5 vs B:v6) FEN='knbrqbnr/1p2p1pp/p1p5/3p1p2/3P4/2P1P1PP/PP3P2/RNBQRBNK w - - 0 1' -> result 0-1 checkmate
Game (W:v5 vs B:v6) FEN='rnbqrbnk/p4ppp/1pp5/3pp3/3PP3/1PP5/P4PPP/KNBRQBNR w - - 0 1' -> result 1/2-1/2 max-plies
Game (W:v6 vs B:v5) FEN='knbrqbnr/1p2p1pp/p1p5/3p1p2/3P4/2P1P1PP/PP3P2/RNBQRBNK w - - 0 1' -> result 0-1 checkmate
Game (W:v6 vs B:v5) FEN='knbrqbnr/pp5p/2ppppp1/8/3P4/2P1PPP1/PP5P/RNBQRBNK w - - 0 1' -> result 1/2-1/2 max-plies
Game (W:v6 vs B:v5) FEN='knbrqbnr/pp4p1/3ppp1p/2p5/8/PP2PPP1/2PP3P/RNBQRBNK w - - 0 1' -> result 1/2-1/2 max-plies
Game (W:v6 vs B:v5) FEN='knbrqbnr/pp5p/3pp1p1/2p2p2/4P3/P1P3P1/1P1P1P1P/RNBQRBNK w - c6 0 1' -> result 1/2-1/2 max-plies
Game (W:v6 vs B:v5) FEN='rnbqrbnk/1p3p1p/p1p1p1p1/3p4/8/1PPPP1P1/P4P1P/KNBRQBNR w - - 0 1' -> result 0-1 checkmate
Game (W:v6 vs B:v5) FEN='knbrqbnr/pp2p1p1/7p/2pp1p2/3P4/1P2P1PP/P1P2P2/RNBQRBNK w - - 0 1' -> result 1-0 checkmate
Game (W:v6 vs B:v5) FEN='rnbqrbnk/5ppp/ppppp3/8/3P4/1P2P2P/P1P2PP1/KNBRQBNR w - - 0 1' -> result 1/2-1/2 max-plies

=== Match Summary ===
Total games: 14
v5 wins: 2
v6 wins: 3
draws:   9
=== Worker 6 end ===
