=== Worker 7 start ===
Running matches: games_per_side=7, depth=8, max_plies=150, movetime_ms=40, fen_or_book=book, version_a=v5, version_b=v6

Game (W:v5 vs B:v6) FEN='knbrqbnr/2p2p1p/pp1pp1p1/8/3P1P2/2P1P1P1/PP5P/RNBQRBNK w - - 0 1' -> result 1/2-1/2 max-plies
Game (W:v5 vs B:v6) FEN='knbrqbnr/1pp4p/p2p1pp1/4p3/4P3/P4PP1/1PPP3P/RNBQRBNK w - - 0 1' -> result 1/2-1/2 max-plies
Game (W:v5 vs B:v6) FEN='knbrqbnr/1pp4p/p2p2p1/4pp2/2P5/1P1PPP2/P5PP/RNBQRBNK w - - 0 1' -> result 1/2-1/2 max-plies
Game (W:v5 vs B:v6) FEN='rnbqrbnk/5ppp/pp1pp3/2p5/5P2/3PP1PP/PPP5/KNBRQBNR w - - 0 1' -> result 1/2-1/2 max-plies
Game (W:v5 vs B:v6) FEN='rnbqrbnk/p1p2p2/1p1pp1pp/8/2PP4/P4P2/1P2P1PP/KNBRQBNR w - - 0 1' -> result 1-0 checkmate
Game (W:v5 vs B:v6) FEN='rnbqrbnk/ppp2p2/3p2pp/4p3/2P2P2/1P1P3P/P3P1P1/KNBRQBNR w - - 0 1' -> result 1/2-1/2 max-plies
Game (W:v5 vs B:v6) FEN='rnbqrbnk/p5pp/1p2pp2/2pp4/3PP3/P4P2/1PP3PP/KNBRQBNR w - - 0 1' -> result 1-0 checkmate
Game (W:v6 vs B:v5) FEN='rnbqrbnk/p2p2pp/1p3p2/2p1p3/8/P2PPPP1/1PP4P/KNBRQBNR w - - 0 1' -> result 1-0 checkmate
Game (W:v6 vs B:v5) FEN='knbrqbnr/ppp1p3/6pp/3p1p2/3P4/1PP1P2P/P4PP1/RNBQRBNK w - - 0 1' -> result 1/2-1/2 max-plies
Game (W:v6 vs B:v5) FEN='knbrqbnr/p4ppp/1pp1p3/3p4/4P3/P4PP1/1PPP3P/RNBQRBNK w - - 0 1' -> result 1/2-1/2 max-plies
Game (W:v6 vs B:v5) FEN='knbrqbnr/1p2pp1p/p1p3p1/3p4/5P2/1PP1P1P1/P2P3P/RNBQRBNK w - - 0 1' -> result 1/2-1/2 max-plies
Game (W:v6 vs B:v5) FEN='knbrqbnr/pp3pp1/7p/2ppp3/4P3/2P2PP1/PP1P3P/RNBQRBNK w - - 0 1' -> result 1/2-1/2 max-plies
Game (W:v6 vs B:v5) FEN='rnbqrbnk/1pp3pp/p4p2/3pp3/2P5/3PP1PP/PP3P2/KNBRQBNR w - - 0 1' -> result 1-0 checkmate
Game (W:v6 vs B:v5) FEN='rnbqrbnk/pp3pp1/2p4p/3pp3/2PP4/4P1P1/PP3P1P/KNBRQBNR w - - 0 1' -> result 0-1 checkmate

=== Match Summary ===
Total games: 14
v5 wins: 3
v6 wins: 2
draws:   9
=== Worker 7 end ===
