=== Worker 2 start ===
Running matches: games_per_side=50, depth=8, max_plies=150, movetime_ms=10, fen_or_book=book, version_a=v17, version_b=v19

Batch 1/2: v17 white vs v19 black, 50 games
Game (W:v17 vs B:v19) FEN=knbrqbnr/1p4pp/p1pp1p2/4p3/4PP2/PP6/2PP2PP/RNBQRBNK\ w\ -\ -\ 0\ 1 -> result 1-0 checkmate
Game (W:v17 vs B:v19) FEN=rnbqrbnk/1p1p3p/p3p1p1/2p2p2/2P5/PP1P2P1/4PP1P/KNBRQBNR\ w\ -\ -\ 0\ 1 -> result 1-0 checkmate
Game (W:v17 vs B:v19) FEN=knbrqbnr/4p1pp/pppp4/5p2/8/2P1PPPP/PP1P4/RNBQRBNK\ w\ -\ -\ 0\ 1 -> result 1-0 checkmate
Game (W:v17 vs B:v19) FEN=knbrqbnr/p1p3pp/1p2pp2/3p4/8/PP1PPP2/2P3PP/RNBQRBNK\ w\ -\ -\ 0\ 1 -> result 1-0 checkmate
Game (W:v17 vs B:v19) FEN=knbrqbnr/pp4p1/3p3p/2p1pp2/4P3/P2P2P1/1PP2P1P/RNBQRBNK\ w\ -\ -\ 0\ 1 -> result 1-0 checkmate
Game (W:v17 vs B:v19) FEN=rnbqrbnk/p1p3p1/1p2p2p/3p1p2/8/PP1PPP2/2P3PP/KNBRQBNR\ w\ -\ -\ 0\ 1 -> result 1-0 checkmate
Game (W:v17 vs B:v19) FEN=knbrqbnr/pp3p2/3pp1pp/2p5/2P1PP2/P7/1P1P2PP/RNBQRBNK\ w\ -\ -\ 0\ 1 -> result 1-0 checkmate
Game (W:v17 vs B:v19) FEN=rnbqrbnk/pp4p1/2p1pp1p/3p4/3P4/1P2P1P1/P1P2P1P/KNBRQBNR\ w\ -\ -\ 0\ 1 -> result 1-0 checkmate
Game (W:v17 vs B:v19) FEN=knbrqbnr/pp2p1p1/7p/2pp1p2/3P4/1P2P1PP/P1P2P2/RNBQRBNK\ w\ -\ -\ 0\ 1 -> result 1-0 checkmate
Game (W:v17 vs B:v19) FEN=rnbqrbnk/2p3pp/pp1ppp2/8/4P3/1PPP2P1/P4P1P/KNBRQBNR\ w\ -\ -\ 0\ 1 -> result 1-0 checkmate
Game (W:v17 vs B:v19) FEN=knbrqbnr/1p3ppp/p7/2ppp3/2P5/1P2P1PP/P2P1P2/RNBQRBNK\ w\ -\ -\ 0\ 1 -> result 1-0 checkmate
Game (W:v17 vs B:v19) FEN=knbrqbnr/pp3p2/2pp2pp/4p3/2P1P3/6PP/PP1P1P2/RNBQRBNK\ w\ -\ -\ 0\ 1 -> result 1-0 checkmate
Game (W:v17 vs B:v19) FEN=rnbqrbnk/1p3ppp/p1p5/3pp3/2P1P3/3P1P1P/PP4P1/KNBRQBNR\ w\ -\ -\ 0\ 1 -> result 1-0 checkmate
Game (W:v17 vs B:v19) FEN=rnbqrbnk/3p1p1p/pp2p1p1/2p5/5P2/1P1PP2P/P1P3P1/KNBRQBNR\ w\ -\ -\ 0\ 1 -> result 1-0 checkmate
Game (W:v17 vs B:v19) FEN=rnbqrbnk/5ppp/ppp1p3/3p4/3P4/P1P3P1/1P2PP1P/KNBRQBNR\ w\ -\ -\ 0\ 1 -> result 1-0 checkmate
Game (W:v17 vs B:v19) FEN=rnbqrbnk/pp5p/4p1p1/2pp1p2/8/1PPPP1P1/P4P1P/KNBRQBNR\ w\ -\ c6\ 0\ 1 -> result 1-0 checkmate
Game (W:v17 vs B:v19) FEN=knbrqbnr/ppp5/3ppppp/8/4PP2/2PP4/PP4PP/RNBQRBNK\ w\ -\ -\ 0\ 1 -> result 1-0 checkmate
Game (W:v17 vs B:v19) FEN=knbrqbnr/pp2p1p1/2p2p1p/3p4/2P5/3PP1PP/PP3P2/RNBQRBNK\ w\ -\ -\ 0\ 1 -> result 1-0 checkmate
Game (W:v17 vs B:v19) FEN=knbrqbnr/1p4pp/p1pppp2/8/8/2PPPP1P/PP4P1/RNBQRBNK\ w\ -\ -\ 0\ 1 -> result 1-0 checkmate
Game (W:v17 vs B:v19) FEN=rnbqrbnk/pp5p/2p1ppp1/3p4/2P5/P2PPP2/1P4PP/KNBRQBNR\ w\ -\ -\ 0\ 1 -> result 1-0 checkmate
Game (W:v17 vs B:v19) FEN=knbrqbnr/pp3p2/2pp2pp/4p3/8/P1PPPP2/1P4PP/RNBQRBNK\ w\ -\ -\ 0\ 1 -> result 1-0 checkmate
Game (W:v17 vs B:v19) FEN=rnbqrbnk/pppp4/5ppp/4p3/8/PPPP1P2/4P1PP/KNBRQBNR\ w\ -\ -\ 0\ 1 -> result 1-0 checkmate
Game (W:v17 vs B:v19) FEN=rnbqrbnk/1p4pp/p1pppp2/8/3P4/1P2P2P/P1P2PP1/KNBRQBNR\ w\ -\ -\ 0\ 1 -> result 1-0 checkmate
Game (W:v17 vs B:v19) FEN=knbrqbnr/pp4p1/2pppp1p/8/4P3/1P1P1P2/P1P3PP/RNBQRBNK\ w\ -\ -\ 0\ 1 -> result 1-0 checkmate
Game (W:v17 vs B:v19) FEN=knbrqbnr/p1p3p1/1p1ppp1p/8/5P2/1PP1P1P1/P2P3P/RNBQRBNK\ w\ -\ -\ 0\ 1 -> result 1-0 checkmate
Game (W:v17 vs B:v19) FEN=knbrqbnr/1p3ppp/p1p5/3pp3/2P5/P3PPP1/1P1P3P/RNBQRBNK\ w\ -\ -\ 0\ 1 -> result 1-0 checkmate
Game (W:v17 vs B:v19) FEN=rnbqrbnk/p1p2pp1/1p1p3p/4p3/4PP2/1P1P2P1/P1P4P/KNBRQBNR\ w\ -\ -\ 0\ 1 -> result 1-0 checkmate
Game (W:v17 vs B:v19) FEN=knbrqbnr/2p2ppp/pp2p3/3p4/4PP2/1P4P1/P1PP3P/RNBQRBNK\ w\ -\ -\ 0\ 1 -> result 1-0 checkmate
Game (W:v17 vs B:v19) FEN=knbrqbnr/1p2p2p/p2p2p1/2p2p2/3P4/P1P1P1P1/1P3P1P/RNBQRBNK\ w\ -\ -\ 0\ 1 -> result 1-0 checkmate
Game (W:v17 vs B:v19) FEN=rnbqrbnk/ppp5/3pp1pp/5p2/2P5/1P1P1P1P/P3P1P1/KNBRQBNR\ w\ -\ -\ 0\ 1 -> result 1-0 checkmate
Game (W:v17 vs B:v19) FEN=rnbqrbnk/3p2pp/pp2p3/2p2p2/5P2/P1PPP3/1P4PP/KNBRQBNR\ w\ -\ -\ 0\ 1 -> result 1-0 checkmate
Game (W:v17 vs B:v19) FEN=knbrqbnr/ppp5/3ppppp/8/2P2P2/3PP2P/PP4P1/RNBQRBNK\ w\ -\ -\ 0\ 1 -> result 1-0 checkmate
Game (W:v17 vs B:v19) FEN=knbrqbnr/pp3p2/2ppp1pp/8/4PP2/2P4P/PP1P2P1/RNBQRBNK\ w\ -\ -\ 0\ 1 -> result 1-0 checkmate
Game (W:v17 vs B:v19) FEN=knbrqbnr/ppp3p1/7p/3ppp2/2PP4/4P1PP/PP3P2/RNBQRBNK\ w\ -\ -\ 0\ 1 -> result 1-0 checkmate
Game (W:v17 vs B:v19) FEN=rnbqrbnk/p5pp/1p1pp3/2p2p2/2PP1P2/7P/PP2P1P1/KNBRQBNR\ w\ -\ -\ 0\ 1 -> result 1-0 checkmate
Game (W:v17 vs B:v19) FEN=rnbqrbnk/p1p2pp1/1p1p3p/4p3/8/2PP1PPP/PP2P3/KNBRQBNR\ w\ -\ -\ 0\ 1 -> result 1-0 checkmate
Game (W:v17 vs B:v19) FEN=knbrqbnr/1pp4p/p2pppp1/8/4PP2/2P4P/PP1P2P1/RNBQRBNK\ w\ -\ -\ 0\ 1 -> result 1/2-1/2 threefold-repetition
Game (W:v17 vs B:v19) FEN=rnbqrbnk/p5pp/1p1ppp2/2p5/4P3/1PPP1P2/P5PP/KNBRQBNR\ w\ -\ -\ 0\ 1 -> result 1-0 checkmate
Game (W:v17 vs B:v19) FEN=rnbqrbnk/ppp5/4p1pp/3p1p2/2P5/1P1P1P1P/P3P1P1/KNBRQBNR\ w\ -\ -\ 0\ 1 -> result 1-0 checkmate
Game (W:v17 vs B:v19) FEN=rnbqrbnk/3p2pp/ppp1p3/5p2/3P4/1P2P2P/P1P2PP1/KNBRQBNR\ w\ -\ -\ 0\ 1 -> result 1-0 checkmate
Game (W:v17 vs B:v19) FEN=rnbqrbnk/p5pp/1p1ppp2/2p5/2PP4/1P4P1/P3PP1P/KNBRQBNR\ w\ -\ -\ 0\ 1 -> result 1-0 checkmate
Game (W:v17 vs B:v19) FEN=rnbqrbnk/p5pp/1pp1pp2/3p4/3P4/P1P3P1/1P2PP1P/KNBRQBNR\ w\ -\ -\ 0\ 1 -> result 1-0 checkmate
Game (W:v17 vs B:v19) FEN=rnbqrbnk/p2p2p1/1pp1pp1p/8/8/PPPP1P2/4P1PP/KNBRQBNR\ w\ -\ -\ 0\ 1 -> result 1-0 checkmate
Game (W:v17 vs B:v19) FEN=knbrqbnr/1pp4p/p2p1pp1/4p3/4PP2/2P4P/PP1P2P1/RNBQRBNK\ w\ -\ -\ 0\ 1 -> result 1-0 checkmate
Game (W:v17 vs B:v19) FEN=rnbqrbnk/p5pp/1p2p3/2pp1p2/2P1P3/3P1P1P/PP4P1/KNBRQBNR\ w\ -\ -\ 0\ 1 -> result 1-0 checkmate
Game (W:v17 vs B:v19) FEN=knbrqbnr/1p4pp/p2p4/2p1pp2/8/PPP1PP2/3P2PP/RNBQRBNK\ w\ -\ -\ 0\ 1 -> result 1-0 checkmate
Game (W:v17 vs B:v19) FEN=knbrqbnr/pp5p/3p1pp1/2p1p3/2P5/3PP1PP/PP3P2/RNBQRBNK\ w\ -\ c6\ 0\ 1 -> result 1-0 checkmate
Game (W:v17 vs B:v19) FEN=rnbqrbnk/pp4pp/2pp1p2/4p3/4P3/1PPP1P2/P5PP/KNBRQBNR\ w\ -\ -\ 0\ 1 -> result 1/2-1/2 threefold-repetition
Game (W:v17 vs B:v19) FEN=rnbqrbnk/1p3p1p/p1p1p1p1/3p4/2P5/P2PPP2/1P4PP/KNBRQBNR\ w\ -\ -\ 0\ 1 -> result 1-0 checkmate
Game (W:v17 vs B:v19) FEN=rnbqrbnk/p5pp/1p1pp3/2p2p2/2P1P3/P2P1P2/1P4PP/KNBRQBNR\ w\ -\ -\ 0\ 1 -> result 1-0 checkmate
Batch 2/2: v19 white vs v17 black, 50 games
Game (W:v19 vs B:v17) FEN=knbrqbnr/p1p3pp/1p2pp2/3p4/4PP2/6PP/PPPP4/RNBQRBNK\ w\ -\ -\ 0\ 1 -> result 0-1 checkmate
Game (W:v19 vs B:v17) FEN=knbrqbnr/p4p1p/1pppp1p1/8/5P2/2PPP1P1/PP5P/RNBQRBNK\ w\ -\ -\ 0\ 1 -> result 0-1 checkmate
Game (W:v19 vs B:v17) FEN=knbrqbnr/p1p2p1p/1p4p1/3pp3/8/1P1PP1PP/P1P2P2/RNBQRBNK\ w\ -\ -\ 0\ 1 -> result 0-1 checkmate
Game (W:v19 vs B:v17) FEN=knbrqbnr/p3pp2/1ppp2pp/8/5P2/1P2P1PP/P1PP4/RNBQRBNK\ w\ -\ -\ 0\ 1 -> result 0-1 checkmate
Game (W:v19 vs B:v17) FEN=rnbqrbnk/1pp4p/p3p1p1/3p1p2/8/1P1PP1PP/P1P2P2/KNBRQBNR\ w\ -\ -\ 0\ 1 -> result 0-1 checkmate
Game (W:v19 vs B:v17) FEN=knbrqbnr/pp3p2/3pp1pp/2p5/4P3/3P1P1P/PPP3P1/RNBQRBNK\ w\ -\ -\ 0\ 1 -> result 0-1 checkmate
Game (W:v19 vs B:v17) FEN=knbrqbnr/1p4pp/p2pp3/2p2p2/2P5/1P2PPP1/P2P3P/RNBQRBNK\ w\ -\ -\ 0\ 1 -> result 0-1 checkmate
Game (W:v19 vs B:v17) FEN=rnbqrbnk/p5pp/1p2p3/2pp1p2/2PP4/4P1P1/PP3P1P/KNBRQBNR\ w\ -\ -\ 0\ 1 -> result 0-1 checkmate
Game (W:v19 vs B:v17) FEN=knbrqbnr/1pp4p/p2p1pp1/4p3/3PP3/P1P5/1P3PPP/RNBQRBNK\ w\ -\ -\ 0\ 1 -> result 0-1 checkmate
Game (W:v19 vs B:v17) FEN=knbrqbnr/2p3pp/pp1pp3/5p2/2P2P2/3PP1P1/PP5P/RNBQRBNK\ w\ -\ -\ 0\ 1 -> result 0-1 checkmate
Game (W:v19 vs B:v17) FEN=rnbqrbnk/p4pp1/1p2p2p/2pp4/2P1P3/3P1P1P/PP4P1/KNBRQBNR\ w\ -\ -\ 0\ 1 -> result 0-1 checkmate
Game (W:v19 vs B:v17) FEN=rnbqrbnk/pp5p/2ppppp1/8/2P1P3/PP1P4/5PPP/KNBRQBNR\ w\ -\ -\ 0\ 1 -> result 0-1 checkmate
Game (W:v19 vs B:v17) FEN=knbrqbnr/2p3pp/pp1pp3/5p2/5P2/P1PPP3/1P4PP/RNBQRBNK\ w\ -\ -\ 0\ 1 -> result 0-1 checkmate
Game (W:v19 vs B:v17) FEN=knbrqbnr/1p4pp/p1pppp2/8/3P4/4PPPP/PPP5/RNBQRBNK\ w\ -\ -\ 0\ 1 -> result 0-1 checkmate
Game (W:v19 vs B:v17) FEN=knbrqbnr/p5pp/1p1p1p2/2p1p3/8/PPP1P1P1/3P1P1P/RNBQRBNK\ w\ -\ -\ 0\ 1 -> result 0-1 checkmate
Game (W:v19 vs B:v17) FEN=rnbqrbnk/2pp2pp/pp6/4pp2/5P2/PPPP4/4P1PP/KNBRQBNR\ w\ -\ -\ 0\ 1 -> result 0-1 checkmate
Game (W:v19 vs B:v17) FEN=rnbqrbnk/p1p3p1/1p1ppp1p/8/8/1P1PP1PP/P1P2P2/KNBRQBNR\ w\ -\ -\ 0\ 1 -> result 0-1 checkmate
Game (W:v19 vs B:v17) FEN=knbrqbnr/1p2p2p/p1pp1pp1/8/5P2/P2PP1P1/1PP4P/RNBQRBNK\ w\ -\ -\ 0\ 1 -> result 0-1 checkmate
Game (W:v19 vs B:v17) FEN=rnbqrbnk/p1p2pp1/1p5p/3pp3/5P2/PP1P2P1/2P1P2P/KNBRQBNR\ w\ -\ -\ 0\ 1 -> result 1/2-1/2 max-plies
Game (W:v19 vs B:v17) FEN=knbrqbnr/pp3p2/3p2pp/2p1p3/2P5/1P2PPP1/P2P3P/RNBQRBNK\ w\ -\ -\ 0\ 1 -> result 0-1 checkmate
Game (W:v19 vs B:v17) FEN=knbrqbnr/p1p4p/1p1pp1p1/5p2/8/3PPPPP/PPP5/RNBQRBNK\ w\ -\ -\ 0\ 1 -> result 0-1 checkmate
Game (W:v19 vs B:v17) FEN=knbrqbnr/pp4pp/2p5/3ppp2/2P2P2/3PP1P1/PP5P/RNBQRBNK\ w\ -\ -\ 0\ 1 -> result 0-1 checkmate
Game (W:v19 vs B:v17) FEN=rnbqrbnk/pp4p1/2p1p2p/3p1p2/8/PP1PPP2/2P3PP/KNBRQBNR\ w\ -\ -\ 0\ 1 -> result 0-1 checkmate
Game (W:v19 vs B:v17) FEN=rnbqrbnk/p2p2pp/1p3p2/2p1p3/8/P2PPPP1/1PP4P/KNBRQBNR\ w\ -\ -\ 0\ 1 -> result 0-1 checkmate
Game (W:v19 vs B:v17) FEN=knbrqbnr/pp3p2/2pp2pp/4p3/4P3/1P1P1P2/P1P3PP/RNBQRBNK\ w\ -\ -\ 0\ 1 -> result 0-1 checkmate
Game (W:v19 vs B:v17) FEN=knbrqbnr/pp4p1/3ppp1p/2p5/4P3/1P3PP1/P1PP3P/RNBQRBNK\ w\ -\ -\ 0\ 1 -> result 1/2-1/2 max-plies
Game (W:v19 vs B:v17) FEN=rnbqrbnk/p1p2pp1/1p1p3p/4p3/8/2PP1PPP/PP2P3/KNBRQBNR\ w\ -\ -\ 0\ 1 -> result 0-1 checkmate
Game (W:v19 vs B:v17) FEN=knbrqbnr/1p3ppp/p7/2ppp3/2P5/1P2P1PP/P2P1P2/RNBQRBNK\ w\ -\ -\ 0\ 1 -> result 0-1 checkmate
Game (W:v19 vs B:v17) FEN=rnbqrbnk/1p3p1p/p2pp1p1/2p5/8/PP1PPP2/2P3PP/KNBRQBNR\ w\ -\ -\ 0\ 1 -> result 0-1 checkmate
Game (W:v19 vs B:v17) FEN=knbrqbnr/5ppp/pppp4/4p3/2P2P2/4P1PP/PP1P4/RNBQRBNK\ w\ -\ -\ 0\ 1 -> result 0-1 checkmate
Game (W:v19 vs B:v17) FEN=knbrqbnr/p3ppp1/1p5p/2pp4/5P2/1P2P1PP/P1PP4/RNBQRBNK\ w\ -\ -\ 0\ 1 -> result 0-1 checkmate
Game (W:v19 vs B:v17) FEN=knbrqbnr/pp3p2/3p2pp/2p1p3/4P3/2P2PP1/PP1P3P/RNBQRBNK\ w\ -\ -\ 0\ 1 -> result 0-1 checkmate
Game (W:v19 vs B:v17) FEN=rnbqrbnk/1p3p1p/p2pp1p1/2p5/2P2P2/1P1P3P/P3P1P1/KNBRQBNR\ w\ -\ -\ 0\ 1 -> result 0-1 checkmate
Game (W:v19 vs B:v17) FEN=knbrqbnr/p1p1p1p1/1p5p/3p1p2/2P5/4PPPP/PP1P4/RNBQRBNK\ w\ -\ -\ 0\ 1 -> result 0-1 checkmate
Game (W:v19 vs B:v17) FEN=rnbqrbnk/1p3ppp/p1pp4/4p3/2PP4/1P2P3/P4PPP/KNBRQBNR\ w\ -\ -\ 0\ 1 -> result 0-1 checkmate
Game (W:v19 vs B:v17) FEN=rnbqrbnk/p5pp/1p1ppp2/2p5/2PP4/1P4P1/P3PP1P/KNBRQBNR\ w\ -\ -\ 0\ 1 -> result 0-1 checkmate
Game (W:v19 vs B:v17) FEN=knbrqbnr/5ppp/pp1pp3/2p5/5P2/1PP1P1P1/P2P3P/RNBQRBNK\ w\ -\ -\ 0\ 1 -> result 0-1 checkmate
Game (W:v19 vs B:v17) FEN=rnbqrbnk/1pp3pp/p4p2/3pp3/3P1P2/P1P5/1P2P1PP/KNBRQBNR\ w\ -\ -\ 0\ 1 -> result 0-1 checkmate
Game (W:v19 vs B:v17) FEN=knbrqbnr/2p3pp/pp1p4/4pp2/3P4/2P1PPP1/PP5P/RNBQRBNK\ w\ -\ -\ 0\ 1 -> result 0-1 checkmate
Game (W:v19 vs B:v17) FEN=knbrqbnr/p3ppp1/1pp4p/3p4/5P2/P2PP1P1/1PP4P/RNBQRBNK\ w\ -\ -\ 0\ 1 -> result 0-1 checkmate
Game (W:v19 vs B:v17) FEN=rnbqrbnk/1p4pp/p2pp3/2p2p2/3P4/5PPP/PPP1P3/KNBRQBNR\ w\ -\ -\ 0\ 1 -> result 0-1 checkmate
Game (W:v19 vs B:v17) FEN=rnbqrbnk/1p4pp/p1pppp2/8/3P4/P1P3P1/1P2PP1P/KNBRQBNR\ w\ -\ -\ 0\ 1 -> result 0-1 checkmate
Game (W:v19 vs B:v17) FEN=rnbqrbnk/pp4pp/2pp1p2/4p3/4P3/1PPP1P2/P5PP/KNBRQBNR\ w\ -\ -\ 0\ 1 -> result 0-1 checkmate
Game (W:v19 vs B:v17) FEN=rnbqrbnk/1pp2p1p/p5p1/3pp3/5P2/P1PP2P1/1P2P2P/KNBRQBNR\ w\ -\ -\ 0\ 1 -> result 0-1 checkmate
Game (W:v19 vs B:v17) FEN=rnbqrbnk/1p4pp/p2ppp2/2p5/4P3/2PP1P1P/PP4P1/KNBRQBNR\ w\ -\ -\ 0\ 1 -> result 0-1 checkmate
Game (W:v19 vs B:v17) FEN=knbrqbnr/pp2p3/3p2pp/2p2p2/4PP2/P2P4/1PP3PP/RNBQRBNK\ w\ -\ -\ 0\ 1 -> result 0-1 checkmate
Game (W:v19 vs B:v17) FEN=knbrqbnr/1p2p2p/p1pp2p1/5p2/4P3/3P2PP/PPP2P2/RNBQRBNK\ w\ -\ -\ 0\ 1 -> result 0-1 checkmate
Game (W:v19 vs B:v17) FEN=knbrqbnr/1p4pp/p1pppp2/8/8/1PPPP1P1/P4P1P/RNBQRBNK\ w\ -\ -\ 0\ 1 -> result 0-1 checkmate
Game (W:v19 vs B:v17) FEN=rnbqrbnk/ppp3p1/5p1p/3pp3/4P3/P1PP1P2/1P4PP/KNBRQBNR\ w\ -\ -\ 0\ 1 -> result 0-1 checkmate
Game (W:v19 vs B:v17) FEN=rnbqrbnk/pppp4/5ppp/4p3/2P5/1P1P1PP1/P3P2P/KNBRQBNR\ w\ -\ -\ 0\ 1 -> result 0-1 checkmate

=== Match Summary ===
Total games: 100
v17 wins: 96
v19 wins: 0
draws:   4
=== Worker 2 end ===
