=== Worker 7 start ===
Running matches: games_per_side=50, depth=8, max_plies=150, movetime_ms=10, fen_or_book=book, version_a=v7, version_b=v10

Batch 1/2: v7 white vs v10 black, 50 games
Game (W:v7 vs B:v10) FEN=rnbqrbnk/p5pp/1pppp3/5p2/2PP4/1P2P3/P4PPP/KNBRQBNR\ w\ -\ -\ 0\ 1 -> result 1/2-1/2 max-plies
Game (W:v7 vs B:v10) FEN=knbrqbnr/1p2p2p/p1pp1pp1/8/8/PP2PPP1/2PP3P/RNBQRBNK\ w\ -\ -\ 0\ 1 -> result 1/2-1/2 max-plies
Game (W:v7 vs B:v10) FEN=knbrqbnr/1p2p1pp/p7/2pp1p2/3P4/P1P1P1P1/1P3P1P/RNBQRBNK\ w\ -\ -\ 0\ 1 -> result 0-1 checkmate
Game (W:v7 vs B:v10) FEN=rnbqrbnk/p1p2pp1/1p5p/3pp3/5P2/PP1P2P1/2P1P2P/KNBRQBNR\ w\ -\ -\ 0\ 1 -> result 1/2-1/2 max-plies
Game (W:v7 vs B:v10) FEN=knbrqbnr/4p1pp/pppp4/5p2/8/2P1PPPP/PP1P4/RNBQRBNK\ w\ -\ -\ 0\ 1 -> result 1/2-1/2 max-plies
Game (W:v7 vs B:v10) FEN=knbrqbnr/pp4p1/3p1p1p/2p1p3/3P1P2/P3P1P1/1PP4P/RNBQRBNK\ w\ -\ -\ 0\ 1 -> result 1/2-1/2 max-plies
Game (W:v7 vs B:v10) FEN=knbrqbnr/1p4pp/p1pp4/4pp2/3P4/1PP1PP2/P5PP/RNBQRBNK\ w\ -\ -\ 0\ 1 -> result 0-1 checkmate
Game (W:v7 vs B:v10) FEN=rnbqrbnk/2p3pp/pp1pp3/5p2/3P4/2P2PP1/PP2P2P/KNBRQBNR\ w\ -\ -\ 0\ 1 -> result 1-0 checkmate
Game (W:v7 vs B:v10) FEN=rnbqrbnk/p5pp/1p1ppp2/2p5/5P2/3PP1PP/PPP5/KNBRQBNR\ w\ -\ -\ 0\ 1 -> result 1-0 checkmate
Game (W:v7 vs B:v10) FEN=rnbqrbnk/1pp2p1p/p5p1/3pp3/2P5/P2PP1P1/1P3P1P/KNBRQBNR\ w\ -\ -\ 0\ 1 -> result 1/2-1/2 max-plies
Game (W:v7 vs B:v10) FEN=knbrqbnr/pp2p3/3p2pp/2p2p2/4PP2/PP6/2PP2PP/RNBQRBNK\ w\ -\ -\ 0\ 1 -> result 1/2-1/2 max-plies
Game (W:v7 vs B:v10) FEN=rnbqrbnk/1p1p2pp/p1p2p2/4p3/3PP3/PP6/2P2PPP/KNBRQBNR\ w\ -\ -\ 0\ 1 -> result 1/2-1/2 max-plies
Game (W:v7 vs B:v10) FEN=knbrqbnr/pp4p1/3ppp1p/2p5/8/PP2PPP1/2PP3P/RNBQRBNK\ w\ -\ -\ 0\ 1 -> result 1/2-1/2 max-plies
Game (W:v7 vs B:v10) FEN=rnbqrbnk/pp4pp/3p1p2/2p1p3/5P2/2PPP2P/PP4P1/KNBRQBNR\ w\ -\ c6\ 0\ 1 -> result 0-1 checkmate
Game (W:v7 vs B:v10) FEN=knbrqbnr/p1p3p1/1p1pp2p/5p2/8/1P2PPPP/P1PP4/RNBQRBNK\ w\ -\ -\ 0\ 1 -> result 0-1 checkmate
Game (W:v7 vs B:v10) FEN=rnbqrbnk/pp4pp/2pp1p2/4p3/2PP4/1P2P3/P4PPP/KNBRQBNR\ w\ -\ -\ 0\ 1 -> result 1-0 checkmate
Game (W:v7 vs B:v10) FEN=knbrqbnr/2p3pp/pp1pp3/5p2/2P2P2/3PP1P1/PP5P/RNBQRBNK\ w\ -\ -\ 0\ 1 -> result 0-1 checkmate
Game (W:v7 vs B:v10) FEN=knbrqbnr/1pp4p/p2p1pp1/4p3/3PP3/P1P5/1P3PPP/RNBQRBNK\ w\ -\ -\ 0\ 1 -> result 1/2-1/2 max-plies
Game (W:v7 vs B:v10) FEN=rnbqrbnk/pp1p1p2/2p3pp/4p3/2P1P3/1P1P3P/P4PP1/KNBRQBNR\ w\ -\ -\ 0\ 1 -> result 1/2-1/2 max-plies
Game (W:v7 vs B:v10) FEN=rnbqrbnk/1p3ppp/p2p4/2p1p3/4P3/2PP1P1P/PP4P1/KNBRQBNR\ w\ -\ -\ 0\ 1 -> result 1/2-1/2 max-plies
Game (W:v7 vs B:v10) FEN=rnbqrbnk/pp4pp/2p5/3ppp2/2PP4/5P1P/PP2P1P1/KNBRQBNR\ w\ -\ -\ 0\ 1 -> result 0-1 checkmate
Game (W:v7 vs B:v10) FEN=rnbqrbnk/p2p2p1/1pp1p2p/5p2/8/PP1PP1P1/2P2P1P/KNBRQBNR\ w\ -\ -\ 0\ 1 -> result 1/2-1/2 max-plies
Game (W:v7 vs B:v10) FEN=rnbqrbnk/p5pp/1p1ppp2/2p5/2PP4/1P4P1/P3PP1P/KNBRQBNR\ w\ -\ -\ 0\ 1 -> result 1/2-1/2 max-plies
Game (W:v7 vs B:v10) FEN=rnbqrbnk/p2p2p1/1pp1pp1p/8/8/PP1P1PP1/2P1P2P/KNBRQBNR\ w\ -\ -\ 0\ 1 -> result 1/2-1/2 max-plies
Game (W:v7 vs B:v10) FEN=rnbqrbnk/1pp3pp/p4p2/3pp3/3P1P2/1PP5/P3P1PP/KNBRQBNR\ w\ -\ -\ 0\ 1 -> result 1-0 checkmate
Game (W:v7 vs B:v10) FEN=rnbqrbnk/p1p2p2/1p2p1pp/3p4/8/P1PPPP2/1P4PP/KNBRQBNR\ w\ -\ -\ 0\ 1 -> result 1/2-1/2 max-plies
Game (W:v7 vs B:v10) FEN=rnbqrbnk/ppp5/3pp1pp/5p2/2P5/1P1P2PP/P3PP2/KNBRQBNR\ w\ -\ -\ 0\ 1 -> result 1-0 checkmate
Game (W:v7 vs B:v10) FEN=knbrqbnr/p1p2p1p/1p4p1/3pp3/3P4/2P1PPP1/PP5P/RNBQRBNK\ w\ -\ -\ 0\ 1 -> result 1/2-1/2 max-plies
Game (W:v7 vs B:v10) FEN=rnbqrbnk/p1p3p1/1p2pp1p/3p4/4P3/PP1P2P1/2P2P1P/KNBRQBNR\ w\ -\ -\ 0\ 1 -> result 1-0 checkmate
Game (W:v7 vs B:v10) FEN=rnbqrbnk/p2p2p1/1p2pp1p/2p5/4P3/P1PP1P2/1P4PP/KNBRQBNR\ w\ -\ -\ 0\ 1 -> result 1/2-1/2 max-plies
Game (W:v7 vs B:v10) FEN=knbrqbnr/pp3p2/2pp2pp/4p3/4P3/1P1P1P2/P1P3PP/RNBQRBNK\ w\ -\ -\ 0\ 1 -> result 1/2-1/2 max-plies
Game (W:v7 vs B:v10) FEN=rnbqrbnk/3p1ppp/ppp5/4p3/5P2/1P1PP2P/P1P3P1/KNBRQBNR\ w\ -\ -\ 0\ 1 -> result 0-1 checkmate
Game (W:v7 vs B:v10) FEN=knbrqbnr/p5pp/1ppppp2/8/4P3/5PPP/PPPP4/RNBQRBNK\ w\ -\ -\ 0\ 1 -> result 0-1 checkmate
Game (W:v7 vs B:v10) FEN=rnbqrbnk/2pp2pp/pp6/4pp2/8/1PPPP1P1/P4P1P/KNBRQBNR\ w\ -\ -\ 0\ 1 -> result 1/2-1/2 max-plies
Game (W:v7 vs B:v10) FEN=rnbqrbnk/p5pp/1pp1pp2/3p4/2P2P2/3PP2P/PP4P1/KNBRQBNR\ w\ -\ -\ 0\ 1 -> result 0-1 checkmate
Game (W:v7 vs B:v10) FEN=knbrqbnr/pp4p1/3ppp1p/2p5/8/PP2PPP1/2PP3P/RNBQRBNK\ w\ -\ -\ 0\ 1 -> result 0-1 checkmate
Game (W:v7 vs B:v10) FEN=rnbqrbnk/p5pp/1ppppp2/8/8/1PPPPP2/P5PP/KNBRQBNR\ w\ -\ -\ 0\ 1 -> result 0-1 checkmate
Game (W:v7 vs B:v10) FEN=knbrqbnr/2p2ppp/pp2p3/3p4/8/PP1PP1P1/2P2P1P/RNBQRBNK\ w\ -\ -\ 0\ 1 -> result 1/2-1/2 max-plies
Game (W:v7 vs B:v10) FEN=rnbqrbnk/p2p2pp/1p3p2/2p1p3/5P2/1P1PP2P/P1P3P1/KNBRQBNR\ w\ -\ -\ 0\ 1 -> result 1/2-1/2 max-plies
Game (W:v7 vs B:v10) FEN=knbrqbnr/1pp3pp/p3pp2/3p4/3PP3/5P1P/PPP3P1/RNBQRBNK\ w\ -\ -\ 0\ 1 -> result 1-0 checkmate
Game (W:v7 vs B:v10) FEN=rnbqrbnk/pp1p2p1/2p2p1p/4p3/3P4/1P3PP1/P1P1P2P/KNBRQBNR\ w\ -\ -\ 0\ 1 -> result 1/2-1/2 max-plies
Game (W:v7 vs B:v10) FEN=knbrqbnr/pp2pp2/2p3pp/3p4/2P5/3PP1PP/PP3P2/RNBQRBNK\ w\ -\ -\ 0\ 1 -> result 1-0 checkmate
Game (W:v7 vs B:v10) FEN=rnbqrbnk/pp4pp/3p4/2p1pp2/4P3/2PP1PP1/PP5P/KNBRQBNR\ w\ -\ c6\ 0\ 1 -> result 1/2-1/2 max-plies
Game (W:v7 vs B:v10) FEN=rnbqrbnk/pp4pp/2pp4/4pp2/8/2PP1PPP/PP2P3/KNBRQBNR\ w\ -\ -\ 0\ 1 -> result 1/2-1/2 max-plies
Game (W:v7 vs B:v10) FEN=rnbqrbnk/p4ppp/1ppp4/4p3/2P5/3P1PPP/PP2P3/KNBRQBNR\ w\ -\ -\ 0\ 1 -> result 1-0 checkmate
Game (W:v7 vs B:v10) FEN=rnbqrbnk/p2p2p1/1pp1pp1p/8/8/PP1P1PP1/2P1P2P/KNBRQBNR\ w\ -\ -\ 0\ 1 -> result 1-0 checkmate
Game (W:v7 vs B:v10) FEN=rnbqrbnk/pp4pp/2pp1p2/4p3/3P4/1P2PP2/P1P3PP/KNBRQBNR\ w\ -\ -\ 0\ 1 -> result 1/2-1/2 max-plies
Game (W:v7 vs B:v10) FEN=rnbqrbnk/pp3p1p/6p1/2ppp3/3P4/P1P1P3/1P3PPP/KNBRQBNR\ w\ -\ c6\ 0\ 1 -> result 1/2-1/2 max-plies
Game (W:v7 vs B:v10) FEN=rnbqrbnk/p5pp/1pppp3/5p2/2PP4/1P4P1/P3PP1P/KNBRQBNR\ w\ -\ -\ 0\ 1 -> result 1/2-1/2 max-plies
Game (W:v7 vs B:v10) FEN=rnbqrbnk/pp3p1p/2p3p1/3pp3/2P5/3PPPP1/PP5P/KNBRQBNR\ w\ -\ -\ 0\ 1 -> result 1-0 checkmate
Batch 2/2: v10 white vs v7 black, 50 games
Game (W:v10 vs B:v7) FEN=rnbqrbnk/ppp2p2/6pp/3pp3/2P5/3PP1PP/PP3P2/KNBRQBNR\ w\ -\ -\ 0\ 1 -> result 1-0 checkmate
Game (W:v10 vs B:v7) FEN=knbrqbnr/ppp4p/4ppp1/3p4/3P4/2P1PP1P/PP4P1/RNBQRBNK\ w\ -\ -\ 0\ 1 -> result 1/2-1/2 max-plies
Game (W:v10 vs B:v7) FEN=rnbqrbnk/p2p3p/1p2p1p1/2p2p2/8/1PPPP1P1/P4P1P/KNBRQBNR\ w\ -\ -\ 0\ 1 -> result 1/2-1/2 max-plies
Game (W:v10 vs B:v7) FEN=rnbqrbnk/p4pp1/1pp1p2p/3p4/2PP4/5PP1/PP2P2P/KNBRQBNR\ w\ -\ -\ 0\ 1 -> result 0-1 checkmate
Game (W:v10 vs B:v7) FEN=rnbqrbnk/p1p2p1p/1p1p2p1/4p3/2P5/1P1P1P1P/P3P1P1/KNBRQBNR\ w\ -\ -\ 0\ 1 -> result 1/2-1/2 max-plies
Game (W:v10 vs B:v7) FEN=knbrqbnr/1p3ppp/p3p3/2pp4/4PP2/3P2P1/PPP4P/RNBQRBNK\ w\ -\ -\ 0\ 1 -> result 1-0 checkmate
Game (W:v10 vs B:v7) FEN=knbrqbnr/pp4p1/2ppp2p/5p2/2PP4/P3P1P1/1P3P1P/RNBQRBNK\ w\ -\ -\ 0\ 1 -> result 1/2-1/2 max-plies
Game (W:v10 vs B:v7) FEN=rnbqrbnk/1pp3pp/p2p1p2/4p3/3P1P2/PP6/2P1P1PP/KNBRQBNR\ w\ -\ -\ 0\ 1 -> result 1/2-1/2 max-plies
Game (W:v10 vs B:v7) FEN=rnbqrbnk/1p3p1p/p2pp1p1/2p5/5P2/1PPPP3/P5PP/KNBRQBNR\ w\ -\ -\ 0\ 1 -> result 1-0 checkmate
Game (W:v10 vs B:v7) FEN=knbrqbnr/2p3pp/pp1p4/4pp2/3P4/2P1PPP1/PP5P/RNBQRBNK\ w\ -\ -\ 0\ 1 -> result 0-1 checkmate
Game (W:v10 vs B:v7) FEN=knbrqbnr/pp5p/2ppp1p1/5p2/3P4/1PP1PP2/P5PP/RNBQRBNK\ w\ -\ -\ 0\ 1 -> result 1/2-1/2 max-plies
Game (W:v10 vs B:v7) FEN=rnbqrbnk/1p3ppp/p1p5/3pp3/2PP4/4PP2/PP4PP/KNBRQBNR\ w\ -\ -\ 0\ 1 -> result 0-1 checkmate
Game (W:v10 vs B:v7) FEN=rnbqrbnk/p2p2p1/1p2pp1p/2p5/8/P2PPPP1/1PP4P/KNBRQBNR\ w\ -\ -\ 0\ 1 -> result 1/2-1/2 max-plies
Game (W:v10 vs B:v7) FEN=rnbqrbnk/p1p4p/1p1pp1p1/5p2/2PP4/PP6/4PPPP/KNBRQBNR\ w\ -\ -\ 0\ 1 -> result 1/2-1/2 max-plies
Game (W:v10 vs B:v7) FEN=knbrqbnr/pp3pp1/7p/2ppp3/4P3/P1P3P1/1P1P1P1P/RNBQRBNK\ w\ -\ -\ 0\ 1 -> result 1-0 checkmate
Game (W:v10 vs B:v7) FEN=knbrqbnr/pp4p1/3p1p1p/2p1p3/3P1P2/P3P1P1/1PP4P/RNBQRBNK\ w\ -\ -\ 0\ 1 -> result 1/2-1/2 max-plies
Game (W:v10 vs B:v7) FEN=rnbqrbnk/5ppp/ppp1p3/3p4/4P3/P2P1PP1/1PP4P/KNBRQBNR\ w\ -\ -\ 0\ 1 -> result 1-0 checkmate
Game (W:v10 vs B:v7) FEN=knbrqbnr/1p3ppp/p3p3/2pp4/4P3/1P3PP1/P1PP3P/RNBQRBNK\ w\ -\ -\ 0\ 1 -> result 0-1 checkmate
Game (W:v10 vs B:v7) FEN=rnbqrbnk/p1p2pp1/1p1p3p/4p3/4P3/P1PP1P2/1P4PP/KNBRQBNR\ w\ -\ -\ 0\ 1 -> result 0-1 checkmate
Game (W:v10 vs B:v7) FEN=rnbqrbnk/p2p1p1p/1p4p1/2p1p3/2P1P3/PP1P4/5PPP/KNBRQBNR\ w\ -\ -\ 0\ 1 -> result 1/2-1/2 max-plies
Game (W:v10 vs B:v7) FEN=rnbqrbnk/p5pp/1p1pp3/2p2p2/3P4/2P3PP/PP2PP2/KNBRQBNR\ w\ -\ -\ 0\ 1 -> result 1/2-1/2 max-plies
Game (W:v10 vs B:v7) FEN=knbrqbnr/2p2p1p/pp1p2p1/4p3/5P2/1P1PP1P1/P1P4P/RNBQRBNK\ w\ -\ -\ 0\ 1 -> result 0-1 checkmate
Game (W:v10 vs B:v7) FEN=rnbqrbnk/1p4pp/p3p3/2pp1p2/4P3/2PP1PP1/PP5P/KNBRQBNR\ w\ -\ -\ 0\ 1 -> result 1-0 checkmate
Game (W:v10 vs B:v7) FEN=rnbqrbnk/5ppp/ppp1p3/3p4/2P1P3/3P2PP/PP3P2/KNBRQBNR\ w\ -\ -\ 0\ 1 -> result 1/2-1/2 max-plies
Game (W:v10 vs B:v7) FEN=knbrqbnr/p4pp1/1pppp2p/8/5P2/P1P1P1P1/1P1P3P/RNBQRBNK\ w\ -\ -\ 0\ 1 -> result 1/2-1/2 max-plies
Game (W:v10 vs B:v7) FEN=rnbqrbnk/2p3pp/pp1pp3/5p2/2P2P2/PP1P4/4P1PP/KNBRQBNR\ w\ -\ -\ 0\ 1 -> result 1/2-1/2 max-plies
Game (W:v10 vs B:v7) FEN=rnbqrbnk/3p2pp/ppp1p3/5p2/3P4/1P2P2P/P1P2PP1/KNBRQBNR\ w\ -\ -\ 0\ 1 -> result 1/2-1/2 max-plies
Game (W:v10 vs B:v7) FEN=knbrqbnr/pp2p3/2pp1ppp/8/2P5/PP2P1P1/3P1P1P/RNBQRBNK\ w\ -\ -\ 0\ 1 -> result 1/2-1/2 max-plies
Game (W:v10 vs B:v7) FEN=knbrqbnr/pp2p1p1/2p2p1p/3p4/2P5/3PP1PP/PP3P2/RNBQRBNK\ w\ -\ -\ 0\ 1 -> result 0-1 checkmate
Game (W:v10 vs B:v7) FEN=knbrqbnr/pp2p3/3p1ppp/2p5/5P2/PP2P1P1/2PP3P/RNBQRBNK\ w\ -\ -\ 0\ 1 -> result 1/2-1/2 max-plies
Game (W:v10 vs B:v7) FEN=knbrqbnr/pp4p1/2ppp2p/5p2/2PP4/P3P1P1/1P3P1P/RNBQRBNK\ w\ -\ -\ 0\ 1 -> result 1/2-1/2 max-plies
Game (W:v10 vs B:v7) FEN=knbrqbnr/1p3p1p/p1ppp1p1/8/4PP2/6PP/PPPP4/RNBQRBNK\ w\ -\ -\ 0\ 1 -> result 0-1 checkmate
Game (W:v10 vs B:v7) FEN=rnbqrbnk/5ppp/ppp1p3/3p4/3P1P2/1P2P3/P1P3PP/KNBRQBNR\ w\ -\ -\ 0\ 1 -> result 1/2-1/2 max-plies
Game (W:v10 vs B:v7) FEN=knbrqbnr/p3ppp1/1pp4p/3p4/5P2/1P1PP2P/P1P3P1/RNBQRBNK\ w\ -\ -\ 0\ 1 -> result 0-1 checkmate
Game (W:v10 vs B:v7) FEN=knbrqbnr/p1p2pp1/1p2p2p/3p4/5P2/2PPP2P/PP4P1/RNBQRBNK\ w\ -\ -\ 0\ 1 -> result 1/2-1/2 max-plies
Game (W:v10 vs B:v7) FEN=rnbqrbnk/1p4pp/p2ppp2/2p5/5P2/2PPP2P/PP4P1/KNBRQBNR\ w\ -\ -\ 0\ 1 -> result 1/2-1/2 max-plies
Game (W:v10 vs B:v7) FEN=knbrqbnr/pp3p1p/2p3p1/3pp3/4P3/1P3P1P/P1PP2P1/RNBQRBNK\ w\ -\ -\ 0\ 1 -> result 1/2-1/2 max-plies
Game (W:v10 vs B:v7) FEN=knbrqbnr/2p2ppp/pp2p3/3p4/4PP2/1P4P1/P1PP3P/RNBQRBNK\ w\ -\ -\ 0\ 1 -> result 1/2-1/2 max-plies
Game (W:v10 vs B:v7) FEN=rnbqrbnk/pp5p/4p1p1/2pp1p2/8/P1PP1PP1/1P2P2P/KNBRQBNR\ w\ -\ c6\ 0\ 1 -> result 0-1 checkmate
Game (W:v10 vs B:v7) FEN=knbrqbnr/pp4p1/2ppp2p/5p2/2P1PP2/7P/PP1P2P1/RNBQRBNK\ w\ -\ -\ 0\ 1 -> result 1/2-1/2 max-plies
Game (W:v10 vs B:v7) FEN=knbrqbnr/p5pp/1ppp1p2/4p3/4PP2/PP6/2PP2PP/RNBQRBNK\ w\ -\ -\ 0\ 1 -> result 1-0 checkmate
Game (W:v10 vs B:v7) FEN=knbrqbnr/1pp1p2p/p5p1/3p1p2/3P1P2/2P1P1P1/PP5P/RNBQRBNK\ w\ -\ -\ 0\ 1 -> result 1/2-1/2 max-plies
Game (W:v10 vs B:v7) FEN=knbrqbnr/2p3pp/pp1ppp2/8/5P2/P1P1P1P1/1P1P3P/RNBQRBNK\ w\ -\ -\ 0\ 1 -> result 1/2-1/2 max-plies
Game (W:v10 vs B:v7) FEN=rnbqrbnk/1p3p1p/p3p1p1/2pp4/8/2PPPPP1/PP5P/KNBRQBNR\ w\ -\ -\ 0\ 1 -> result 0-1 checkmate
Game (W:v10 vs B:v7) FEN=rnbqrbnk/5ppp/ppp1p3/3p4/3P1P2/1PP5/P3P1PP/KNBRQBNR\ w\ -\ -\ 0\ 1 -> result 1/2-1/2 max-plies
Game (W:v10 vs B:v7) FEN=knbrqbnr/pp4p1/3ppp1p/2p5/4P3/P2P2P1/1PP2P1P/RNBQRBNK\ w\ -\ -\ 0\ 1 -> result 1/2-1/2 max-plies
Game (W:v10 vs B:v7) FEN=rnbqrbnk/1p4pp/p2ppp2/2p5/5P2/P2PP1P1/1PP4P/KNBRQBNR\ w\ -\ -\ 0\ 1 -> result 1/2-1/2 max-plies
Game (W:v10 vs B:v7) FEN=rnbqrbnk/1pp4p/p2pppp1/8/8/1PPP2PP/P3PP2/KNBRQBNR\ w\ -\ -\ 0\ 1 -> result 0-1 checkmate
Game (W:v10 vs B:v7) FEN=rnbqrbnk/pp5p/2p1ppp1/3p4/5P2/P1PPP3/1P4PP/KNBRQBNR\ w\ -\ -\ 0\ 1 -> result 1-0 checkmate
Game (W:v10 vs B:v7) FEN=rnbqrbnk/p1p3pp/1p1p1p2/4p3/2P1P3/P2P1P2/1P4PP/KNBRQBNR\ w\ -\ -\ 0\ 1 -> result 0-1 checkmate

=== Match Summary ===
Total games: 100
v7 wins: 24
v10 wins: 19
draws:   57
=== Worker 7 end ===
