=== Worker 6 start ===
Running matches: games_per_side=10, depth=8, max_plies=150, movetime_ms=50, fen_or_book=book, version_a=v5, version_b=v7

Game (W:v5 vs B:v7) FEN='knbrqbnr/p1p2pp1/1p2p2p/3p4/5P2/2PPP2P/PP4P1/RNBQRBNK w - - 0 1' -> result 1/2-1/2 max-plies
Game (W:v5 vs B:v7) FEN='knbrqbnr/ppp4p/4ppp1/3p4/4P3/1P1P1P2/P1P3PP/RNBQRBNK w - - 0 1' -> result 1/2-1/2 max-plies
Game (W:v5 vs B:v7) FEN='knbrqbnr/ppp2p2/6pp/3pp3/2P5/P3PPP1/1P1P3P/RNBQRBNK w - - 0 1' -> result 0-1 checkmate
Game (W:v5 vs B:v7) FEN='knbrqbnr/2p3pp/pp1p1p2/4p3/5P2/1PP1P1P1/P2P3P/RNBQRBNK w - - 0 1' -> result 1/2-1/2 max-plies
Game (W:v5 vs B:v7) FEN='rnbqrbnk/p1pp3p/1p3pp1/4p3/3P4/PPP5/4PPPP/KNBRQBNR w - - 0 1' -> result 1/2-1/2 max-plies
Game (W:v5 vs B:v7) FEN='rnbqrbnk/1p4pp/p1p1pp2/3p4/4PP2/1P1P2P1/P1P4P/KNBRQBNR w - - 0 1' -> result 1/2-1/2 max-plies
Game (W:v5 vs B:v7) FEN='rnbqrbnk/1p4pp/p2ppp2/2p5/3P1P2/1P5P/P1P1P1P1/KNBRQBNR w - - 0 1' -> result 1/2-1/2 max-plies
Game (W:v5 vs B:v7) FEN='rnbqrbnk/p1p3pp/1p1p4/4pp2/2PP4/1P2P3/P4PPP/KNBRQBNR w - - 0 1' -> result 1/2-1/2 max-plies
Game (W:v5 vs B:v7) FEN='rnbqrbnk/5ppp/pp1pp3/2p5/3P1P2/4P1P1/PPP4P/KNBRQBNR w - - 0 1' -> result 1/2-1/2 max-plies
Game (W:v5 vs B:v7) FEN='rnbqrbnk/p5pp/1p2p3/2pp1p2/2PP4/4P1P1/PP3P1P/KNBRQBNR w - - 0 1' -> result 1/2-1/2 max-plies
Game (W:v7 vs B:v5) FEN='rnbqrbnk/1p3ppp/p7/2ppp3/3P4/2P1P1P1/PP3P1P/KNBRQBNR w - - 0 1' -> result 1/2-1/2 max-plies
Game (W:v7 vs B:v5) FEN='knbrqbnr/pp4p1/2ppp2p/5p2/4P3/2P3PP/PP1P1P2/RNBQRBNK w - - 0 1' -> result 0-1 checkmate
Game (W:v7 vs B:v5) FEN='knbrqbnr/pp4pp/2p1p3/3p1p2/3P4/2P1PPP1/PP5P/RNBQRBNK w - - 0 1' -> result 1/2-1/2 max-plies
Game (W:v7 vs B:v5) FEN='rnbqrbnk/pp3p2/2p1p1pp/3p4/2P2P2/1P1P2P1/P3P2P/KNBRQBNR w - - 0 1' -> result 1/2-1/2 max-plies
Game (W:v7 vs B:v5) FEN='rnbqrbnk/1p3p1p/p2pp1p1/2p5/2P2P2/1P1P3P/P3P1P1/KNBRQBNR w - - 0 1' -> result 1-0 checkmate
Game (W:v7 vs B:v5) FEN='knbrqbnr/ppp1p3/6pp/3p1p2/2P5/1P2PPP1/P2P3P/RNBQRBNK w - - 0 1' -> result 1/2-1/2 max-plies
Game (W:v7 vs B:v5) FEN='rnbqrbnk/p1p4p/1p1pppp1/8/2P1P3/PP1P4/5PPP/KNBRQBNR w - - 0 1' -> result 1/2-1/2 max-plies
Game (W:v7 vs B:v5) FEN='knbrqbnr/1p2p1pp/p7/2pp1p2/2P5/P3PPP1/1P1P3P/RNBQRBNK w - - 0 1' -> result 1/2-1/2 max-plies
Game (W:v7 vs B:v5) FEN='rnbqrbnk/p5pp/1pp1pp2/3p4/3P4/P1P3P1/1P2PP1P/KNBRQBNR w - - 0 1' -> result 1-0 checkmate
Game (W:v7 vs B:v5) FEN='rnbqrbnk/p5pp/1p2p3/2pp1p2/2PP4/P3P3/1P3PPP/KNBRQBNR w - - 0 1' -> result 1-0 checkmate

=== Match Summary ===
Total games: 20
v5 wins: 1
v7 wins: 4
draws:   15
=== Worker 6 end ===
