=== Worker 5 start ===
Running matches: games_per_side=50, depth=8, max_plies=150, movetime_ms=10, fen_or_book=book, version_a=v21, version_b=v22

Batch 1/2: v21 white vs v22 black, 50 games
Game (W:v21 vs B:v22) FEN=rnbqrbnk/2p3pp/pp2p3/3p1p2/2P1P3/3P2PP/PP3P2/KNBRQBNR\ w\ -\ -\ 0\ 1 -> result 0-1 checkmate
Game (W:v21 vs B:v22) FEN=rnbqrbnk/pp5p/2p1ppp1/3p4/2PP4/1P2P3/P4PPP/KNBRQBNR\ w\ -\ -\ 0\ 1 -> result 1-0 checkmate
Game (W:v21 vs B:v22) FEN=rnbqrbnk/2pp2pp/pp3p2/4p3/2P1P3/P2P1P2/1P4PP/KNBRQBNR\ w\ -\ -\ 0\ 1 -> result 0-1 checkmate
Game (W:v21 vs B:v22) FEN=rnbqrbnk/1pp2p1p/p5p1/3pp3/5P2/1P1PP1P1/P1P4P/KNBRQBNR\ w\ -\ -\ 0\ 1 -> result 1-0 checkmate
Game (W:v21 vs B:v22) FEN=rnbqrbnk/pp3pp1/2p4p/3pp3/2PP4/4P1P1/PP3P1P/KNBRQBNR\ w\ -\ -\ 0\ 1 -> result 1-0 checkmate
Game (W:v21 vs B:v22) FEN=knbrqbnr/1p4pp/p1pp4/4pp2/2PP4/P3P1P1/1P3P1P/RNBQRBNK\ w\ -\ -\ 0\ 1 -> result 1/2-1/2 max-plies
Game (W:v21 vs B:v22) FEN=knbrqbnr/pp4p1/2ppp2p/5p2/2P1P3/P5P1/1P1P1P1P/RNBQRBNK\ w\ -\ -\ 0\ 1 -> result 1-0 checkmate
Game (W:v21 vs B:v22) FEN=rnbqrbnk/1p4pp/p3p3/2pp1p2/2P2P2/1P1P3P/P3P1P1/KNBRQBNR\ w\ -\ -\ 0\ 1 -> result 1-0 checkmate
Game (W:v21 vs B:v22) FEN=rnbqrbnk/3p2pp/ppp1pp2/8/8/P1PP1PP1/1P2P2P/KNBRQBNR\ w\ -\ -\ 0\ 1 -> result 0-1 checkmate
Game (W:v21 vs B:v22) FEN=knbrqbnr/1p3p1p/p2p2p1/2p1p3/3PPP2/1P6/P1P3PP/RNBQRBNK\ w\ -\ -\ 0\ 1 -> result 1-0 checkmate
Game (W:v21 vs B:v22) FEN=rnbqrbnk/pp4p1/4p2p/2pp1p2/2P2P2/1P1P2P1/P3P2P/KNBRQBNR\ w\ -\ -\ 0\ 1 -> result 1/2-1/2 max-plies
Game (W:v21 vs B:v22) FEN=knbrqbnr/p5pp/1p1pp3/2p2p2/2P5/1P2PP1P/P2P2P1/RNBQRBNK\ w\ -\ -\ 0\ 1 -> result 0-1 checkmate
Game (W:v21 vs B:v22) FEN=knbrqbnr/pp2p2p/2p2pp1/3p4/3P1P2/1PP1P3/P5PP/RNBQRBNK\ w\ -\ -\ 0\ 1 -> result 0-1 checkmate
Game (W:v21 vs B:v22) FEN=knbrqbnr/pp4p1/2pp3p/4pp2/3PPP2/P7/1PP3PP/RNBQRBNK\ w\ -\ -\ 0\ 1 -> result 1/2-1/2 max-plies
Game (W:v21 vs B:v22) FEN=knbrqbnr/1pp1p2p/p5p1/3p1p2/4P3/P4PP1/1PPP3P/RNBQRBNK\ w\ -\ -\ 0\ 1 -> result 1-0 checkmate
Game (W:v21 vs B:v22) FEN=rnbqrbnk/p1p2pp1/1p5p/3pp3/5P2/PP1P2P1/2P1P2P/KNBRQBNR\ w\ -\ -\ 0\ 1 -> result 1-0 checkmate
Game (W:v21 vs B:v22) FEN=knbrqbnr/2p3pp/pp1p4/4pp2/3P4/2P1PPP1/PP5P/RNBQRBNK\ w\ -\ -\ 0\ 1 -> result 1-0 checkmate
Game (W:v21 vs B:v22) FEN=rnbqrbnk/2p3pp/pp2p3/3p1p2/8/1PPP1P1P/P3P1P1/KNBRQBNR\ w\ -\ -\ 0\ 1 -> result 1-0 checkmate
Game (W:v21 vs B:v22) FEN=rnbqrbnk/3p2pp/ppp1p3/5p2/2PP4/1P3P2/P3P1PP/KNBRQBNR\ w\ -\ -\ 0\ 1 -> result 1-0 checkmate
Game (W:v21 vs B:v22) FEN=knbrqbnr/p1p2p2/1p1p2pp/4p3/4P3/3P2PP/PPP2P2/RNBQRBNK\ w\ -\ -\ 0\ 1 -> result 1/2-1/2 max-plies
Game (W:v21 vs B:v22) FEN=rnbqrbnk/pp3pp1/7p/2ppp3/3P4/P1P2P2/1P2P1PP/KNBRQBNR\ w\ -\ -\ 0\ 1 -> result 0-1 checkmate
Game (W:v21 vs B:v22) FEN=rnbqrbnk/p2p3p/1p2ppp1/2p5/8/1PPPP2P/P4PP1/KNBRQBNR\ w\ -\ -\ 0\ 1 -> result 1/2-1/2 max-plies
Game (W:v21 vs B:v22) FEN=knbrqbnr/pp4p1/2pp1p1p/4p3/2P1P3/5PP1/PP1P3P/RNBQRBNK\ w\ -\ -\ 0\ 1 -> result 0-1 checkmate
Game (W:v21 vs B:v22) FEN=knbrqbnr/1p4pp/p1pp4/4pp2/4P3/1P1P2P1/P1P2P1P/RNBQRBNK\ w\ -\ -\ 0\ 1 -> result 0-1 checkmate
Game (W:v21 vs B:v22) FEN=rnbqrbnk/pp4pp/3p1p2/2p1p3/5P2/2PPP2P/PP4P1/KNBRQBNR\ w\ -\ c6\ 0\ 1 -> result 0-1 checkmate
Game (W:v21 vs B:v22) FEN=knbrqbnr/1p4pp/p2pp3/2p2p2/2P5/1P2PPP1/P2P3P/RNBQRBNK\ w\ -\ -\ 0\ 1 -> result 0-1 checkmate
Game (W:v21 vs B:v22) FEN=rnbqrbnk/pp3p1p/2p3p1/3pp3/5P2/P1PPP3/1P4PP/KNBRQBNR\ w\ -\ -\ 0\ 1 -> result 1-0 checkmate
Game (W:v21 vs B:v22) FEN=rnbqrbnk/p1p2pp1/1p1p3p/4p3/8/2PP1PPP/PP2P3/KNBRQBNR\ w\ -\ -\ 0\ 1 -> result 1/2-1/2 max-plies
Game (W:v21 vs B:v22) FEN=knbrqbnr/ppp5/3pp1pp/5p2/4PP2/PP6/2PP2PP/RNBQRBNK\ w\ -\ -\ 0\ 1 -> result 1-0 checkmate
Game (W:v21 vs B:v22) FEN=rnbqrbnk/1pp3pp/p2p1p2/4p3/3P4/PP2P3/2P2PPP/KNBRQBNR\ w\ -\ -\ 0\ 1 -> result 1/2-1/2 max-plies
Game (W:v21 vs B:v22) FEN=rnbqrbnk/p2p3p/1p2p1p1/2p2p2/8/PPPP2P1/4PP1P/KNBRQBNR\ w\ -\ -\ 0\ 1 -> result 1-0 checkmate
Game (W:v21 vs B:v22) FEN=rnbqrbnk/1p4pp/p2pp3/2p2p2/3P4/4PP1P/PPP3P1/KNBRQBNR\ w\ -\ -\ 0\ 1 -> result 1/2-1/2 max-plies
Game (W:v21 vs B:v22) FEN=knbrqbnr/p1p3p1/1p1p3p/4pp2/4P3/P4PP1/1PPP3P/RNBQRBNK\ w\ -\ -\ 0\ 1 -> result 1/2-1/2 max-plies
Game (W:v21 vs B:v22) FEN=rnbqrbnk/2p3pp/pp2p3/3p1p2/4P3/PP1P1P2/2P3PP/KNBRQBNR\ w\ -\ -\ 0\ 1 -> result 0-1 checkmate
Game (W:v21 vs B:v22) FEN=rnbqrbnk/pp5p/4p1p1/2pp1p2/3P1P2/1PP5/P3P1PP/KNBRQBNR\ w\ -\ c6\ 0\ 1 -> result 0-1 checkmate
Game (W:v21 vs B:v22) FEN=knbrqbnr/pp3p1p/2p1p1p1/3p4/2P1PP2/3P4/PP4PP/RNBQRBNK\ w\ -\ -\ 0\ 1 -> result 0-1 checkmate
Game (W:v21 vs B:v22) FEN=knbrqbnr/1p4pp/p1pp1p2/4p3/4PP2/PP6/2PP2PP/RNBQRBNK\ w\ -\ -\ 0\ 1 -> result 1-0 checkmate
Game (W:v21 vs B:v22) FEN=rnbqrbnk/p5pp/1pp1p3/3p1p2/3P4/1P2P2P/P1P2PP1/KNBRQBNR\ w\ -\ -\ 0\ 1 -> result 1-0 checkmate
Game (W:v21 vs B:v22) FEN=knbrqbnr/pp4pp/2p5/3ppp2/2P2P2/3PP1P1/PP5P/RNBQRBNK\ w\ -\ -\ 0\ 1 -> result 0-1 checkmate
Game (W:v21 vs B:v22) FEN=knbrqbnr/pp5p/2ppppp1/8/4P3/1P4PP/P1PP1P2/RNBQRBNK\ w\ -\ -\ 0\ 1 -> result 1-0 checkmate
Game (W:v21 vs B:v22) FEN=rnbqrbnk/p4ppp/1p1p4/2p1p3/2P5/3PPP1P/PP4P1/KNBRQBNR\ w\ -\ -\ 0\ 1 -> result 1-0 checkmate
Game (W:v21 vs B:v22) FEN=knbrqbnr/pp4p1/2pp1p1p/4p3/5P2/P1PPP3/1P4PP/RNBQRBNK\ w\ -\ -\ 0\ 1 -> result 1-0 checkmate
Game (W:v21 vs B:v22) FEN=knbrqbnr/pp4p1/3p3p/2p1pp2/4PP2/1P1P4/P1P3PP/RNBQRBNK\ w\ -\ -\ 0\ 1 -> result 1-0 checkmate
Game (W:v21 vs B:v22) FEN=rnbqrbnk/p4pp1/1pp1p2p/3p4/2P1P3/P2P1P2/1P4PP/KNBRQBNR\ w\ -\ -\ 0\ 1 -> result 0-1 checkmate
Game (W:v21 vs B:v22) FEN=rnbqrbnk/2p2ppp/pp6/3pp3/2P5/3PPPP1/PP5P/KNBRQBNR\ w\ -\ -\ 0\ 1 -> result 0-1 checkmate
Game (W:v21 vs B:v22) FEN=rnbqrbnk/1pp3pp/p4p2/3pp3/2P5/3PP1PP/PP3P2/KNBRQBNR\ w\ -\ -\ 0\ 1 -> result 1/2-1/2 max-plies
Game (W:v21 vs B:v22) FEN=rnbqrbnk/3p2pp/ppp1pp2/8/3P4/4PPP1/PPP4P/KNBRQBNR\ w\ -\ -\ 0\ 1 -> result 1-0 checkmate
Game (W:v21 vs B:v22) FEN=rnbqrbnk/5ppp/ppp1p3/3p4/4PP2/P1PP4/1P4PP/KNBRQBNR\ w\ -\ -\ 0\ 1 -> result 1-0 checkmate
Game (W:v21 vs B:v22) FEN=knbrqbnr/1p3p1p/p2pp1p1/2p5/5P2/1P1PP1P1/P1P4P/RNBQRBNK\ w\ -\ -\ 0\ 1 -> result 1-0 checkmate
Game (W:v21 vs B:v22) FEN=knbrqbnr/ppp4p/4ppp1/3p4/2PP4/P3P1P1/1P3P1P/RNBQRBNK\ w\ -\ -\ 0\ 1 -> result 1/2-1/2 max-plies
Batch 2/2: v22 white vs v21 black, 50 games
Game (W:v22 vs B:v21) FEN=knbrqbnr/pp3p2/3p2pp/2p1p3/4P3/2P2PP1/PP1P3P/RNBQRBNK\ w\ -\ -\ 0\ 1 -> result 0-1 checkmate
Game (W:v22 vs B:v21) FEN=rnbqrbnk/p5pp/1ppppp2/8/2PP4/4P1P1/PP3P1P/KNBRQBNR\ w\ -\ -\ 0\ 1 -> result 1/2-1/2 max-plies
Game (W:v22 vs B:v21) FEN=rnbqrbnk/pp4pp/2p5/3ppp2/8/2PPP1PP/PP3P2/KNBRQBNR\ w\ -\ -\ 0\ 1 -> result 1/2-1/2 max-plies
Game (W:v22 vs B:v21) FEN=knbrqbnr/1pp4p/p2pppp1/8/4P3/3P1P1P/PPP3P1/RNBQRBNK\ w\ -\ -\ 0\ 1 -> result 1-0 checkmate
Game (W:v22 vs B:v21) FEN=rnbqrbnk/2p3pp/pp2p3/3p1p2/4P3/PP1P1P2/2P3PP/KNBRQBNR\ w\ -\ -\ 0\ 1 -> result 1-0 checkmate
Game (W:v22 vs B:v21) FEN=knbrqbnr/p3p2p/1p1p2p1/2p2p2/8/1PPPP1P1/P4P1P/RNBQRBNK\ w\ -\ -\ 0\ 1 -> result 1/2-1/2 threefold-repetition
Game (W:v22 vs B:v21) FEN=rnbqrbnk/p1p2p2/1p2p1pp/3p4/8/P1PPPP2/1P4PP/KNBRQBNR\ w\ -\ -\ 0\ 1 -> result 0-1 checkmate
Game (W:v22 vs B:v21) FEN=knbrqbnr/1p3p1p/p1ppp1p1/8/4PP2/6PP/PPPP4/RNBQRBNK\ w\ -\ -\ 0\ 1 -> result 1/2-1/2 max-plies
Game (W:v22 vs B:v21) FEN=knbrqbnr/ppp5/3p1ppp/4p3/3PP3/PP6/2P2PPP/RNBQRBNK\ w\ -\ -\ 0\ 1 -> result 1/2-1/2 max-plies
Game (W:v22 vs B:v21) FEN=rnbqrbnk/3p2pp/ppp1p3/5p2/2PP4/1P3P2/P3P1PP/KNBRQBNR\ w\ -\ -\ 0\ 1 -> result 0-1 checkmate
Game (W:v22 vs B:v21) FEN=knbrqbnr/1pp3pp/p3pp2/3p4/3P4/1PP1PP2/P5PP/RNBQRBNK\ w\ -\ -\ 0\ 1 -> result 1/2-1/2 max-plies
Game (W:v22 vs B:v21) FEN=rnbqrbnk/3p2pp/pp2pp2/2p5/2P1P3/3P1P1P/PP4P1/KNBRQBNR\ w\ -\ -\ 0\ 1 -> result 1-0 checkmate
Game (W:v22 vs B:v21) FEN=knbrqbnr/p3p1pp/1p6/2pp1p2/8/2PPP1PP/PP3P2/RNBQRBNK\ w\ -\ -\ 0\ 1 -> result 1-0 checkmate
Game (W:v22 vs B:v21) FEN=knbrqbnr/1p4pp/p1pp4/4pp2/2P1PP2/1P6/P2P2PP/RNBQRBNK\ w\ -\ -\ 0\ 1 -> result 0-1 checkmate
Game (W:v22 vs B:v21) FEN=knbrqbnr/p5pp/1ppp1p2/4p3/4PP2/PP6/2PP2PP/RNBQRBNK\ w\ -\ -\ 0\ 1 -> result 1-0 checkmate
Game (W:v22 vs B:v21) FEN=knbrqbnr/ppp1p3/6pp/3p1p2/3P4/1PP1P2P/P4PP1/RNBQRBNK\ w\ -\ -\ 0\ 1 -> result 1/2-1/2 max-plies
Game (W:v22 vs B:v21) FEN=rnbqrbnk/pp5p/4ppp1/2pp4/8/3PPPPP/PPP5/KNBRQBNR\ w\ -\ c6\ 0\ 1 -> result 1-0 checkmate
Game (W:v22 vs B:v21) FEN=rnbqrbnk/5ppp/pp1pp3/2p5/3P1P2/4P1P1/PPP4P/KNBRQBNR\ w\ -\ -\ 0\ 1 -> result 1/2-1/2 threefold-repetition
Game (W:v22 vs B:v21) FEN=rnbqrbnk/p1p3pp/1p6/3ppp2/4P3/P1PP1P2/1P4PP/KNBRQBNR\ w\ -\ -\ 0\ 1 -> result 0-1 checkmate
Game (W:v22 vs B:v21) FEN=knbrqbnr/1p4pp/p2ppp2/2p5/8/1P1PP1PP/P1P2P2/RNBQRBNK\ w\ -\ -\ 0\ 1 -> result 0-1 checkmate
Game (W:v22 vs B:v21) FEN=rnbqrbnk/p2p2p1/1p2p2p/2p2p2/3PP3/P5P1/1PP2P1P/KNBRQBNR\ w\ -\ -\ 0\ 1 -> result 1-0 checkmate
Game (W:v22 vs B:v21) FEN=rnbqrbnk/pp4p1/3ppp1p/2p5/3P4/1P4PP/P1P1PP2/KNBRQBNR\ w\ -\ -\ 0\ 1 -> result 0-1 checkmate
Game (W:v22 vs B:v21) FEN=rnbqrbnk/3p2pp/ppp1pp2/8/8/P1PP1PP1/1P2P2P/KNBRQBNR\ w\ -\ -\ 0\ 1 -> result 1/2-1/2 threefold-repetition
Game (W:v22 vs B:v21) FEN=knbrqbnr/1p4pp/p1pppp2/8/3P4/4PPPP/PPP5/RNBQRBNK\ w\ -\ -\ 0\ 1 -> result 1-0 checkmate
Game (W:v22 vs B:v21) FEN=rnbqrbnk/1p4pp/p1ppp3/5p2/5P2/1PPP2P1/P3P2P/KNBRQBNR\ w\ -\ -\ 0\ 1 -> result 1/2-1/2 threefold-repetition
Game (W:v22 vs B:v21) FEN=knbrqbnr/1p2pp1p/p1p3p1/3p4/3P1P2/1P2P1P1/P1P4P/RNBQRBNK\ w\ -\ -\ 0\ 1 -> result 1-0 checkmate
Game (W:v22 vs B:v21) FEN=rnbqrbnk/1p4pp/p2ppp2/2p5/5P2/2PPP2P/PP4P1/KNBRQBNR\ w\ -\ -\ 0\ 1 -> result 1/2-1/2 max-plies
Game (W:v22 vs B:v21) FEN=knbrqbnr/pp3p2/2pp2pp/4p3/3PP3/6PP/PPP2P2/RNBQRBNK\ w\ -\ -\ 0\ 1 -> result 0-1 checkmate
Game (W:v22 vs B:v21) FEN=knbrqbnr/pp4p1/3ppp1p/2p5/4PP2/1P1P4/P1P3PP/RNBQRBNK\ w\ -\ -\ 0\ 1 -> result 1-0 checkmate
Game (W:v22 vs B:v21) FEN=knbrqbnr/1p2p2p/p1pp1pp1/8/8/1PP1PP1P/P2P2P1/RNBQRBNK\ w\ -\ -\ 0\ 1 -> result 1-0 checkmate
Game (W:v22 vs B:v21) FEN=rnbqrbnk/1p3p1p/p1p1p1p1/3p4/2P5/P2PPP2/1P4PP/KNBRQBNR\ w\ -\ -\ 0\ 1 -> result 1-0 checkmate
Game (W:v22 vs B:v21) FEN=knbrqbnr/ppp5/3pp1pp/5p2/2P5/PP1PP3/5PPP/RNBQRBNK\ w\ -\ -\ 0\ 1 -> result 1-0 checkmate
Game (W:v22 vs B:v21) FEN=rnbqrbnk/2p3pp/pp2p3/3p1p2/8/1PPP1P1P/P3P1P1/KNBRQBNR\ w\ -\ -\ 0\ 1 -> result 1/2-1/2 max-plies
Game (W:v22 vs B:v21) FEN=knbrqbnr/p4ppp/1pp5/3pp3/2P2P2/1P1PP3/P5PP/RNBQRBNK\ w\ -\ -\ 0\ 1 -> result 0-1 checkmate
Game (W:v22 vs B:v21) FEN=knbrqbnr/pp4p1/2ppp2p/5p2/2P5/1P1PP2P/P4PP1/RNBQRBNK\ w\ -\ -\ 0\ 1 -> result 0-1 checkmate
Game (W:v22 vs B:v21) FEN=rnbqrbnk/3p2pp/ppp1p3/5p2/2P2P2/PP1P4/4P1PP/KNBRQBNR\ w\ -\ -\ 0\ 1 -> result 1/2-1/2 max-plies
Game (W:v22 vs B:v21) FEN=rnbqrbnk/p4ppp/1ppp4/4p3/5P2/1P1PP2P/P1P3P1/KNBRQBNR\ w\ -\ -\ 0\ 1 -> result 1/2-1/2 max-plies
Game (W:v22 vs B:v21) FEN=rnbqrbnk/3p1p1p/pp2p1p1/2p5/2P5/P2PPP2/1P4PP/KNBRQBNR\ w\ -\ -\ 0\ 1 -> result 1/2-1/2 max-plies
Game (W:v22 vs B:v21) FEN=knbrqbnr/pp3pp1/7p/2ppp3/5P2/PP1PP3/2P3PP/RNBQRBNK\ w\ -\ -\ 0\ 1 -> result 1/2-1/2 max-plies
Game (W:v22 vs B:v21) FEN=rnbqrbnk/pp4pp/2pp1p2/4p3/2PP4/1P2P3/P4PPP/KNBRQBNR\ w\ -\ -\ 0\ 1 -> result 1/2-1/2 max-plies
Game (W:v22 vs B:v21) FEN=knbrqbnr/pp2pp2/2p3pp/3p4/8/1PPPP2P/P4PP1/RNBQRBNK\ w\ -\ -\ 0\ 1 -> result 0-1 checkmate
Game (W:v22 vs B:v21) FEN=knbrqbnr/2p1p1pp/pp3p2/3p4/8/1PP1PP1P/P2P2P1/RNBQRBNK\ w\ -\ -\ 0\ 1 -> result 1-0 checkmate
Game (W:v22 vs B:v21) FEN=rnbqrbnk/1p4pp/p2pp3/2p2p2/4P3/PP1P2P1/2P2P1P/KNBRQBNR\ w\ -\ -\ 0\ 1 -> result 1-0 checkmate
Game (W:v22 vs B:v21) FEN=knbrqbnr/2p2ppp/pp2p3/3p4/8/1PP1P1PP/P2P1P2/RNBQRBNK\ w\ -\ -\ 0\ 1 -> result 0-1 checkmate
Game (W:v22 vs B:v21) FEN=rnbqrbnk/pp4pp/8/2pppp2/3P4/1P3PP1/P1P1P2P/KNBRQBNR\ w\ -\ c6\ 0\ 1 -> result 1-0 checkmate
Game (W:v22 vs B:v21) FEN=knbrqbnr/p1p3pp/1p2p3/3p1p2/2P5/3PP1PP/PP3P2/RNBQRBNK\ w\ -\ -\ 0\ 1 -> result 0-1 checkmate
Game (W:v22 vs B:v21) FEN=rnbqrbnk/1p4pp/p2ppp2/2p5/8/1PPPPP2/P5PP/KNBRQBNR\ w\ -\ -\ 0\ 1 -> result 1-0 checkmate
Game (W:v22 vs B:v21) FEN=knbrqbnr/ppp5/3pp1pp/5p2/8/1PPPP2P/P4PP1/RNBQRBNK\ w\ -\ -\ 0\ 1 -> result 0-1 checkmate
Game (W:v22 vs B:v21) FEN=rnbqrbnk/p2p1pp1/1pp4p/4p3/2PP4/PP6/4PPPP/KNBRQBNR\ w\ -\ -\ 0\ 1 -> result 0-1 checkmate
Game (W:v22 vs B:v21) FEN=knbrqbnr/p1p1p1p1/1p3p1p/3p4/8/1PPPP1P1/P4P1P/RNBQRBNK\ w\ -\ -\ 0\ 1 -> result 1/2-1/2 max-plies

=== Match Summary ===
Total games: 100
v21 wins: 38
v22 wins: 33
draws:   29
=== Worker 5 end ===
