=== Worker 2 start ===
Running matches: games_per_side=50, depth=8, max_plies=150, movetime_ms=10, fen_or_book=book, version_a=v26, version_b=v27

Batch 1/2: v26 white vs v27 black, 50 games
Game (W:v26 vs B:v27) FEN=rnbqrbnk/p4ppp/1ppp4/4p3/2P1P3/P2P1P2/1P4PP/KNBRQBNR\ w\ -\ -\ 0\ 1 -> result 0-1 checkmate
Game (W:v26 vs B:v27) FEN=rnbqrbnk/1pp4p/p3ppp1/3p4/2P5/PP1PP3/5PPP/KNBRQBNR\ w\ -\ -\ 0\ 1 -> result 1/2-1/2 max-plies
Game (W:v26 vs B:v27) FEN=knbrqbnr/1pp1p2p/p5p1/3p1p2/3P1P2/2P1P1P1/PP5P/RNBQRBNK\ w\ -\ -\ 0\ 1 -> result 0-1 checkmate
Game (W:v26 vs B:v27) FEN=rnbqrbnk/5ppp/pp2p3/2pp4/3PP3/2P2P2/PP4PP/KNBRQBNR\ w\ -\ -\ 0\ 1 -> result 1/2-1/2 max-plies
Game (W:v26 vs B:v27) FEN=rnbqrbnk/5ppp/ppp1p3/3p4/3P1P2/1PP5/P3P1PP/KNBRQBNR\ w\ -\ -\ 0\ 1 -> result 0-1 checkmate
Game (W:v26 vs B:v27) FEN=knbrqbnr/p3p2p/1p1p2p1/2p2p2/4P3/1P4PP/P1PP1P2/RNBQRBNK\ w\ -\ -\ 0\ 1 -> result 1-0 checkmate
Game (W:v26 vs B:v27) FEN=rnbqrbnk/p5pp/1p1pp3/2p2p2/2P5/1P1P2PP/P3PP2/KNBRQBNR\ w\ -\ -\ 0\ 1 -> result 1-0 checkmate
Game (W:v26 vs B:v27) FEN=rnbqrbnk/pp4pp/2p5/3ppp2/2PP4/1P5P/P3PPP1/KNBRQBNR\ w\ -\ -\ 0\ 1 -> result 1/2-1/2 threefold-repetition
Game (W:v26 vs B:v27) FEN=knbrqbnr/pp2p3/2pp1ppp/8/2P5/PP2P1P1/3P1P1P/RNBQRBNK\ w\ -\ -\ 0\ 1 -> result 1-0 checkmate
Game (W:v26 vs B:v27) FEN=knbrqbnr/pp2p3/2pp1ppp/8/2P5/PP2P1P1/3P1P1P/RNBQRBNK\ w\ -\ -\ 0\ 1 -> result 1-0 checkmate
Game (W:v26 vs B:v27) FEN=rnbqrbnk/pp4pp/2pp1p2/4p3/2P2P2/P2PP3/1P4PP/KNBRQBNR\ w\ -\ -\ 0\ 1 -> result 1/2-1/2 max-plies
Game (W:v26 vs B:v27) FEN=knbrqbnr/p3p2p/1ppp1pp1/8/8/1PPPP1P1/P4P1P/RNBQRBNK\ w\ -\ -\ 0\ 1 -> result 1/2-1/2 max-plies
Game (W:v26 vs B:v27) FEN=rnbqrbnk/pp1p1p2/6pp/2p1p3/4P3/PP1P1P2/2P3PP/KNBRQBNR\ w\ -\ -\ 0\ 1 -> result 0-1 checkmate
Game (W:v26 vs B:v27) FEN=knbrqbnr/pp3pp1/2p1p2p/3p4/8/P1PPPP2/1P4PP/RNBQRBNK\ w\ -\ -\ 0\ 1 -> result 1-0 checkmate
Game (W:v26 vs B:v27) FEN=knbrqbnr/pp2p1p1/2p2p1p/3p4/3P1P2/P1P1P3/1P4PP/RNBQRBNK\ w\ -\ -\ 0\ 1 -> result 1-0 checkmate
Game (W:v26 vs B:v27) FEN=rnbqrbnk/pp1p4/2p1p1pp/5p2/8/PPPP2P1/4PP1P/KNBRQBNR\ w\ -\ -\ 0\ 1 -> result 0-1 checkmate
Game (W:v26 vs B:v27) FEN=knbrqbnr/p1p3pp/1p6/3ppp2/2P2P2/3PP1P1/PP5P/RNBQRBNK\ w\ -\ -\ 0\ 1 -> result 1-0 checkmate
Game (W:v26 vs B:v27) FEN=rnbqrbnk/1pp2p1p/p5p1/3pp3/3P4/PPP5/4PPPP/KNBRQBNR\ w\ -\ -\ 0\ 1 -> result 1-0 checkmate
Game (W:v26 vs B:v27) FEN=knbrqbnr/pp5p/2pp2p1/4pp2/2PP1P2/4P2P/PP4P1/RNBQRBNK\ w\ -\ -\ 0\ 1 -> result 0-1 checkmate
Game (W:v26 vs B:v27) FEN=rnbqrbnk/2p3pp/pp2pp2/3p4/5P2/2PP2PP/PP2P3/KNBRQBNR\ w\ -\ -\ 0\ 1 -> result 1/2-1/2 max-plies
Game (W:v26 vs B:v27) FEN=rnbqrbnk/p2p2p1/1p2p2p/2p2p2/3P4/1PP2P2/P3P1PP/KNBRQBNR\ w\ -\ -\ 0\ 1 -> result 0-1 checkmate
Game (W:v26 vs B:v27) FEN=rnbqrbnk/p5pp/1pppp3/5p2/5P2/1PPP2P1/P3P2P/KNBRQBNR\ w\ -\ -\ 0\ 1 -> result 0-1 checkmate
Game (W:v26 vs B:v27) FEN=rnbqrbnk/p5pp/1p1pp3/2p2p2/4P3/1PPP3P/P4PP1/KNBRQBNR\ w\ -\ -\ 0\ 1 -> result 1/2-1/2 max-plies
Game (W:v26 vs B:v27) FEN=rnbqrbnk/3p2pp/ppp1p3/5p2/3P1P2/PP6/2P1P1PP/KNBRQBNR\ w\ -\ -\ 0\ 1 -> result 0-1 checkmate
Game (W:v26 vs B:v27) FEN=rnbqrbnk/pp4pp/2pp1p2/4p3/4PP2/P2P2P1/1PP4P/KNBRQBNR\ w\ -\ -\ 0\ 1 -> result 1-0 checkmate
Game (W:v26 vs B:v27) FEN=knbrqbnr/pp4pp/2p5/3ppp2/2P1P3/1P4P1/P2P1P1P/RNBQRBNK\ w\ -\ -\ 0\ 1 -> result 1-0 checkmate
Game (W:v26 vs B:v27) FEN=knbrqbnr/1p4pp/p1pp4/4pp2/2P2P2/PP2P3/3P2PP/RNBQRBNK\ w\ -\ -\ 0\ 1 -> result 1-0 checkmate
Game (W:v26 vs B:v27) FEN=knbrqbnr/pp4p1/3p1p1p/2p1p3/3P4/PP2P1P1/2P2P1P/RNBQRBNK\ w\ -\ -\ 0\ 1 -> result 0-1 checkmate
Game (W:v26 vs B:v27) FEN=knbrqbnr/1p2pp1p/p1p3p1/3p4/8/1PP1PPP1/P2P3P/RNBQRBNK\ w\ -\ -\ 0\ 1 -> result 0-1 checkmate
Game (W:v26 vs B:v27) FEN=rnbqrbnk/p1p3p1/1p1pp2p/5p2/2PP4/PP6/4PPPP/KNBRQBNR\ w\ -\ -\ 0\ 1 -> result 0-1 checkmate
Game (W:v26 vs B:v27) FEN=knbrqbnr/1p3p1p/p2pp1p1/2p5/4PP2/P5P1/1PPP3P/RNBQRBNK\ w\ -\ -\ 0\ 1 -> result 0-1 checkmate
Game (W:v26 vs B:v27) FEN=knbrqbnr/pp3p2/2pp2pp/4p3/3P4/2P1P1PP/PP3P2/RNBQRBNK\ w\ -\ -\ 0\ 1 -> result 0-1 checkmate
Game (W:v26 vs B:v27) FEN=knbrqbnr/1p2pp1p/p1p3p1/3p4/3P1P2/1P2P1P1/P1P4P/RNBQRBNK\ w\ -\ -\ 0\ 1 -> result 0-1 checkmate
Game (W:v26 vs B:v27) FEN=rnbqrbnk/5ppp/ppppp3/8/2P5/3PPP1P/PP4P1/KNBRQBNR\ w\ -\ -\ 0\ 1 -> result 0-1 checkmate
Game (W:v26 vs B:v27) FEN=knbrqbnr/pp5p/3p1pp1/2p1p3/4P3/1P1P1P2/P1P3PP/RNBQRBNK\ w\ -\ c6\ 0\ 1 -> result 0-1 checkmate
Game (W:v26 vs B:v27) FEN=knbrqbnr/1p2p1pp/p1p5/3p1p2/3P4/1PP1P2P/P4PP1/RNBQRBNK\ w\ -\ -\ 0\ 1 -> result 1/2-1/2 max-plies
Game (W:v26 vs B:v27) FEN=knbrqbnr/pp3p2/2pp2pp/4p3/4P3/3P1P1P/PPP3P1/RNBQRBNK\ w\ -\ -\ 0\ 1 -> result 0-1 checkmate
Game (W:v26 vs B:v27) FEN=knbrqbnr/4p1pp/pppp4/5p2/8/2P1PPPP/PP1P4/RNBQRBNK\ w\ -\ -\ 0\ 1 -> result 0-1 checkmate
Game (W:v26 vs B:v27) FEN=knbrqbnr/1p4pp/p1pp4/4pp2/2PP4/1P2P1P1/P4P1P/RNBQRBNK\ w\ -\ -\ 0\ 1 -> result 0-1 checkmate
Game (W:v26 vs B:v27) FEN=rnbqrbnk/2p2p1p/pp2p1p1/3p4/8/1PPPPP2/P5PP/KNBRQBNR\ w\ -\ -\ 0\ 1 -> result 1-0 checkmate
Game (W:v26 vs B:v27) FEN=knbrqbnr/pp3pp1/7p/2ppp3/4P3/P1P3P1/1P1P1P1P/RNBQRBNK\ w\ -\ -\ 0\ 1 -> result 0-1 checkmate
Game (W:v26 vs B:v27) FEN=rnbqrbnk/pp1p2p1/5p1p/2p1p3/2P5/1P1P1P1P/P3P1P1/KNBRQBNR\ w\ -\ -\ 0\ 1 -> result 0-1 checkmate
Game (W:v26 vs B:v27) FEN=rnbqrbnk/pp3p1p/3p2p1/2p1p3/8/2PP1PPP/PP2P3/KNBRQBNR\ w\ -\ c6\ 0\ 1 -> result 1/2-1/2 max-plies
Game (W:v26 vs B:v27) FEN=rnbqrbnk/1pp2p1p/p5p1/3pp3/5P2/1P1PP1P1/P1P4P/KNBRQBNR\ w\ -\ -\ 0\ 1 -> result 1-0 checkmate
Game (W:v26 vs B:v27) FEN=rnbqrbnk/p4p1p/1p1pp1p1/2p5/4P3/PPPP4/5PPP/KNBRQBNR\ w\ -\ -\ 0\ 1 -> result 1/2-1/2 max-plies
Game (W:v26 vs B:v27) FEN=rnbqrbnk/p1p3pp/1p6/3ppp2/4P3/P1PP1P2/1P4PP/KNBRQBNR\ w\ -\ -\ 0\ 1 -> result 1-0 checkmate
Game (W:v26 vs B:v27) FEN=rnbqrbnk/p4ppp/1ppp4/4p3/3P4/2P1P1P1/PP3P1P/KNBRQBNR\ w\ -\ -\ 0\ 1 -> result 1/2-1/2 max-plies
Game (W:v26 vs B:v27) FEN=rnbqrbnk/2pp1p1p/pp4p1/4p3/8/1P1P1PPP/P1P1P3/KNBRQBNR\ w\ -\ -\ 0\ 1 -> result 0-1 checkmate
Game (W:v26 vs B:v27) FEN=rnbqrbnk/5ppp/ppp1p3/3p4/3P4/P1P3P1/1P2PP1P/KNBRQBNR\ w\ -\ -\ 0\ 1 -> result 1/2-1/2 max-plies
Game (W:v26 vs B:v27) FEN=knbrqbnr/5ppp/pp1pp3/2p5/5P2/1PP1P1P1/P2P3P/RNBQRBNK\ w\ -\ -\ 0\ 1 -> result 0-1 checkmate
Batch 2/2: v27 white vs v26 black, 50 games
Game (W:v27 vs B:v26) FEN=knbrqbnr/pp3pp1/7p/2ppp3/3PP3/6PP/PPP2P2/RNBQRBNK\ w\ -\ -\ 0\ 1 -> result 1-0 checkmate
Game (W:v27 vs B:v26) FEN=rnbqrbnk/1p3ppp/p7/2ppp3/2PP4/5PP1/PP2P2P/KNBRQBNR\ w\ -\ -\ 0\ 1 -> result 0-1 checkmate
Game (W:v27 vs B:v26) FEN=rnbqrbnk/pp4p1/3pp2p/2p2p2/3P4/1PP4P/P3PPP1/KNBRQBNR\ w\ -\ -\ 0\ 1 -> result 1/2-1/2 threefold-repetition
Game (W:v27 vs B:v26) FEN=rnbqrbnk/1p4pp/p2ppp2/2p5/5P2/2PPP2P/PP4P1/KNBRQBNR\ w\ -\ -\ 0\ 1 -> result 1/2-1/2 max-plies
Game (W:v27 vs B:v26) FEN=rnbqrbnk/p1p4p/1p1pp1p1/5p2/2PP4/PP6/4PPPP/KNBRQBNR\ w\ -\ -\ 0\ 1 -> result 1-0 checkmate
Game (W:v27 vs B:v26) FEN=knbrqbnr/1pp4p/p2p1pp1/4p3/4P3/PP1P4/2P2PPP/RNBQRBNK\ w\ -\ -\ 0\ 1 -> result 1/2-1/2 max-plies
Game (W:v27 vs B:v26) FEN=rnbqrbnk/p5pp/1p2p3/2pp1p2/4P3/P2P1PP1/1PP4P/KNBRQBNR\ w\ -\ -\ 0\ 1 -> result 1/2-1/2 threefold-repetition
Game (W:v27 vs B:v26) FEN=knbrqbnr/pp3p2/3pp1pp/2p5/2P1PP2/P7/1P1P2PP/RNBQRBNK\ w\ -\ -\ 0\ 1 -> result 1/2-1/2 max-plies
Game (W:v27 vs B:v26) FEN=rnbqrbnk/1p4pp/p2ppp2/2p5/3P1P2/1P5P/P1P1P1P1/KNBRQBNR\ w\ -\ -\ 0\ 1 -> result 0-1 checkmate
Game (W:v27 vs B:v26) FEN=rnbqrbnk/p1p3pp/1p1p4/4pp2/2PP4/PP6/4PPPP/KNBRQBNR\ w\ -\ -\ 0\ 1 -> result 1/2-1/2 max-plies
Game (W:v27 vs B:v26) FEN=rnbqrbnk/3p2pp/ppp1pp2/8/2P1P3/P2P2P1/1P3P1P/KNBRQBNR\ w\ -\ -\ 0\ 1 -> result 0-1 checkmate
Game (W:v27 vs B:v26) FEN=knbrqbnr/pp3p1p/2p3p1/3pp3/4P3/P1P3P1/1P1P1P1P/RNBQRBNK\ w\ -\ -\ 0\ 1 -> result 0-1 checkmate
Game (W:v27 vs B:v26) FEN=rnbqrbnk/p1p3pp/1p1p4/4pp2/4P3/PP1P1P2/2P3PP/KNBRQBNR\ w\ -\ -\ 0\ 1 -> result 1/2-1/2 max-plies
Game (W:v27 vs B:v26) FEN=rnbqrbnk/pp4pp/2p5/3ppp2/3P4/2P1P1P1/PP3P1P/KNBRQBNR\ w\ -\ -\ 0\ 1 -> result 1-0 checkmate
Game (W:v27 vs B:v26) FEN=knbrqbnr/pp2p2p/2p2pp1/3p4/4PP2/6PP/PPPP4/RNBQRBNK\ w\ -\ -\ 0\ 1 -> result 0-1 checkmate
Game (W:v27 vs B:v26) FEN=knbrqbnr/pp2p3/2pp2pp/5p2/3P1P2/2P1P2P/PP4P1/RNBQRBNK\ w\ -\ -\ 0\ 1 -> result 1-0 checkmate
Game (W:v27 vs B:v26) FEN=knbrqbnr/2p3pp/pp1p4/4pp2/8/1PPPPP2/P5PP/RNBQRBNK\ w\ -\ -\ 0\ 1 -> result 1-0 checkmate
Game (W:v27 vs B:v26) FEN=knbrqbnr/1p3ppp/p3p3/2pp4/4PP2/3P2P1/PPP4P/RNBQRBNK\ w\ -\ -\ 0\ 1 -> result 0-1 checkmate
Game (W:v27 vs B:v26) FEN=knbrqbnr/p1p3pp/1p2p3/3p1p2/2P5/3PP1PP/PP3P2/RNBQRBNK\ w\ -\ -\ 0\ 1 -> result 1-0 checkmate
Game (W:v27 vs B:v26) FEN=rnbqrbnk/ppp3p1/3p1p1p/4p3/2P5/1P1P1PP1/P3P2P/KNBRQBNR\ w\ -\ -\ 0\ 1 -> result 0-1 checkmate
Game (W:v27 vs B:v26) FEN=knbrqbnr/p1p3pp/1p2p3/3p1p2/2P5/3PP1PP/PP3P2/RNBQRBNK\ w\ -\ -\ 0\ 1 -> result 0-1 checkmate
Game (W:v27 vs B:v26) FEN=rnbqrbnk/p5pp/1p2pp2/2pp4/4PP2/P2P2P1/1PP4P/KNBRQBNR\ w\ -\ -\ 0\ 1 -> result 0-1 checkmate
Game (W:v27 vs B:v26) FEN=knbrqbnr/pp3p2/2pp2pp/4p3/3PP3/6PP/PPP2P2/RNBQRBNK\ w\ -\ -\ 0\ 1 -> result 1-0 checkmate
Game (W:v27 vs B:v26) FEN=rnbqrbnk/pp4pp/2pp1p2/4p3/4P3/1PPP1P2/P5PP/KNBRQBNR\ w\ -\ -\ 0\ 1 -> result 1/2-1/2 threefold-repetition
Game (W:v27 vs B:v26) FEN=knbrqbnr/ppp5/3ppppp/8/2P5/1P2P1PP/P2P1P2/RNBQRBNK\ w\ -\ -\ 0\ 1 -> result 0-1 checkmate
Game (W:v27 vs B:v26) FEN=knbrqbnr/2p1pp1p/pp4p1/3p4/8/1P1PP1PP/P1P2P2/RNBQRBNK\ w\ -\ -\ 0\ 1 -> result 1-0 checkmate
Game (W:v27 vs B:v26) FEN=rnbqrbnk/pp4p1/3ppp1p/2p5/2P1P3/P2P2P1/1P3P1P/KNBRQBNR\ w\ -\ -\ 0\ 1 -> result 0-1 checkmate
Game (W:v27 vs B:v26) FEN=rnbqrbnk/ppp3p1/5p1p/3pp3/8/P1PPP1P1/1P3P1P/KNBRQBNR\ w\ -\ -\ 0\ 1 -> result 0-1 checkmate
Game (W:v27 vs B:v26) FEN=rnbqrbnk/1pp4p/p3ppp1/3p4/2P5/PP1PP3/5PPP/KNBRQBNR\ w\ -\ -\ 0\ 1 -> result 1-0 checkmate
Game (W:v27 vs B:v26) FEN=knbrqbnr/pp2p1p1/7p/2pp1p2/3P4/1P2P1PP/P1P2P2/RNBQRBNK\ w\ -\ -\ 0\ 1 -> result 1-0 checkmate
Game (W:v27 vs B:v26) FEN=knbrqbnr/2p2p1p/pp1p2p1/4p3/3P1P2/2P1P1P1/PP5P/RNBQRBNK\ w\ -\ -\ 0\ 1 -> result 0-1 checkmate
Game (W:v27 vs B:v26) FEN=rnbqrbnk/1p3ppp/p7/2ppp3/3P4/2P1P1P1/PP3P1P/KNBRQBNR\ w\ -\ -\ 0\ 1 -> result 0-1 checkmate
Game (W:v27 vs B:v26) FEN=rnbqrbnk/p1p4p/1p2p1p1/3p1p2/2P2P2/1P1P2P1/P3P2P/KNBRQBNR\ w\ -\ -\ 0\ 1 -> result 1/2-1/2 max-plies
Game (W:v27 vs B:v26) FEN=rnbqrbnk/2p3pp/pp1pp3/5p2/2P2P2/PP1P4/4P1PP/KNBRQBNR\ w\ -\ -\ 0\ 1 -> result 1-0 checkmate
Game (W:v27 vs B:v26) FEN=rnbqrbnk/5ppp/ppppp3/8/3P4/P3PP2/1PP3PP/KNBRQBNR\ w\ -\ -\ 0\ 1 -> result 1/2-1/2 threefold-repetition
Game (W:v27 vs B:v26) FEN=knbrqbnr/pp2p1p1/2p2p1p/3p4/2P5/3PP1PP/PP3P2/RNBQRBNK\ w\ -\ -\ 0\ 1 -> result 0-1 checkmate
Game (W:v27 vs B:v26) FEN=rnbqrbnk/p2p2p1/1pp1pp1p/8/8/PPPP1P2/4P1PP/KNBRQBNR\ w\ -\ -\ 0\ 1 -> result 0-1 checkmate
Game (W:v27 vs B:v26) FEN=rnbqrbnk/p1p3p1/1p1ppp1p/8/8/1P1PP1PP/P1P2P2/KNBRQBNR\ w\ -\ -\ 0\ 1 -> result 1/2-1/2 max-plies
Game (W:v27 vs B:v26) FEN=rnbqrbnk/p5pp/1pp1pp2/3p4/3P4/P1P3P1/1P2PP1P/KNBRQBNR\ w\ -\ -\ 0\ 1 -> result 1-0 checkmate
Game (W:v27 vs B:v26) FEN=rnbqrbnk/p4pp1/1pp1p2p/3p4/2P2P2/3P2PP/PP2P3/KNBRQBNR\ w\ -\ -\ 0\ 1 -> result 1-0 checkmate
Game (W:v27 vs B:v26) FEN=knbrqbnr/p1p3pp/1p2p3/3p1p2/2PP4/1P2P1P1/P4P1P/RNBQRBNK\ w\ -\ -\ 0\ 1 -> result 1/2-1/2 max-plies
Game (W:v27 vs B:v26) FEN=rnbqrbnk/3p2pp/pp2pp2/2p5/2P1P3/3P1P1P/PP4P1/KNBRQBNR\ w\ -\ -\ 0\ 1 -> result 1/2-1/2 max-plies
Game (W:v27 vs B:v26) FEN=rnbqrbnk/1p3ppp/p2p4/2p1p3/3P4/1PP1P3/P4PPP/KNBRQBNR\ w\ -\ -\ 0\ 1 -> result 1/2-1/2 max-plies
Game (W:v27 vs B:v26) FEN=rnbqrbnk/p1p3pp/1p6/3ppp2/8/3PPPPP/PPP5/KNBRQBNR\ w\ -\ -\ 0\ 1 -> result 1-0 checkmate
Game (W:v27 vs B:v26) FEN=rnbqrbnk/p5pp/1p1pp3/2p2p2/3P4/2P3PP/PP2PP2/KNBRQBNR\ w\ -\ -\ 0\ 1 -> result 1/2-1/2 max-plies
Game (W:v27 vs B:v26) FEN=knbrqbnr/1p4pp/p2ppp2/2p5/2P2P2/3PP1P1/PP5P/RNBQRBNK\ w\ -\ -\ 0\ 1 -> result 0-1 checkmate
Game (W:v27 vs B:v26) FEN=rnbqrbnk/5ppp/pp2p3/2pp4/3PP3/2P2P2/PP4PP/KNBRQBNR\ w\ -\ -\ 0\ 1 -> result 0-1 checkmate
Game (W:v27 vs B:v26) FEN=rnbqrbnk/2p3pp/pp1ppp2/8/4P3/1PPP2P1/P4P1P/KNBRQBNR\ w\ -\ -\ 0\ 1 -> result 1/2-1/2 max-plies
Game (W:v27 vs B:v26) FEN=rnbqrbnk/p1p3pp/1p1p4/4pp2/4P3/PP1P1P2/2P3PP/KNBRQBNR\ w\ -\ -\ 0\ 1 -> result 0-1 checkmate
Game (W:v27 vs B:v26) FEN=rnbqrbnk/3p2pp/pp2p3/2p2p2/5P2/P1PPP3/1P4PP/KNBRQBNR\ w\ -\ -\ 0\ 1 -> result 1-0 checkmate

=== Match Summary ===
Total games: 100
v26 wins: 33
v27 wins: 39
draws:   28
=== Worker 2 end ===
