=== Worker 5 start ===
Running matches: games_per_side=10, depth=8, max_plies=150, movetime_ms=50, fen_or_book=book, version_a=v3, version_b=v7

Game (W:v3 vs B:v7) FEN='rnbqrbnk/ppp3p1/3p3p/4pp2/5P2/P1PPP3/1P4PP/KNBRQBNR w - - 0 1' -> result 0-1 checkmate
Game (W:v3 vs B:v7) FEN='knbrqbnr/ppp4p/5pp1/3pp3/3PP3/6PP/PPP2P2/RNBQRBNK w - - 0 1' -> result 1/2-1/2 max-plies
Game (W:v3 vs B:v7) FEN='knbrqbnr/ppp2p2/6pp/3pp3/2P2P2/P2PP3/1P4PP/RNBQRBNK w - - 0 1' -> result 0-1 checkmate
Game (W:v3 vs B:v7) FEN='knbrqbnr/pp3pp1/4p2p/2pp4/4PP2/P5P1/1PPP3P/RNBQRBNK w - - 0 1' -> result 0-1 checkmate
Game (W:v3 vs B:v7) FEN='rnbqrbnk/p5pp/1p2p3/2pp1p2/8/2PP1PPP/PP2P3/KNBRQBNR w - - 0 1' -> result 0-1 checkmate
Game (W:v3 vs B:v7) FEN='rnbqrbnk/p1p3pp/1p1p4/4pp2/2P5/1P1PP1P1/P4P1P/KNBRQBNR w - - 0 1' -> result 0-1 checkmate
Game (W:v3 vs B:v7) FEN='rnbqrbnk/p2p2pp/1pp2p2/4p3/5P2/1P1PP2P/P1P3P1/KNBRQBNR w - - 0 1' -> result 1/2-1/2 max-plies
Game (W:v3 vs B:v7) FEN='knbrqbnr/pp4p1/3p3p/2p1pp2/4P3/P2P2P1/1PP2P1P/RNBQRBNK w - - 0 1' -> result 0-1 checkmate
Game (W:v3 vs B:v7) FEN='knbrqbnr/pp4p1/3p1p1p/2p1p3/3PP3/5PP1/PPP4P/RNBQRBNK w - - 0 1' -> result 0-1 checkmate
Game (W:v3 vs B:v7) FEN='knbrqbnr/pp3p1p/2p3p1/3pp3/4P3/1P3P1P/P1PP2P1/RNBQRBNK w - - 0 1' -> result 1/2-1/2 max-plies
Game (W:v7 vs B:v3) FEN='knbrqbnr/1pp4p/p2pp1p1/5p2/2P5/P2PP1P1/1P3P1P/RNBQRBNK w - - 0 1' -> result 1-0 checkmate
Game (W:v7 vs B:v3) FEN='rnbqrbnk/p1p2pp1/1p1p3p/4p3/4PP2/1P1P2P1/P1P4P/KNBRQBNR w - - 0 1' -> result 1-0 checkmate
Game (W:v7 vs B:v3) FEN='rnbqrbnk/1pp4p/p3p1p1/3p1p2/2PPP3/6P1/PP3P1P/KNBRQBNR w - - 0 1' -> result 1-0 checkmate
Game (W:v7 vs B:v3) FEN='knbrqbnr/1p2p2p/p1pp2p1/5p2/4P3/3P2PP/PPP2P2/RNBQRBNK w - - 0 1' -> result 1-0 checkmate
Game (W:v7 vs B:v3) FEN='knbrqbnr/pp5p/3pppp1/2p5/2P1PP2/6P1/PP1P3P/RNBQRBNK w - c6 0 1' -> result 1/2-1/2 max-plies
Game (W:v7 vs B:v3) FEN='knbrqbnr/ppp4p/5pp1/3pp3/4P3/PP3P2/2PP2PP/RNBQRBNK w - - 0 1' -> result 1-0 checkmate
Game (W:v7 vs B:v3) FEN='knbrqbnr/2p2p1p/pp1p2p1/4p3/5P2/1P1PP1P1/P1P4P/RNBQRBNK w - - 0 1' -> result 1-0 checkmate
Game (W:v7 vs B:v3) FEN='rnbqrbnk/p2p2p1/1p2p2p/2p2p2/3P4/1PP2P2/P3P1PP/KNBRQBNR w - - 0 1' -> result 1-0 checkmate
Game (W:v7 vs B:v3) FEN='knbrqbnr/1p4pp/p2ppp2/2p5/8/PP2PPP1/2PP3P/RNBQRBNK w - - 0 1' -> result 1/2-1/2 max-plies
Game (W:v7 vs B:v3) FEN='rnbqrbnk/p1p3pp/1p1p4/4pp2/4P3/PP1P1P2/2P3PP/KNBRQBNR w - - 0 1' -> result 1-0 checkmate

=== Match Summary ===
Total games: 20
v3 wins: 0
v7 wins: 15
draws:   5
=== Worker 5 end ===
