=== Worker 8 start ===
Running matches: games_per_side=50, depth=8, max_plies=150, movetime_ms=10, fen_or_book=book, version_a=v20, version_b=v29

Batch 1/2: v20 white vs v29 black, 50 games
Game (W:v20 vs B:v29) FEN=rnbqrbnk/1pp3pp/p4p2/3pp3/2P5/3PP1PP/PP3P2/KNBRQBNR\ w\ -\ -\ 0\ 1 -> result 0-1 checkmate
Game (W:v20 vs B:v29) FEN=rnbqrbnk/p5pp/1pppp3/5p2/5P2/1PPP2P1/P3P2P/KNBRQBNR\ w\ -\ -\ 0\ 1 -> result 1/2-1/2 max-plies
Game (W:v20 vs B:v29) FEN=rnbqrbnk/p4p1p/1pppp1p1/8/2P5/1P1P1PP1/P3P2P/KNBRQBNR\ w\ -\ -\ 0\ 1 -> result 0-1 checkmate
Game (W:v20 vs B:v29) FEN=rnbqrbnk/2pp1p1p/pp4p1/4p3/2P5/P2PPP2/1P4PP/KNBRQBNR\ w\ -\ -\ 0\ 1 -> result 1-0 checkmate
Game (W:v20 vs B:v29) FEN=rnbqrbnk/p4p1p/1pppp1p1/8/2P5/1P1P1PP1/P3P2P/KNBRQBNR\ w\ -\ -\ 0\ 1 -> result 1/2-1/2 max-plies
Game (W:v20 vs B:v29) FEN=knbrqbnr/p1p3p1/1p1pp2p/5p2/8/1PP1PPP1/P2P3P/RNBQRBNK\ w\ -\ -\ 0\ 1 -> result 0-1 checkmate
Game (W:v20 vs B:v29) FEN=knbrqbnr/1p4pp/p2pp3/2p2p2/4PP2/1PP5/P2P2PP/RNBQRBNK\ w\ -\ -\ 0\ 1 -> result 1-0 checkmate
Game (W:v20 vs B:v29) FEN=rnbqrbnk/pp4pp/2p5/3ppp2/8/2PPP1PP/PP3P2/KNBRQBNR\ w\ -\ -\ 0\ 1 -> result 1-0 checkmate
Game (W:v20 vs B:v29) FEN=knbrqbnr/p1p2p2/1p1pp1pp/8/5P2/P2PP1P1/1PP4P/RNBQRBNK\ w\ -\ -\ 0\ 1 -> result 0-1 checkmate
Game (W:v20 vs B:v29) FEN=knbrqbnr/p4ppp/1pp1p3/3p4/2PP4/4P1PP/PP3P2/RNBQRBNK\ w\ -\ -\ 0\ 1 -> result 1/2-1/2 threefold-repetition
Game (W:v20 vs B:v29) FEN=knbrqbnr/pp3pp1/4p2p/2pp4/4PP2/P5P1/1PPP3P/RNBQRBNK\ w\ -\ -\ 0\ 1 -> result 1/2-1/2 max-plies
Game (W:v20 vs B:v29) FEN=rnbqrbnk/1p1p3p/p3ppp1/2p5/8/P1PP1PP1/1P2P2P/KNBRQBNR\ w\ -\ -\ 0\ 1 -> result 0-1 checkmate
Game (W:v20 vs B:v29) FEN=rnbqrbnk/1pp3pp/p4p2/3pp3/5P2/3PP1PP/PPP5/KNBRQBNR\ w\ -\ -\ 0\ 1 -> result 0-1 checkmate
Game (W:v20 vs B:v29) FEN=knbrqbnr/p1p2p2/1p1p2pp/4p3/2P1PP2/6P1/PP1P3P/RNBQRBNK\ w\ -\ -\ 0\ 1 -> result 0-1 checkmate
Game (W:v20 vs B:v29) FEN=knbrqbnr/ppp5/3pp1pp/5p2/2P5/PP1PP3/5PPP/RNBQRBNK\ w\ -\ -\ 0\ 1 -> result 1-0 checkmate
Game (W:v20 vs B:v29) FEN=knbrqbnr/1p3ppp/p1p5/3pp3/4PP2/PP6/2PP2PP/RNBQRBNK\ w\ -\ -\ 0\ 1 -> result 1-0 checkmate
Game (W:v20 vs B:v29) FEN=rnbqrbnk/p1p4p/1p1pp1p1/5p2/8/PPPP2P1/4PP1P/KNBRQBNR\ w\ -\ -\ 0\ 1 -> result 0-1 checkmate
Game (W:v20 vs B:v29) FEN=rnbqrbnk/3p2pp/pp2p3/2p2p2/2P1PP2/1P1P4/P5PP/KNBRQBNR\ w\ -\ -\ 0\ 1 -> result 0-1 checkmate
Game (W:v20 vs B:v29) FEN=knbrqbnr/pp5p/3pp1p1/2p2p2/2P1P3/P4P2/1P1P2PP/RNBQRBNK\ w\ -\ c6\ 0\ 1 -> result 0-1 checkmate
Game (W:v20 vs B:v29) FEN=knbrqbnr/pp4p1/2pppp1p/8/4P3/2P2PP1/PP1P3P/RNBQRBNK\ w\ -\ -\ 0\ 1 -> result 1-0 checkmate
Game (W:v20 vs B:v29) FEN=rnbqrbnk/ppp5/4pppp/3p4/8/PPPP2P1/4PP1P/KNBRQBNR\ w\ -\ -\ 0\ 1 -> result 1-0 checkmate
Game (W:v20 vs B:v29) FEN=rnbqrbnk/p2p2p1/1p2p2p/2p2p2/8/PP1PP1P1/2P2P1P/KNBRQBNR\ w\ -\ -\ 0\ 1 -> result 0-1 checkmate
Game (W:v20 vs B:v29) FEN=knbrqbnr/2p3pp/pp1p1p2/4p3/8/1PP1P1PP/P2P1P2/RNBQRBNK\ w\ -\ -\ 0\ 1 -> result 0-1 checkmate
Game (W:v20 vs B:v29) FEN=rnbqrbnk/p1p2p2/1p2p1pp/3p4/8/P1PPPP2/1P4PP/KNBRQBNR\ w\ -\ -\ 0\ 1 -> result 0-1 checkmate
Game (W:v20 vs B:v29) FEN=rnbqrbnk/p1p2p2/1p1pp1pp/8/2PP4/P4P2/1P2P1PP/KNBRQBNR\ w\ -\ -\ 0\ 1 -> result 0-1 checkmate
Game (W:v20 vs B:v29) FEN=knbrqbnr/pp4p1/2pp1p1p/4p3/3PP3/5PP1/PPP4P/RNBQRBNK\ w\ -\ -\ 0\ 1 -> result 1/2-1/2 max-plies
Game (W:v20 vs B:v29) FEN=knbrqbnr/pp2p1p1/2p2p1p/3p4/3P1P2/P1P1P3/1P4PP/RNBQRBNK\ w\ -\ -\ 0\ 1 -> result 1-0 checkmate
Game (W:v20 vs B:v29) FEN=knbrqbnr/1pp4p/p2p1pp1/4p3/2P2P2/PP2P3/3P2PP/RNBQRBNK\ w\ -\ -\ 0\ 1 -> result 1/2-1/2 max-plies
Game (W:v20 vs B:v29) FEN=knbrqbnr/p1p1p3/1p1p2pp/5p2/4PP2/2P3P1/PP1P3P/RNBQRBNK\ w\ -\ -\ 0\ 1 -> result 0-1 checkmate
Game (W:v20 vs B:v29) FEN=knbrqbnr/pp4p1/3p1p1p/2p1p3/4P3/PP1P4/2P2PPP/RNBQRBNK\ w\ -\ -\ 0\ 1 -> result 1-0 checkmate
Game (W:v20 vs B:v29) FEN=rnbqrbnk/2p2ppp/pp1p4/4p3/2P5/3PP1PP/PP3P2/KNBRQBNR\ w\ -\ -\ 0\ 1 -> result 1-0 checkmate
Game (W:v20 vs B:v29) FEN=knbrqbnr/2p3pp/pp1p4/4pp2/4PP2/1PP5/P2P2PP/RNBQRBNK\ w\ -\ -\ 0\ 1 -> result 0-1 checkmate
Game (W:v20 vs B:v29) FEN=knbrqbnr/pp4p1/2pp1p1p/4p3/2P1P3/5PP1/PP1P3P/RNBQRBNK\ w\ -\ -\ 0\ 1 -> result 0-1 checkmate
Game (W:v20 vs B:v29) FEN=knbrqbnr/p5pp/1ppp1p2/4p3/8/P1P1PPP1/1P1P3P/RNBQRBNK\ w\ -\ -\ 0\ 1 -> result 1/2-1/2 max-plies
Game (W:v20 vs B:v29) FEN=rnbqrbnk/pp4p1/4pp1p/2pp4/3P4/P4PP1/1PP1P2P/KNBRQBNR\ w\ -\ -\ 0\ 1 -> result 1/2-1/2 max-plies
Game (W:v20 vs B:v29) FEN=knbrqbnr/ppp2p2/6pp/3pp3/5P2/1PP1P2P/P2P2P1/RNBQRBNK\ w\ -\ -\ 0\ 1 -> result 0-1 checkmate
Game (W:v20 vs B:v29) FEN=rnbqrbnk/pp3p2/2p1p1pp/3p4/2P2P2/1P1P2P1/P3P2P/KNBRQBNR\ w\ -\ -\ 0\ 1 -> result 1-0 checkmate
Game (W:v20 vs B:v29) FEN=knbrqbnr/p1p3p1/1p1p1p1p/4p3/8/P1P1PPP1/1P1P3P/RNBQRBNK\ w\ -\ -\ 0\ 1 -> result 0-1 checkmate
Game (W:v20 vs B:v29) FEN=rnbqrbnk/p4ppp/1p6/2ppp3/4P3/1PPP1P2/P5PP/KNBRQBNR\ w\ -\ -\ 0\ 1 -> result 0-1 checkmate
Game (W:v20 vs B:v29) FEN=knbrqbnr/p3p2p/1ppp1pp1/8/8/1PPPP1P1/P4P1P/RNBQRBNK\ w\ -\ -\ 0\ 1 -> result 0-1 checkmate
Game (W:v20 vs B:v29) FEN=rnbqrbnk/pp3p2/3pp1pp/2p5/2P5/P2PPP2/1P4PP/KNBRQBNR\ w\ -\ -\ 0\ 1 -> result 0-1 checkmate
Game (W:v20 vs B:v29) FEN=rnbqrbnk/p5pp/1p1pp3/2p2p2/4P3/1P1P1PP1/P1P4P/KNBRQBNR\ w\ -\ -\ 0\ 1 -> result 0-1 checkmate
Game (W:v20 vs B:v29) FEN=rnbqrbnk/ppp2p2/3p2pp/4p3/2P2P2/1P1P3P/P3P1P1/KNBRQBNR\ w\ -\ -\ 0\ 1 -> result 1-0 checkmate
Game (W:v20 vs B:v29) FEN=knbrqbnr/p3p1p1/1ppp1p1p/8/8/PP1PP1P1/2P2P1P/RNBQRBNK\ w\ -\ -\ 0\ 1 -> result 1-0 checkmate
Game (W:v20 vs B:v29) FEN=rnbqrbnk/1p4pp/p3pp2/2pp4/3P4/2P2PP1/PP2P2P/KNBRQBNR\ w\ -\ -\ 0\ 1 -> result 0-1 checkmate
Game (W:v20 vs B:v29) FEN=rnbqrbnk/p2p2p1/1p2pp1p/2p5/4P3/P1PP1P2/1P4PP/KNBRQBNR\ w\ -\ -\ 0\ 1 -> result 0-1 checkmate
Game (W:v20 vs B:v29) FEN=knbrqbnr/p5pp/1pppp3/5p2/3P1P2/4P1PP/PPP5/RNBQRBNK\ w\ -\ -\ 0\ 1 -> result 0-1 checkmate
Game (W:v20 vs B:v29) FEN=knbrqbnr/pp3pp1/2p4p/3pp3/4P3/PP4P1/2PP1P1P/RNBQRBNK\ w\ -\ -\ 0\ 1 -> result 1-0 checkmate
Game (W:v20 vs B:v29) FEN=knbrqbnr/2p2p1p/pp1p2p1/4p3/5P2/1P1PP1P1/P1P4P/RNBQRBNK\ w\ -\ -\ 0\ 1 -> result 1/2-1/2 max-plies
Game (W:v20 vs B:v29) FEN=knbrqbnr/2p3pp/pp1ppp2/8/5P2/P1P1P1P1/1P1P3P/RNBQRBNK\ w\ -\ -\ 0\ 1 -> result 0-1 checkmate
/Users/alanxie/Projects/Chess Engine/scripts/run_matches.sh: line 184: unexpected EOF while looking for matching `"'
