=== Worker 8 start ===
Running matches: games_per_side=20, depth=10, max_plies=300, movetime_ms=500, fen_or_book=book, version_a=v5, version_b=v6

Game (W:v5 vs B:v6) FEN='knbrqbnr/pp3p1p/2p1p1p1/3p4/4P3/3P2PP/PPP2P2/RNBQRBNK w - - 0 1' -> result 1/2-1/2 max-plies
Game (W:v5 vs B:v6) FEN='knbrqbnr/pp4p1/2pppp1p/8/4P3/2P2PP1/PP1P3P/RNBQRBNK w - - 0 1' -> result 1/2-1/2 max-plies
Game (W:v5 vs B:v6) FEN='rnbqrbnk/1p3ppp/p1p5/3pp3/2PP4/4PP2/PP4PP/KNBRQBNR w - - 0 1' -> result 1-0 checkmate
Game (W:v5 vs B:v6) FEN='knbrqbnr/pp2p2p/2p2pp1/3p4/4PP2/6PP/PPPP4/RNBQRBNK w - - 0 1' -> result 1/2-1/2 max-plies
Game (W:v5 vs B:v6) FEN='rnbqrbnk/1pp2p1p/p5p1/3pp3/3P4/PPP5/4PPPP/KNBRQBNR w - - 0 1' -> result 0-1 checkmate
Game (W:v5 vs B:v6) FEN='knbrqbnr/pp5p/2ppppp1/8/2P5/1P2PP1P/P2P2P1/RNBQRBNK w - - 0 1' -> result 1/2-1/2 max-plies
Game (W:v5 vs B:v6) FEN='knbrqbnr/pp5p/3pppp1/2p5/8/2PPP1PP/PP3P2/RNBQRBNK w - c6 0 1' -> result 1/2-1/2 max-plies
Game (W:v5 vs B:v6) FEN='knbrqbnr/pp5p/2ppppp1/8/2P5/1P2PP1P/P2P2P1/RNBQRBNK w - - 0 1' -> result 1/2-1/2 max-plies
Game (W:v5 vs B:v6) FEN='knbrqbnr/pp3p1p/2p1p1p1/3p4/4P3/3P2PP/PPP2P2/RNBQRBNK w - - 0 1' -> result 1/2-1/2 max-plies
Game (W:v5 vs B:v6) FEN='knbrqbnr/p1p3p1/1p1p3p/4pp2/4P3/P4PP1/1PPP3P/RNBQRBNK w - - 0 1' -> result 1/2-1/2 max-plies
Game (W:v5 vs B:v6) FEN='knbrqbnr/1p2pp1p/p1p3p1/3p4/8/1PP1PPP1/P2P3P/RNBQRBNK w - - 0 1' -> result 1/2-1/2 max-plies
Game (W:v5 vs B:v6) FEN='rnbqrbnk/5ppp/pp2p3/2pp4/2PP1P2/4P3/PP4PP/KNBRQBNR w - - 0 1' -> result 1/2-1/2 max-plies
Game (W:v5 vs B:v6) FEN='knbrqbnr/pp3pp1/7p/2ppp3/5P2/PPP1P3/3P2PP/RNBQRBNK w - - 0 1' -> result 1/2-1/2 max-plies
Game (W:v5 vs B:v6) FEN='rnbqrbnk/3p2pp/pp2pp2/2p5/2PP4/P4P2/1P2P1PP/KNBRQBNR w - - 0 1' -> result 1/2-1/2 max-plies
Game (W:v5 vs B:v6) FEN='rnbqrbnk/5ppp/pp1pp3/2p5/3PP3/P1P5/1P3PPP/KNBRQBNR w - - 0 1' -> result 1/2-1/2 max-plies
Game (W:v5 vs B:v6) FEN='rnbqrbnk/1pp2p1p/p2p2p1/4p3/2PP4/PP6/4PPPP/KNBRQBNR w - - 0 1' -> result 1/2-1/2 max-plies
Game (W:v5 vs B:v6) FEN='rnbqrbnk/pp1p1p2/2p3pp/4p3/4P3/1PPP1P2/P5PP/KNBRQBNR w - - 0 1' -> result 0-1 checkmate
Game (W:v5 vs B:v6) FEN='rnbqrbnk/5ppp/ppp1p3/3p4/5P2/3PP1PP/PPP5/KNBRQBNR w - - 0 1' -> result 1/2-1/2 max-plies
Game (W:v5 vs B:v6) FEN='knbrqbnr/pp5p/2ppppp1/8/4P3/1P4PP/P1PP1P2/RNBQRBNK w - - 0 1' -> result 0-1 checkmate
Game (W:v5 vs B:v6) FEN='rnbqrbnk/2pp2pp/pp6/4pp2/8/PP1P1PP1/2P1P2P/KNBRQBNR w - - 0 1' -> result 1/2-1/2 max-plies
Game (W:v6 vs B:v5) FEN='rnbqrbnk/1pp4p/p3p1p1/3p1p2/8/1P1PP1PP/P1P2P2/KNBRQBNR w - - 0 1' -> result 1/2-1/2 max-plies
Game (W:v6 vs B:v5) FEN='rnbqrbnk/1pp4p/p2pppp1/8/8/1PPP2PP/P3PP2/KNBRQBNR w - - 0 1' -> result 0-1 checkmate
Game (W:v6 vs B:v5) FEN='rnbqrbnk/pp4p1/3ppp1p/2p5/3P4/PP2P3/2P2PPP/KNBRQBNR w - - 0 1' -> result 1/2-1/2 max-plies
Game (W:v6 vs B:v5) FEN='rnbqrbnk/p4p1p/1p2p1p1/2pp4/3P4/1P2P1P1/P1P2P1P/KNBRQBNR w - - 0 1' -> result 1/2-1/2 max-plies
Game (W:v6 vs B:v5) FEN='knbrqbnr/pp2p3/3p2pp/2p2p2/4PP2/P2P4/1PP3PP/RNBQRBNK w - - 0 1' -> result 1/2-1/2 max-plies
Game (W:v6 vs B:v5) FEN='rnbqrbnk/3p2pp/ppp1p3/5p2/3P4/1P3PP1/P1P1P2P/KNBRQBNR w - - 0 1' -> result 1/2-1/2 max-plies
Game (W:v6 vs B:v5) FEN='rnbqrbnk/1pp4p/p3ppp1/3p4/2P5/3PPP1P/PP4P1/KNBRQBNR w - - 0 1' -> result 1-0 checkmate
Game (W:v6 vs B:v5) FEN='rnbqrbnk/3p2pp/ppp1pp2/8/3P4/4PPP1/PPP4P/KNBRQBNR w - - 0 1' -> result 1/2-1/2 max-plies
Game (W:v6 vs B:v5) FEN='rnbqrbnk/ppp5/3pp1pp/5p2/8/1PPP1PP1/P3P2P/KNBRQBNR w - - 0 1' -> result 1/2-1/2 max-plies
Game (W:v6 vs B:v5) FEN='knbrqbnr/1p4pp/p2ppp2/2p5/8/PP2PPP1/2PP3P/RNBQRBNK w - - 0 1' -> result 1/2-1/2 max-plies
Game (W:v6 vs B:v5) FEN='rnbqrbnk/1p1p2pp/p1p5/4pp2/2PP4/1P3P2/P3P1PP/KNBRQBNR w - - 0 1' -> result 1/2-1/2 max-plies
Game (W:v6 vs B:v5) FEN='rnbqrbnk/pp5p/2p1ppp1/3p4/2P1P3/1P1P1P2/P5PP/KNBRQBNR w - - 0 1' -> result 1/2-1/2 max-plies
Game (W:v6 vs B:v5) FEN='knbrqbnr/pp4pp/2p5/3ppp2/2P5/P2PPP2/1P4PP/RNBQRBNK w - - 0 1' -> result 1/2-1/2 max-plies
Game (W:v6 vs B:v5) FEN='rnbqrbnk/1p4pp/p3p3/2pp1p2/4P3/2PP1PP1/PP5P/KNBRQBNR w - - 0 1' -> result 0-1 checkmate
Game (W:v6 vs B:v5) FEN='rnbqrbnk/2p2p1p/pp2p1p1/3p4/2P5/1P1PP1P1/P4P1P/KNBRQBNR w - - 0 1' -> result 0-1 checkmate
Game (W:v6 vs B:v5) FEN='rnbqrbnk/p1p3pp/1p3p2/3pp3/8/2PPPPP1/PP5P/KNBRQBNR w - - 0 1' -> result 1/2-1/2 max-plies
Game (W:v6 vs B:v5) FEN='knbrqbnr/p1p3p1/1p1pp2p/5p2/8/1PP1PPP1/P2P3P/RNBQRBNK w - - 0 1' -> result 1/2-1/2 max-plies
Game (W:v6 vs B:v5) FEN='knbrqbnr/1p4pp/p2pp3/2p2p2/8/PP1PP1P1/2P2P1P/RNBQRBNK w - - 0 1' -> result 1/2-1/2 max-plies
Game (W:v6 vs B:v5) FEN='knbrqbnr/pp3pp1/4p2p/2pp4/4PP2/P5P1/1PPP3P/RNBQRBNK w - - 0 1' -> result 1/2-1/2 max-plies
Game (W:v6 vs B:v5) FEN='knbrqbnr/pp2p3/3p2pp/2p2p2/4PP2/P2P4/1PP3PP/RNBQRBNK w - - 0 1' -> result 1/2-1/2 max-plies

=== Match Summary ===
/Users/alanxie/Projects/Chess Engine/scripts/run_matches.sh: line 133: total_games: unbound variable
