=== Worker 3 start ===
Running matches: games_per_side=20, depth=10, max_plies=300, movetime_ms=500, fen_or_book=book, version_a=v5, version_b=v6

Game (W:v5 vs B:v6) FEN='rnbqrbnk/p1p4p/1p1pp1p1/5p2/8/PPPPP3/5PPP/KNBRQBNR w - - 0 1' -> result 1-0 checkmate
Game (W:v5 vs B:v6) FEN='rnbqrbnk/5ppp/pp2p3/2pp4/3PP3/2P2P2/PP4PP/KNBRQBNR w - - 0 1' -> result 1/2-1/2 max-plies
Game (W:v5 vs B:v6) FEN='rnbqrbnk/p1p4p/1p1pp1p1/5p2/8/PPPPP3/5PPP/KNBRQBNR w - - 0 1' -> result 1-0 checkmate
Game (W:v5 vs B:v6) FEN='knbrqbnr/ppp2p2/6pp/3pp3/2P2P2/P2PP3/1P4PP/RNBQRBNK w - - 0 1' -> result 1-0 checkmate
Game (W:v5 vs B:v6) FEN='knbrqbnr/pp4p1/2ppp2p/5p2/2P5/PP2PP2/3P2PP/RNBQRBNK w - - 0 1' -> result 0-1 checkmate
Game (W:v5 vs B:v6) FEN='rnbqrbnk/5ppp/pp1pp3/2p5/3PP3/6PP/PPP2P2/KNBRQBNR w - - 0 1' -> result 1/2-1/2 max-plies
Game (W:v5 vs B:v6) FEN='knbrqbnr/1pp3pp/p3pp2/3p4/3P4/1PP1PP2/P5PP/RNBQRBNK w - - 0 1' -> result 1/2-1/2 max-plies
Game (W:v5 vs B:v6) FEN='rnbqrbnk/1pp4p/p3ppp1/3p4/2P5/PP1PP3/5PPP/KNBRQBNR w - - 0 1' -> result 1/2-1/2 max-plies
Game (W:v5 vs B:v6) FEN='rnbqrbnk/1p4pp/p3p3/2pp1p2/2P2P2/1P1P3P/P3P1P1/KNBRQBNR w - - 0 1' -> result 1/2-1/2 max-plies
Game (W:v5 vs B:v6) FEN='rnbqrbnk/pp5p/3pppp1/2p5/4P3/1P1P2PP/P1P2P2/KNBRQBNR w - c6 0 1' -> result 1/2-1/2 max-plies
Game (W:v5 vs B:v6) FEN='rnbqrbnk/pp5p/3pppp1/2p5/4P3/1P1P2PP/P1P2P2/KNBRQBNR w - c6 0 1' -> result 1/2-1/2 max-plies
Game (W:v5 vs B:v6) FEN='rnbqrbnk/ppp3p1/7p/3ppp2/2P5/3PPP1P/PP4P1/KNBRQBNR w - - 0 1' -> result 1/2-1/2 max-plies
Game (W:v5 vs B:v6) FEN='rnbqrbnk/pp5p/3pppp1/2p5/4P3/1P1P2PP/P1P2P2/KNBRQBNR w - c6 0 1' -> result 1/2-1/2 max-plies
Game (W:v5 vs B:v6) FEN='knbrqbnr/p5pp/1p1p4/2p1pp2/4PP2/1P5P/P1PP2P1/RNBQRBNK w - - 0 1' -> result 1/2-1/2 max-plies
Game (W:v5 vs B:v6) FEN='knbrqbnr/2p3pp/pp1ppp2/8/5P2/3PP1PP/PPP5/RNBQRBNK w - - 0 1' -> result 1/2-1/2 max-plies
Game (W:v5 vs B:v6) FEN='knbrqbnr/ppp3p1/4pp1p/3p4/2PP4/4PP1P/PP4P1/RNBQRBNK w - - 0 1' -> result 1/2-1/2 max-plies
Game (W:v5 vs B:v6) FEN='rnbqrbnk/p5pp/1p1ppp2/2p5/3P4/P3PP2/1PP3PP/KNBRQBNR w - - 0 1' -> result 1/2-1/2 max-plies
Game (W:v5 vs B:v6) FEN='rnbqrbnk/1p1p1p1p/p5p1/2p1p3/8/1P1PP1PP/P1P2P2/KNBRQBNR w - - 0 1' -> result 1/2-1/2 max-plies
Game (W:v5 vs B:v6) FEN='rnbqrbnk/p1p3p1/1p1pp2p/5p2/8/1P1PPPP1/P1P4P/KNBRQBNR w - - 0 1' -> result 1/2-1/2 max-plies
Game (W:v5 vs B:v6) FEN='knbrqbnr/p1p1p2p/1p4p1/3p1p2/5P2/P1P1P1P1/1P1P3P/RNBQRBNK w - - 0 1' -> result 1/2-1/2 max-plies
Game (W:v6 vs B:v5) FEN='rnbqrbnk/pp3p1p/3p2p1/2p1p3/8/2PP1PPP/PP2P3/KNBRQBNR w - c6 0 1' -> result 1/2-1/2 max-plies
Game (W:v6 vs B:v5) FEN='knbrqbnr/ppp5/3ppppp/8/8/PPPPP3/5PPP/RNBQRBNK w - - 0 1' -> result 1-0 checkmate
Game (W:v6 vs B:v5) FEN='knbrqbnr/p4ppp/1p6/2ppp3/8/1PP1PP1P/P2P2P1/RNBQRBNK w - - 0 1' -> result 1/2-1/2 max-plies
Game (W:v6 vs B:v5) FEN='knbrqbnr/pp3pp1/2p1p2p/3p4/4PP2/1P4P1/P1PP3P/RNBQRBNK w - - 0 1' -> result 1/2-1/2 max-plies
Game (W:v6 vs B:v5) FEN='knbrqbnr/ppp5/3pp1pp/5p2/4P3/1PP2P2/P2P2PP/RNBQRBNK w - - 0 1' -> result 1/2-1/2 max-plies
Game (W:v6 vs B:v5) FEN='rnbqrbnk/1pp3pp/p2p1p2/4p3/2PP4/P3P3/1P3PPP/KNBRQBNR w - - 0 1' -> result 0-1 checkmate
Game (W:v6 vs B:v5) FEN='rnbqrbnk/pp4p1/3pp2p/2p2p2/3P4/5PPP/PPP1P3/KNBRQBNR w - - 0 1' -> result 1-0 checkmate
Game (W:v6 vs B:v5) FEN='rnbqrbnk/p2p3p/1p2p1p1/2p2p2/8/1PPPP1P1/P4P1P/KNBRQBNR w - - 0 1' -> result 1-0 checkmate
Game (W:v6 vs B:v5) FEN='knbrqbnr/1pp3pp/p4p2/3pp3/3PP3/6PP/PPP2P2/RNBQRBNK w - - 0 1' -> result 0-1 checkmate
Game (W:v6 vs B:v5) FEN='knbrqbnr/ppp4p/5pp1/3pp3/8/PP1PPP2/2P3PP/RNBQRBNK w - - 0 1' -> result 1-0 checkmate
Game (W:v6 vs B:v5) FEN='rnbqrbnk/1p4pp/p1p1p3/3p1p2/3P4/2P1P1P1/PP3P1P/KNBRQBNR w - - 0 1' -> result 1/2-1/2 max-plies
Game (W:v6 vs B:v5) FEN='rnbqrbnk/1p1p3p/p3ppp1/2p5/4P3/1P1P1PP1/P1P4P/KNBRQBNR w - - 0 1' -> result 1-0 checkmate
Game (W:v6 vs B:v5) FEN='knbrqbnr/pp4p1/2pp1p1p/4p3/2P1P3/5PP1/PP1P3P/RNBQRBNK w - - 0 1' -> result 1/2-1/2 max-plies
Game (W:v6 vs B:v5) FEN='rnbqrbnk/1p3ppp/p1p5/3pp3/2P1P3/3P1P1P/PP4P1/KNBRQBNR w - - 0 1' -> result 0-1 checkmate
Game (W:v6 vs B:v5) FEN='knbrqbnr/pp3p1p/2p1p1p1/3p4/2P1P3/5PP1/PP1P3P/RNBQRBNK w - - 0 1' -> result 1/2-1/2 max-plies
Game (W:v6 vs B:v5) FEN='rnbqrbnk/3p2pp/ppp1p3/5p2/2PP4/1P3P2/P3P1PP/KNBRQBNR w - - 0 1' -> result 1/2-1/2 max-plies
Game (W:v6 vs B:v5) FEN='rnbqrbnk/ppp5/4p1pp/3p1p2/3P4/PPP5/4PPPP/KNBRQBNR w - - 0 1' -> result 0-1 checkmate
Game (W:v6 vs B:v5) FEN='knbrqbnr/pp2p3/2pp2pp/5p2/2P5/1P2PP1P/P2P2P1/RNBQRBNK w - - 0 1' -> result 1-0 checkmate
Game (W:v6 vs B:v5) FEN='rnbqrbnk/3p1ppp/ppp5/4p3/5P2/1P1PP2P/P1P3P1/KNBRQBNR w - - 0 1' -> result 0-1 checkmate
Game (W:v6 vs B:v5) FEN='knbrqbnr/pp4p1/2pp1p1p/4p3/2P1P3/5PP1/PP1P3P/RNBQRBNK w - - 0 1' -> result 1/2-1/2 max-plies

=== Match Summary ===
/Users/alanxie/Projects/Chess Engine/scripts/run_matches.sh: line 133: total_games: unbound variable
