=== Worker 1 start ===
Running matches: games_per_side=20, depth=10, max_plies=300, movetime_ms=500, fen_or_book=book, version_a=v5, version_b=v6

Game (W:v5 vs B:v6) FEN='knbrqbnr/p1p3p1/1p1pp2p/5p2/8/2PPP1PP/PP3P2/RNBQRBNK w - - 0 1' -> result 1/2-1/2 max-plies
Game (W:v5 vs B:v6) FEN='knbrqbnr/1p2pp1p/p1p3p1/3p4/8/1PP1PPP1/P2P3P/RNBQRBNK w - - 0 1' -> result 1/2-1/2 max-plies
Game (W:v5 vs B:v6) FEN='knbrqbnr/p4ppp/1pp5/3pp3/2P2P2/1P1PP3/P5PP/RNBQRBNK w - - 0 1' -> result 1/2-1/2 max-plies
Game (W:v5 vs B:v6) FEN='knbrqbnr/pp5p/2ppppp1/8/2P5/1P2PP1P/P2P2P1/RNBQRBNK w - - 0 1' -> result 1/2-1/2 max-plies
Game (W:v5 vs B:v6) FEN='knbrqbnr/p4ppp/1pp5/3pp3/2P2P2/1P1PP3/P5PP/RNBQRBNK w - - 0 1' -> result 1/2-1/2 max-plies
Game (W:v5 vs B:v6) FEN='knbrqbnr/pp5p/2ppppp1/8/2P5/1P2PP1P/P2P2P1/RNBQRBNK w - - 0 1' -> result 1/2-1/2 max-plies
Game (W:v5 vs B:v6) FEN='rnbqrbnk/p4ppp/1pp5/3pp3/3P4/2P2P1P/PP2P1P1/KNBRQBNR w - - 0 1' -> result 0-1 checkmate
Game (W:v5 vs B:v6) FEN='rnbqrbnk/5ppp/pp2p3/2pp4/2PP1P2/4P3/PP4PP/KNBRQBNR w - - 0 1' -> result 1/2-1/2 max-plies
Game (W:v5 vs B:v6) FEN='knbrqbnr/1pp3pp/p3pp2/3p4/3P4/1PP1PP2/P5PP/RNBQRBNK w - - 0 1' -> result 1/2-1/2 max-plies
Game (W:v5 vs B:v6) FEN='rnbqrbnk/pp5p/4p1p1/2pp1p2/2P5/1P1PP1P1/P4P1P/KNBRQBNR w - c6 0 1' -> result 1/2-1/2 max-plies
Game (W:v5 vs B:v6) FEN='knbrqbnr/1p4pp/p2ppp2/2p5/8/1P1PP1PP/P1P2P2/RNBQRBNK w - - 0 1' -> result 1/2-1/2 max-plies
Game (W:v5 vs B:v6) FEN='rnbqrbnk/2pp2pp/pp3p2/4p3/2P1P3/P2P1P2/1P4PP/KNBRQBNR w - - 0 1' -> result 0-1 checkmate
Game (W:v5 vs B:v6) FEN='rnbqrbnk/pp3p2/3pp1pp/2p5/2P2P2/1P1P2P1/P3P2P/KNBRQBNR w - - 0 1' -> result 1/2-1/2 max-plies
Game (W:v5 vs B:v6) FEN='rnbqrbnk/p5pp/1pppp3/5p2/5P2/1PPP2P1/P3P2P/KNBRQBNR w - - 0 1' -> result 1/2-1/2 max-plies
Game (W:v5 vs B:v6) FEN='rnbqrbnk/p2p1p1p/1p4p1/2p1p3/8/1PPPP2P/P4PP1/KNBRQBNR w - - 0 1' -> result 1/2-1/2 max-plies
Game (W:v5 vs B:v6) FEN='knbrqbnr/5ppp/pp1pp3/2p5/2P2P2/4P1PP/PP1P4/RNBQRBNK w - - 0 1' -> result 1/2-1/2 max-plies
Game (W:v5 vs B:v6) FEN='rnbqrbnk/ppp4p/3p2p1/4pp2/3P4/PPP5/4PPPP/KNBRQBNR w - - 0 1' -> result 1/2-1/2 max-plies
Game (W:v5 vs B:v6) FEN='rnbqrbnk/5ppp/pp1pp3/2p5/3PP3/6PP/PPP2P2/KNBRQBNR w - - 0 1' -> result 0-1 checkmate
Game (W:v5 vs B:v6) FEN='rnbqrbnk/2p3pp/pp2p3/3p1p2/4P3/1PPP1P2/P5PP/KNBRQBNR w - - 0 1' -> result 1/2-1/2 max-plies
Game (W:v5 vs B:v6) FEN='rnbqrbnk/p5pp/1p1ppp2/2p5/5P2/3PP1PP/PPP5/KNBRQBNR w - - 0 1' -> result 1/2-1/2 max-plies
/Users/alanxie/Projects/Chess Engine/scripts/run_matches.sh: line 126: syntax error near unexpected token `)'
