=== Worker 4 start ===
Running matches: games_per_side=20, depth=10, max_plies=300, movetime_ms=500, fen_or_book=book, version_a=v5, version_b=v6

Game (W:v5 vs B:v6) FEN='rnbqrbnk/pp4p1/3ppp1p/2p5/3P4/PP2P3/2P2PPP/KNBRQBNR w - - 0 1' -> result 1/2-1/2 max-plies
Game (W:v5 vs B:v6) FEN='knbrqbnr/1p2pp1p/p1p3p1/3p4/8/1PP1PPP1/P2P3P/RNBQRBNK w - - 0 1' -> result 1/2-1/2 max-plies
Game (W:v5 vs B:v6) FEN='knbrqbnr/pp5p/2ppppp1/8/2P5/1P2PP1P/P2P2P1/RNBQRBNK w - - 0 1' -> result 1/2-1/2 max-plies
Game (W:v5 vs B:v6) FEN='knbrqbnr/p1p3p1/1p1p3p/4pp2/4P3/P4PP1/1PPP3P/RNBQRBNK w - - 0 1' -> result 1/2-1/2 max-plies
Game (W:v5 vs B:v6) FEN='rnbqrbnk/pp5p/4p1p1/2pp1p2/2P5/1P1PP1P1/P4P1P/KNBRQBNR w - c6 0 1' -> result 1/2-1/2 max-plies
Game (W:v5 vs B:v6) FEN='knbrqbnr/pp5p/3pppp1/2p5/8/2PPP1PP/PP3P2/RNBQRBNK w - c6 0 1' -> result 1/2-1/2 max-plies
Game (W:v5 vs B:v6) FEN='rnbqrbnk/p5pp/1p1pp3/2p2p2/3P4/1P2P2P/P1P2PP1/KNBRQBNR w - - 0 1' -> result 1/2-1/2 max-plies
Game (W:v5 vs B:v6) FEN='knbrqbnr/pp3p1p/2p1p1p1/3p4/4P3/3P2PP/PPP2P2/RNBQRBNK w - - 0 1' -> result 1/2-1/2 max-plies
Game (W:v5 vs B:v6) FEN='rnbqrbnk/pp4p1/3ppp1p/2p5/3P4/PP2P3/2P2PPP/KNBRQBNR w - - 0 1' -> result 1/2-1/2 max-plies
Game (W:v5 vs B:v6) FEN='knbrqbnr/1pp3pp/p3pp2/3p4/3P4/1PP1PP2/P5PP/RNBQRBNK w - - 0 1' -> result 1/2-1/2 max-plies
Game (W:v5 vs B:v6) FEN='rnbqrbnk/p2p2pp/1pp2p2/4p3/8/2PPPPP1/PP5P/KNBRQBNR w - - 0 1' -> result 1/2-1/2 max-plies
Game (W:v5 vs B:v6) FEN='rnbqrbnk/ppp2p2/6pp/3pp3/3P4/2P1P1P1/PP3P1P/KNBRQBNR w - - 0 1' -> result 1/2-1/2 max-plies
Game (W:v5 vs B:v6) FEN='rnbqrbnk/2p2p1p/pp2p1p1/3p4/2P5/1P1PP1P1/P4P1P/KNBRQBNR w - - 0 1' -> result 1/2-1/2 max-plies
Game (W:v5 vs B:v6) FEN='rnbqrbnk/p4p1p/1pp1p1p1/3p4/8/1PPP1P1P/P3P1P1/KNBRQBNR w - - 0 1' -> result 1/2-1/2 max-plies
Game (W:v5 vs B:v6) FEN='knbrqbnr/p5pp/1p1pp3/2p2p2/2P5/1P2PP1P/P2P2P1/RNBQRBNK w - - 0 1' -> result 1/2-1/2 max-plies
Game (W:v5 vs B:v6) FEN='rnbqrbnk/pp4pp/5p2/2ppp3/4PP2/P2P2P1/1PP4P/KNBRQBNR w - c6 0 1' -> result 0-1 checkmate
Game (W:v5 vs B:v6) FEN='rnbqrbnk/1p4pp/p1p1p3/3p1p2/3P4/1P2P2P/P1P2PP1/KNBRQBNR w - - 0 1' -> result 1/2-1/2 max-plies
Game (W:v5 vs B:v6) FEN='rnbqrbnk/p1p3pp/1p1p4/4pp2/3P4/1PP2P2/P3P1PP/KNBRQBNR w - - 0 1' -> result 1-0 checkmate
Game (W:v5 vs B:v6) FEN='knbrqbnr/ppp1p3/5ppp/3p4/4P3/3P2PP/PPP2P2/RNBQRBNK w - - 0 1' -> result 1/2-1/2 max-plies
Game (W:v5 vs B:v6) FEN='rnbqrbnk/ppp3p1/3p3p/4pp2/8/PP1PP1P1/2P2P1P/KNBRQBNR w - - 0 1' -> result 1/2-1/2 max-plies
/Users/alanxie/Projects/Chess Engine/scripts/run_matches.sh: line 126: syntax error near unexpected token `)'
