=== Worker 5 start ===
Running matches: games_per_side=5, depth=8, max_plies=150, movetime_ms=100, fen_or_book=book, version_a=v12, version_b=v16

Batch 1/2: v12 white vs v16 black, 5 games
Game (W:v12 vs B:v16) FEN=rnbqrbnk/pp4p1/3pp2p/2p2p2/3P4/1PP4P/P3PPP1/KNBRQBNR\ w\ -\ -\ 0\ 1 -> result 1/2-1/2 threefold-repetition
Game (W:v12 vs B:v16) FEN=rnbqrbnk/1p1p3p/p3ppp1/2p5/4P3/1P1P1PP1/P1P4P/KNBRQBNR\ w\ -\ -\ 0\ 1 -> result 0-1 checkmate
Game (W:v12 vs B:v16) FEN=knbrqbnr/pp2p3/2pp1ppp/8/2P5/P3PPP1/1P1P3P/RNBQRBNK\ w\ -\ -\ 0\ 1 -> result 0-1 checkmate
Game (W:v12 vs B:v16) FEN=rnbqrbnk/p5pp/1p2p3/2pp1p2/4PP2/1PPP4/P5PP/KNBRQBNR\ w\ -\ -\ 0\ 1 -> result 1-0 checkmate
Game (W:v12 vs B:v16) FEN=knbrqbnr/pp2p2p/2p3p1/3p1p2/4P3/1PP3P1/P2P1P1P/RNBQRBNK\ w\ -\ -\ 0\ 1 -> result 1/2-1/2 max-plies
Batch 2/2: v16 white vs v12 black, 5 games
Game (W:v16 vs B:v12) FEN=knbrqbnr/pp4pp/4pp2/2pp4/3P4/2P1PPP1/PP5P/RNBQRBNK\ w\ -\ c6\ 0\ 1 -> result 1-0 checkmate
Game (W:v16 vs B:v12) FEN=knbrqbnr/pp5p/2ppp1p1/5p2/2P1P3/3P2P1/PP3P1P/RNBQRBNK\ w\ -\ -\ 0\ 1 -> result 1/2-1/2 threefold-repetition
Game (W:v16 vs B:v12) FEN=rnbqrbnk/5ppp/ppp1p3/3p4/4P3/P2P1PP1/1PP4P/KNBRQBNR\ w\ -\ -\ 0\ 1 -> result 1/2-1/2 threefold-repetition
Game (W:v16 vs B:v12) FEN=rnbqrbnk/pp5p/4p1p1/2pp1p2/8/P1PP1PP1/1P2P2P/KNBRQBNR\ w\ -\ c6\ 0\ 1 -> result 1/2-1/2 threefold-repetition
Game (W:v16 vs B:v12) FEN=rnbqrbnk/pp5p/2ppppp1/8/8/1PPP2PP/P3PP2/KNBRQBNR\ w\ -\ -\ 0\ 1 -> result 1/2-1/2 threefold-repetition

=== Match Summary ===
Total games: 10
v12 wins: 1
v16 wins: 3
draws:   6
=== Worker 5 end ===
