=== Worker 6 start ===
Running matches: games_per_side=10, depth=8, max_plies=150, movetime_ms=50, fen_or_book=book, version_a=v7, version_b=v9

Batch 1/2: v7 white, v9 black (10 games)
Game (W:v7 vs B:v9) FEN='rnbqrbnk/5ppp/ppp1p3/3p4/3P1P2/1P2P3/P1P3PP/KNBRQBNR w - - 0 1' -> result 1/2-1/2 max-plies
Game (W:v7 vs B:v9) FEN='knbrqbnr/ppp2p2/6pp/3pp3/2P2P2/P2PP3/1P4PP/RNBQRBNK w - - 0 1' -> result 1/2-1/2 max-plies
Game (W:v7 vs B:v9) FEN='rnbqrbnk/pp3p2/4p1pp/2pp4/3P4/2P3PP/PP2PP2/KNBRQBNR w - - 0 1' -> result 1/2-1/2 max-plies
Game (W:v7 vs B:v9) FEN='rnbqrbnk/1p4pp/p1ppp3/5p2/3P4/P1P1P3/1P3PPP/KNBRQBNR w - - 0 1' -> result 1/2-1/2 max-plies
Game (W:v7 vs B:v9) FEN='rnbqrbnk/1pp2p1p/p5p1/3pp3/3P4/PPP5/4PPPP/KNBRQBNR w - - 0 1' -> result 1/2-1/2 max-plies
Game (W:v7 vs B:v9) FEN='knbrqbnr/1p2p2p/p2p2p1/2p2p2/4P3/1P1P2P1/P1P2P1P/RNBQRBNK w - - 0 1' -> result 1/2-1/2 max-plies
Game (W:v7 vs B:v9) FEN='knbrqbnr/p5pp/1ppp1p2/4p3/4PP2/PP6/2PP2PP/RNBQRBNK w - - 0 1' -> result 1/2-1/2 max-plies
Game (W:v7 vs B:v9) FEN='rnbqrbnk/1p4pp/p1p1pp2/3p4/4PP2/1P1P2P1/P1P4P/KNBRQBNR w - - 0 1' -> result 1/2-1/2 max-plies
Game (W:v7 vs B:v9) FEN='knbrqbnr/pp2p3/2pp1ppp/8/8/1PPPPP2/P5PP/RNBQRBNK w - - 0 1' -> result 1/2-1/2 max-plies
Game (W:v7 vs B:v9) FEN='rnbqrbnk/pp1p3p/6p1/2p1pp2/8/PP1P1PP1/2P1P2P/KNBRQBNR w - c6 0 1' -> result 1/2-1/2 max-plies
Batch 2/2: v9 white, v7 black (10 games)
Game (W:v9 vs B:v7) FEN='knbrqbnr/ppp3p1/7p/3ppp2/2PP4/4P1PP/PP3P2/RNBQRBNK w - - 0 1' -> result 1/2-1/2 max-plies
Game (W:v9 vs B:v7) FEN='rnbqrbnk/p1p3pp/1p1p4/4pp2/2P2P2/1P1PP3/P5PP/KNBRQBNR w - - 0 1' -> result 1/2-1/2 max-plies
Game (W:v9 vs B:v7) FEN='rnbqrbnk/1pp3pp/p4p2/3pp3/2P1P3/P2P1P2/1P4PP/KNBRQBNR w - - 0 1' -> result 1-0 checkmate
Game (W:v9 vs B:v7) FEN='knbrqbnr/p1p3p1/1p1p3p/4pp2/8/PP1PP1P1/2P2P1P/RNBQRBNK w - - 0 1' -> result 1-0 checkmate
Game (W:v9 vs B:v7) FEN='knbrqbnr/2p2ppp/pp2p3/3p4/4P3/3P1PP1/PPP4P/RNBQRBNK w - - 0 1' -> result 1/2-1/2 max-plies
Game (W:v9 vs B:v7) FEN='knbrqbnr/1p4pp/p1pp4/4pp2/2P5/1P1PPP2/P5PP/RNBQRBNK w - - 0 1' -> result 1/2-1/2 max-plies
Game (W:v9 vs B:v7) FEN='knbrqbnr/pp2p3/2pp1ppp/8/4P3/1P3P1P/P1PP2P1/RNBQRBNK w - - 0 1' -> result 1-0 checkmate
Game (W:v9 vs B:v7) FEN='rnbqrbnk/p4pp1/1pp1p2p/3p4/2P2P2/3P2PP/PP2P3/KNBRQBNR w - - 0 1' -> result 1/2-1/2 max-plies
Game (W:v9 vs B:v7) FEN='rnbqrbnk/p5pp/1p1ppp2/2p5/2P1PP2/1P1P4/P5PP/KNBRQBNR w - - 0 1' -> result 1/2-1/2 max-plies
Game (W:v9 vs B:v7) FEN='knbrqbnr/p1p4p/1p1pp1p1/5p2/8/1PPPP1P1/P4P1P/RNBQRBNK w - - 0 1' -> result 1/2-1/2 max-plies

=== Match Summary ===
Total games: 20
v7 wins: 0
v9 wins: 3
draws:   17
=== Worker 6 end ===
