=== Worker 1 start ===
Running matches: games_per_side=10, depth=8, max_plies=150, movetime_ms=50, fen_or_book=book, version_a=v7, version_b=v9

Batch 1/2: v7 white, v9 black (10 games)
Game (W:v7 vs B:v9) FEN='knbrqbnr/1p3p1p/p2p2p1/2p1p3/3P1P2/1PP1P3/P5PP/RNBQRBNK w - - 0 1' -> result 1/2-1/2 max-plies
Game (W:v7 vs B:v9) FEN='rnbqrbnk/pp4p1/2p1p2p/3p1p2/2PP4/P5P1/1P2PP1P/KNBRQBNR w - - 0 1' -> result 1-0 checkmate
Game (W:v7 vs B:v9) FEN='rnbqrbnk/p1p2pp1/1p5p/3pp3/5P2/PP1P2P1/2P1P2P/KNBRQBNR w - - 0 1' -> result 1-0 checkmate
Game (W:v7 vs B:v9) FEN='rnbqrbnk/p1p3p1/1p2pp1p/3p4/2P5/3PPP1P/PP4P1/KNBRQBNR w - - 0 1' -> result 1/2-1/2 max-plies
Game (W:v7 vs B:v9) FEN='rnbqrbnk/p4ppp/1pp5/3pp3/3PP3/1PP5/P4PPP/KNBRQBNR w - - 0 1' -> result 1/2-1/2 max-plies
Game (W:v7 vs B:v9) FEN='rnbqrbnk/2p3pp/pp2pp2/3p4/3P1P2/1PP5/P3P1PP/KNBRQBNR w - - 0 1' -> result 0-1 checkmate
Game (W:v7 vs B:v9) FEN='knbrqbnr/p1p3pp/1p2pp2/3p4/8/PP1PPP2/2P3PP/RNBQRBNK w - - 0 1' -> result 1/2-1/2 max-plies
Game (W:v7 vs B:v9) FEN='knbrqbnr/1p4pp/p2p4/2p1pp2/8/1PPPP2P/P4PP1/RNBQRBNK w - - 0 1' -> result 1-0 checkmate
Game (W:v7 vs B:v9) FEN='knbrqbnr/pp5p/2ppp1p1/5p2/2P1P3/3P2P1/PP3P1P/RNBQRBNK w - - 0 1' -> result 1/2-1/2 max-plies
Game (W:v7 vs B:v9) FEN='rnbqrbnk/1p4pp/p1p1pp2/3p4/3P4/PP3P2/2P1P1PP/KNBRQBNR w - - 0 1' -> result 1-0 checkmate
Batch 2/2: v9 white, v7 black (10 games)
Game (W:v9 vs B:v7) FEN='rnbqrbnk/p5pp/1p2p3/2pp1p2/2P5/3PP1PP/PP3P2/KNBRQBNR w - - 0 1' -> result 1/2-1/2 max-plies
Game (W:v9 vs B:v7) FEN='rnbqrbnk/pppp4/5ppp/4p3/2P5/1P1P1PP1/P3P2P/KNBRQBNR w - - 0 1' -> result 1/2-1/2 max-plies
Game (W:v9 vs B:v7) FEN='rnbqrbnk/p5pp/1p1pp3/2p2p2/2PP1P2/7P/PP2P1P1/KNBRQBNR w - - 0 1' -> result 0-1 checkmate
Game (W:v9 vs B:v7) FEN='knbrqbnr/pp4p1/3pp2p/2p2p2/3P4/1P2PPP1/P1P4P/RNBQRBNK w - - 0 1' -> result 1/2-1/2 max-plies
Game (W:v9 vs B:v7) FEN='knbrqbnr/pp4p1/2ppp2p/5p2/4P3/2P3PP/PP1P1P2/RNBQRBNK w - - 0 1' -> result 0-1 checkmate
Game (W:v9 vs B:v7) FEN='rnbqrbnk/2p3pp/pp1pp3/5p2/2P2P2/PP1P4/4P1PP/KNBRQBNR w - - 0 1' -> result 1/2-1/2 max-plies
Game (W:v9 vs B:v7) FEN='knbrqbnr/1pp4p/p2pppp1/8/4PP2/2P4P/PP1P2P1/RNBQRBNK w - - 0 1' -> result 1/2-1/2 max-plies
Game (W:v9 vs B:v7) FEN='knbrqbnr/1pp4p/p2pppp1/8/2P1P3/P5P1/1P1P1P1P/RNBQRBNK w - - 0 1' -> result 1/2-1/2 max-plies
Game (W:v9 vs B:v7) FEN='knbrqbnr/ppp3p1/4pp1p/3p4/3P1P2/P1P1P3/1P4PP/RNBQRBNK w - - 0 1' -> result 1/2-1/2 max-plies
Game (W:v9 vs B:v7) FEN='knbrqbnr/1p2p2p/p1pp2p1/5p2/4P3/P2P2P1/1PP2P1P/RNBQRBNK w - - 0 1' -> result 1/2-1/2 max-plies

=== Match Summary ===
Total games: 20
v7 wins: 6
v9 wins: 1
draws:   13
=== Worker 1 end ===
