=== Worker 1 start ===
Running matches: games_per_side=10, depth=8, max_plies=150, movetime_ms=50, fen_or_book=book, version_a=v6, version_b=v7

Game (W:v6 vs B:v7) FEN='knbrqbnr/1pp4p/p2pppp1/8/3P4/2P1PPP1/PP5P/RNBQRBNK w - - 0 1' -> result 1/2-1/2 max-plies
Game (W:v6 vs B:v7) FEN='rnbqrbnk/p2p2p1/1p2pp1p/2p5/2P1P3/P2P1P2/1P4PP/KNBRQBNR w - - 0 1' -> result 1-0 checkmate
Game (W:v6 vs B:v7) FEN='rnbqrbnk/pp4p1/2p1p2p/3p1p2/8/PP1PPP2/2P3PP/KNBRQBNR w - - 0 1' -> result 1/2-1/2 max-plies
Game (W:v6 vs B:v7) FEN='knbrqbnr/p1p3pp/1p6/3ppp2/2P2P2/3PP1P1/PP5P/RNBQRBNK w - - 0 1' -> result 0-1 checkmate
Game (W:v6 vs B:v7) FEN='knbrqbnr/p5pp/1ppp1p2/4p3/8/1PP1PPP1/P2P3P/RNBQRBNK w - - 0 1' -> result 1/2-1/2 max-plies
Game (W:v6 vs B:v7) FEN='rnbqrbnk/1p4pp/p1p1pp2/3p4/4PP2/1P1P2P1/P1P4P/KNBRQBNR w - - 0 1' -> result 1/2-1/2 max-plies
Game (W:v6 vs B:v7) FEN='knbrqbnr/p1p2p1p/1p4p1/3pp3/8/1P1PP1PP/P1P2P2/RNBQRBNK w - - 0 1' -> result 1/2-1/2 max-plies
Game (W:v6 vs B:v7) FEN='rnbqrbnk/p5pp/1ppppp2/8/8/1PPPPP2/P5PP/KNBRQBNR w - - 0 1' -> result 1/2-1/2 max-plies
Game (W:v6 vs B:v7) FEN='knbrqbnr/1p3p1p/p2p2p1/2p1p3/4PP2/2PP4/PP4PP/RNBQRBNK w - - 0 1' -> result 1/2-1/2 max-plies
Game (W:v6 vs B:v7) FEN='knbrqbnr/1p3ppp/p3p3/2pp4/3P4/1P2P1PP/P1P2P2/RNBQRBNK w - - 0 1' -> result 1/2-1/2 max-plies
Game (W:v7 vs B:v6) FEN='knbrqbnr/2p2p1p/pp1p2p1/4p3/3P1P2/2P1P1P1/PP5P/RNBQRBNK w - - 0 1' -> result 1/2-1/2 max-plies
Game (W:v7 vs B:v6) FEN='rnbqrbnk/2pp1p1p/pp4p1/4p3/2P5/P2PPP2/1P4PP/KNBRQBNR w - - 0 1' -> result 1/2-1/2 max-plies
Game (W:v7 vs B:v6) FEN='rnbqrbnk/pp4p1/3pp2p/2p2p2/3P4/5PPP/PPP1P3/KNBRQBNR w - - 0 1' -> result 0-1 checkmate
Game (W:v7 vs B:v6) FEN='knbrqbnr/p5pp/1pppp3/5p2/3P4/PP2P1P1/2P2P1P/RNBQRBNK w - - 0 1' -> result 0-1 checkmate
Game (W:v7 vs B:v6) FEN='rnbqrbnk/pp5p/3pppp1/2p5/4P3/1P1P2PP/P1P2P2/KNBRQBNR w - c6 0 1' -> result 0-1 checkmate
Game (W:v7 vs B:v6) FEN='knbrqbnr/pp4p1/2pp3p/4pp2/3PPP2/P7/1PP3PP/RNBQRBNK w - - 0 1' -> result 1-0 checkmate
Game (W:v7 vs B:v6) FEN='rnbqrbnk/pp4pp/2pp1p2/4p3/8/2PPP1PP/PP3P2/KNBRQBNR w - - 0 1' -> result 1/2-1/2 max-plies
Game (W:v7 vs B:v6) FEN='rnbqrbnk/p4pp1/1pp1p2p/3p4/2P2P2/3P2PP/PP2P3/KNBRQBNR w - - 0 1' -> result 1/2-1/2 max-plies
Game (W:v7 vs B:v6) FEN='rnbqrbnk/1p3ppp/p1pp4/4p3/8/P2PPPP1/1PP4P/KNBRQBNR w - - 0 1' -> result 1/2-1/2 max-plies
Game (W:v7 vs B:v6) FEN='rnbqrbnk/p4pp1/1pp1p2p/3p4/2P2P2/3P2PP/PP2P3/KNBRQBNR w - - 0 1' -> result 0-1 checkmate

=== Match Summary ===
Total games: 20
v6 wins: 5
v7 wins: 2
draws:   13
=== Worker 1 end ===
