=== Worker 4 start ===
Running matches: games_per_side=10, depth=8, max_plies=150, movetime_ms=50, fen_or_book=book, version_a=v6, version_b=v7

Game (W:v6 vs B:v7) FEN='knbrqbnr/1p3ppp/p1p5/3pp3/2PP1P2/4P1P1/PP5P/RNBQRBNK w - - 0 1' -> result 0-1 checkmate
Game (W:v6 vs B:v7) FEN='knbrqbnr/1p2p1pp/p7/2pp1p2/3P4/P1P1P1P1/1P3P1P/RNBQRBNK w - - 0 1' -> result 0-1 checkmate
Game (W:v6 vs B:v7) FEN='knbrqbnr/pp5p/2ppp1p1/5p2/2PP4/4P1PP/PP3P2/RNBQRBNK w - - 0 1' -> result 1/2-1/2 max-plies
Game (W:v6 vs B:v7) FEN='knbrqbnr/p1p1p3/1p1p2pp/5p2/4PP2/2P3P1/PP1P3P/RNBQRBNK w - - 0 1' -> result 1/2-1/2 max-plies
Game (W:v6 vs B:v7) FEN='knbrqbnr/1p2p2p/p2p2p1/2p2p2/3P4/P1P1P1P1/1P3P1P/RNBQRBNK w - - 0 1' -> result 0-1 checkmate
Game (W:v6 vs B:v7) FEN='rnbqrbnk/pp4pp/2pp4/4pp2/3PP3/PP6/2P2PPP/KNBRQBNR w - - 0 1' -> result 0-1 checkmate
Game (W:v6 vs B:v7) FEN='rnbqrbnk/2p3pp/pp2pp2/3p4/5P2/2PP2PP/PP2P3/KNBRQBNR w - - 0 1' -> result 1/2-1/2 max-plies
Game (W:v6 vs B:v7) FEN='rnbqrbnk/pp4p1/2pppp1p/8/2P5/1P1PPP2/P5PP/KNBRQBNR w - - 0 1' -> result 1/2-1/2 max-plies
Game (W:v6 vs B:v7) FEN='rnbqrbnk/ppp3p1/3p1p1p/4p3/2PP1P2/1P6/P3P1PP/KNBRQBNR w - - 0 1' -> result 0-1 checkmate
Game (W:v6 vs B:v7) FEN='rnbqrbnk/p5pp/1pp1pp2/3p4/2P2P2/3PP2P/PP4P1/KNBRQBNR w - - 0 1' -> result 1/2-1/2 max-plies
Game (W:v7 vs B:v6) FEN='rnbqrbnk/pp4p1/2p1p2p/3p1p2/2P5/P2PP1P1/1P3P1P/KNBRQBNR w - - 0 1' -> result 1/2-1/2 max-plies
Game (W:v7 vs B:v6) FEN='rnbqrbnk/5ppp/ppppp3/8/3P4/1P2P2P/P1P2PP1/KNBRQBNR w - - 0 1' -> result 1-0 checkmate
Game (W:v7 vs B:v6) FEN='rnbqrbnk/2p3pp/pp1pp3/5p2/3P4/1P3P1P/P1P1P1P1/KNBRQBNR w - - 0 1' -> result 1/2-1/2 max-plies
Game (W:v7 vs B:v6) FEN='rnbqrbnk/ppp3p1/5p1p/3pp3/3P1P2/1PP5/P3P1PP/KNBRQBNR w - - 0 1' -> result 1/2-1/2 max-plies
Game (W:v7 vs B:v6) FEN='knbrqbnr/p1p3p1/1p1pp2p/5p2/5P2/1PP1P2P/P2P2P1/RNBQRBNK w - - 0 1' -> result 1/2-1/2 max-plies
Game (W:v7 vs B:v6) FEN='rnbqrbnk/1pp2p1p/p2p2p1/4p3/2P2P2/1P1P2P1/P3P2P/KNBRQBNR w - - 0 1' -> result 0-1 checkmate
Game (W:v7 vs B:v6) FEN='knbrqbnr/1pp4p/p2pppp1/8/2P1P3/P5P1/1P1P1P1P/RNBQRBNK w - - 0 1' -> result 0-1 checkmate
Game (W:v7 vs B:v6) FEN='rnbqrbnk/pp3p2/3pp1pp/2p5/8/PP1PPP2/2P3PP/KNBRQBNR w - - 0 1' -> result 0-1 checkmate
Game (W:v7 vs B:v6) FEN='rnbqrbnk/2pp2pp/pp3p2/4p3/2P1P3/3P2PP/PP3P2/KNBRQBNR w - - 0 1' -> result 1-0 checkmate
Game (W:v7 vs B:v6) FEN='knbrqbnr/ppp4p/5pp1/3pp3/3PP3/6PP/PPP2P2/RNBQRBNK w - - 0 1' -> result 1/2-1/2 max-plies

=== Match Summary ===
Total games: 20
v6 wins: 3
v7 wins: 7
draws:   10
=== Worker 4 end ===
