=== Worker 3 start ===
Running matches: games_per_side=25, depth=8, max_plies=150, movetime_ms=40, fen_or_book=book, version_a=v5, version_b=v7

Game (W:v5 vs B:v7) FEN='rnbqrbnk/p2p2p1/1p2p2p/2p2p2/3P4/P3P1P1/1PP2P1P/KNBRQBNR w - - 0 1' -> result 1/2-1/2 max-plies
Game (W:v5 vs B:v7) FEN='rnbqrbnk/pp3p1p/2pp2p1/4p3/4P3/1PPP3P/P4PP1/KNBRQBNR w - - 0 1' -> result 0-1 checkmate
Game (W:v5 vs B:v7) FEN='rnbqrbnk/2p3pp/pp2p3/3p1p2/2P1P3/3P1P1P/PP4P1/KNBRQBNR w - - 0 1' -> result 1/2-1/2 max-plies
Game (W:v5 vs B:v7) FEN='rnbqrbnk/pp4p1/4pp1p/2pp4/2PPP3/7P/PP3PP1/KNBRQBNR w - - 0 1' -> result 1/2-1/2 max-plies
Game (W:v5 vs B:v7) FEN='knbrqbnr/p1p2p1p/1p4p1/3pp3/8/1P1PP1PP/P1P2P2/RNBQRBNK w - - 0 1' -> result 0-1 checkmate
Game (W:v5 vs B:v7) FEN='rnbqrbnk/p5pp/1p2p3/2pp1p2/2P5/3PP1PP/PP3P2/KNBRQBNR w - - 0 1' -> result 1/2-1/2 max-plies
Game (W:v5 vs B:v7) FEN='rnbqrbnk/pp3p1p/3p2p1/2p1p3/3P4/PPP5/4PPPP/KNBRQBNR w - c6 0 1' -> result 1/2-1/2 max-plies
Game (W:v5 vs B:v7) FEN='knbrqbnr/p4p1p/1p1p2p1/2p1p3/3P1P2/2P1P1P1/PP5P/RNBQRBNK w - - 0 1' -> result 1/2-1/2 max-plies
Game (W:v5 vs B:v7) FEN='knbrqbnr/pp3p1p/2p1p1p1/3p4/3PPP2/6P1/PPP4P/RNBQRBNK w - - 0 1' -> result 1-0 checkmate
Game (W:v5 vs B:v7) FEN='rnbqrbnk/pp4p1/2p1pp1p/3p4/5P2/1PPP3P/P3P1P1/KNBRQBNR w - - 0 1' -> result 0-1 checkmate
Game (W:v5 vs B:v7) FEN='knbrqbnr/pp5p/2ppppp1/8/2P5/1P2PP1P/P2P2P1/RNBQRBNK w - - 0 1' -> result 0-1 checkmate
Game (W:v5 vs B:v7) FEN='knbrqbnr/pp3p1p/2p1p1p1/3p4/3PPP2/6P1/PPP4P/RNBQRBNK w - - 0 1' -> result 1/2-1/2 max-plies
Game (W:v5 vs B:v7) FEN='knbrqbnr/pp5p/2ppppp1/8/2P5/1P2PP1P/P2P2P1/RNBQRBNK w - - 0 1' -> result 0-1 checkmate
Game (W:v5 vs B:v7) FEN='knbrqbnr/pp4pp/2p1p3/3p1p2/3P4/2P1PPP1/PP5P/RNBQRBNK w - - 0 1' -> result 1/2-1/2 max-plies
Game (W:v5 vs B:v7) FEN='rnbqrbnk/1p1p2pp/p1p5/4pp2/8/P1PP1PP1/1P2P2P/KNBRQBNR w - - 0 1' -> result 1/2-1/2 max-plies
Game (W:v5 vs B:v7) FEN='knbrqbnr/1pp4p/p2pppp1/8/4P3/3P1P1P/PPP3P1/RNBQRBNK w - - 0 1' -> result 1/2-1/2 max-plies
Game (W:v5 vs B:v7) FEN='rnbqrbnk/1p4pp/p1ppp3/5p2/5P2/1PPP2P1/P3P2P/KNBRQBNR w - - 0 1' -> result 1/2-1/2 max-plies
Game (W:v5 vs B:v7) FEN='rnbqrbnk/5ppp/ppp1p3/3p4/3P1P2/1P2P3/P1P3PP/KNBRQBNR w - - 0 1' -> result 1/2-1/2 max-plies
Game (W:v5 vs B:v7) FEN='knbrqbnr/pp4p1/2pp3p/4pp2/3PPP2/P7/1PP3PP/RNBQRBNK w - - 0 1' -> result 1/2-1/2 max-plies
Game (W:v5 vs B:v7) FEN='knbrqbnr/p1p1p3/1p1p2pp/5p2/5P2/1PP1P2P/P2P2P1/RNBQRBNK w - - 0 1' -> result 1/2-1/2 max-plies
Game (W:v5 vs B:v7) FEN='rnbqrbnk/ppp3p1/5p1p/3pp3/2P5/3PP1PP/PP3P2/KNBRQBNR w - - 0 1' -> result 1/2-1/2 max-plies
Game (W:v5 vs B:v7) FEN='rnbqrbnk/pp4p1/4p2p/2pp1p2/3PP3/1P5P/P1P2PP1/KNBRQBNR w - - 0 1' -> result 1/2-1/2 max-plies
Game (W:v5 vs B:v7) FEN='knbrqbnr/p1p1p3/1p1p2pp/5p2/4PP2/2P3P1/PP1P3P/RNBQRBNK w - - 0 1' -> result 1/2-1/2 max-plies
Game (W:v5 vs B:v7) FEN='knbrqbnr/1p2p1pp/p1p5/3p1p2/3P4/1PP1P2P/P4PP1/RNBQRBNK w - - 0 1' -> result 0-1 checkmate
Game (W:v5 vs B:v7) FEN='knbrqbnr/1p3ppp/p1p5/3pp3/4PP2/PP6/2PP2PP/RNBQRBNK w - - 0 1' -> result 0-1 checkmate
Game (W:v7 vs B:v5) FEN='knbrqbnr/ppp1p3/5ppp/3p4/4P3/3P2PP/PPP2P2/RNBQRBNK w - - 0 1' -> result 1-0 checkmate
Game (W:v7 vs B:v5) FEN='knbrqbnr/p5pp/1ppp1p2/4p3/8/1PP1PPP1/P2P3P/RNBQRBNK w - - 0 1' -> result 1/2-1/2 max-plies
Game (W:v7 vs B:v5) FEN='rnbqrbnk/p1p2p2/1p2p1pp/3p4/8/1PPP1PP1/P3P2P/KNBRQBNR w - - 0 1' -> result 1/2-1/2 max-plies
Game (W:v7 vs B:v5) FEN='rnbqrbnk/5ppp/pp2p3/2pp4/3PP3/2P2P2/PP4PP/KNBRQBNR w - - 0 1' -> result 1/2-1/2 max-plies
Game (W:v7 vs B:v5) FEN='knbrqbnr/pp4pp/2p5/3ppp2/2P5/P2PPP2/1P4PP/RNBQRBNK w - - 0 1' -> result 1-0 checkmate
Game (W:v7 vs B:v5) FEN='knbrqbnr/pp3p1p/2p1p1p1/3p4/3PPP2/6P1/PPP4P/RNBQRBNK w - - 0 1' -> result 1/2-1/2 max-plies
Game (W:v7 vs B:v5) FEN='knbrqbnr/2p2ppp/pp2p3/3p4/8/PP1PP1P1/2P2P1P/RNBQRBNK w - - 0 1' -> result 1/2-1/2 max-plies
Game (W:v7 vs B:v5) FEN='knbrqbnr/p4pp1/1pppp2p/8/5P2/P1P1P1P1/1P1P3P/RNBQRBNK w - - 0 1' -> result 1/2-1/2 max-plies
Game (W:v7 vs B:v5) FEN='knbrqbnr/p3p2p/1p1p2p1/2p2p2/4P3/1P4PP/P1PP1P2/RNBQRBNK w - - 0 1' -> result 1/2-1/2 max-plies
Game (W:v7 vs B:v5) FEN='rnbqrbnk/2p3pp/pp2pp2/3p4/4PP2/1P1P3P/P1P3P1/KNBRQBNR w - - 0 1' -> result 1/2-1/2 max-plies
Game (W:v7 vs B:v5) FEN='rnbqrbnk/pp5p/2ppppp1/8/2P1P3/PP1P4/5PPP/KNBRQBNR w - - 0 1' -> result 0-1 checkmate
Game (W:v7 vs B:v5) FEN='rnbqrbnk/1p3ppp/p1pp4/4p3/2PP4/1P2P3/P4PPP/KNBRQBNR w - - 0 1' -> result 1-0 checkmate
Game (W:v7 vs B:v5) FEN='knbrqbnr/1pp4p/p2pp1p1/5p2/2P2P2/P2PP3/1P4PP/RNBQRBNK w - - 0 1' -> result 1/2-1/2 max-plies
Game (W:v7 vs B:v5) FEN='knbrqbnr/ppp4p/5pp1/3pp3/3PP3/6PP/PPP2P2/RNBQRBNK w - - 0 1' -> result 1-0 checkmate
Game (W:v7 vs B:v5) FEN='knbrqbnr/p1p1p2p/1p4p1/3p1p2/3P4/P1P1P1P1/1P3P1P/RNBQRBNK w - - 0 1' -> result 1/2-1/2 max-plies
Game (W:v7 vs B:v5) FEN='rnbqrbnk/pp3p2/3pp1pp/2p5/2P5/P2PPP2/1P4PP/KNBRQBNR w - - 0 1' -> result 1/2-1/2 max-plies
Game (W:v7 vs B:v5) FEN='rnbqrbnk/1pp3pp/p4p2/3pp3/5P2/3PP1PP/PPP5/KNBRQBNR w - - 0 1' -> result 1/2-1/2 max-plies
Game (W:v7 vs B:v5) FEN='knbrqbnr/1p2p1pp/p1p5/3p1p2/3P4/1PP1P1P1/P4P1P/RNBQRBNK w - - 0 1' -> result 0-1 checkmate
Game (W:v7 vs B:v5) FEN='knbrqbnr/1p4pp/p2pp3/2p2p2/8/1P1PP1PP/P1P2P2/RNBQRBNK w - - 0 1' -> result 1/2-1/2 max-plies
Game (W:v7 vs B:v5) FEN='rnbqrbnk/1p4pp/p1ppp3/5p2/8/1P1PPPP1/P1P4P/KNBRQBNR w - - 0 1' -> result 1/2-1/2 max-plies
Game (W:v7 vs B:v5) FEN='rnbqrbnk/pp1p2p1/5p1p/2p1p3/5P2/1PPP2P1/P3P2P/KNBRQBNR w - - 0 1' -> result 1/2-1/2 max-plies
Game (W:v7 vs B:v5) FEN='knbrqbnr/1p4pp/p2p1p2/2p1p3/8/PP1PP1P1/2P2P1P/RNBQRBNK w - - 0 1' -> result 1-0 checkmate
Game (W:v7 vs B:v5) FEN='knbrqbnr/p1p3pp/1p3p2/3pp3/8/1PP1P1PP/P2P1P2/RNBQRBNK w - - 0 1' -> result 1/2-1/2 max-plies
Game (W:v7 vs B:v5) FEN='rnbqrbnk/p1p2p2/1p1pp1pp/8/8/PPPP2P1/4PP1P/KNBRQBNR w - - 0 1' -> result 0-1 checkmate
Game (W:v7 vs B:v5) FEN='knbrqbnr/pp3pp1/7p/2ppp3/4P3/P1P3P1/1P1P1P1P/RNBQRBNK w - - 0 1' -> result 1-0 checkmate

=== Match Summary ===
Total games: 50
v5 wins: 4
v7 wins: 13
draws:   33
=== Worker 3 end ===
