=== Worker 8 start ===
Running matches: games_per_side=25, depth=8, max_plies=150, movetime_ms=40, fen_or_book=book, version_a=v5, version_b=v7

Game (W:v5 vs B:v7) FEN='rnbqrbnk/1pp4p/p3p1p1/3p1p2/2PP4/1P3P2/P3P1PP/KNBRQBNR w - - 0 1' -> result 0-1 checkmate
Game (W:v5 vs B:v7) FEN='rnbqrbnk/ppp2p2/3p2pp/4p3/2P2P2/1P1P3P/P3P1P1/KNBRQBNR w - - 0 1' -> result 1/2-1/2 max-plies
Game (W:v5 vs B:v7) FEN='knbrqbnr/2p1pp1p/pp4p1/3p4/8/1PP1PP1P/P2P2P1/RNBQRBNK w - - 0 1' -> result 1/2-1/2 max-plies
Game (W:v5 vs B:v7) FEN='knbrqbnr/1pp2p1p/p5p1/3pp3/4P3/1P4PP/P1PP1P2/RNBQRBNK w - - 0 1' -> result 1/2-1/2 max-plies
Game (W:v5 vs B:v7) FEN='knbrqbnr/1p4pp/p1pppp2/8/8/1PPPP1P1/P4P1P/RNBQRBNK w - - 0 1' -> result 1/2-1/2 max-plies
Game (W:v5 vs B:v7) FEN='rnbqrbnk/1pp3pp/p7/3ppp2/8/2PPPP1P/PP4P1/KNBRQBNR w - - 0 1' -> result 1/2-1/2 max-plies
Game (W:v5 vs B:v7) FEN='rnbqrbnk/p4ppp/1ppp4/4p3/5P2/1P1PP2P/P1P3P1/KNBRQBNR w - - 0 1' -> result 0-1 checkmate
Game (W:v5 vs B:v7) FEN='rnbqrbnk/p1p3pp/1p3p2/3pp3/8/2PPPPP1/PP5P/KNBRQBNR w - - 0 1' -> result 1/2-1/2 max-plies
Game (W:v5 vs B:v7) FEN='rnbqrbnk/p4ppp/1ppp4/4p3/5P2/1P1PP2P/P1P3P1/KNBRQBNR w - - 0 1' -> result 1/2-1/2 max-plies
Game (W:v5 vs B:v7) FEN='rnbqrbnk/ppp4p/3p1pp1/4p3/4P3/1P1P1P1P/P1P3P1/KNBRQBNR w - - 0 1' -> result 1/2-1/2 max-plies
Game (W:v5 vs B:v7) FEN='knbrqbnr/pp4pp/5p2/2ppp3/2PP4/4P1PP/PP3P2/RNBQRBNK w - c6 0 1' -> result 1/2-1/2 max-plies
Game (W:v5 vs B:v7) FEN='knbrqbnr/pp4p1/3p1p1p/2p1p3/3P4/PP2P1P1/2P2P1P/RNBQRBNK w - - 0 1' -> result 1/2-1/2 max-plies
Game (W:v5 vs B:v7) FEN='rnbqrbnk/p4p1p/1p1pp1p1/2p5/5P2/1P1PP2P/P1P3P1/KNBRQBNR w - - 0 1' -> result 1/2-1/2 max-plies
Game (W:v5 vs B:v7) FEN='rnbqrbnk/1p1p1p1p/p1p3p1/4p3/8/P1PPP1P1/1P3P1P/KNBRQBNR w - - 0 1' -> result 1/2-1/2 max-plies
Game (W:v5 vs B:v7) FEN='knbrqbnr/p5pp/1p1pp3/2p2p2/2P5/1P2PP1P/P2P2P1/RNBQRBNK w - - 0 1' -> result 0-1 checkmate
Game (W:v5 vs B:v7) FEN='rnbqrbnk/2p2p1p/pp2p1p1/3p4/2P2P2/1P1P2P1/P3P2P/KNBRQBNR w - - 0 1' -> result 1/2-1/2 max-plies
Game (W:v5 vs B:v7) FEN='rnbqrbnk/1p3ppp/p1p5/3pp3/4P3/2PP2PP/PP3P2/KNBRQBNR w - - 0 1' -> result 1/2-1/2 max-plies
Game (W:v5 vs B:v7) FEN='rnbqrbnk/1p4pp/p1p1pp2/3p4/3P4/P1P1P3/1P3PPP/KNBRQBNR w - - 0 1' -> result 0-1 checkmate
Game (W:v5 vs B:v7) FEN='knbrqbnr/1pp3pp/p3pp2/3p4/4PP2/1P4P1/P1PP3P/RNBQRBNK w - - 0 1' -> result 1/2-1/2 max-plies
Game (W:v5 vs B:v7) FEN='knbrqbnr/pp4p1/2pppp1p/8/4P3/1P1P1P2/P1P3PP/RNBQRBNK w - - 0 1' -> result 1/2-1/2 max-plies
Game (W:v5 vs B:v7) FEN='knbrqbnr/ppp4p/4p1p1/3p1p2/8/PP1PPP2/2P3PP/RNBQRBNK w - - 0 1' -> result 1/2-1/2 max-plies
Game (W:v5 vs B:v7) FEN='rnbqrbnk/p5pp/1p2p3/2pp1p2/4PP2/1PPP4/P5PP/KNBRQBNR w - - 0 1' -> result 1/2-1/2 max-plies
Game (W:v5 vs B:v7) FEN='knbrqbnr/p1p3pp/1p2pp2/3p4/8/PP1PPP2/2P3PP/RNBQRBNK w - - 0 1' -> result 1-0 checkmate
Game (W:v5 vs B:v7) FEN='knbrqbnr/2p2ppp/pp6/3pp3/5P2/1PPPP3/P5PP/RNBQRBNK w - - 0 1' -> result 1-0 checkmate
Game (W:v5 vs B:v7) FEN='rnbqrbnk/p2p2pp/1pp2p2/4p3/8/2PPPPP1/PP5P/KNBRQBNR w - - 0 1' -> result 1/2-1/2 max-plies
Game (W:v7 vs B:v5) FEN='knbrqbnr/pp2p3/3p2pp/2p2p2/2P5/3PPP1P/PP4P1/RNBQRBNK w - - 0 1' -> result 0-1 checkmate
Game (W:v7 vs B:v5) FEN='rnbqrbnk/pp3pp1/7p/2ppp3/3P4/P1P2P2/1P2P1PP/KNBRQBNR w - - 0 1' -> result 1/2-1/2 max-plies
Game (W:v7 vs B:v5) FEN='rnbqrbnk/1p3p1p/p1p1p1p1/3p4/8/1PPPP1P1/P4P1P/KNBRQBNR w - - 0 1' -> result 1/2-1/2 max-plies
Game (W:v7 vs B:v5) FEN='knbrqbnr/p1p2p1p/1p2p1p1/3p4/8/PP2PPP1/2PP3P/RNBQRBNK w - - 0 1' -> result 1-0 checkmate
Game (W:v7 vs B:v5) FEN='rnbqrbnk/5ppp/ppppp3/8/3P4/1P2P2P/P1P2PP1/KNBRQBNR w - - 0 1' -> result 1/2-1/2 max-plies
Game (W:v7 vs B:v5) FEN='knbrqbnr/p5pp/1ppp1p2/4p3/8/P1P1PPP1/1P1P3P/RNBQRBNK w - - 0 1' -> result 1/2-1/2 max-plies
Game (W:v7 vs B:v5) FEN='rnbqrbnk/pp4p1/2p1p2p/3p1p2/4P3/1PPP3P/P4PP1/KNBRQBNR w - - 0 1' -> result 1/2-1/2 max-plies
Game (W:v7 vs B:v5) FEN='knbrqbnr/1p2p2p/p2p2p1/2p2p2/5P2/1P2P1PP/P1PP4/RNBQRBNK w - - 0 1' -> result 1/2-1/2 max-plies
Game (W:v7 vs B:v5) FEN='rnbqrbnk/p4pp1/1pp1p2p/3p4/2PP4/5PP1/PP2P2P/KNBRQBNR w - - 0 1' -> result 1-0 checkmate
Game (W:v7 vs B:v5) FEN='knbrqbnr/1p3ppp/p3p3/2pp4/4PP2/3P2P1/PPP4P/RNBQRBNK w - - 0 1' -> result 1-0 checkmate
Game (W:v7 vs B:v5) FEN='rnbqrbnk/ppp3p1/3p1p1p/4p3/2P5/P2PP1P1/1P3P1P/KNBRQBNR w - - 0 1' -> result 1/2-1/2 max-plies
Game (W:v7 vs B:v5) FEN='rnbqrbnk/p2p1pp1/1pp4p/4p3/2PP4/PP6/4PPPP/KNBRQBNR w - - 0 1' -> result 1/2-1/2 max-plies
Game (W:v7 vs B:v5) FEN='rnbqrbnk/p1p4p/1p1pppp1/8/2P1P3/PP1P4/5PPP/KNBRQBNR w - - 0 1' -> result 1/2-1/2 max-plies
Game (W:v7 vs B:v5) FEN='knbrqbnr/ppp5/3pp1pp/5p2/8/1PPPP2P/P4PP1/RNBQRBNK w - - 0 1' -> result 0-1 checkmate
Game (W:v7 vs B:v5) FEN='rnbqrbnk/2p3pp/pp1pp3/5p2/2P5/1P1P1PP1/P3P2P/KNBRQBNR w - - 0 1' -> result 1/2-1/2 max-plies
Game (W:v7 vs B:v5) FEN='rnbqrbnk/p5pp/1p2p3/2pp1p2/8/2PP1PPP/PP2P3/KNBRQBNR w - - 0 1' -> result 1/2-1/2 max-plies
Game (W:v7 vs B:v5) FEN='rnbqrbnk/p5pp/1p2p3/2pp1p2/2PP4/P3P3/1P3PPP/KNBRQBNR w - - 0 1' -> result 1-0 checkmate
Game (W:v7 vs B:v5) FEN='knbrqbnr/p3p1p1/1ppp1p1p/8/8/PP1PP1P1/2P2P1P/RNBQRBNK w - - 0 1' -> result 1/2-1/2 max-plies
Game (W:v7 vs B:v5) FEN='rnbqrbnk/1pp3pp/p2p1p2/4p3/2P2P2/1P1P2P1/P3P2P/KNBRQBNR w - - 0 1' -> result 1/2-1/2 max-plies
Game (W:v7 vs B:v5) FEN='knbrqbnr/pp3p2/3pp1pp/2p5/2P1PP2/P7/1P1P2PP/RNBQRBNK w - - 0 1' -> result 1/2-1/2 max-plies
Game (W:v7 vs B:v5) FEN='knbrqbnr/ppp3p1/4pp1p/3p4/3PP3/1P4P1/P1P2P1P/RNBQRBNK w - - 0 1' -> result 1/2-1/2 max-plies
Game (W:v7 vs B:v5) FEN='knbrqbnr/p3pp2/1ppp2pp/8/5P2/1P2P1PP/P1PP4/RNBQRBNK w - - 0 1' -> result 1/2-1/2 max-plies
Game (W:v7 vs B:v5) FEN='rnbqrbnk/1pp3pp/p7/3ppp2/8/2PPPP1P/PP4P1/KNBRQBNR w - - 0 1' -> result 1/2-1/2 max-plies
Game (W:v7 vs B:v5) FEN='knbrqbnr/1p3ppp/p1p1p3/3p4/8/PP1PP1P1/2P2P1P/RNBQRBNK w - - 0 1' -> result 1/2-1/2 max-plies
Game (W:v7 vs B:v5) FEN='rnbqrbnk/ppp5/3pp1pp/5p2/2P5/1P1P1P1P/P3P1P1/KNBRQBNR w - - 0 1' -> result 1/2-1/2 max-plies

=== Match Summary ===
Total games: 50
v5 wins: 4
v7 wins: 8
draws:   38
=== Worker 8 end ===
