=== Worker 5 start ===
Running matches: games_per_side=25, depth=8, max_plies=150, movetime_ms=40, fen_or_book=book, version_a=v5, version_b=v7

Game (W:v5 vs B:v7) FEN='knbrqbnr/p3p1p1/1ppp3p/5p2/5P2/P2PP1P1/1PP4P/RNBQRBNK w - - 0 1' -> result 1/2-1/2 max-plies
Game (W:v5 vs B:v7) FEN='rnbqrbnk/p4ppp/1pp5/3pp3/3PP3/1PP5/P4PPP/KNBRQBNR w - - 0 1' -> result 1/2-1/2 max-plies
Game (W:v5 vs B:v7) FEN='rnbqrbnk/p4pp1/1pp1p2p/3p4/2P1PP2/1P1P4/P5PP/KNBRQBNR w - - 0 1' -> result 1-0 checkmate
Game (W:v5 vs B:v7) FEN='rnbqrbnk/p1pp3p/1p3pp1/4p3/3P4/PPP5/4PPPP/KNBRQBNR w - - 0 1' -> result 1/2-1/2 max-plies
Game (W:v5 vs B:v7) FEN='rnbqrbnk/p2p2pp/1p3p2/2p1p3/8/P2PPPP1/1PP4P/KNBRQBNR w - - 0 1' -> result 1/2-1/2 max-plies
Game (W:v5 vs B:v7) FEN='knbrqbnr/pp2p3/3p2pp/2p2p2/4P3/2PP3P/PP3PP1/RNBQRBNK w - - 0 1' -> result 1/2-1/2 max-plies
Game (W:v5 vs B:v7) FEN='rnbqrbnk/p5pp/1ppppp2/8/8/1PPPPP2/P5PP/KNBRQBNR w - - 0 1' -> result 1/2-1/2 max-plies
Game (W:v5 vs B:v7) FEN='knbrqbnr/pp2p1p1/5p1p/2pp4/3P1P2/2P1P1P1/PP5P/RNBQRBNK w - - 0 1' -> result 1/2-1/2 max-plies
Game (W:v5 vs B:v7) FEN='knbrqbnr/p1p3p1/1p1p3p/4pp2/4PP2/3P3P/PPP3P1/RNBQRBNK w - - 0 1' -> result 1-0 checkmate
Game (W:v5 vs B:v7) FEN='knbrqbnr/pp3p2/3p2pp/2p1p3/4P3/2P2PP1/PP1P3P/RNBQRBNK w - - 0 1' -> result 1/2-1/2 max-plies
Game (W:v5 vs B:v7) FEN='knbrqbnr/pp3p2/2pp2pp/4p3/3P4/2P1PP1P/PP4P1/RNBQRBNK w - - 0 1' -> result 1-0 checkmate
Game (W:v5 vs B:v7) FEN='knbrqbnr/pp2pp2/2p3pp/3p4/8/1PPPP2P/P4PP1/RNBQRBNK w - - 0 1' -> result 1/2-1/2 max-plies
Game (W:v5 vs B:v7) FEN='rnbqrbnk/pp4p1/3ppp1p/2p5/3P4/1P4PP/P1P1PP2/KNBRQBNR w - - 0 1' -> result 0-1 checkmate
Game (W:v5 vs B:v7) FEN='knbrqbnr/pp4p1/2pp3p/4pp2/2P1P3/6PP/PP1P1P2/RNBQRBNK w - - 0 1' -> result 0-1 checkmate
Game (W:v5 vs B:v7) FEN='rnbqrbnk/p1p2p1p/1p1p2p1/4p3/2P5/1P1P1P1P/P3P1P1/KNBRQBNR w - - 0 1' -> result 0-1 checkmate
Game (W:v5 vs B:v7) FEN='rnbqrbnk/1p1p2pp/p4p2/2p1p3/4P3/2PP1PP1/PP5P/KNBRQBNR w - - 0 1' -> result 1/2-1/2 max-plies
Game (W:v5 vs B:v7) FEN='rnbqrbnk/p1p2pp1/1p5p/3pp3/3P4/1PP1P3/P4PPP/KNBRQBNR w - - 0 1' -> result 1/2-1/2 max-plies
Game (W:v5 vs B:v7) FEN='rnbqrbnk/pp4pp/2pp1p2/4p3/3P4/1P2PP2/P1P3PP/KNBRQBNR w - - 0 1' -> result 0-1 checkmate
Game (W:v5 vs B:v7) FEN='rnbqrbnk/1p1p1p1p/p1p3p1/4p3/3P4/PPP5/4PPPP/KNBRQBNR w - - 0 1' -> result 0-1 checkmate
Game (W:v5 vs B:v7) FEN='knbrqbnr/pp4p1/3p3p/2p1pp2/2P5/P2PPP2/1P4PP/RNBQRBNK w - - 0 1' -> result 1/2-1/2 max-plies
Game (W:v5 vs B:v7) FEN='rnbqrbnk/p1p2p2/1p2p1pp/3p4/8/P1PPPP2/1P4PP/KNBRQBNR w - - 0 1' -> result 1/2-1/2 max-plies
Game (W:v5 vs B:v7) FEN='rnbqrbnk/1p3ppp/p1p5/3pp3/2PP4/4PP2/PP4PP/KNBRQBNR w - - 0 1' -> result 0-1 checkmate
Game (W:v5 vs B:v7) FEN='knbrqbnr/ppp5/3ppppp/8/2P5/1P2P1PP/P2P1P2/RNBQRBNK w - - 0 1' -> result 1/2-1/2 max-plies
Game (W:v5 vs B:v7) FEN='rnbqrbnk/p1p2pp1/1p1p3p/4p3/2P5/1P1P1PP1/P3P2P/KNBRQBNR w - - 0 1' -> result 0-1 checkmate
Game (W:v5 vs B:v7) FEN='rnbqrbnk/1pp3pp/p2p1p2/4p3/2P2P2/1P1P2P1/P3P2P/KNBRQBNR w - - 0 1' -> result 1/2-1/2 max-plies
Game (W:v7 vs B:v5) FEN='knbrqbnr/ppp5/3p1ppp/4p3/4P3/1PP4P/P2P1PP1/RNBQRBNK w - - 0 1' -> result 0-1 checkmate
Game (W:v7 vs B:v5) FEN='rnbqrbnk/p1p3pp/1p1p4/4pp2/8/P1PP1PP1/1P2P2P/KNBRQBNR w - - 0 1' -> result 0-1 checkmate
Game (W:v7 vs B:v5) FEN='rnbqrbnk/p4p1p/1p2p1p1/2pp4/3P4/1P3P1P/P1P1P1P1/KNBRQBNR w - - 0 1' -> result 1-0 checkmate
Game (W:v7 vs B:v5) FEN='knbrqbnr/pp5p/2pp1pp1/4p3/8/PPPPP3/5PPP/RNBQRBNK w - - 0 1' -> result 0-1 checkmate
Game (W:v7 vs B:v5) FEN='rnbqrbnk/p4p1p/1p2p1p1/2pp4/3P4/1P3P1P/P1P1P1P1/KNBRQBNR w - - 0 1' -> result 1-0 checkmate
Game (W:v7 vs B:v5) FEN='rnbqrbnk/p1p3pp/1p1p4/4pp2/8/1PPPP1P1/P4P1P/KNBRQBNR w - - 0 1' -> result 1/2-1/2 max-plies
Game (W:v7 vs B:v5) FEN='rnbqrbnk/1pp3pp/p7/3ppp2/3PP3/P1P5/1P3PPP/KNBRQBNR w - - 0 1' -> result 1/2-1/2 max-plies
Game (W:v7 vs B:v5) FEN='knbrqbnr/ppp4p/5pp1/3pp3/4P3/PP3P2/2PP2PP/RNBQRBNK w - - 0 1' -> result 1/2-1/2 max-plies
Game (W:v7 vs B:v5) FEN='rnbqrbnk/pp4p1/2p1pp1p/3p4/5P2/1PPP3P/P3P1P1/KNBRQBNR w - - 0 1' -> result 1/2-1/2 max-plies
Game (W:v7 vs B:v5) FEN='knbrqbnr/ppp2p2/6pp/3pp3/5P2/1PP1P2P/P2P2P1/RNBQRBNK w - - 0 1' -> result 1-0 checkmate
Game (W:v7 vs B:v5) FEN='knbrqbnr/p4ppp/1p6/2ppp3/8/1PP1PP1P/P2P2P1/RNBQRBNK w - - 0 1' -> result 1-0 checkmate
Game (W:v7 vs B:v5) FEN='rnbqrbnk/1pp3pp/p2p1p2/4p3/3P4/PP2P3/2P2PPP/KNBRQBNR w - - 0 1' -> result 1/2-1/2 max-plies
Game (W:v7 vs B:v5) FEN='knbrqbnr/1pp4p/p2pppp1/8/8/2PPPP1P/PP4P1/RNBQRBNK w - - 0 1' -> result 1/2-1/2 max-plies
Game (W:v7 vs B:v5) FEN='knbrqbnr/pp3p2/3p2pp/2p1p3/8/1PP1P1PP/P2P1P2/RNBQRBNK w - - 0 1' -> result 1/2-1/2 max-plies
Game (W:v7 vs B:v5) FEN='knbrqbnr/1p4pp/p1pp1p2/4p3/4PP2/3P2P1/PPP4P/RNBQRBNK w - - 0 1' -> result 1/2-1/2 max-plies
Game (W:v7 vs B:v5) FEN='knbrqbnr/1p2p2p/p1pp1pp1/8/5P2/P2PP1P1/1PP4P/RNBQRBNK w - - 0 1' -> result 1/2-1/2 max-plies
Game (W:v7 vs B:v5) FEN='knbrqbnr/p1p1p3/1p1p2pp/5p2/8/1P1PPPP1/P1P4P/RNBQRBNK w - - 0 1' -> result 1/2-1/2 max-plies
Game (W:v7 vs B:v5) FEN='knbrqbnr/p1p2pp1/1p2p2p/3p4/2P2P2/1P2P2P/P2P2P1/RNBQRBNK w - - 0 1' -> result 1-0 checkmate
Game (W:v7 vs B:v5) FEN='rnbqrbnk/pp3p2/4p1pp/2pp4/3P4/2P3PP/PP2PP2/KNBRQBNR w - - 0 1' -> result 1/2-1/2 max-plies
Game (W:v7 vs B:v5) FEN='rnbqrbnk/1p4pp/p1p1p3/3p1p2/3P4/1P2P2P/P1P2PP1/KNBRQBNR w - - 0 1' -> result 1/2-1/2 max-plies
Game (W:v7 vs B:v5) FEN='knbrqbnr/pp5p/2ppppp1/8/4P3/1P4PP/P1PP1P2/RNBQRBNK w - - 0 1' -> result 1-0 checkmate
Game (W:v7 vs B:v5) FEN='knbrqbnr/1p2pp1p/p5p1/2pp4/5P2/1PPPP3/P5PP/RNBQRBNK w - - 0 1' -> result 1-0 checkmate
Game (W:v7 vs B:v5) FEN='rnbqrbnk/p4ppp/1ppp4/4p3/2P1P3/P2P1P2/1P4PP/KNBRQBNR w - - 0 1' -> result 1/2-1/2 max-plies
Game (W:v7 vs B:v5) FEN='knbrqbnr/1p3p1p/p1ppp1p1/8/5P2/2PPP1P1/PP5P/RNBQRBNK w - - 0 1' -> result 0-1 checkmate
Game (W:v7 vs B:v5) FEN='knbrqbnr/pp3pp1/7p/2ppp3/5P2/PPP1P3/3P2PP/RNBQRBNK w - - 0 1' -> result 1/2-1/2 max-plies

=== Match Summary ===
Total games: 50
v5 wins: 7
v7 wins: 14
draws:   29
=== Worker 5 end ===
