=== Worker 7 start ===
Running matches: games_per_side=50, depth=8, max_plies=150, movetime_ms=10, fen_or_book=book, version_a=v26, version_b=v27

Batch 1/2: v26 white vs v27 black, 50 games
Game (W:v26 vs B:v27) FEN=rnbqrbnk/p1p3pp/1p1p1p2/4p3/2P1P3/P2P1P2/1P4PP/KNBRQBNR\ w\ -\ -\ 0\ 1 -> result 1/2-1/2 max-plies
Game (W:v26 vs B:v27) FEN=rnbqrbnk/ppp2p2/3p2pp/4p3/3P4/1PP1P3/P4PPP/KNBRQBNR\ w\ -\ -\ 0\ 1 -> result 0-1 checkmate
Game (W:v26 vs B:v27) FEN=rnbqrbnk/pp5p/3pppp1/2p5/4P3/1P1P2PP/P1P2P2/KNBRQBNR\ w\ -\ c6\ 0\ 1 -> result 0-1 checkmate
Game (W:v26 vs B:v27) FEN=knbrqbnr/p1p3p1/1p1p3p/4pp2/2P2P2/1P2P2P/P2P2P1/RNBQRBNK\ w\ -\ -\ 0\ 1 -> result 1-0 checkmate
Game (W:v26 vs B:v27) FEN=rnbqrbnk/pp4pp/2pp1p2/4p3/3P4/1P2PP2/P1P3PP/KNBRQBNR\ w\ -\ -\ 0\ 1 -> result 1/2-1/2 threefold-repetition
Game (W:v26 vs B:v27) FEN=knbrqbnr/1p4pp/p2p1p2/2p1p3/8/1PP1PP1P/P2P2P1/RNBQRBNK\ w\ -\ -\ 0\ 1 -> result 1/2-1/2 max-plies
Game (W:v26 vs B:v27) FEN=rnbqrbnk/p4p1p/1p1pp1p1/2p5/8/PPPPP3/5PPP/KNBRQBNR\ w\ -\ -\ 0\ 1 -> result 0-1 checkmate
Game (W:v26 vs B:v27) FEN=rnbqrbnk/pp4p1/3pp2p/2p2p2/5P2/1PPPP3/P5PP/KNBRQBNR\ w\ -\ -\ 0\ 1 -> result 1-0 checkmate
Game (W:v26 vs B:v27) FEN=knbrqbnr/p3p1pp/1p6/2pp1p2/8/2PPP1PP/PP3P2/RNBQRBNK\ w\ -\ -\ 0\ 1 -> result 1/2-1/2 max-plies
Game (W:v26 vs B:v27) FEN=knbrqbnr/ppp1p3/5ppp/3p4/4P3/3P2PP/PPP2P2/RNBQRBNK\ w\ -\ -\ 0\ 1 -> result 0-1 checkmate
Game (W:v26 vs B:v27) FEN=knbrqbnr/pp2p3/3p2pp/2p2p2/2P5/3PPP1P/PP4P1/RNBQRBNK\ w\ -\ -\ 0\ 1 -> result 0-1 checkmate
Game (W:v26 vs B:v27) FEN=knbrqbnr/pp3p1p/2p3p1/3pp3/2PP4/4PPP1/PP5P/RNBQRBNK\ w\ -\ -\ 0\ 1 -> result 1/2-1/2 max-plies
Game (W:v26 vs B:v27) FEN=knbrqbnr/p4p1p/1p1p2p1/2p1p3/3P1P2/2P1P1P1/PP5P/RNBQRBNK\ w\ -\ -\ 0\ 1 -> result 1-0 checkmate
Game (W:v26 vs B:v27) FEN=knbrqbnr/ppp5/3ppppp/8/8/PPPPP3/5PPP/RNBQRBNK\ w\ -\ -\ 0\ 1 -> result 1/2-1/2 max-plies
Game (W:v26 vs B:v27) FEN=rnbqrbnk/pp3p2/3pp1pp/2p5/2P2P2/1P1P2P1/P3P2P/KNBRQBNR\ w\ -\ -\ 0\ 1 -> result 0-1 checkmate
Game (W:v26 vs B:v27) FEN=knbrqbnr/pp4p1/2pppp1p/8/4P3/2P2PP1/PP1P3P/RNBQRBNK\ w\ -\ -\ 0\ 1 -> result 1/2-1/2 threefold-repetition
Game (W:v26 vs B:v27) FEN=rnbqrbnk/pp4p1/2p1p2p/3p1p2/4P3/1PPP3P/P4PP1/KNBRQBNR\ w\ -\ -\ 0\ 1 -> result 0-1 checkmate
Game (W:v26 vs B:v27) FEN=rnbqrbnk/p1p3pp/1p1p4/4pp2/2P2P2/1P1PP3/P5PP/KNBRQBNR\ w\ -\ -\ 0\ 1 -> result 0-1 checkmate
Game (W:v26 vs B:v27) FEN=rnbqrbnk/p4pp1/1p2p2p/2pp4/2P1P3/3P1P1P/PP4P1/KNBRQBNR\ w\ -\ -\ 0\ 1 -> result 1-0 checkmate
Game (W:v26 vs B:v27) FEN=rnbqrbnk/1pp3pp/p2p4/4pp2/3P4/P1P2P2/1P2P1PP/KNBRQBNR\ w\ -\ -\ 0\ 1 -> result 0-1 checkmate
Game (W:v26 vs B:v27) FEN=rnbqrbnk/pp1p3p/2p2pp1/4p3/8/2PPPP1P/PP4P1/KNBRQBNR\ w\ -\ -\ 0\ 1 -> result 1/2-1/2 max-plies
Game (W:v26 vs B:v27) FEN=knbrqbnr/pp2p3/2pp1ppp/8/2P5/PP2P1P1/3P1P1P/RNBQRBNK\ w\ -\ -\ 0\ 1 -> result 0-1 checkmate
Game (W:v26 vs B:v27) FEN=rnbqrbnk/p2p2p1/1p2pp1p/2p5/2PP4/1P5P/P3PPP1/KNBRQBNR\ w\ -\ -\ 0\ 1 -> result 1/2-1/2 max-plies
Game (W:v26 vs B:v27) FEN=knbrqbnr/ppp4p/6p1/3ppp2/4P3/1PP3P1/P2P1P1P/RNBQRBNK\ w\ -\ -\ 0\ 1 -> result 1/2-1/2 max-plies
Game (W:v26 vs B:v27) FEN=knbrqbnr/p4p1p/1p1p2p1/2p1p3/4P3/5PPP/PPPP4/RNBQRBNK\ w\ -\ -\ 0\ 1 -> result 1/2-1/2 max-plies
Game (W:v26 vs B:v27) FEN=rnbqrbnk/pp1p2p1/2p4p/4pp2/2P5/PP1PP3/5PPP/KNBRQBNR\ w\ -\ -\ 0\ 1 -> result 1/2-1/2 max-plies
Game (W:v26 vs B:v27) FEN=rnbqrbnk/pp1p3p/2p2pp1/4p3/5P2/1P1PP2P/P1P3P1/KNBRQBNR\ w\ -\ -\ 0\ 1 -> result 1/2-1/2 max-plies
Game (W:v26 vs B:v27) FEN=rnbqrbnk/3p1p1p/pp2p1p1/2p5/8/1P1PPP1P/P1P3P1/KNBRQBNR\ w\ -\ -\ 0\ 1 -> result 1-0 checkmate
Game (W:v26 vs B:v27) FEN=knbrqbnr/pp3pp1/7p/2ppp3/4P3/P1P3P1/1P1P1P1P/RNBQRBNK\ w\ -\ -\ 0\ 1 -> result 0-1 checkmate
Game (W:v26 vs B:v27) FEN=knbrqbnr/pp3p2/3pp1pp/2p5/2P1PP2/P7/1P1P2PP/RNBQRBNK\ w\ -\ -\ 0\ 1 -> result 1/2-1/2 max-plies
Game (W:v26 vs B:v27) FEN=knbrqbnr/1p3ppp/p3p3/2pp4/3P1P2/1P2P2P/P1P3P1/RNBQRBNK\ w\ -\ -\ 0\ 1 -> result 1-0 checkmate
Game (W:v26 vs B:v27) FEN=knbrqbnr/1p3ppp/p3p3/2pp4/3P1P2/1P2P2P/P1P3P1/RNBQRBNK\ w\ -\ -\ 0\ 1 -> result 1/2-1/2 max-plies
Game (W:v26 vs B:v27) FEN=knbrqbnr/pp5p/3p1pp1/2p1p3/3P4/1PP1P1P1/P4P1P/RNBQRBNK\ w\ -\ c6\ 0\ 1 -> result 1/2-1/2 max-plies
Game (W:v26 vs B:v27) FEN=knbrqbnr/pp2p2p/2p3p1/3p1p2/3P4/2P1PP1P/PP4P1/RNBQRBNK\ w\ -\ -\ 0\ 1 -> result 1-0 checkmate
Game (W:v26 vs B:v27) FEN=rnbqrbnk/pp4p1/4pp1p/2pp4/2P1P3/3P2PP/PP3P2/KNBRQBNR\ w\ -\ -\ 0\ 1 -> result 0-1 checkmate
Game (W:v26 vs B:v27) FEN=knbrqbnr/p4ppp/1p6/2ppp3/8/1PP1PP1P/P2P2P1/RNBQRBNK\ w\ -\ -\ 0\ 1 -> result 1-0 checkmate
Game (W:v26 vs B:v27) FEN=knbrqbnr/pp5p/2ppp1p1/5p2/2P1P3/1P5P/P2P1PP1/RNBQRBNK\ w\ -\ -\ 0\ 1 -> result 1/2-1/2 threefold-repetition
Game (W:v26 vs B:v27) FEN=rnbqrbnk/pp3p1p/6p1/2ppp3/2P2P2/1P1P2P1/P3P2P/KNBRQBNR\ w\ -\ c6\ 0\ 1 -> result 1-0 checkmate
Game (W:v26 vs B:v27) FEN=knbrqbnr/1p3p1p/p2p2p1/2p1p3/3PPP2/1P6/P1P3PP/RNBQRBNK\ w\ -\ -\ 0\ 1 -> result 0-1 checkmate
Game (W:v26 vs B:v27) FEN=rnbqrbnk/p5pp/1p1ppp2/2p5/3P4/P3PP2/1PP3PP/KNBRQBNR\ w\ -\ -\ 0\ 1 -> result 1-0 checkmate
Game (W:v26 vs B:v27) FEN=knbrqbnr/p5pp/1p1pp3/2p2p2/2P5/1P2PP1P/P2P2P1/RNBQRBNK\ w\ -\ -\ 0\ 1 -> result 1-0 checkmate
Game (W:v26 vs B:v27) FEN=knbrqbnr/1p4pp/p1pp1p2/4p3/4PP2/3P2P1/PPP4P/RNBQRBNK\ w\ -\ -\ 0\ 1 -> result 1/2-1/2 max-plies
Game (W:v26 vs B:v27) FEN=knbrqbnr/p4ppp/1p6/2ppp3/3PP3/1P4P1/P1P2P1P/RNBQRBNK\ w\ -\ -\ 0\ 1 -> result 1/2-1/2 max-plies
Game (W:v26 vs B:v27) FEN=rnbqrbnk/p4ppp/1ppp4/4p3/2P5/3P1PPP/PP2P3/KNBRQBNR\ w\ -\ -\ 0\ 1 -> result 0-1 checkmate
Game (W:v26 vs B:v27) FEN=rnbqrbnk/pp4pp/5p2/2ppp3/4PP2/P2P2P1/1PP4P/KNBRQBNR\ w\ -\ c6\ 0\ 1 -> result 1-0 checkmate
Game (W:v26 vs B:v27) FEN=knbrqbnr/pp4p1/2pppp1p/8/3PP3/P5P1/1PP2P1P/RNBQRBNK\ w\ -\ -\ 0\ 1 -> result 1-0 checkmate
Game (W:v26 vs B:v27) FEN=rnbqrbnk/3p1p1p/ppp1p1p1/8/2P5/1P1P1PP1/P3P2P/KNBRQBNR\ w\ -\ -\ 0\ 1 -> result 0-1 checkmate
Game (W:v26 vs B:v27) FEN=knbrqbnr/ppp2p2/6pp/3pp3/2P5/P3PPP1/1P1P3P/RNBQRBNK\ w\ -\ -\ 0\ 1 -> result 0-1 checkmate
Game (W:v26 vs B:v27) FEN=knbrqbnr/p1p3pp/1p6/3ppp2/2P2P2/3PP1P1/PP5P/RNBQRBNK\ w\ -\ -\ 0\ 1 -> result 1-0 checkmate
Game (W:v26 vs B:v27) FEN=knbrqbnr/ppp1p3/6pp/3p1p2/8/PPPPP3/5PPP/RNBQRBNK\ w\ -\ -\ 0\ 1 -> result 1-0 checkmate
Batch 2/2: v27 white vs v26 black, 50 games
Game (W:v27 vs B:v26) FEN=rnbqrbnk/pppp4/5ppp/4p3/2P5/1P1P1PP1/P3P2P/KNBRQBNR\ w\ -\ -\ 0\ 1 -> result 1-0 checkmate
Game (W:v27 vs B:v26) FEN=rnbqrbnk/p5pp/1pp1p3/3p1p2/2PP4/P3P3/1P3PPP/KNBRQBNR\ w\ -\ -\ 0\ 1 -> result 1/2-1/2 max-plies
Game (W:v27 vs B:v26) FEN=rnbqrbnk/3p2pp/ppp1p3/5p2/2P2P2/1P1P2P1/P3P2P/KNBRQBNR\ w\ -\ -\ 0\ 1 -> result 0-1 checkmate
Game (W:v27 vs B:v26) FEN=knbrqbnr/2p2p1p/pp1p2p1/4p3/5P2/1P1PP1P1/P1P4P/RNBQRBNK\ w\ -\ -\ 0\ 1 -> result 0-1 checkmate
Game (W:v27 vs B:v26) FEN=knbrqbnr/pp5p/3p1pp1/2p1p3/8/PP1PP1P1/2P2P1P/RNBQRBNK\ w\ -\ c6\ 0\ 1 -> result 0-1 checkmate
Game (W:v27 vs B:v26) FEN=knbrqbnr/p1p2p1p/1p2p1p1/3p4/8/PP2PPP1/2PP3P/RNBQRBNK\ w\ -\ -\ 0\ 1 -> result 0-1 checkmate
Game (W:v27 vs B:v26) FEN=rnbqrbnk/p5pp/1pp1p3/3p1p2/5P2/PP1P2P1/2P1P2P/KNBRQBNR\ w\ -\ -\ 0\ 1 -> result 0-1 checkmate
Game (W:v27 vs B:v26) FEN=rnbqrbnk/1p4pp/p3p3/2pp1p2/2P2P2/1P1P3P/P3P1P1/KNBRQBNR\ w\ -\ -\ 0\ 1 -> result 0-1 checkmate
Game (W:v27 vs B:v26) FEN=knbrqbnr/pp3p2/2pp2pp/4p3/4PP2/2P4P/PP1P2P1/RNBQRBNK\ w\ -\ -\ 0\ 1 -> result 0-1 checkmate
Game (W:v27 vs B:v26) FEN=rnbqrbnk/1p4pp/p1pppp2/8/3P4/1P2PP2/P1P3PP/KNBRQBNR\ w\ -\ -\ 0\ 1 -> result 1/2-1/2 max-plies
Game (W:v27 vs B:v26) FEN=knbrqbnr/p4pp1/1p1p3p/2p1p3/3P1P2/4P1PP/PPP5/RNBQRBNK\ w\ -\ -\ 0\ 1 -> result 0-1 checkmate
Game (W:v27 vs B:v26) FEN=rnbqrbnk/1ppp3p/p4pp1/4p3/2P5/P2P1PP1/1P2P2P/KNBRQBNR\ w\ -\ -\ 0\ 1 -> result 0-1 checkmate
Game (W:v27 vs B:v26) FEN=rnbqrbnk/pp5p/4p1p1/2pp1p2/3P1P2/1PP5/P3P1PP/KNBRQBNR\ w\ -\ c6\ 0\ 1 -> result 1-0 checkmate
Game (W:v27 vs B:v26) FEN=knbrqbnr/1p4pp/p2pp3/2p2p2/8/1P1PP1PP/P1P2P2/RNBQRBNK\ w\ -\ -\ 0\ 1 -> result 1-0 checkmate
Game (W:v27 vs B:v26) FEN=knbrqbnr/p4ppp/1pp5/3pp3/2P2P2/P3P1P1/1P1P3P/RNBQRBNK\ w\ -\ -\ 0\ 1 -> result 1/2-1/2 max-plies
Game (W:v27 vs B:v26) FEN=rnbqrbnk/ppp5/3pp1pp/5p2/2P5/1P1P2PP/P3PP2/KNBRQBNR\ w\ -\ -\ 0\ 1 -> result 1-0 checkmate
Game (W:v27 vs B:v26) FEN=rnbqrbnk/1p3p1p/p1p1p1p1/3p4/2P5/P2PPP2/1P4PP/KNBRQBNR\ w\ -\ -\ 0\ 1 -> result 0-1 checkmate
Game (W:v27 vs B:v26) FEN=rnbqrbnk/ppp5/3pp1pp/5p2/2P5/1P1P2PP/P3PP2/KNBRQBNR\ w\ -\ -\ 0\ 1 -> result 1-0 checkmate
Game (W:v27 vs B:v26) FEN=rnbqrbnk/1pp4p/p3p1p1/3p1p2/2PP4/1P3P2/P3P1PP/KNBRQBNR\ w\ -\ -\ 0\ 1 -> result 1/2-1/2 max-plies
Game (W:v27 vs B:v26) FEN=rnbqrbnk/5ppp/pp2p3/2pp4/4P3/2PP1P1P/PP4P1/KNBRQBNR\ w\ -\ -\ 0\ 1 -> result 1/2-1/2 threefold-repetition
Game (W:v27 vs B:v26) FEN=knbrqbnr/p1p2p2/1p1p2pp/4p3/4P3/3P2PP/PPP2P2/RNBQRBNK\ w\ -\ -\ 0\ 1 -> result 0-1 checkmate
Game (W:v27 vs B:v26) FEN=knbrqbnr/pp2p3/3p2pp/2p2p2/2P5/3PPP1P/PP4P1/RNBQRBNK\ w\ -\ -\ 0\ 1 -> result 0-1 checkmate
Game (W:v27 vs B:v26) FEN=rnbqrbnk/p1pp3p/1p3pp1/4p3/2P5/1P1PPP2/P5PP/KNBRQBNR\ w\ -\ -\ 0\ 1 -> result 1-0 checkmate
Game (W:v27 vs B:v26) FEN=rnbqrbnk/pppp4/5ppp/4p3/2P5/1P1P1PP1/P3P2P/KNBRQBNR\ w\ -\ -\ 0\ 1 -> result 1-0 checkmate
Game (W:v27 vs B:v26) FEN=rnbqrbnk/1p1p2pp/p1p2p2/4p3/3PP3/PP6/2P2PPP/KNBRQBNR\ w\ -\ -\ 0\ 1 -> result 1-0 checkmate
Game (W:v27 vs B:v26) FEN=rnbqrbnk/pp5p/4ppp1/2pp4/8/3PPPPP/PPP5/KNBRQBNR\ w\ -\ c6\ 0\ 1 -> result 0-1 checkmate
Game (W:v27 vs B:v26) FEN=knbrqbnr/ppp5/3pp1pp/5p2/4PP2/PP6/2PP2PP/RNBQRBNK\ w\ -\ -\ 0\ 1 -> result 1-0 checkmate
Game (W:v27 vs B:v26) FEN=rnbqrbnk/p4pp1/1pppp2p/8/2PP4/5PP1/PP2P2P/KNBRQBNR\ w\ -\ -\ 0\ 1 -> result 0-1 checkmate
Game (W:v27 vs B:v26) FEN=rnbqrbnk/p1p4p/1p2p1p1/3p1p2/2P2P2/1P1P2P1/P3P2P/KNBRQBNR\ w\ -\ -\ 0\ 1 -> result 1-0 checkmate
Game (W:v27 vs B:v26) FEN=rnbqrbnk/ppp3p1/5p1p/3pp3/3P1P2/1PP5/P3P1PP/KNBRQBNR\ w\ -\ -\ 0\ 1 -> result 0-1 checkmate
Game (W:v27 vs B:v26) FEN=knbrqbnr/pp3p2/3p2pp/2p1p3/2P2P2/1P2P1P1/P2P3P/RNBQRBNK\ w\ -\ -\ 0\ 1 -> result 1-0 checkmate
Game (W:v27 vs B:v26) FEN=knbrqbnr/ppp1p3/6pp/3p1p2/2P5/1P2PPP1/P2P3P/RNBQRBNK\ w\ -\ -\ 0\ 1 -> result 0-1 checkmate
Game (W:v27 vs B:v26) FEN=knbrqbnr/pp2p3/3p1ppp/2p5/5P2/PP2P1P1/2PP3P/RNBQRBNK\ w\ -\ -\ 0\ 1 -> result 0-1 checkmate
Game (W:v27 vs B:v26) FEN=knbrqbnr/1p4pp/p1pppp2/8/3P4/4PPPP/PPP5/RNBQRBNK\ w\ -\ -\ 0\ 1 -> result 1/2-1/2 max-plies
Game (W:v27 vs B:v26) FEN=knbrqbnr/ppp5/3ppppp/8/8/PP2PPP1/2PP3P/RNBQRBNK\ w\ -\ -\ 0\ 1 -> result 0-1 checkmate
Game (W:v27 vs B:v26) FEN=knbrqbnr/1p2pp1p/p1p3p1/3p4/3P1P2/1P2P1P1/P1P4P/RNBQRBNK\ w\ -\ -\ 0\ 1 -> result 0-1 checkmate
Game (W:v27 vs B:v26) FEN=knbrqbnr/pp3p2/2pp2pp/4p3/3PP3/6PP/PPP2P2/RNBQRBNK\ w\ -\ -\ 0\ 1 -> result 1-0 checkmate
Game (W:v27 vs B:v26) FEN=rnbqrbnk/p1p3pp/1p1p1p2/4p3/8/P1PPPP2/1P4PP/KNBRQBNR\ w\ -\ -\ 0\ 1 -> result 1-0 checkmate
Game (W:v27 vs B:v26) FEN=rnbqrbnk/pp3pp1/7p/2ppp3/3P4/1P2PP2/P1P3PP/KNBRQBNR\ w\ -\ -\ 0\ 1 -> result 1-0 checkmate
Game (W:v27 vs B:v26) FEN=rnbqrbnk/1p4pp/p3pp2/2pp4/3P4/2P2PP1/PP2P2P/KNBRQBNR\ w\ -\ -\ 0\ 1 -> result 0-1 checkmate
Game (W:v27 vs B:v26) FEN=rnbqrbnk/pp1p3p/2p2pp1/4p3/5P2/1P1PP2P/P1P3P1/KNBRQBNR\ w\ -\ -\ 0\ 1 -> result 1-0 checkmate
Game (W:v27 vs B:v26) FEN=knbrqbnr/pp3p1p/2p3p1/3pp3/4P3/1P3P1P/P1PP2P1/RNBQRBNK\ w\ -\ -\ 0\ 1 -> result 1/2-1/2 max-plies
Game (W:v27 vs B:v26) FEN=knbrqbnr/ppp5/3pp1pp/5p2/2P5/PP1PP3/5PPP/RNBQRBNK\ w\ -\ -\ 0\ 1 -> result 1-0 checkmate
Game (W:v27 vs B:v26) FEN=knbrqbnr/pp5p/2pp2p1/4pp2/2PP1P2/4P2P/PP4P1/RNBQRBNK\ w\ -\ -\ 0\ 1 -> result 1/2-1/2 threefold-repetition
Game (W:v27 vs B:v26) FEN=rnbqrbnk/p4pp1/1pp1p2p/3p4/2P1P3/P2P1P2/1P4PP/KNBRQBNR\ w\ -\ -\ 0\ 1 -> result 1/2-1/2 max-plies
Game (W:v27 vs B:v26) FEN=rnbqrbnk/p5pp/1p2p3/2pp1p2/2P5/3PP1PP/PP3P2/KNBRQBNR\ w\ -\ -\ 0\ 1 -> result 1-0 checkmate
Game (W:v27 vs B:v26) FEN=knbrqbnr/ppp5/3ppppp/8/2P2P2/3PP2P/PP4P1/RNBQRBNK\ w\ -\ -\ 0\ 1 -> result 1/2-1/2 max-plies
Game (W:v27 vs B:v26) FEN=knbrqbnr/pp2p1p1/7p/2pp1p2/4P3/2P2P1P/PP1P2P1/RNBQRBNK\ w\ -\ -\ 0\ 1 -> result 1/2-1/2 max-plies
Game (W:v27 vs B:v26) FEN=rnbqrbnk/1p3ppp/p1p5/3pp3/2P1P3/3P1P1P/PP4P1/KNBRQBNR\ w\ -\ -\ 0\ 1 -> result 0-1 checkmate
Game (W:v27 vs B:v26) FEN=knbrqbnr/pp4p1/2pp3p/4pp2/2P1P3/5PP1/PP1P3P/RNBQRBNK\ w\ -\ -\ 0\ 1 -> result 1/2-1/2 max-plies

=== Match Summary ===
Total games: 100
v26 wins: 36
v27 wins: 33
draws:   31
=== Worker 7 end ===
