=== Worker 1 start ===
Running matches: games_per_side=50, depth=8, max_plies=150, movetime_ms=10, fen_or_book=book, version_a=v20, version_b=v21

Batch 1/2: v20 white vs v21 black, 50 games
Game (W:v20 vs B:v21) FEN=knbrqbnr/1pp4p/p2pp1p1/5p2/2P1P3/5P1P/PP1P2P1/RNBQRBNK\ w\ -\ -\ 0\ 1 -> result 0-1 checkmate
Game (W:v20 vs B:v21) FEN=rnbqrbnk/2pp1p1p/pp4p1/4p3/2P5/P2PPP2/1P4PP/KNBRQBNR\ w\ -\ -\ 0\ 1 -> result 1/2-1/2 max-plies
Game (W:v20 vs B:v21) FEN=rnbqrbnk/1p3p1p/p1p1p1p1/3p4/2PP4/P4P2/1P2P1PP/KNBRQBNR\ w\ -\ -\ 0\ 1 -> result 1-0 checkmate
Game (W:v20 vs B:v21) FEN=rnbqrbnk/3p2pp/ppp1p3/5p2/3P4/1P2P2P/P1P2PP1/KNBRQBNR\ w\ -\ -\ 0\ 1 -> result 1/2-1/2 max-plies
Game (W:v20 vs B:v21) FEN=rnbqrbnk/p2p1p2/1p2p1pp/2p5/2P5/P2P1PP1/1P2P2P/KNBRQBNR\ w\ -\ -\ 0\ 1 -> result 0-1 checkmate
Game (W:v20 vs B:v21) FEN=knbrqbnr/p1p1p1p1/1p5p/3p1p2/2P5/4PPPP/PP1P4/RNBQRBNK\ w\ -\ -\ 0\ 1 -> result 1/2-1/2 max-plies
Game (W:v20 vs B:v21) FEN=knbrqbnr/pp4p1/2ppp2p/5p2/2PP4/P3P1P1/1P3P1P/RNBQRBNK\ w\ -\ -\ 0\ 1 -> result 1/2-1/2 max-plies
Game (W:v20 vs B:v21) FEN=knbrqbnr/p4pp1/1pppp2p/8/4P3/5PPP/PPPP4/RNBQRBNK\ w\ -\ -\ 0\ 1 -> result 1/2-1/2 max-plies
Game (W:v20 vs B:v21) FEN=knbrqbnr/pp2p1p1/2p2p1p/3p4/4P3/1P3P1P/P1PP2P1/RNBQRBNK\ w\ -\ -\ 0\ 1 -> result 1/2-1/2 max-plies
Game (W:v20 vs B:v21) FEN=knbrqbnr/1p2p1pp/p1p5/3p1p2/3P4/1PP1P1P1/P4P1P/RNBQRBNK\ w\ -\ -\ 0\ 1 -> result 1/2-1/2 max-plies
Game (W:v20 vs B:v21) FEN=rnbqrbnk/3p1p1p/ppp1p1p1/8/2P5/1P1P1PP1/P3P2P/KNBRQBNR\ w\ -\ -\ 0\ 1 -> result 0-1 checkmate
Game (W:v20 vs B:v21) FEN=rnbqrbnk/ppp3p1/5p1p/3pp3/2P5/3PP1PP/PP3P2/KNBRQBNR\ w\ -\ -\ 0\ 1 -> result 1-0 checkmate
Game (W:v20 vs B:v21) FEN=rnbqrbnk/1p3p1p/p3p1p1/2pp4/5P2/1P1PP2P/P1P3P1/KNBRQBNR\ w\ -\ -\ 0\ 1 -> result 0-1 checkmate
Game (W:v20 vs B:v21) FEN=rnbqrbnk/p2p3p/1pp1ppp1/8/8/PPPP2P1/4PP1P/KNBRQBNR\ w\ -\ -\ 0\ 1 -> result 0-1 checkmate
Game (W:v20 vs B:v21) FEN=knbrqbnr/1pp4p/p2pp1p1/5p2/2P5/P2PP1P1/1P3P1P/RNBQRBNK\ w\ -\ -\ 0\ 1 -> result 0-1 checkmate
Game (W:v20 vs B:v21) FEN=knbrqbnr/2p1pp1p/pp4p1/3p4/8/1PP1PP1P/P2P2P1/RNBQRBNK\ w\ -\ -\ 0\ 1 -> result 1-0 checkmate
Game (W:v20 vs B:v21) FEN=knbrqbnr/p5pp/1ppp1p2/4p3/8/1PP1PPP1/P2P3P/RNBQRBNK\ w\ -\ -\ 0\ 1 -> result 1-0 checkmate
Game (W:v20 vs B:v21) FEN=knbrqbnr/p3pp2/1ppp2pp/8/8/3PPPPP/PPP5/RNBQRBNK\ w\ -\ -\ 0\ 1 -> result 1/2-1/2 threefold-repetition
Game (W:v20 vs B:v21) FEN=rnbqrbnk/ppp4p/3p2p1/4pp2/8/1P1PPPP1/P1P4P/KNBRQBNR\ w\ -\ -\ 0\ 1 -> result 0-1 checkmate
Game (W:v20 vs B:v21) FEN=knbrqbnr/2p3pp/pp1ppp2/8/5P2/P1P1P1P1/1P1P3P/RNBQRBNK\ w\ -\ -\ 0\ 1 -> result 1/2-1/2 max-plies
Game (W:v20 vs B:v21) FEN=knbrqbnr/ppp4p/5pp1/3pp3/2P5/1P1PP1P1/P4P1P/RNBQRBNK\ w\ -\ -\ 0\ 1 -> result 1-0 checkmate
Game (W:v20 vs B:v21) FEN=knbrqbnr/pp2p1p1/5p1p/2pp4/3P1P2/2P1P1P1/PP5P/RNBQRBNK\ w\ -\ -\ 0\ 1 -> result 1/2-1/2 max-plies
Game (W:v20 vs B:v21) FEN=rnbqrbnk/p1p3pp/1p1p4/4pp2/4P3/PP1P1P2/2P3PP/KNBRQBNR\ w\ -\ -\ 0\ 1 -> result 1-0 checkmate
Game (W:v20 vs B:v21) FEN=knbrqbnr/pp5p/2ppp1p1/5p2/2P1P3/1P5P/P2P1PP1/RNBQRBNK\ w\ -\ -\ 0\ 1 -> result 1-0 checkmate
Game (W:v20 vs B:v21) FEN=knbrqbnr/p1p3p1/1p1pp2p/5p2/8/2PPP1PP/PP3P2/RNBQRBNK\ w\ -\ -\ 0\ 1 -> result 0-1 checkmate
Game (W:v20 vs B:v21) FEN=rnbqrbnk/ppp3p1/5p1p/3pp3/3P1P2/1PP5/P3P1PP/KNBRQBNR\ w\ -\ -\ 0\ 1 -> result 1/2-1/2 threefold-repetition
Game (W:v20 vs B:v21) FEN=knbrqbnr/pp3p1p/4p1p1/2pp4/5P2/1PP1P1P1/P2P3P/RNBQRBNK\ w\ -\ c6\ 0\ 1 -> result 0-1 checkmate
Game (W:v20 vs B:v21) FEN=knbrqbnr/pp3pp1/2p1p2p/3p4/4PP2/1P4P1/P1PP3P/RNBQRBNK\ w\ -\ -\ 0\ 1 -> result 1-0 checkmate
Game (W:v20 vs B:v21) FEN=knbrqbnr/1p2p1pp/p1p2p2/3p4/8/1P1PPP1P/P1P3P1/RNBQRBNK\ w\ -\ -\ 0\ 1 -> result 0-1 checkmate
Game (W:v20 vs B:v21) FEN=knbrqbnr/p1p1p1p1/1p5p/3p1p2/2P5/4PPPP/PP1P4/RNBQRBNK\ w\ -\ -\ 0\ 1 -> result 1/2-1/2 max-plies
Game (W:v20 vs B:v21) FEN=knbrqbnr/ppp4p/5pp1/3pp3/2P5/1P2P1PP/P2P1P2/RNBQRBNK\ w\ -\ -\ 0\ 1 -> result 1/2-1/2 max-plies
Game (W:v20 vs B:v21) FEN=rnbqrbnk/p1pp2p1/1p3p1p/4p3/2P5/1P1P1PP1/P3P2P/KNBRQBNR\ w\ -\ -\ 0\ 1 -> result 0-1 checkmate
Game (W:v20 vs B:v21) FEN=knbrqbnr/pp2p1p1/2p2p1p/3p4/4P3/1P3P1P/P1PP2P1/RNBQRBNK\ w\ -\ -\ 0\ 1 -> result 0-1 checkmate
Game (W:v20 vs B:v21) FEN=knbrqbnr/p1p3p1/1p1p3p/4pp2/2P2P2/1P2P2P/P2P2P1/RNBQRBNK\ w\ -\ -\ 0\ 1 -> result 0-1 checkmate
Game (W:v20 vs B:v21) FEN=rnbqrbnk/pp3p1p/6p1/2ppp3/2PP4/1P5P/P3PPP1/KNBRQBNR\ w\ -\ c6\ 0\ 1 -> result 1/2-1/2 max-plies
Game (W:v20 vs B:v21) FEN=knbrqbnr/p3ppp1/1pp4p/3p4/5P2/P2PP1P1/1PP4P/RNBQRBNK\ w\ -\ -\ 0\ 1 -> result 1/2-1/2 threefold-repetition
Game (W:v20 vs B:v21) FEN=knbrqbnr/4p1pp/pppp4/5p2/8/2P1PPPP/PP1P4/RNBQRBNK\ w\ -\ -\ 0\ 1 -> result 1-0 checkmate
Game (W:v20 vs B:v21) FEN=knbrqbnr/1p2pp1p/p1p3p1/3p4/8/1PPPP2P/P4PP1/RNBQRBNK\ w\ -\ -\ 0\ 1 -> result 1/2-1/2 max-plies
Game (W:v20 vs B:v21) FEN=rnbqrbnk/p4pp1/1pp1p2p/3p4/2P1PP2/1P1P4/P5PP/KNBRQBNR\ w\ -\ -\ 0\ 1 -> result 1/2-1/2 max-plies
Game (W:v20 vs B:v21) FEN=rnbqrbnk/2p3pp/pp2p3/3p1p2/2P1P3/P2P1P2/1P4PP/KNBRQBNR\ w\ -\ -\ 0\ 1 -> result 1-0 checkmate
Game (W:v20 vs B:v21) FEN=knbrqbnr/pp3p1p/2p3p1/3pp3/2PP4/4PPP1/PP5P/RNBQRBNK\ w\ -\ -\ 0\ 1 -> result 1-0 checkmate
Game (W:v20 vs B:v21) FEN=knbrqbnr/pp2p3/2pp1ppp/8/8/1PPPPP2/P5PP/RNBQRBNK\ w\ -\ -\ 0\ 1 -> result 1-0 checkmate
Game (W:v20 vs B:v21) FEN=knbrqbnr/pp4p1/3ppp1p/2p5/4P3/1P3PP1/P1PP3P/RNBQRBNK\ w\ -\ -\ 0\ 1 -> result 0-1 checkmate
Game (W:v20 vs B:v21) FEN=knbrqbnr/1p3p1p/p2p2p1/2p1p3/2P5/1P1PP1P1/P4P1P/RNBQRBNK\ w\ -\ -\ 0\ 1 -> result 1-0 checkmate
Game (W:v20 vs B:v21) FEN=knbrqbnr/pp2p2p/2p3p1/3p1p2/3P4/2P1PP1P/PP4P1/RNBQRBNK\ w\ -\ -\ 0\ 1 -> result 1-0 checkmate
Game (W:v20 vs B:v21) FEN=rnbqrbnk/5ppp/pp1pp3/2p5/3PP3/P1P5/1P3PPP/KNBRQBNR\ w\ -\ -\ 0\ 1 -> result 0-1 checkmate
Game (W:v20 vs B:v21) FEN=knbrqbnr/ppp4p/4ppp1/3p4/4P3/1P1P2P1/P1P2P1P/RNBQRBNK\ w\ -\ -\ 0\ 1 -> result 1/2-1/2 threefold-repetition
Game (W:v20 vs B:v21) FEN=rnbqrbnk/p2p1p1p/1pp3p1/4p3/2P5/1P1PP1P1/P4P1P/KNBRQBNR\ w\ -\ -\ 0\ 1 -> result 1-0 checkmate
Game (W:v20 vs B:v21) FEN=knbrqbnr/pp4p1/2ppp2p/5p2/2P1P3/P5P1/1P1P1P1P/RNBQRBNK\ w\ -\ -\ 0\ 1 -> result 1/2-1/2 max-plies
Game (W:v20 vs B:v21) FEN=rnbqrbnk/1pp2p1p/p2p2p1/4p3/2P2P2/1P1P2P1/P3P2P/KNBRQBNR\ w\ -\ -\ 0\ 1 -> result 1/2-1/2 threefold-repetition
Batch 2/2: v21 white vs v20 black, 50 games
Game (W:v21 vs B:v20) FEN=knbrqbnr/ppp5/3ppppp/8/4PP2/2PP4/PP4PP/RNBQRBNK\ w\ -\ -\ 0\ 1 -> result 1/2-1/2 max-plies
Game (W:v21 vs B:v20) FEN=knbrqbnr/pp2p3/3p1ppp/2p5/5P2/PP2P1P1/2PP3P/RNBQRBNK\ w\ -\ -\ 0\ 1 -> result 0-1 checkmate
Game (W:v21 vs B:v20) FEN=rnbqrbnk/1p3ppp/p1pp4/4p3/3P4/1PP4P/P3PPP1/KNBRQBNR\ w\ -\ -\ 0\ 1 -> result 1/2-1/2 max-plies
Game (W:v21 vs B:v20) FEN=rnbqrbnk/p5pp/1p1ppp2/2p5/2P1PP2/1P1P4/P5PP/KNBRQBNR\ w\ -\ -\ 0\ 1 -> result 1/2-1/2 max-plies
Game (W:v21 vs B:v20) FEN=knbrqbnr/1p3ppp/p1p1p3/3p4/5P2/2PPP2P/PP4P1/RNBQRBNK\ w\ -\ -\ 0\ 1 -> result 0-1 checkmate
Game (W:v21 vs B:v20) FEN=knbrqbnr/p4ppp/1p6/2ppp3/3PP3/1P4P1/P1P2P1P/RNBQRBNK\ w\ -\ -\ 0\ 1 -> result 1-0 checkmate
Game (W:v21 vs B:v20) FEN=rnbqrbnk/ppp4p/6p1/3ppp2/2P5/3P1PPP/PP2P3/KNBRQBNR\ w\ -\ d6\ 0\ 1 -> result 0-1 checkmate
Game (W:v21 vs B:v20) FEN=rnbqrbnk/ppp4p/3p2p1/4pp2/2P1PP2/1P1P4/P5PP/KNBRQBNR\ w\ -\ -\ 0\ 1 -> result 0-1 checkmate
Game (W:v21 vs B:v20) FEN=rnbqrbnk/p4ppp/1pp5/3pp3/3PP3/1PP5/P4PPP/KNBRQBNR\ w\ -\ -\ 0\ 1 -> result 1-0 checkmate
Game (W:v21 vs B:v20) FEN=knbrqbnr/ppp1p3/5ppp/3p4/4P3/3P2PP/PPP2P2/RNBQRBNK\ w\ -\ -\ 0\ 1 -> result 1-0 checkmate
Game (W:v21 vs B:v20) FEN=rnbqrbnk/p1p3pp/1p6/3ppp2/8/3PPPPP/PPP5/KNBRQBNR\ w\ -\ -\ 0\ 1 -> result 0-1 checkmate
Game (W:v21 vs B:v20) FEN=knbrqbnr/1p4pp/p2p4/2p1pp2/8/1PPPP2P/P4PP1/RNBQRBNK\ w\ -\ -\ 0\ 1 -> result 1-0 checkmate
Game (W:v21 vs B:v20) FEN=rnbqrbnk/p1pp3p/1p3pp1/4p3/2P5/1P1PPP2/P5PP/KNBRQBNR\ w\ -\ -\ 0\ 1 -> result 1/2-1/2 max-plies
Game (W:v21 vs B:v20) FEN=rnbqrbnk/pppp4/5ppp/4p3/2P5/1P1P1PP1/P3P2P/KNBRQBNR\ w\ -\ -\ 0\ 1 -> result 1-0 checkmate
Game (W:v21 vs B:v20) FEN=rnbqrbnk/3p2pp/ppp1pp2/8/2P5/3PP1PP/PP3P2/KNBRQBNR\ w\ -\ -\ 0\ 1 -> result 1/2-1/2 max-plies
Game (W:v21 vs B:v20) FEN=rnbqrbnk/p4ppp/1p6/2ppp3/4PP2/1P1P2P1/P1P4P/KNBRQBNR\ w\ -\ -\ 0\ 1 -> result 1-0 checkmate
Game (W:v21 vs B:v20) FEN=knbrqbnr/5ppp/pppp4/4p3/2P2P2/4P1PP/PP1P4/RNBQRBNK\ w\ -\ -\ 0\ 1 -> result 1-0 checkmate
Game (W:v21 vs B:v20) FEN=rnbqrbnk/pp3p1p/2p3p1/3pp3/5P2/P1PPP3/1P4PP/KNBRQBNR\ w\ -\ -\ 0\ 1 -> result 1/2-1/2 max-plies
Game (W:v21 vs B:v20) FEN=rnbqrbnk/p2p2pp/1p3p2/2p1p3/4P3/2PP1P1P/PP4P1/KNBRQBNR\ w\ -\ -\ 0\ 1 -> result 1-0 checkmate
Game (W:v21 vs B:v20) FEN=rnbqrbnk/3p1p1p/pp2p1p1/2p5/5P2/1P1PP2P/P1P3P1/KNBRQBNR\ w\ -\ -\ 0\ 1 -> result 1-0 checkmate
Game (W:v21 vs B:v20) FEN=rnbqrbnk/1pp2p1p/p2p2p1/4p3/2P2P2/1P1P2P1/P3P2P/KNBRQBNR\ w\ -\ -\ 0\ 1 -> result 1/2-1/2 threefold-repetition
Game (W:v21 vs B:v20) FEN=rnbqrbnk/3p2pp/ppp1p3/5p2/3P4/1P2P2P/P1P2PP1/KNBRQBNR\ w\ -\ -\ 0\ 1 -> result 0-1 checkmate
Game (W:v21 vs B:v20) FEN=knbrqbnr/1p4pp/p1pp1p2/4p3/3P4/PP2P1P1/2P2P1P/RNBQRBNK\ w\ -\ -\ 0\ 1 -> result 1/2-1/2 max-plies
Game (W:v21 vs B:v20) FEN=rnbqrbnk/1p1p1p1p/p5p1/2p1p3/8/1P1PP1PP/P1P2P2/KNBRQBNR\ w\ -\ -\ 0\ 1 -> result 1/2-1/2 max-plies
Game (W:v21 vs B:v20) FEN=knbrqbnr/p3p1pp/1pp2p2/3p4/5P2/2PPP2P/PP4P1/RNBQRBNK\ w\ -\ -\ 0\ 1 -> result 1/2-1/2 max-plies
Game (W:v21 vs B:v20) FEN=knbrqbnr/p1p1p3/1p1p2pp/5p2/5P2/1PP1P2P/P2P2P1/RNBQRBNK\ w\ -\ -\ 0\ 1 -> result 1/2-1/2 max-plies
Game (W:v21 vs B:v20) FEN=rnbqrbnk/ppp4p/3p2p1/4pp2/3P4/PPP5/4PPPP/KNBRQBNR\ w\ -\ -\ 0\ 1 -> result 0-1 checkmate
Game (W:v21 vs B:v20) FEN=knbrqbnr/1pp4p/p2p1pp1/4p3/4P3/P4PP1/1PPP3P/RNBQRBNK\ w\ -\ -\ 0\ 1 -> result 1-0 checkmate
Game (W:v21 vs B:v20) FEN=knbrqbnr/pp4p1/3p1p1p/2p1p3/3PP3/5PP1/PPP4P/RNBQRBNK\ w\ -\ -\ 0\ 1 -> result 1-0 checkmate
Game (W:v21 vs B:v20) FEN=knbrqbnr/p1p3pp/1p6/3ppp2/2P2P2/3PP1P1/PP5P/RNBQRBNK\ w\ -\ -\ 0\ 1 -> result 1-0 checkmate
Game (W:v21 vs B:v20) FEN=rnbqrbnk/ppp5/3pp1pp/5p2/2P5/PP1P1P2/4P1PP/KNBRQBNR\ w\ -\ -\ 0\ 1 -> result 0-1 checkmate
Game (W:v21 vs B:v20) FEN=knbrqbnr/pp4p1/3p1p1p/2p1p3/4P3/PP1P4/2P2PPP/RNBQRBNK\ w\ -\ -\ 0\ 1 -> result 0-1 checkmate
Game (W:v21 vs B:v20) FEN=knbrqbnr/pp2p2p/5pp1/2pp4/5P2/1P1PP2P/P1P3P1/RNBQRBNK\ w\ -\ c6\ 0\ 1 -> result 0-1 checkmate
Game (W:v21 vs B:v20) FEN=rnbqrbnk/p4ppp/1ppp4/4p3/2P1P3/P2P1P2/1P4PP/KNBRQBNR\ w\ -\ -\ 0\ 1 -> result 1/2-1/2 max-plies
Game (W:v21 vs B:v20) FEN=knbrqbnr/pp5p/2pp1pp1/4p3/8/PPPPP3/5PPP/RNBQRBNK\ w\ -\ -\ 0\ 1 -> result 1/2-1/2 max-plies
Game (W:v21 vs B:v20) FEN=rnbqrbnk/ppp3p1/5p1p/3pp3/4P3/P1PP1P2/1P4PP/KNBRQBNR\ w\ -\ -\ 0\ 1 -> result 1/2-1/2 max-plies
Game (W:v21 vs B:v20) FEN=knbrqbnr/pp3p2/3pp1pp/2p5/8/PP2PPP1/2PP3P/RNBQRBNK\ w\ -\ -\ 0\ 1 -> result 1/2-1/2 max-plies
Game (W:v21 vs B:v20) FEN=rnbqrbnk/2p3pp/pp1ppp2/8/3P1P2/1P5P/P1P1P1P1/KNBRQBNR\ w\ -\ -\ 0\ 1 -> result 1/2-1/2 threefold-repetition
Game (W:v21 vs B:v20) FEN=knbrqbnr/pp3p2/3p2pp/2p1p3/8/1PPPPP2/P5PP/RNBQRBNK\ w\ -\ -\ 0\ 1 -> result 1/2-1/2 max-plies
Game (W:v21 vs B:v20) FEN=knbrqbnr/p1p3p1/1p1pp2p/5p2/8/1PP1PPP1/P2P3P/RNBQRBNK\ w\ -\ -\ 0\ 1 -> result 0-1 checkmate
Game (W:v21 vs B:v20) FEN=knbrqbnr/ppp5/3p1ppp/4p3/2P1PP2/6P1/PP1P3P/RNBQRBNK\ w\ -\ -\ 0\ 1 -> result 1/2-1/2 max-plies
Game (W:v21 vs B:v20) FEN=rnbqrbnk/1p4pp/p1pppp2/8/3P4/1P2PP2/P1P3PP/KNBRQBNR\ w\ -\ -\ 0\ 1 -> result 0-1 checkmate
Game (W:v21 vs B:v20) FEN=rnbqrbnk/2pp2pp/pp6/4pp2/2PP4/4P1P1/PP3P1P/KNBRQBNR\ w\ -\ -\ 0\ 1 -> result 1-0 checkmate
Game (W:v21 vs B:v20) FEN=rnbqrbnk/p2p2p1/1p2pp1p/2p5/2PP4/1P5P/P3PPP1/KNBRQBNR\ w\ -\ -\ 0\ 1 -> result 1-0 checkmate
Game (W:v21 vs B:v20) FEN=knbrqbnr/ppp4p/4ppp1/3p4/2PP4/4P1PP/PP3P2/RNBQRBNK\ w\ -\ -\ 0\ 1 -> result 1-0 checkmate
Game (W:v21 vs B:v20) FEN=knbrqbnr/pp3p1p/2p3p1/3pp3/4P3/P4PP1/1PPP3P/RNBQRBNK\ w\ -\ -\ 0\ 1 -> result 1/2-1/2 max-plies
Game (W:v21 vs B:v20) FEN=rnbqrbnk/p1p3p1/1p1pp2p/5p2/8/1P1PPPP1/P1P4P/KNBRQBNR\ w\ -\ -\ 0\ 1 -> result 1/2-1/2 max-plies
Game (W:v21 vs B:v20) FEN=knbrqbnr/ppp4p/4p1p1/3p1p2/4PP2/P5P1/1PPP3P/RNBQRBNK\ w\ -\ -\ 0\ 1 -> result 1-0 checkmate
Game (W:v21 vs B:v20) FEN=knbrqbnr/2p1pp1p/pp4p1/3p4/8/1P1PP1PP/P1P2P2/RNBQRBNK\ w\ -\ -\ 0\ 1 -> result 1/2-1/2 threefold-repetition
Game (W:v21 vs B:v20) FEN=rnbqrbnk/1pp2p1p/p5p1/3pp3/2P5/P2PP1P1/1P3P1P/KNBRQBNR\ w\ -\ -\ 0\ 1 -> result 1/2-1/2 max-plies

=== Match Summary ===
Total games: 100
v20 wins: 27
v21 wins: 31
draws:   42
=== Worker 1 end ===
