=== Worker 8 start ===
Running matches: games_per_side=10, depth=8, max_plies=150, movetime_ms=50, fen_or_book=book, version_a=v7, version_b=v9

Batch 1/2: v7 white vs v9 black, 10 games
Game (W:v7 vs B:v9) FEN=rnbqrbnk/pp4p1/2pppp1p/8/2P2P2/1P1P3P/P3P1P1/KNBRQBNR\ w\ -\ -\ 0\ 1 -> result 1/2-1/2 max-plies
Game (W:v7 vs B:v9) FEN=rnbqrbnk/1p1p1p1p/p1p3p1/4p3/8/P1PPP1P1/1P3P1P/KNBRQBNR\ w\ -\ -\ 0\ 1 -> result 1-0 checkmate
Game (W:v7 vs B:v9) FEN=knbrqbnr/1p2p2p/p1pp1pp1/8/8/PP2PPP1/2PP3P/RNBQRBNK\ w\ -\ -\ 0\ 1 -> result 1/2-1/2 max-plies
Game (W:v7 vs B:v9) FEN=knbrqbnr/ppp5/3pp1pp/5p2/4P3/1PP2P2/P2P2PP/RNBQRBNK\ w\ -\ -\ 0\ 1 -> result 1/2-1/2 max-plies
Game (W:v7 vs B:v9) FEN=knbrqbnr/pp3p2/3pp1pp/2p5/2P2P2/3PP2P/PP4P1/RNBQRBNK\ w\ -\ -\ 0\ 1 -> result 1/2-1/2 max-plies
Game (W:v7 vs B:v9) FEN=knbrqbnr/pp3pp1/4p2p/2pp4/4PP2/P5P1/1PPP3P/RNBQRBNK\ w\ -\ -\ 0\ 1 -> result 1/2-1/2 max-plies
Game (W:v7 vs B:v9) FEN=knbrqbnr/1pp1p2p/p4pp1/3p4/3P4/1P2PPP1/P1P4P/RNBQRBNK\ w\ -\ -\ 0\ 1 -> result 1-0 checkmate
Game (W:v7 vs B:v9) FEN=knbrqbnr/1p2p2p/p1pp1pp1/8/8/1PP1PP1P/P2P2P1/RNBQRBNK\ w\ -\ -\ 0\ 1 -> result 1/2-1/2 max-plies
Game (W:v7 vs B:v9) FEN=knbrqbnr/p1p3pp/1p2pp2/3p4/8/PP1PPP2/2P3PP/RNBQRBNK\ w\ -\ -\ 0\ 1 -> result 1/2-1/2 max-plies
Game (W:v7 vs B:v9) FEN=rnbqrbnk/pp3p2/4p1pp/2pp4/3P4/1P3PP1/P1P1P2P/KNBRQBNR\ w\ -\ -\ 0\ 1 -> result 1/2-1/2 max-plies
Batch 2/2: v9 white vs v7 black, 10 games
Game (W:v9 vs B:v7) FEN=knbrqbnr/pp3p2/3pp1pp/2p5/2P1PP2/P7/1P1P2PP/RNBQRBNK\ w\ -\ -\ 0\ 1 -> result 0-1 checkmate
Game (W:v9 vs B:v7) FEN=rnbqrbnk/p5pp/1p1pp3/2p2p2/3P4/2P3PP/PP2PP2/KNBRQBNR\ w\ -\ -\ 0\ 1 -> result 1/2-1/2 max-plies
Game (W:v9 vs B:v7) FEN=knbrqbnr/p1p2p1p/1p4p1/3pp3/8/1P1PP1PP/P1P2P2/RNBQRBNK\ w\ -\ -\ 0\ 1 -> result 1/2-1/2 max-plies
Game (W:v9 vs B:v7) FEN=rnbqrbnk/p5pp/1ppppp2/8/8/1PPPPP2/P5PP/KNBRQBNR\ w\ -\ -\ 0\ 1 -> result 1/2-1/2 max-plies
Game (W:v9 vs B:v7) FEN=rnbqrbnk/p5pp/1pppp3/5p2/5P2/1PPP2P1/P3P2P/KNBRQBNR\ w\ -\ -\ 0\ 1 -> result 0-1 checkmate
Game (W:v9 vs B:v7) FEN=rnbqrbnk/2p3pp/pp1pp3/5p2/3P4/1P3P1P/P1P1P1P1/KNBRQBNR\ w\ -\ -\ 0\ 1 -> result 0-1 checkmate
Game (W:v9 vs B:v7) FEN=knbrqbnr/pp3p2/3pp1pp/2p5/8/PP2PPP1/2PP3P/RNBQRBNK\ w\ -\ -\ 0\ 1 -> result 1/2-1/2 max-plies
Game (W:v9 vs B:v7) FEN=rnbqrbnk/p5pp/1p1pp3/2p2p2/8/1PPPP1P1/P4P1P/KNBRQBNR\ w\ -\ -\ 0\ 1 -> result 0-1 checkmate
Game (W:v9 vs B:v7) FEN=rnbqrbnk/1p4pp/p1p1p3/3p1p2/2P1PP2/1P1P4/P5PP/KNBRQBNR\ w\ -\ -\ 0\ 1 -> result 0-1 checkmate
Game (W:v9 vs B:v7) FEN=rnbqrbnk/p2p1p1p/1pp3p1/4p3/2P5/1P1PP1P1/P4P1P/KNBRQBNR\ w\ -\ -\ 0\ 1 -> result 1-0 checkmate

=== Match Summary ===
Total games: 20
v7 wins: 7
v9 wins: 1
draws:   12
=== Worker 8 end ===
