=== Worker 1 start ===
Running matches: games_per_side=25, depth=8, max_plies=150, movetime_ms=40, fen_or_book=book, version_a=v7, version_b=v8

Game (W:v7 vs B:v8) FEN='knbrqbnr/pp3p1p/2p3p1/3pp3/2PP4/4PPP1/PP5P/RNBQRBNK w - - 0 1' -> result 1/2-1/2
Game (W:v7 vs B:v8) FEN='knbrqbnr/ppp4p/6p1/3ppp2/5P2/PPP1P3/3P2PP/RNBQRBNK w - - 0 1' -> result 1/2-1/2
Game (W:v7 vs B:v8) FEN='rnbqrbnk/1pp4p/p3ppp1/3p4/2P5/PP1PP3/5PPP/KNBRQBNR w - - 0 1' -> result 1/2-1/2
Game (W:v7 vs B:v8) FEN='rnbqrbnk/p5pp/1p2p3/2pp1p2/2P5/3PP1PP/PP3P2/KNBRQBNR w - - 0 1' -> result 1/2-1/2
Game (W:v7 vs B:v8) FEN='rnbqrbnk/pp4p1/2p1p2p/3p1p2/2P5/P2PP1P1/1P3P1P/KNBRQBNR w - - 0 1' -> result 1/2-1/2
Game (W:v7 vs B:v8) FEN='rnbqrbnk/ppp2p2/3p2pp/4p3/2P1PP2/1P1P4/P5PP/KNBRQBNR w - - 0 1' -> result 1/2-1/2
Game (W:v7 vs B:v8) FEN='rnbqrbnk/ppp2p2/6pp/3pp3/3P4/2P1P1P1/PP3P1P/KNBRQBNR w - - 0 1' -> result 1/2-1/2
Game (W:v7 vs B:v8) FEN='knbrqbnr/pp4p1/3pp2p/2p2p2/3P4/1P2PPP1/P1P4P/RNBQRBNK w - - 0 1' -> result 1/2-1/2
Game (W:v7 vs B:v8) FEN='rnbqrbnk/p5pp/1pp1pp2/3p4/2P2P2/3PP2P/PP4P1/KNBRQBNR w - - 0 1' -> result 1/2-1/2
Game (W:v7 vs B:v8) FEN='rnbqrbnk/1p3p1p/p3p1p1/2pp4/8/2PPPPP1/PP5P/KNBRQBNR w - - 0 1' -> result 1/2-1/2
Game (W:v7 vs B:v8) FEN='rnbqrbnk/pp5p/4ppp1/2pp4/3P4/PP3P2/2P1P1PP/KNBRQBNR w - c6 0 1' -> result 1/2-1/2
Game (W:v7 vs B:v8) FEN='rnbqrbnk/p5pp/1pp1p3/3p1p2/2PP4/P3P3/1P3PPP/KNBRQBNR w - - 0 1' -> result 1/2-1/2
Game (W:v7 vs B:v8) FEN='knbrqbnr/p5pp/1p1p1p2/2p1p3/2P5/4PPPP/PP1P4/RNBQRBNK w - - 0 1' -> result 1/2-1/2
Game (W:v7 vs B:v8) FEN='knbrqbnr/1p3p1p/p1pp2p1/4p3/3P4/4PPPP/PPP5/RNBQRBNK w - - 0 1' -> result 1/2-1/2
Game (W:v7 vs B:v8) FEN='knbrqbnr/pp3p2/3pp1pp/2p5/8/PP2PPP1/2PP3P/RNBQRBNK w - - 0 1' -> result 1/2-1/2
Game (W:v7 vs B:v8) FEN='rnbqrbnk/1pp2p1p/p5p1/3pp3/5P2/1P1PP1P1/P1P4P/KNBRQBNR w - - 0 1' -> result 1/2-1/2
Game (W:v7 vs B:v8) FEN='knbrqbnr/pp2p1p1/5p1p/2pp4/3P1P2/2P1P1P1/PP5P/RNBQRBNK w - - 0 1' -> result 1/2-1/2
Game (W:v7 vs B:v8) FEN='rnbqrbnk/5ppp/ppp1p3/3p4/3P1P2/1PP5/P3P1PP/KNBRQBNR w - - 0 1' -> result 1/2-1/2
Game (W:v7 vs B:v8) FEN='rnbqrbnk/3p2pp/ppp1pp2/8/3P4/4PPP1/PPP4P/KNBRQBNR w - - 0 1' -> result 1/2-1/2
Game (W:v7 vs B:v8) FEN='rnbqrbnk/1p3ppp/p2p4/2p1p3/2P5/3PP1PP/PP3P2/KNBRQBNR w - - 0 1' -> result 1/2-1/2
Game (W:v7 vs B:v8) FEN='rnbqrbnk/pp3p1p/2p3p1/3pp3/2P5/3PPPP1/PP5P/KNBRQBNR w - - 0 1' -> result 1/2-1/2
Game (W:v7 vs B:v8) FEN='rnbqrbnk/2p3pp/pp1ppp2/8/4P3/1PPP2P1/P4P1P/KNBRQBNR w - - 0 1' -> result 1/2-1/2
Game (W:v7 vs B:v8) FEN='knbrqbnr/pp5p/2ppp1p1/5p2/2P1P3/1P5P/P2P1PP1/RNBQRBNK w - - 0 1' -> result 1/2-1/2
Game (W:v7 vs B:v8) FEN='rnbqrbnk/ppp4p/3p2p1/4pp2/2PPP3/1P6/P4PPP/KNBRQBNR w - - 0 1' -> result 1/2-1/2
Game (W:v7 vs B:v8) FEN='knbrqbnr/ppp5/3p2pp/4pp2/4P3/2PP1P2/PP4PP/RNBQRBNK w - - 0 1' -> result 1/2-1/2
Game (W:v8 vs B:v7) FEN='rnbqrbnk/p1pp2p1/1p5p/4pp2/3P4/1P2P1P1/P1P2P1P/KNBRQBNR w - - 0 1' -> result 1/2-1/2
Game (W:v8 vs B:v7) FEN='knbrqbnr/1p3ppp/p7/2ppp3/2P5/1P2P1PP/P2P1P2/RNBQRBNK w - - 0 1' -> result 1/2-1/2
Game (W:v8 vs B:v7) FEN='knbrqbnr/5ppp/pppp4/4p3/2P2P2/4P1PP/PP1P4/RNBQRBNK w - - 0 1' -> result 1/2-1/2
Game (W:v8 vs B:v7) FEN='rnbqrbnk/p1p3p1/1p1pp2p/5p2/8/1PPPP2P/P4PP1/KNBRQBNR w - - 0 1' -> result 1/2-1/2
Game (W:v8 vs B:v7) FEN='rnbqrbnk/p1p4p/1p2p1p1/3p1p2/2P2P2/1P1P2P1/P3P2P/KNBRQBNR w - - 0 1' -> result 1/2-1/2
Game (W:v8 vs B:v7) FEN='rnbqrbnk/1p3ppp/p1p5/3pp3/2P1P3/3P1P1P/PP4P1/KNBRQBNR w - - 0 1' -> result 1/2-1/2
Game (W:v8 vs B:v7) FEN='rnbqrbnk/p2p2p1/1pp1pp1p/8/8/1PPPP1P1/P4P1P/KNBRQBNR w - - 0 1' -> result 1/2-1/2
Game (W:v8 vs B:v7) FEN='rnbqrbnk/pp4pp/2p5/3ppp2/3P4/PP2P3/2P2PPP/KNBRQBNR w - - 0 1' -> result 1/2-1/2
Game (W:v8 vs B:v7) FEN='knbrqbnr/1pp4p/p2pp1p1/5p2/3PP3/1P4P1/P1P2P1P/RNBQRBNK w - - 0 1' -> result 1/2-1/2
Game (W:v8 vs B:v7) FEN='rnbqrbnk/1p3ppp/p7/2ppp3/3P4/2P1P1P1/PP3P1P/KNBRQBNR w - - 0 1' -> result 1/2-1/2
Game (W:v8 vs B:v7) FEN='rnbqrbnk/pp4p1/4pp1p/2pp4/3P4/P4PP1/1PP1P2P/KNBRQBNR w - - 0 1' -> result 1/2-1/2
Game (W:v8 vs B:v7) FEN='rnbqrbnk/p5pp/1p2p3/2pp1p2/2PP4/4P1P1/PP3P1P/KNBRQBNR w - - 0 1' -> result 1/2-1/2
Game (W:v8 vs B:v7) FEN='knbrqbnr/ppp3p1/4pp1p/3p4/2P5/P3PPP1/1P1P3P/RNBQRBNK w - - 0 1' -> result 1/2-1/2
Game (W:v8 vs B:v7) FEN='rnbqrbnk/3p2pp/ppp1p3/5p2/3P4/1P2P2P/P1P2PP1/KNBRQBNR w - - 0 1' -> result 1/2-1/2
Game (W:v8 vs B:v7) FEN='rnbqrbnk/pp4pp/2pp1p2/4p3/4PP2/P2P2P1/1PP4P/KNBRQBNR w - - 0 1' -> result 1/2-1/2
Game (W:v8 vs B:v7) FEN='knbrqbnr/1p4pp/p2ppp2/2p5/8/1P1PP1PP/P1P2P2/RNBQRBNK w - - 0 1' -> result 1/2-1/2
Game (W:v8 vs B:v7) FEN='rnbqrbnk/p2p3p/1p2p1p1/2p2p2/8/1PPPP1P1/P4P1P/KNBRQBNR w - - 0 1' -> result 1/2-1/2
Game (W:v8 vs B:v7) FEN='knbrqbnr/1p2p2p/p2p2p1/2p2p2/5P2/1P2P1PP/P1PP4/RNBQRBNK w - - 0 1' -> result 1/2-1/2
Game (W:v8 vs B:v7) FEN='rnbqrbnk/pp4pp/2p5/3ppp2/2PP4/1P5P/P3PPP1/KNBRQBNR w - - 0 1' -> result 1/2-1/2
Game (W:v8 vs B:v7) FEN='rnbqrbnk/1p4pp/p1pppp2/8/3PP3/1P5P/P1P2PP1/KNBRQBNR w - - 0 1' -> result 1/2-1/2
Game (W:v8 vs B:v7) FEN='rnbqrbnk/pp4p1/3ppp1p/2p5/3P4/1P4PP/P1P1PP2/KNBRQBNR w - - 0 1' -> result 1/2-1/2
Game (W:v8 vs B:v7) FEN='rnbqrbnk/p4pp1/1pppp2p/8/2PP4/5PP1/PP2P2P/KNBRQBNR w - - 0 1' -> result 1/2-1/2
Game (W:v8 vs B:v7) FEN='knbrqbnr/ppp2p2/6pp/3pp3/5P2/1PP1P2P/P2P2P1/RNBQRBNK w - - 0 1' -> result 1/2-1/2
Game (W:v8 vs B:v7) FEN='knbrqbnr/pp2p3/2pp2pp/5p2/3P1P2/2P1P2P/PP4P1/RNBQRBNK w - - 0 1' -> result 1/2-1/2
Game (W:v8 vs B:v7) FEN='knbrqbnr/2p3pp/pp1p1p2/4p3/8/1P1PPPP1/P1P4P/RNBQRBNK w - - 0 1' -> result 1/2-1/2

=== Match Summary ===
Total games: 50
v7 wins: 0
v8 wins: 0
draws:   50
=== Worker 1 end ===
