=== Worker 5 start ===
Running matches: games_per_side=50, depth=8, max_plies=150, movetime_ms=10, fen_or_book=book, version_a=v17, version_b=v18

Batch 1/2: v17 white vs v18 black, 50 games
Game (W:v17 vs B:v18) FEN=knbrqbnr/1p4pp/p1pp1p2/4p3/3P4/PP2P1P1/2P2P1P/RNBQRBNK\ w\ -\ -\ 0\ 1 -> result 0-1 checkmate
Game (W:v17 vs B:v18) FEN=rnbqrbnk/p4ppp/1p6/2ppp3/4P3/1PPP1P2/P5PP/KNBRQBNR\ w\ -\ -\ 0\ 1 -> result 1/2-1/2 max-plies
Game (W:v17 vs B:v18) FEN=rnbqrbnk/p5pp/1p1pp3/2p2p2/2P1P3/1P1P3P/P4PP1/KNBRQBNR\ w\ -\ -\ 0\ 1 -> result 1-0 checkmate
Game (W:v17 vs B:v18) FEN=rnbqrbnk/pp4pp/5p2/2ppp3/4PP2/P2P2P1/1PP4P/KNBRQBNR\ w\ -\ c6\ 0\ 1 -> result 1/2-1/2 max-plies
Game (W:v17 vs B:v18) FEN=knbrqbnr/pp2pp2/6pp/2pp4/4PP2/1P1P4/P1P3PP/RNBQRBNK\ w\ -\ -\ 0\ 1 -> result 1-0 checkmate
Game (W:v17 vs B:v18) FEN=rnbqrbnk/5ppp/ppp1p3/3p4/5P2/3PP1PP/PPP5/KNBRQBNR\ w\ -\ -\ 0\ 1 -> result 1-0 checkmate
Game (W:v17 vs B:v18) FEN=rnbqrbnk/p5pp/1p1pp3/2p2p2/3P1P2/1P5P/P1P1P1P1/KNBRQBNR\ w\ -\ -\ 0\ 1 -> result 0-1 checkmate
Game (W:v17 vs B:v18) FEN=knbrqbnr/1pp1p2p/p4pp1/3p4/3P4/1P2PPP1/P1P4P/RNBQRBNK\ w\ -\ -\ 0\ 1 -> result 1/2-1/2 max-plies
Game (W:v17 vs B:v18) FEN=knbrqbnr/1p2p2p/p2p2p1/2p2p2/4P3/1P1P2P1/P1P2P1P/RNBQRBNK\ w\ -\ -\ 0\ 1 -> result 1/2-1/2 max-plies
Game (W:v17 vs B:v18) FEN=knbrqbnr/1p4pp/p1pp4/4pp2/2PP4/1P2P1P1/P4P1P/RNBQRBNK\ w\ -\ -\ 0\ 1 -> result 0-1 checkmate
Game (W:v17 vs B:v18) FEN=rnbqrbnk/2p3pp/pp2pp2/3p4/2PPP3/P7/1P3PPP/KNBRQBNR\ w\ -\ -\ 0\ 1 -> result 1/2-1/2 max-plies
Game (W:v17 vs B:v18) FEN=knbrqbnr/p4ppp/1pp1p3/3p4/4P3/P4PP1/1PPP3P/RNBQRBNK\ w\ -\ -\ 0\ 1 -> result 1/2-1/2 max-plies
Game (W:v17 vs B:v18) FEN=rnbqrbnk/p5pp/1pp1p3/3p1p2/2PP4/P3P3/1P3PPP/KNBRQBNR\ w\ -\ -\ 0\ 1 -> result 1-0 checkmate
Game (W:v17 vs B:v18) FEN=rnbqrbnk/3p2pp/ppp1pp2/8/2P5/3PP1PP/PP3P2/KNBRQBNR\ w\ -\ -\ 0\ 1 -> result 0-1 checkmate
Game (W:v17 vs B:v18) FEN=knbrqbnr/ppp5/3ppppp/8/8/PPPPP3/5PPP/RNBQRBNK\ w\ -\ -\ 0\ 1 -> result 1-0 checkmate
Game (W:v17 vs B:v18) FEN=rnbqrbnk/pp4p1/2p1pp1p/3p4/5P2/1PPP3P/P3P1P1/KNBRQBNR\ w\ -\ -\ 0\ 1 -> result 1/2-1/2 max-plies
Game (W:v17 vs B:v18) FEN=knbrqbnr/p1p3p1/1p1p3p/4pp2/8/PP1PP1P1/2P2P1P/RNBQRBNK\ w\ -\ -\ 0\ 1 -> result 0-1 checkmate
Game (W:v17 vs B:v18) FEN=knbrqbnr/p1p3p1/1p1pp2p/5p2/5P2/1PP1P2P/P2P2P1/RNBQRBNK\ w\ -\ -\ 0\ 1 -> result 1-0 checkmate
Game (W:v17 vs B:v18) FEN=rnbqrbnk/1p4pp/p1p1p3/3p1p2/2P1PP2/1P1P4/P5PP/KNBRQBNR\ w\ -\ -\ 0\ 1 -> result 1-0 checkmate
Game (W:v17 vs B:v18) FEN=rnbqrbnk/p4pp1/1pp1p2p/3p4/2PP4/5PP1/PP2P2P/KNBRQBNR\ w\ -\ -\ 0\ 1 -> result 1/2-1/2 max-plies
Game (W:v17 vs B:v18) FEN=knbrqbnr/pp3p1p/4p1p1/2pp4/8/2PPP1PP/PP3P2/RNBQRBNK\ w\ -\ c6\ 0\ 1 -> result 0-1 checkmate
Game (W:v17 vs B:v18) FEN=knbrqbnr/ppp5/3ppppp/8/8/1P1PPP1P/P1P3P1/RNBQRBNK\ w\ -\ -\ 0\ 1 -> result 1/2-1/2 threefold-repetition
Game (W:v17 vs B:v18) FEN=rnbqrbnk/p1p4p/1p2ppp1/3p4/2P5/P2P1PP1/1P2P2P/KNBRQBNR\ w\ -\ -\ 0\ 1 -> result 0-1 checkmate
Game (W:v17 vs B:v18) FEN=knbrqbnr/1p3p1p/p1ppp1p1/8/4PP2/6PP/PPPP4/RNBQRBNK\ w\ -\ -\ 0\ 1 -> result 1/2-1/2 max-plies
Game (W:v17 vs B:v18) FEN=knbrqbnr/pp4p1/2ppp2p/5p2/2P5/PP2PP2/3P2PP/RNBQRBNK\ w\ -\ -\ 0\ 1 -> result 1-0 checkmate
Game (W:v17 vs B:v18) FEN=rnbqrbnk/1pp2p1p/p5p1/3pp3/5P2/P1PP2P1/1P2P2P/KNBRQBNR\ w\ -\ -\ 0\ 1 -> result 0-1 checkmate
Game (W:v17 vs B:v18) FEN=knbrqbnr/pp5p/3pp1p1/2p2p2/3P4/1P2PP1P/P1P3P1/RNBQRBNK\ w\ -\ c6\ 0\ 1 -> result 1/2-1/2 max-plies
Game (W:v17 vs B:v18) FEN=knbrqbnr/1p3p1p/p1ppp1p1/8/4PP2/P5P1/1PPP3P/RNBQRBNK\ w\ -\ -\ 0\ 1 -> result 1/2-1/2 max-plies
Game (W:v17 vs B:v18) FEN=knbrqbnr/1pp4p/p2p1pp1/4p3/2P2P2/PP2P3/3P2PP/RNBQRBNK\ w\ -\ -\ 0\ 1 -> result 1/2-1/2 threefold-repetition
Game (W:v17 vs B:v18) FEN=knbrqbnr/pp4p1/2pp1p1p/4p3/5P2/P1PPP3/1P4PP/RNBQRBNK\ w\ -\ -\ 0\ 1 -> result 0-1 checkmate
Game (W:v17 vs B:v18) FEN=knbrqbnr/pp4p1/3p1p1p/2p1p3/4P3/PP1P4/2P2PPP/RNBQRBNK\ w\ -\ -\ 0\ 1 -> result 1/2-1/2 max-plies
Game (W:v17 vs B:v18) FEN=rnbqrbnk/2p2ppp/pp1p4/4p3/2P5/3PP1PP/PP3P2/KNBRQBNR\ w\ -\ -\ 0\ 1 -> result 1/2-1/2 max-plies
Game (W:v17 vs B:v18) FEN=rnbqrbnk/pp3p1p/3p2p1/2p1p3/8/2PP1PPP/PP2P3/KNBRQBNR\ w\ -\ c6\ 0\ 1 -> result 1-0 checkmate
Game (W:v17 vs B:v18) FEN=rnbqrbnk/p1p3pp/1p3p2/3pp3/8/2PPPPP1/PP5P/KNBRQBNR\ w\ -\ -\ 0\ 1 -> result 0-1 checkmate
Game (W:v17 vs B:v18) FEN=rnbqrbnk/p1p2pp1/1p1p3p/4p3/8/2PP1PPP/PP2P3/KNBRQBNR\ w\ -\ -\ 0\ 1 -> result 0-1 checkmate
Game (W:v17 vs B:v18) FEN=knbrqbnr/pp3p1p/2p1p1p1/3p4/3PPP2/6P1/PPP4P/RNBQRBNK\ w\ -\ -\ 0\ 1 -> result 1/2-1/2 max-plies
Game (W:v17 vs B:v18) FEN=rnbqrbnk/2pp1p1p/pp4p1/4p3/2P5/P2PPP2/1P4PP/KNBRQBNR\ w\ -\ -\ 0\ 1 -> result 1-0 checkmate
Game (W:v17 vs B:v18) FEN=rnbqrbnk/5ppp/ppppp3/8/3P4/P3PP2/1PP3PP/KNBRQBNR\ w\ -\ -\ 0\ 1 -> result 1/2-1/2 max-plies
Game (W:v17 vs B:v18) FEN=rnbqrbnk/p5pp/1p1ppp2/2p5/4P3/1PPP1P2/P5PP/KNBRQBNR\ w\ -\ -\ 0\ 1 -> result 1/2-1/2 max-plies
Game (W:v17 vs B:v18) FEN=knbrqbnr/2p3pp/pp1p4/4pp2/8/1PPPPP2/P5PP/RNBQRBNK\ w\ -\ -\ 0\ 1 -> result 1-0 checkmate
Game (W:v17 vs B:v18) FEN=knbrqbnr/1p3ppp/p3p3/2pp4/4PP2/3P2P1/PPP4P/RNBQRBNK\ w\ -\ -\ 0\ 1 -> result 0-1 checkmate
Game (W:v17 vs B:v18) FEN=rnbqrbnk/p5pp/1pp1pp2/3p4/3P4/P1P3P1/1P2PP1P/KNBRQBNR\ w\ -\ -\ 0\ 1 -> result 0-1 checkmate
Game (W:v17 vs B:v18) FEN=rnbqrbnk/1p3ppp/p7/2ppp3/2PP4/5PP1/PP2P2P/KNBRQBNR\ w\ -\ -\ 0\ 1 -> result 0-1 checkmate
Game (W:v17 vs B:v18) FEN=rnbqrbnk/1p3p1p/p3p1p1/2pp4/3P4/1PP3P1/P3PP1P/KNBRQBNR\ w\ -\ -\ 0\ 1 -> result 1-0 checkmate
Game (W:v17 vs B:v18) FEN=knbrqbnr/pp3pp1/7p/2ppp3/3PP3/6PP/PPP2P2/RNBQRBNK\ w\ -\ -\ 0\ 1 -> result 1-0 checkmate
Game (W:v17 vs B:v18) FEN=rnbqrbnk/p5pp/1p1pp3/2p2p2/3P1P2/1P5P/P1P1P1P1/KNBRQBNR\ w\ -\ -\ 0\ 1 -> result 0-1 checkmate
Game (W:v17 vs B:v18) FEN=knbrqbnr/p5pp/1p1pp3/2p2p2/4P3/5PPP/PPPP4/RNBQRBNK\ w\ -\ -\ 0\ 1 -> result 1/2-1/2 max-plies
Game (W:v17 vs B:v18) FEN=knbrqbnr/pp5p/2ppppp1/8/4P3/1P4PP/P1PP1P2/RNBQRBNK\ w\ -\ -\ 0\ 1 -> result 1/2-1/2 max-plies
Game (W:v17 vs B:v18) FEN=rnbqrbnk/p4pp1/1pp1p2p/3p4/2P1PP2/1P1P4/P5PP/KNBRQBNR\ w\ -\ -\ 0\ 1 -> result 0-1 checkmate
Game (W:v17 vs B:v18) FEN=knbrqbnr/p3pp2/1ppp2pp/8/5P2/1P2P1PP/P1PP4/RNBQRBNK\ w\ -\ -\ 0\ 1 -> result 0-1 checkmate
Batch 2/2: v18 white vs v17 black, 50 games
Game (W:v18 vs B:v17) FEN=rnbqrbnk/p2p3p/1p2ppp1/2p5/8/1PPPP2P/P4PP1/KNBRQBNR\ w\ -\ -\ 0\ 1 -> result 0-1 checkmate
Game (W:v18 vs B:v17) FEN=rnbqrbnk/3p1ppp/ppp5/4p3/5P2/1P1PP2P/P1P3P1/KNBRQBNR\ w\ -\ -\ 0\ 1 -> result 0-1 checkmate
Game (W:v18 vs B:v17) FEN=rnbqrbnk/1p4pp/p3p3/2pp1p2/4P3/2PP1PP1/PP5P/KNBRQBNR\ w\ -\ -\ 0\ 1 -> result 0-1 checkmate
Game (W:v18 vs B:v17) FEN=rnbqrbnk/ppp2p2/3p2pp/4p3/2P1PP2/1P1P4/P5PP/KNBRQBNR\ w\ -\ -\ 0\ 1 -> result 1-0 checkmate
Game (W:v18 vs B:v17) FEN=knbrqbnr/1p4pp/p1pppp2/8/2P2P2/4P1PP/PP1P4/RNBQRBNK\ w\ -\ -\ 0\ 1 -> result 1-0 checkmate
Game (W:v18 vs B:v17) FEN=rnbqrbnk/2p3pp/pp1ppp2/8/4P3/1PPP2P1/P4P1P/KNBRQBNR\ w\ -\ -\ 0\ 1 -> result 1-0 checkmate
Game (W:v18 vs B:v17) FEN=rnbqrbnk/p2p2pp/1p3p2/2p1p3/5P2/1P1PP2P/P1P3P1/KNBRQBNR\ w\ -\ -\ 0\ 1 -> result 1-0 checkmate
Game (W:v18 vs B:v17) FEN=knbrqbnr/pp2p2p/2p2pp1/3p4/4P3/1P3P1P/P1PP2P1/RNBQRBNK\ w\ -\ -\ 0\ 1 -> result 1-0 checkmate
Game (W:v18 vs B:v17) FEN=rnbqrbnk/5ppp/pp1pp3/2p5/3PP3/P1P5/1P3PPP/KNBRQBNR\ w\ -\ -\ 0\ 1 -> result 1/2-1/2 max-plies
Game (W:v18 vs B:v17) FEN=knbrqbnr/p1p3pp/1p3p2/3pp3/8/PPPPP3/5PPP/RNBQRBNK\ w\ -\ -\ 0\ 1 -> result 1/2-1/2 max-plies
Game (W:v18 vs B:v17) FEN=rnbqrbnk/pp3p2/3pp1pp/2p5/8/PP1PPP2/2P3PP/KNBRQBNR\ w\ -\ -\ 0\ 1 -> result 0-1 checkmate
Game (W:v18 vs B:v17) FEN=rnbqrbnk/1p1p1p1p/p1p3p1/4p3/8/P1PPP1P1/1P3P1P/KNBRQBNR\ w\ -\ -\ 0\ 1 -> result 1/2-1/2 max-plies
Game (W:v18 vs B:v17) FEN=knbrqbnr/pp3p2/2ppp1pp/8/2P1PP2/1P6/P2P2PP/RNBQRBNK\ w\ -\ -\ 0\ 1 -> result 0-1 checkmate
Game (W:v18 vs B:v17) FEN=rnbqrbnk/1pp3pp/p2p1p2/4p3/3P1P2/PP6/2P1P1PP/KNBRQBNR\ w\ -\ -\ 0\ 1 -> result 0-1 checkmate
Game (W:v18 vs B:v17) FEN=rnbqrbnk/1p4pp/p3pp2/2pp4/5P2/2PPP2P/PP4P1/KNBRQBNR\ w\ -\ -\ 0\ 1 -> result 1/2-1/2 max-plies
Game (W:v18 vs B:v17) FEN=knbrqbnr/1pp1p2p/p5p1/3p1p2/4P3/P4PP1/1PPP3P/RNBQRBNK\ w\ -\ -\ 0\ 1 -> result 0-1 checkmate
Game (W:v18 vs B:v17) FEN=rnbqrbnk/ppp4p/3p2p1/4pp2/2P5/PP1PP3/5PPP/KNBRQBNR\ w\ -\ -\ 0\ 1 -> result 1/2-1/2 max-plies
Game (W:v18 vs B:v17) FEN=rnbqrbnk/pp3p1p/6p1/2ppp3/4P3/1P1P1P1P/P1P3P1/KNBRQBNR\ w\ -\ c6\ 0\ 1 -> result 1-0 checkmate
Game (W:v18 vs B:v17) FEN=rnbqrbnk/2p3pp/pp1pp3/5p2/3P4/2P2PP1/PP2P2P/KNBRQBNR\ w\ -\ -\ 0\ 1 -> result 1-0 checkmate
Game (W:v18 vs B:v17) FEN=rnbqrbnk/pp1p3p/6p1/2p1pp2/8/P1PPP1P1/1P3P1P/KNBRQBNR\ w\ -\ c6\ 0\ 1 -> result 0-1 checkmate
Game (W:v18 vs B:v17) FEN=knbrqbnr/pp3p1p/2p3p1/3pp3/4P3/1P3P1P/P1PP2P1/RNBQRBNK\ w\ -\ -\ 0\ 1 -> result 1/2-1/2 max-plies
Game (W:v18 vs B:v17) FEN=rnbqrbnk/p1p3pp/1p6/3ppp2/8/3PPPPP/PPP5/KNBRQBNR\ w\ -\ -\ 0\ 1 -> result 1/2-1/2 max-plies
Game (W:v18 vs B:v17) FEN=rnbqrbnk/1p4pp/p1p1pp2/3p4/4PP2/1P1P2P1/P1P4P/KNBRQBNR\ w\ -\ -\ 0\ 1 -> result 1-0 checkmate
Game (W:v18 vs B:v17) FEN=rnbqrbnk/p5pp/1p1pp3/2p2p2/4P3/1PPP3P/P4PP1/KNBRQBNR\ w\ -\ -\ 0\ 1 -> result 0-1 checkmate
Game (W:v18 vs B:v17) FEN=knbrqbnr/ppp4p/6p1/3ppp2/5P2/PPP1P3/3P2PP/RNBQRBNK\ w\ -\ -\ 0\ 1 -> result 1/2-1/2 max-plies
Game (W:v18 vs B:v17) FEN=rnbqrbnk/p5pp/1pppp3/5p2/8/P1PPPP2/1P4PP/KNBRQBNR\ w\ -\ -\ 0\ 1 -> result 1-0 checkmate
Game (W:v18 vs B:v17) FEN=knbrqbnr/pp3p2/3pp1pp/2p5/4PP2/1P4P1/P1PP3P/RNBQRBNK\ w\ -\ -\ 0\ 1 -> result 1-0 checkmate
Game (W:v18 vs B:v17) FEN=knbrqbnr/p1p2p1p/1p4p1/3pp3/5P2/2PPP2P/PP4P1/RNBQRBNK\ w\ -\ -\ 0\ 1 -> result 1/2-1/2 max-plies
Game (W:v18 vs B:v17) FEN=knbrqbnr/2p2p1p/pp1pp1p1/8/8/1PP1PPP1/P2P3P/RNBQRBNK\ w\ -\ -\ 0\ 1 -> result 0-1 checkmate
Game (W:v18 vs B:v17) FEN=knbrqbnr/1p2p2p/p2p2p1/2p2p2/5P2/1P2P1PP/P1PP4/RNBQRBNK\ w\ -\ -\ 0\ 1 -> result 1-0 checkmate
Game (W:v18 vs B:v17) FEN=rnbqrbnk/pp5p/2p1ppp1/3p4/5P2/P1PPP3/1P4PP/KNBRQBNR\ w\ -\ -\ 0\ 1 -> result 1-0 checkmate
Game (W:v18 vs B:v17) FEN=knbrqbnr/1pp4p/p2pp1p1/5p2/2P2P2/P2PP3/1P4PP/RNBQRBNK\ w\ -\ -\ 0\ 1 -> result 1/2-1/2 max-plies
Game (W:v18 vs B:v17) FEN=rnbqrbnk/p4ppp/1p6/2ppp3/4P3/1PPP1P2/P5PP/KNBRQBNR\ w\ -\ -\ 0\ 1 -> result 1-0 checkmate
Game (W:v18 vs B:v17) FEN=knbrqbnr/p4pp1/1pppp2p/8/4P3/5PPP/PPPP4/RNBQRBNK\ w\ -\ -\ 0\ 1 -> result 1-0 checkmate
Game (W:v18 vs B:v17) FEN=knbrqbnr/pp2pp2/2p3pp/3p4/4P3/PP4P1/2PP1P1P/RNBQRBNK\ w\ -\ -\ 0\ 1 -> result 1/2-1/2 max-plies
Game (W:v18 vs B:v17) FEN=knbrqbnr/ppp4p/6p1/3ppp2/4P3/1PP3P1/P2P1P1P/RNBQRBNK\ w\ -\ -\ 0\ 1 -> result 0-1 checkmate
Game (W:v18 vs B:v17) FEN=rnbqrbnk/p5pp/1p2p3/2pp1p2/2P1P3/3P1P1P/PP4P1/KNBRQBNR\ w\ -\ -\ 0\ 1 -> result 1-0 checkmate
Game (W:v18 vs B:v17) FEN=rnbqrbnk/1p4pp/p2ppp2/2p5/5P2/2PPP2P/PP4P1/KNBRQBNR\ w\ -\ -\ 0\ 1 -> result 0-1 checkmate
Game (W:v18 vs B:v17) FEN=knbrqbnr/pp4pp/4pp2/2pp4/3P4/2P1PPP1/PP5P/RNBQRBNK\ w\ -\ c6\ 0\ 1 -> result 0-1 checkmate
Game (W:v18 vs B:v17) FEN=knbrqbnr/2p2ppp/pp6/3pp3/3P4/2P1PPP1/PP5P/RNBQRBNK\ w\ -\ -\ 0\ 1 -> result 1/2-1/2 threefold-repetition
Game (W:v18 vs B:v17) FEN=rnbqrbnk/p5pp/1p2pp2/2pp4/3PP3/P4P2/1PP3PP/KNBRQBNR\ w\ -\ -\ 0\ 1 -> result 1/2-1/2 max-plies
Game (W:v18 vs B:v17) FEN=knbrqbnr/p4ppp/1pp5/3pp3/2P2P2/1P1PP3/P5PP/RNBQRBNK\ w\ -\ -\ 0\ 1 -> result 1/2-1/2 max-plies
Game (W:v18 vs B:v17) FEN=rnbqrbnk/p2p2pp/1p3p2/2p1p3/8/P2PPPP1/1PP4P/KNBRQBNR\ w\ -\ -\ 0\ 1 -> result 1/2-1/2 threefold-repetition
Game (W:v18 vs B:v17) FEN=rnbqrbnk/3p1ppp/ppp5/4p3/5P2/1P1PP2P/P1P3P1/KNBRQBNR\ w\ -\ -\ 0\ 1 -> result 0-1 checkmate
Game (W:v18 vs B:v17) FEN=rnbqrbnk/3p2pp/ppp1p3/5p2/2P2P2/1P1P2P1/P3P2P/KNBRQBNR\ w\ -\ -\ 0\ 1 -> result 0-1 checkmate
Game (W:v18 vs B:v17) FEN=rnbqrbnk/1p4pp/p1p1p3/3p1p2/3P4/2P1P1P1/PP3P1P/KNBRQBNR\ w\ -\ -\ 0\ 1 -> result 1/2-1/2 max-plies
Game (W:v18 vs B:v17) FEN=rnbqrbnk/p2p1p2/1p2p1pp/2p5/2PP4/1P5P/P3PPP1/KNBRQBNR\ w\ -\ -\ 0\ 1 -> result 0-1 checkmate
Game (W:v18 vs B:v17) FEN=knbrqbnr/pp3p1p/2p3p1/3pp3/3P4/1PP1P2P/P4PP1/RNBQRBNK\ w\ -\ -\ 0\ 1 -> result 1/2-1/2 max-plies
Game (W:v18 vs B:v17) FEN=knbrqbnr/pp5p/3p1pp1/2p1p3/8/PP1PP1P1/2P2P1P/RNBQRBNK\ w\ -\ c6\ 0\ 1 -> result 0-1 checkmate
Game (W:v18 vs B:v17) FEN=rnbqrbnk/p1p3pp/1p1p4/4pp2/4P3/PP1P1P2/2P3PP/KNBRQBNR\ w\ -\ -\ 0\ 1 -> result 1/2-1/2 max-plies

=== Match Summary ===
Total games: 100
v17 wins: 30
v18 wins: 32
draws:   38
=== Worker 5 end ===
