=== Worker 2 start ===
Running matches: games_per_side=25, depth=8, max_plies=150, movetime_ms=40, fen_or_book=book, version_a=v7, version_b=v8

Game (W:v7 vs B:v8) FEN='rnbqrbnk/pp4pp/2p2p2/3pp3/3PP3/2P2P2/PP4PP/KNBRQBNR w - - 0 1' -> result 1-0 checkmate
Game (W:v7 vs B:v8) FEN='knbrqbnr/pp3p1p/4p1p1/2pp4/5P2/1PP1P1P1/P2P3P/RNBQRBNK w - c6 0 1' -> result 1/2-1/2 max-plies
Game (W:v7 vs B:v8) FEN='knbrqbnr/p1p3pp/1p3p2/3pp3/2P5/P3PPP1/1P1P3P/RNBQRBNK w - - 0 1' -> result 1/2-1/2 max-plies
Game (W:v7 vs B:v8) FEN='knbrqbnr/pp2pp2/6pp/2pp4/8/1PP1PPP1/P2P3P/RNBQRBNK w - - 0 1' -> result 1/2-1/2 max-plies
Game (W:v7 vs B:v8) FEN='rnbqrbnk/5ppp/ppppp3/8/2P5/3PPP1P/PP4P1/KNBRQBNR w - - 0 1' -> result 0-1 checkmate
Game (W:v7 vs B:v8) FEN='knbrqbnr/ppp4p/6p1/3ppp2/4P3/1PP3P1/P2P1P1P/RNBQRBNK w - - 0 1' -> result 1/2-1/2 max-plies
Game (W:v7 vs B:v8) FEN='rnbqrbnk/p5pp/1pp1pp2/3p4/3P4/P1P3P1/1P2PP1P/KNBRQBNR w - - 0 1' -> result 1-0 checkmate
Game (W:v7 vs B:v8) FEN='knbrqbnr/1pp3pp/p3pp2/3p4/4PP2/1P4P1/P1PP3P/RNBQRBNK w - - 0 1' -> result 1/2-1/2 max-plies
Game (W:v7 vs B:v8) FEN='rnbqrbnk/1p4pp/p1ppp3/5p2/3P4/P1P1P3/1P3PPP/KNBRQBNR w - - 0 1' -> result 0-1 checkmate
Game (W:v7 vs B:v8) FEN='rnbqrbnk/1p3ppp/p1p5/3pp3/2PP4/4PP2/PP4PP/KNBRQBNR w - - 0 1' -> result 1/2-1/2 max-plies
Game (W:v7 vs B:v8) FEN='knbrqbnr/2p2ppp/pp6/3pp3/5P2/1PPPP3/P5PP/RNBQRBNK w - - 0 1' -> result 1/2-1/2 max-plies
Game (W:v7 vs B:v8) FEN='knbrqbnr/p1p3p1/1p1ppp1p/8/5P2/1PP1P1P1/P2P3P/RNBQRBNK w - - 0 1' -> result 1/2-1/2 max-plies
Game (W:v7 vs B:v8) FEN='knbrqbnr/1p3p1p/p1ppp1p1/8/5P2/2PPP1P1/PP5P/RNBQRBNK w - - 0 1' -> result 1/2-1/2 max-plies
Game (W:v7 vs B:v8) FEN='rnbqrbnk/pp1p2p1/2p4p/4pp2/2P5/P2PPP2/1P4PP/KNBRQBNR w - - 0 1' -> result 1-0 checkmate
Game (W:v7 vs B:v8) FEN='rnbqrbnk/p4ppp/1p6/2ppp3/4PP2/1P1P2P1/P1P4P/KNBRQBNR w - - 0 1' -> result 1/2-1/2 max-plies
Game (W:v7 vs B:v8) FEN='knbrqbnr/1p3p1p/p2pp1p1/2p5/5P2/1P1PP1P1/P1P4P/RNBQRBNK w - - 0 1' -> result 0-1 checkmate
Game (W:v7 vs B:v8) FEN='knbrqbnr/p1p2p1p/1p4p1/3pp3/5P2/2PPP2P/PP4P1/RNBQRBNK w - - 0 1' -> result 1/2-1/2 max-plies
Game (W:v7 vs B:v8) FEN='knbrqbnr/ppp3p1/4pp1p/3p4/2PP4/4PP1P/PP4P1/RNBQRBNK w - - 0 1' -> result 1-0 checkmate
Game (W:v7 vs B:v8) FEN='rnbqrbnk/pp4pp/2pp1p2/4p3/2PP4/1P2P3/P4PPP/KNBRQBNR w - - 0 1' -> result 1/2-1/2 max-plies
Game (W:v7 vs B:v8) FEN='rnbqrbnk/p1p2pp1/1p1p3p/4p3/5P2/PP1PP3/2P3PP/KNBRQBNR w - - 0 1' -> result 1/2-1/2 max-plies
Game (W:v7 vs B:v8) FEN='knbrqbnr/p1p3p1/1p1pp2p/5p2/8/1PP1PPP1/P2P3P/RNBQRBNK w - - 0 1' -> result 1/2-1/2 max-plies
Game (W:v7 vs B:v8) FEN='rnbqrbnk/ppp3p1/3p1p1p/4p3/2P5/P2PP1P1/1P3P1P/KNBRQBNR w - - 0 1' -> result 0-1 checkmate
Game (W:v7 vs B:v8) FEN='rnbqrbnk/pp3p2/3pp1pp/2p5/8/PP1PPP2/2P3PP/KNBRQBNR w - - 0 1' -> result 1/2-1/2 max-plies
Game (W:v7 vs B:v8) FEN='knbrqbnr/1pp4p/p2p1pp1/4p3/4PP2/2P4P/PP1P2P1/RNBQRBNK w - - 0 1' -> result 1/2-1/2 max-plies
Game (W:v7 vs B:v8) FEN='rnbqrbnk/1pp3pp/p4p2/3pp3/3P1P2/1PP5/P3P1PP/KNBRQBNR w - - 0 1' -> result 1/2-1/2 max-plies
/Users/alanxie/Projects/Chess Engine/scripts/run_matches.sh: line 128: syntax error near unexpected token `)'
