=== Worker 2 start ===
Running matches: games_per_side=50, depth=8, max_plies=150, movetime_ms=10, fen_or_book=book, version_a=v29, version_b=v30

Batch 1/2: v29 white vs v30 black, 50 games
Game (W:v29 vs B:v30) FEN=knbrqbnr/1p4pp/p1pp4/4pp2/4P3/1P1P2P1/P1P2P1P/RNBQRBNK\ w\ -\ -\ 0\ 1 -> result 1/2-1/2 max-plies
Game (W:v29 vs B:v30) FEN=knbrqbnr/ppp5/3ppppp/8/8/PPPPP3/5PPP/RNBQRBNK\ w\ -\ -\ 0\ 1 -> result 1/2-1/2 max-plies
Game (W:v29 vs B:v30) FEN=rnbqrbnk/2p3pp/pp1pp3/5p2/2P2P2/PP1P4/4P1PP/KNBRQBNR\ w\ -\ -\ 0\ 1 -> result 1-0 checkmate
Game (W:v29 vs B:v30) FEN=knbrqbnr/1pp4p/p2pp1p1/5p2/2P1P3/5P1P/PP1P2P1/RNBQRBNK\ w\ -\ -\ 0\ 1 -> result 0-1 checkmate
Game (W:v29 vs B:v30) FEN=rnbqrbnk/p5pp/1p1ppp2/2p5/4P3/1PPP1P2/P5PP/KNBRQBNR\ w\ -\ -\ 0\ 1 -> result 1-0 checkmate
Game (W:v29 vs B:v30) FEN=knbrqbnr/ppp5/3pp1pp/5p2/2P1P3/6PP/PP1P1P2/RNBQRBNK\ w\ -\ -\ 0\ 1 -> result 0-1 checkmate
Game (W:v29 vs B:v30) FEN=knbrqbnr/ppp4p/5pp1/3pp3/4PP2/2P3P1/PP1P3P/RNBQRBNK\ w\ -\ -\ 0\ 1 -> result 1/2-1/2 max-plies
Game (W:v29 vs B:v30) FEN=rnbqrbnk/p4p1p/1p1pp1p1/2p5/5P2/1P1PP2P/P1P3P1/KNBRQBNR\ w\ -\ -\ 0\ 1 -> result 1/2-1/2 max-plies
Game (W:v29 vs B:v30) FEN=knbrqbnr/ppp5/3ppppp/8/8/1P1PPP1P/P1P3P1/RNBQRBNK\ w\ -\ -\ 0\ 1 -> result 1-0 checkmate
Game (W:v29 vs B:v30) FEN=knbrqbnr/5ppp/pp1pp3/2p5/8/1PP1PPP1/P2P3P/RNBQRBNK\ w\ -\ -\ 0\ 1 -> result 1-0 checkmate
Game (W:v29 vs B:v30) FEN=knbrqbnr/pp2pp2/6pp/2pp4/4PP2/1P1P4/P1P3PP/RNBQRBNK\ w\ -\ -\ 0\ 1 -> result 0-1 checkmate
Game (W:v29 vs B:v30) FEN=knbrqbnr/ppp5/3pp1pp/5p2/4P3/1PP2P2/P2P2PP/RNBQRBNK\ w\ -\ -\ 0\ 1 -> result 0-1 checkmate
Game (W:v29 vs B:v30) FEN=rnbqrbnk/5ppp/ppppp3/8/8/3PPPPP/PPP5/KNBRQBNR\ w\ -\ -\ 0\ 1 -> result 1-0 checkmate
Game (W:v29 vs B:v30) FEN=rnbqrbnk/p1p2p2/1p2p1pp/3p4/8/P1PPPP2/1P4PP/KNBRQBNR\ w\ -\ -\ 0\ 1 -> result 0-1 checkmate
Game (W:v29 vs B:v30) FEN=knbrqbnr/pp3p1p/6p1/2ppp3/2P5/1P2P1PP/P2P1P2/RNBQRBNK\ w\ -\ c6\ 0\ 1 -> result 1/2-1/2 threefold-repetition
Game (W:v29 vs B:v30) FEN=rnbqrbnk/p1p3pp/1p1p4/4pp2/3P4/1PP2P2/P3P1PP/KNBRQBNR\ w\ -\ -\ 0\ 1 -> result 1/2-1/2 max-plies
Game (W:v29 vs B:v30) FEN=rnbqrbnk/p4ppp/1pp5/3pp3/3PP3/1PP5/P4PPP/KNBRQBNR\ w\ -\ -\ 0\ 1 -> result 0-1 checkmate
Game (W:v29 vs B:v30) FEN=rnbqrbnk/p4ppp/1p1p4/2p1p3/2P5/3PPP1P/PP4P1/KNBRQBNR\ w\ -\ -\ 0\ 1 -> result 1/2-1/2 max-plies
Game (W:v29 vs B:v30) FEN=knbrqbnr/1p3ppp/p1p5/3pp3/4P3/3P1PP1/PPP4P/RNBQRBNK\ w\ -\ -\ 0\ 1 -> result 0-1 checkmate
Game (W:v29 vs B:v30) FEN=rnbqrbnk/p1p2p2/1p2p1pp/3p4/2P5/P2PP1P1/1P3P1P/KNBRQBNR\ w\ -\ -\ 0\ 1 -> result 1/2-1/2 max-plies
Game (W:v29 vs B:v30) FEN=rnbqrbnk/p1p3p1/1p2p2p/3p1p2/2P5/P2PPP2/1P4PP/KNBRQBNR\ w\ -\ -\ 0\ 1 -> result 1/2-1/2 max-plies
Game (W:v29 vs B:v30) FEN=knbrqbnr/1p3ppp/p3p3/2pp4/3P1P2/1P2P2P/P1P3P1/RNBQRBNK\ w\ -\ -\ 0\ 1 -> result 1-0 checkmate
Game (W:v29 vs B:v30) FEN=rnbqrbnk/pp4pp/3p1p2/2p1p3/5P2/2PPP2P/PP4P1/KNBRQBNR\ w\ -\ c6\ 0\ 1 -> result 1/2-1/2 max-plies
Game (W:v29 vs B:v30) FEN=rnbqrbnk/1pp3pp/p2p1p2/4p3/5P2/1P1P2PP/P1P1P3/KNBRQBNR\ w\ -\ -\ 0\ 1 -> result 1/2-1/2 max-plies
Game (W:v29 vs B:v30) FEN=knbrqbnr/1p2pp1p/p1p3p1/3p4/2P2P2/3PP1P1/PP5P/RNBQRBNK\ w\ -\ -\ 0\ 1 -> result 0-1 checkmate
Game (W:v29 vs B:v30) FEN=knbrqbnr/pp2p2p/2p2pp1/3p4/4PP2/6PP/PPPP4/RNBQRBNK\ w\ -\ -\ 0\ 1 -> result 1-0 checkmate
Game (W:v29 vs B:v30) FEN=knbrqbnr/ppp3p1/4pp1p/3p4/2PP4/4PP1P/PP4P1/RNBQRBNK\ w\ -\ -\ 0\ 1 -> result 1/2-1/2 max-plies
Game (W:v29 vs B:v30) FEN=knbrqbnr/pp5p/3pppp1/2p5/3P1P2/4P1PP/PPP5/RNBQRBNK\ w\ -\ c6\ 0\ 1 -> result 1/2-1/2 max-plies
Game (W:v29 vs B:v30) FEN=knbrqbnr/p5pp/1p1pp3/2p2p2/2P5/1P2PP1P/P2P2P1/RNBQRBNK\ w\ -\ -\ 0\ 1 -> result 1-0 checkmate
Game (W:v29 vs B:v30) FEN=rnbqrbnk/1p3ppp/p1pp4/4p3/2PP4/1P2P3/P4PPP/KNBRQBNR\ w\ -\ -\ 0\ 1 -> result 1/2-1/2 max-plies
Game (W:v29 vs B:v30) FEN=rnbqrbnk/pp4pp/2pp1p2/4p3/2P2P2/P2PP3/1P4PP/KNBRQBNR\ w\ -\ -\ 0\ 1 -> result 0-1 checkmate
Game (W:v29 vs B:v30) FEN=rnbqrbnk/1p4pp/p1p1pp2/3p4/3P4/P1P1P3/1P3PPP/KNBRQBNR\ w\ -\ -\ 0\ 1 -> result 1-0 checkmate
Game (W:v29 vs B:v30) FEN=knbrqbnr/pp3p1p/2p3p1/3pp3/4P3/P4PP1/1PPP3P/RNBQRBNK\ w\ -\ -\ 0\ 1 -> result 1/2-1/2 max-plies
Game (W:v29 vs B:v30) FEN=knbrqbnr/p1p4p/1p1pp1p1/5p2/8/1PPPP1P1/P4P1P/RNBQRBNK\ w\ -\ -\ 0\ 1 -> result 1-0 checkmate
Game (W:v29 vs B:v30) FEN=knbrqbnr/pp2p3/2pp2pp/5p2/3PPP2/P7/1PP3PP/RNBQRBNK\ w\ -\ -\ 0\ 1 -> result 1/2-1/2 max-plies
Game (W:v29 vs B:v30) FEN=rnbqrbnk/p4pp1/1p1pp2p/2p5/8/P2PPPP1/1PP4P/KNBRQBNR\ w\ -\ -\ 0\ 1 -> result 1-0 checkmate
Game (W:v29 vs B:v30) FEN=knbrqbnr/pp4p1/3p3p/2p1pp2/4P3/P2P2P1/1PP2P1P/RNBQRBNK\ w\ -\ -\ 0\ 1 -> result 1-0 checkmate
Game (W:v29 vs B:v30) FEN=knbrqbnr/p1p3p1/1p1pp2p/5p2/8/1P1PP1PP/P1P2P2/RNBQRBNK\ w\ -\ -\ 0\ 1 -> result 1/2-1/2 max-plies
Game (W:v29 vs B:v30) FEN=knbrqbnr/1p2p1pp/p1p5/3p1p2/3P4/1PP1P2P/P4PP1/RNBQRBNK\ w\ -\ -\ 0\ 1 -> result 0-1 checkmate
Game (W:v29 vs B:v30) FEN=knbrqbnr/pp4p1/2ppp2p/5p2/2P1PP2/7P/PP1P2P1/RNBQRBNK\ w\ -\ -\ 0\ 1 -> result 0-1 checkmate
Game (W:v29 vs B:v30) FEN=rnbqrbnk/p2p2p1/1p2pp1p/2p5/2P1P3/P2P1P2/1P4PP/KNBRQBNR\ w\ -\ -\ 0\ 1 -> result 1-0 checkmate
Game (W:v29 vs B:v30) FEN=rnbqrbnk/p5pp/1p1pp3/2p2p2/2P1P3/P2P1P2/1P4PP/KNBRQBNR\ w\ -\ -\ 0\ 1 -> result 0-1 checkmate
Game (W:v29 vs B:v30) FEN=rnbqrbnk/p4p1p/1pp1p1p1/3p4/8/1PPPPP2/P5PP/KNBRQBNR\ w\ -\ -\ 0\ 1 -> result 1/2-1/2 threefold-repetition
Game (W:v29 vs B:v30) FEN=rnbqrbnk/1p4pp/p1p1pp2/3p4/4PP2/1P1P2P1/P1P4P/KNBRQBNR\ w\ -\ -\ 0\ 1 -> result 1/2-1/2 max-plies
Game (W:v29 vs B:v30) FEN=rnbqrbnk/p2p3p/1p2ppp1/2p5/8/1PPPP2P/P4PP1/KNBRQBNR\ w\ -\ -\ 0\ 1 -> result 1-0 checkmate
Game (W:v29 vs B:v30) FEN=knbrqbnr/2p3pp/pp1ppp2/8/5P2/P1P1P1P1/1P1P3P/RNBQRBNK\ w\ -\ -\ 0\ 1 -> result 1-0 checkmate
Game (W:v29 vs B:v30) FEN=rnbqrbnk/p4pp1/1pp1p2p/3p4/8/2PPPP1P/PP4P1/KNBRQBNR\ w\ -\ -\ 0\ 1 -> result 1/2-1/2 max-plies
Game (W:v29 vs B:v30) FEN=rnbqrbnk/p2p1p2/1p2p1pp/2p5/2PP4/1P5P/P3PPP1/KNBRQBNR\ w\ -\ -\ 0\ 1 -> result 0-1 checkmate
Game (W:v29 vs B:v30) FEN=rnbqrbnk/p1p4p/1p2p1p1/3p1p2/2P2P2/1P1P2P1/P3P2P/KNBRQBNR\ w\ -\ -\ 0\ 1 -> result 0-1 checkmate
Game (W:v29 vs B:v30) FEN=rnbqrbnk/ppp3p1/5p1p/3pp3/3P1P2/1PP5/P3P1PP/KNBRQBNR\ w\ -\ -\ 0\ 1 -> result 0-1 checkmate
Batch 2/2: v30 white vs v29 black, 50 games
Game (W:v30 vs B:v29) FEN=rnbqrbnk/pp4pp/2p2p2/3pp3/3PP3/2P2P2/PP4PP/KNBRQBNR\ w\ -\ -\ 0\ 1 -> result 1-0 checkmate
Game (W:v30 vs B:v29) FEN=rnbqrbnk/p4p1p/1pp1p1p1/3p4/8/1PPP1P1P/P3P1P1/KNBRQBNR\ w\ -\ -\ 0\ 1 -> result 0-1 checkmate
Game (W:v30 vs B:v29) FEN=rnbqrbnk/5ppp/ppppp3/8/3P4/P3PP2/1PP3PP/KNBRQBNR\ w\ -\ -\ 0\ 1 -> result 1-0 checkmate
Game (W:v30 vs B:v29) FEN=rnbqrbnk/pp4pp/2p5/3ppp2/3P4/2P1P1P1/PP3P1P/KNBRQBNR\ w\ -\ -\ 0\ 1 -> result 1-0 checkmate
Game (W:v30 vs B:v29) FEN=rnbqrbnk/pp4p1/4pp1p/2pp4/4PP2/1P1P2P1/P1P4P/KNBRQBNR\ w\ -\ -\ 0\ 1 -> result 1/2-1/2 threefold-repetition
Game (W:v30 vs B:v29) FEN=rnbqrbnk/ppp2p2/3p2pp/4p3/3P4/1PP1P3/P4PPP/KNBRQBNR\ w\ -\ -\ 0\ 1 -> result 0-1 checkmate
Game (W:v30 vs B:v29) FEN=knbrqbnr/pp4p1/2pppp1p/8/8/P1P1PPP1/1P1P3P/RNBQRBNK\ w\ -\ -\ 0\ 1 -> result 0-1 checkmate
Game (W:v30 vs B:v29) FEN=rnbqrbnk/1pp4p/p2pppp1/8/5P2/PPPP4/4P1PP/KNBRQBNR\ w\ -\ -\ 0\ 1 -> result 0-1 checkmate
Game (W:v30 vs B:v29) FEN=knbrqbnr/p4pp1/1p1p3p/2p1p3/3P1P2/4P1PP/PPP5/RNBQRBNK\ w\ -\ -\ 0\ 1 -> result 0-1 checkmate
Game (W:v30 vs B:v29) FEN=rnbqrbnk/1p3ppp/p7/2ppp3/2PP4/5PP1/PP2P2P/KNBRQBNR\ w\ -\ -\ 0\ 1 -> result 1/2-1/2 max-plies
Game (W:v30 vs B:v29) FEN=knbrqbnr/pp3pp1/2p1p2p/3p4/8/P1PPPP2/1P4PP/RNBQRBNK\ w\ -\ -\ 0\ 1 -> result 0-1 checkmate
Game (W:v30 vs B:v29) FEN=knbrqbnr/p1p3pp/1p2p3/3p1p2/2PP4/1P2P1P1/P4P1P/RNBQRBNK\ w\ -\ -\ 0\ 1 -> result 0-1 checkmate
Game (W:v30 vs B:v29) FEN=rnbqrbnk/1p1p1p1p/p1p3p1/4p3/3P4/PPP5/4PPPP/KNBRQBNR\ w\ -\ -\ 0\ 1 -> result 1-0 checkmate
Game (W:v30 vs B:v29) FEN=rnbqrbnk/pp4pp/5p2/2ppp3/4PP2/P2P2P1/1PP4P/KNBRQBNR\ w\ -\ c6\ 0\ 1 -> result 1-0 checkmate
Game (W:v30 vs B:v29) FEN=rnbqrbnk/ppp5/3pp1pp/5p2/2P5/1P1P2PP/P3PP2/KNBRQBNR\ w\ -\ -\ 0\ 1 -> result 1-0 checkmate
Game (W:v30 vs B:v29) FEN=knbrqbnr/pp3p2/3p2pp/2p1p3/2P5/1P2PPP1/P2P3P/RNBQRBNK\ w\ -\ -\ 0\ 1 -> result 0-1 checkmate
Game (W:v30 vs B:v29) FEN=rnbqrbnk/p1p2pp1/1p1p3p/4p3/4PP2/1P1P2P1/P1P4P/KNBRQBNR\ w\ -\ -\ 0\ 1 -> result 1-0 checkmate
Game (W:v30 vs B:v29) FEN=rnbqrbnk/p5pp/1p2p3/2pp1p2/4P3/P2P1PP1/1PP4P/KNBRQBNR\ w\ -\ -\ 0\ 1 -> result 1-0 checkmate
Game (W:v30 vs B:v29) FEN=knbrqbnr/p5pp/1pppp3/5p2/3P1P2/4P1PP/PPP5/RNBQRBNK\ w\ -\ -\ 0\ 1 -> result 1-0 checkmate
Game (W:v30 vs B:v29) FEN=rnbqrbnk/p4p1p/1p2p1p1/2pp4/3P4/1P3P1P/P1P1P1P1/KNBRQBNR\ w\ -\ -\ 0\ 1 -> result 0-1 checkmate
Game (W:v30 vs B:v29) FEN=knbrqbnr/ppp1p3/5ppp/3p4/4P3/3P2PP/PPP2P2/RNBQRBNK\ w\ -\ -\ 0\ 1 -> result 0-1 checkmate
Game (W:v30 vs B:v29) FEN=rnbqrbnk/pp4p1/2ppp2p/5p2/2P2P2/1P1P2P1/P3P2P/KNBRQBNR\ w\ -\ -\ 0\ 1 -> result 1-0 checkmate
Game (W:v30 vs B:v29) FEN=knbrqbnr/p4p1p/1p1p2p1/2p1p3/3P1P2/2P1P1P1/PP5P/RNBQRBNK\ w\ -\ -\ 0\ 1 -> result 1-0 checkmate
Game (W:v30 vs B:v29) FEN=knbrqbnr/ppp4p/6p1/3ppp2/5P2/PPP1P3/3P2PP/RNBQRBNK\ w\ -\ -\ 0\ 1 -> result 0-1 checkmate
Game (W:v30 vs B:v29) FEN=knbrqbnr/ppp4p/5pp1/3pp3/2P5/1P1PP1P1/P4P1P/RNBQRBNK\ w\ -\ -\ 0\ 1 -> result 1/2-1/2 max-plies
Game (W:v30 vs B:v29) FEN=rnbqrbnk/1p3p1p/p2pp1p1/2p5/8/PP1PPP2/2P3PP/KNBRQBNR\ w\ -\ -\ 0\ 1 -> result 1/2-1/2 threefold-repetition
Game (W:v30 vs B:v29) FEN=knbrqbnr/pp2p2p/2p2pp1/3p4/4P3/1P3P1P/P1PP2P1/RNBQRBNK\ w\ -\ -\ 0\ 1 -> result 1-0 checkmate
Game (W:v30 vs B:v29) FEN=knbrqbnr/pp4p1/2ppp2p/5p2/4P3/2P3PP/PP1P1P2/RNBQRBNK\ w\ -\ -\ 0\ 1 -> result 0-1 checkmate
Game (W:v30 vs B:v29) FEN=knbrqbnr/pp3p2/2pp2pp/4p3/2P1P3/6PP/PP1P1P2/RNBQRBNK\ w\ -\ -\ 0\ 1 -> result 1/2-1/2 max-plies
Game (W:v30 vs B:v29) FEN=knbrqbnr/p1p4p/1p1p1pp1/4p3/8/PPP1P1P1/3P1P1P/RNBQRBNK\ w\ -\ -\ 0\ 1 -> result 1/2-1/2 max-plies
Game (W:v30 vs B:v29) FEN=rnbqrbnk/1p1p2pp/p1p5/4pp2/8/P1PP1PP1/1P2P2P/KNBRQBNR\ w\ -\ -\ 0\ 1 -> result 1-0 checkmate
Game (W:v30 vs B:v29) FEN=knbrqbnr/1p3ppp/p3p3/2pp4/4PP2/3P2P1/PPP4P/RNBQRBNK\ w\ -\ -\ 0\ 1 -> result 0-1 checkmate
Game (W:v30 vs B:v29) FEN=rnbqrbnk/pp4pp/2p5/3ppp2/2PP4/5P1P/PP2P1P1/KNBRQBNR\ w\ -\ -\ 0\ 1 -> result 1-0 checkmate
Game (W:v30 vs B:v29) FEN=knbrqbnr/p3p2p/1p1p2p1/2p2p2/5P2/2PPP2P/PP4P1/RNBQRBNK\ w\ -\ -\ 0\ 1 -> result 0-1 checkmate
Game (W:v30 vs B:v29) FEN=rnbqrbnk/p1p2p2/1p1pp1pp/8/8/1PPPPP2/P5PP/KNBRQBNR\ w\ -\ -\ 0\ 1 -> result 1-0 checkmate
Game (W:v30 vs B:v29) FEN=knbrqbnr/p4pp1/1pppp2p/8/4P3/5PPP/PPPP4/RNBQRBNK\ w\ -\ -\ 0\ 1 -> result 0-1 checkmate
Game (W:v30 vs B:v29) FEN=rnbqrbnk/p2p2p1/1p2p2p/2p2p2/2P5/1P1P2PP/P3PP2/KNBRQBNR\ w\ -\ -\ 0\ 1 -> result 1-0 checkmate
Game (W:v30 vs B:v29) FEN=rnbqrbnk/ppp3p1/3p1p1p/4p3/2P5/1P1P1PP1/P3P2P/KNBRQBNR\ w\ -\ -\ 0\ 1 -> result 0-1 checkmate
Game (W:v30 vs B:v29) FEN=knbrqbnr/1p2p1pp/p1p5/3p1p2/3P4/1PP1P1P1/P4P1P/RNBQRBNK\ w\ -\ -\ 0\ 1 -> result 1-0 checkmate
Game (W:v30 vs B:v29) FEN=rnbqrbnk/p5pp/1p2p3/2pp1p2/2PP4/P3P3/1P3PPP/KNBRQBNR\ w\ -\ -\ 0\ 1 -> result 0-1 checkmate
Game (W:v30 vs B:v29) FEN=rnbqrbnk/p5pp/1pp1p3/3p1p2/3P4/1P2P2P/P1P2PP1/KNBRQBNR\ w\ -\ -\ 0\ 1 -> result 0-1 checkmate
Game (W:v30 vs B:v29) FEN=rnbqrbnk/1p3p1p/p1p1p1p1/3p4/2P5/P2PPP2/1P4PP/KNBRQBNR\ w\ -\ -\ 0\ 1 -> result 1/2-1/2 max-plies
Game (W:v30 vs B:v29) FEN=rnbqrbnk/1p4pp/p1ppp3/5p2/8/1P1PPPP1/P1P4P/KNBRQBNR\ w\ -\ -\ 0\ 1 -> result 0-1 checkmate
Game (W:v30 vs B:v29) FEN=knbrqbnr/ppp2p2/6pp/3pp3/2P5/P3PPP1/1P1P3P/RNBQRBNK\ w\ -\ -\ 0\ 1 -> result 1-0 checkmate
Game (W:v30 vs B:v29) FEN=knbrqbnr/pp3pp1/2p4p/3pp3/4P3/PP4P1/2PP1P1P/RNBQRBNK\ w\ -\ -\ 0\ 1 -> result 1/2-1/2 max-plies
Game (W:v30 vs B:v29) FEN=rnbqrbnk/p5pp/1p1pp3/2p2p2/2P1P3/P2P1P2/1P4PP/KNBRQBNR\ w\ -\ -\ 0\ 1 -> result 1-0 checkmate
Game (W:v30 vs B:v29) FEN=rnbqrbnk/1p4pp/p2ppp2/2p5/3P1P2/1P5P/P1P1P1P1/KNBRQBNR\ w\ -\ -\ 0\ 1 -> result 1-0 checkmate
Game (W:v30 vs B:v29) FEN=knbrqbnr/1p2pp1p/p1p3p1/3p4/5P2/1PP1P1P1/P2P3P/RNBQRBNK\ w\ -\ -\ 0\ 1 -> result 1/2-1/2 max-plies
Game (W:v30 vs B:v29) FEN=rnbqrbnk/2p3pp/pp2p3/3p1p2/2P2P2/1P1P3P/P3P1P1/KNBRQBNR\ w\ -\ -\ 0\ 1 -> result 1-0 checkmate
Game (W:v30 vs B:v29) FEN=rnbqrbnk/2p2p1p/pp2p1p1/3p4/8/1PPPPP2/P5PP/KNBRQBNR\ w\ -\ -\ 0\ 1 -> result 1-0 checkmate

=== Match Summary ===
Total games: 100
v29 wins: 34
v30 wins: 37
draws:   29
=== Worker 2 end ===
