=== Worker 8 start ===
Running matches: games_per_side=10, depth=8, max_plies=150, movetime_ms=50, fen_or_book=book, version_a=v7, version_b=v8

Batch 1/2: v7 white, v8 black (10 games)
Game (W:v7 vs B:v8) FEN='rnbqrbnk/p4ppp/1ppp4/4p3/2P5/P2PP1P1/1P3P1P/KNBRQBNR w - - 0 1' -> result 1/2-1/2 max-plies
Game (W:v7 vs B:v8) FEN='knbrqbnr/1p4pp/p2pp3/2p2p2/8/PP1PP1P1/2P2P1P/RNBQRBNK w - - 0 1' -> result 1/2-1/2 max-plies
Game (W:v7 vs B:v8) FEN='knbrqbnr/ppp5/3ppppp/8/8/1P1PPP1P/P1P3P1/RNBQRBNK w - - 0 1' -> result 1/2-1/2 max-plies
Game (W:v7 vs B:v8) FEN='knbrqbnr/ppp5/3p1ppp/4p3/4P3/1PPP4/P4PPP/RNBQRBNK w - - 0 1' -> result 1/2-1/2 max-plies
Game (W:v7 vs B:v8) FEN='rnbqrbnk/ppp3p1/5p1p/3pp3/2P5/3PP1PP/PP3P2/KNBRQBNR w - - 0 1' -> result 1/2-1/2 max-plies
Game (W:v7 vs B:v8) FEN='rnbqrbnk/3p2pp/pp2p3/2p2p2/2P1P3/1P1P1P2/P5PP/KNBRQBNR w - - 0 1' -> result 1/2-1/2 max-plies
Game (W:v7 vs B:v8) FEN='rnbqrbnk/ppp2p2/6pp/3pp3/4P3/1PPP3P/P4PP1/KNBRQBNR w - - 0 1' -> result 1/2-1/2 max-plies
Game (W:v7 vs B:v8) FEN='knbrqbnr/p1p3pp/1p2pp2/3p4/8/PP1PPP2/2P3PP/RNBQRBNK w - - 0 1' -> result 1/2-1/2 max-plies
Game (W:v7 vs B:v8) FEN='knbrqbnr/p1p3pp/1p2pp2/3p4/8/PP1PPP2/2P3PP/RNBQRBNK w - - 0 1' -> result 1/2-1/2 max-plies
Game (W:v7 vs B:v8) FEN='knbrqbnr/ppp5/3ppppp/8/4P3/PP3P2/2PP2PP/RNBQRBNK w - - 0 1' -> result 1/2-1/2 max-plies
Batch 2/2: v8 white, v7 black (10 games)
Game (W:v8 vs B:v7) FEN='knbrqbnr/pp5p/2ppppp1/8/3P4/2P1PPP1/PP5P/RNBQRBNK w - - 0 1' -> result 1/2-1/2 max-plies
Game (W:v8 vs B:v7) FEN='knbrqbnr/p1p3p1/1p1p1p1p/4p3/5P2/1PP1P2P/P2P2P1/RNBQRBNK w - - 0 1' -> result 1/2-1/2 max-plies
Game (W:v8 vs B:v7) FEN='rnbqrbnk/3p2pp/ppp1pp2/8/2P5/3PP1PP/PP3P2/KNBRQBNR w - - 0 1' -> result 1/2-1/2 max-plies
Game (W:v8 vs B:v7) FEN='knbrqbnr/1pp4p/p2p1pp1/4p3/3PP3/P1P5/1P3PPP/RNBQRBNK w - - 0 1' -> result 0-1 checkmate
Game (W:v8 vs B:v7) FEN='rnbqrbnk/pp4pp/2p5/3ppp2/3P4/2P1P1P1/PP3P1P/KNBRQBNR w - - 0 1' -> result 1/2-1/2 max-plies
Game (W:v8 vs B:v7) FEN='knbrqbnr/pp5p/2ppp1p1/5p2/2P1P3/1P5P/P2P1PP1/RNBQRBNK w - - 0 1' -> result 1/2-1/2 max-plies
Game (W:v8 vs B:v7) FEN='rnbqrbnk/pp3pp1/7p/2ppp3/5P2/2PPP1P1/PP5P/KNBRQBNR w - - 0 1' -> result 1/2-1/2 max-plies
Game (W:v8 vs B:v7) FEN='rnbqrbnk/ppp3p1/7p/3ppp2/2P5/3PPP1P/PP4P1/KNBRQBNR w - - 0 1' -> result 1/2-1/2 max-plies
Game (W:v8 vs B:v7) FEN='rnbqrbnk/pp4pp/8/2pppp2/3P4/1P3PP1/P1P1P2P/KNBRQBNR w - c6 0 1' -> result 1/2-1/2 max-plies
Game (W:v8 vs B:v7) FEN='rnbqrbnk/p2p2pp/1pp2p2/4p3/2P2P2/1P1PP3/P5PP/KNBRQBNR w - - 0 1' -> result 1/2-1/2 max-plies

=== Match Summary ===
Total games: 20
v7 wins: 1
v8 wins: 0
draws:   19
=== Worker 8 end ===
