=== Worker 4 start ===
Running matches: games_per_side=10, depth=8, max_plies=150, movetime_ms=50, fen_or_book=book, version_a=v7, version_b=v8

Batch 1/2: v7 white, v8 black (10 games)
Game (W:v7 vs B:v8) FEN='rnbqrbnk/2pp2pp/pp6/4pp2/4P3/PPPP4/5PPP/KNBRQBNR w - - 0 1' -> result 0-1 checkmate
Game (W:v7 vs B:v8) FEN='knbrqbnr/pp4pp/2p1p3/3p1p2/5P2/PPP1P3/3P2PP/RNBQRBNK w - - 0 1' -> result 0-1 checkmate
Game (W:v7 vs B:v8) FEN='rnbqrbnk/p5pp/1p1pp3/2p2p2/2P1P3/1P1P3P/P4PP1/KNBRQBNR w - - 0 1' -> result 1/2-1/2 max-plies
Game (W:v7 vs B:v8) FEN='rnbqrbnk/pp4pp/5p2/2ppp3/4PP2/P2P2P1/1PP4P/KNBRQBNR w - c6 0 1' -> result 0-1 checkmate
Game (W:v7 vs B:v8) FEN='rnbqrbnk/1pp4p/p2pppp1/8/5P2/PPPP4/4P1PP/KNBRQBNR w - - 0 1' -> result 0-1 checkmate
Game (W:v7 vs B:v8) FEN='knbrqbnr/pp4p1/2ppp2p/5p2/2P5/PP2PP2/3P2PP/RNBQRBNK w - - 0 1' -> result 1/2-1/2 max-plies
Game (W:v7 vs B:v8) FEN='knbrqbnr/p4ppp/1pp5/3pp3/8/1PPPP2P/P4PP1/RNBQRBNK w - - 0 1' -> result 0-1 checkmate
Game (W:v7 vs B:v8) FEN='knbrqbnr/ppp4p/4p1p1/3p1p2/4PP2/P5P1/1PPP3P/RNBQRBNK w - - 0 1' -> result 0-1 checkmate
Game (W:v7 vs B:v8) FEN='rnbqrbnk/1p1p2pp/p1p5/4pp2/2PP4/1P3P2/P3P1PP/KNBRQBNR w - - 0 1' -> result 1/2-1/2 max-plies
Game (W:v7 vs B:v8) FEN='knbrqbnr/1p4pp/p1pp4/4pp2/3P4/1PP1PP2/P5PP/RNBQRBNK w - - 0 1' -> result 0-1 checkmate
Batch 2/2: v8 white, v7 black (10 games)
Game (W:v8 vs B:v7) FEN='knbrqbnr/pp4p1/3p3p/2p1pp2/4P3/P2P2P1/1PP2P1P/RNBQRBNK w - - 0 1' -> result 1/2-1/2 max-plies
Game (W:v8 vs B:v7) FEN='rnbqrbnk/1pp2p1p/p5p1/3pp3/3P4/PPP5/4PPPP/KNBRQBNR w - - 0 1' -> result 0-1 checkmate
Game (W:v8 vs B:v7) FEN='knbrqbnr/1p2p1pp/p4p2/2pp4/8/2PPPP1P/PP4P1/RNBQRBNK w - - 0 1' -> result 1-0 checkmate
Game (W:v8 vs B:v7) FEN='knbrqbnr/pp2p3/3p2pp/2p2p2/4P3/2PP3P/PP3PP1/RNBQRBNK w - - 0 1' -> result 1/2-1/2 max-plies
Game (W:v8 vs B:v7) FEN='rnbqrbnk/1p4pp/p2pp3/2p2p2/2P5/3PP1PP/PP3P2/KNBRQBNR w - - 0 1' -> result 1/2-1/2 max-plies
Game (W:v8 vs B:v7) FEN='knbrqbnr/1p3ppp/p3p3/2pp4/3P1P2/1P2P2P/P1P3P1/RNBQRBNK w - - 0 1' -> result 1/2-1/2 max-plies
Game (W:v8 vs B:v7) FEN='rnbqrbnk/5ppp/pp1pp3/2p5/3P1P2/4P1P1/PPP4P/KNBRQBNR w - - 0 1' -> result 1/2-1/2 max-plies
Game (W:v8 vs B:v7) FEN='knbrqbnr/1p4pp/p1pp4/4pp2/2PP4/P3P1P1/1P3P1P/RNBQRBNK w - - 0 1' -> result 1-0 checkmate
Game (W:v8 vs B:v7) FEN='knbrqbnr/pp3p1p/2p3p1/3pp3/4P3/P1P3P1/1P1P1P1P/RNBQRBNK w - - 0 1' -> result 0-1 checkmate
Game (W:v8 vs B:v7) FEN='knbrqbnr/p3p2p/1p1p2p1/2p2p2/4P3/1P4PP/P1PP1P2/RNBQRBNK w - - 0 1' -> result 1/2-1/2 max-plies

=== Match Summary ===
Total games: 20
v7 wins: 2
v8 wins: 9
draws:   9
=== Worker 4 end ===
