=== Worker 4 start ===
Running matches: games_per_side=50, depth=8, max_plies=150, movetime_ms=10, fen_or_book=book, version_a=v21, version_b=v22

Batch 1/2: v21 white vs v22 black, 50 games
Game (W:v21 vs B:v22) FEN=knbrqbnr/ppp5/3p1ppp/4p3/3PP3/PP6/2P2PPP/RNBQRBNK\ w\ -\ -\ 0\ 1 -> result 1-0 checkmate
Game (W:v21 vs B:v22) FEN=knbrqbnr/p1p4p/1p1pp1p1/5p2/8/3PPPPP/PPP5/RNBQRBNK\ w\ -\ -\ 0\ 1 -> result 1/2-1/2 threefold-repetition
Game (W:v21 vs B:v22) FEN=knbrqbnr/pp5p/2ppp1p1/5p2/2P1P3/3P2P1/PP3P1P/RNBQRBNK\ w\ -\ -\ 0\ 1 -> result 1/2-1/2 max-plies
Game (W:v21 vs B:v22) FEN=rnbqrbnk/pp3pp1/7p/2ppp3/3P4/P1P2P2/1P2P1PP/KNBRQBNR\ w\ -\ -\ 0\ 1 -> result 1-0 checkmate
Game (W:v21 vs B:v22) FEN=rnbqrbnk/p5pp/1pppp3/5p2/2PP4/1P4P1/P3PP1P/KNBRQBNR\ w\ -\ -\ 0\ 1 -> result 1/2-1/2 max-plies
Game (W:v21 vs B:v22) FEN=rnbqrbnk/p1p2p2/1p2p1pp/3p4/8/1PPP1PP1/P3P2P/KNBRQBNR\ w\ -\ -\ 0\ 1 -> result 1-0 checkmate
Game (W:v21 vs B:v22) FEN=knbrqbnr/pp5p/3p1pp1/2p1p3/3P4/1PP1P1P1/P4P1P/RNBQRBNK\ w\ -\ c6\ 0\ 1 -> result 0-1 checkmate
Game (W:v21 vs B:v22) FEN=knbrqbnr/pp5p/2ppp1p1/5p2/2P5/1P1PPP2/P5PP/RNBQRBNK\ w\ -\ -\ 0\ 1 -> result 1/2-1/2 max-plies
Game (W:v21 vs B:v22) FEN=knbrqbnr/1pp4p/p2pp1p1/5p2/2P1P3/5P1P/PP1P2P1/RNBQRBNK\ w\ -\ -\ 0\ 1 -> result 1/2-1/2 max-plies
Game (W:v21 vs B:v22) FEN=rnbqrbnk/p2p2pp/1p3p2/2p1p3/5P2/1P1PP2P/P1P3P1/KNBRQBNR\ w\ -\ -\ 0\ 1 -> result 1/2-1/2 threefold-repetition
Game (W:v21 vs B:v22) FEN=rnbqrbnk/p5pp/1p2p3/2pp1p2/2PP4/4P1P1/PP3P1P/KNBRQBNR\ w\ -\ -\ 0\ 1 -> result 1/2-1/2 max-plies
Game (W:v21 vs B:v22) FEN=knbrqbnr/pp2p3/2pp2pp/5p2/3P1P2/2P1P2P/PP4P1/RNBQRBNK\ w\ -\ -\ 0\ 1 -> result 1/2-1/2 threefold-repetition
Game (W:v21 vs B:v22) FEN=rnbqrbnk/5ppp/ppp1p3/3p4/3P4/P1P3P1/1P2PP1P/KNBRQBNR\ w\ -\ -\ 0\ 1 -> result 1/2-1/2 max-plies
Game (W:v21 vs B:v22) FEN=rnbqrbnk/p2p2pp/1pp2p2/4p3/2P2P2/1P1PP3/P5PP/KNBRQBNR\ w\ -\ -\ 0\ 1 -> result 1/2-1/2 max-plies
Game (W:v21 vs B:v22) FEN=rnbqrbnk/p2p2pp/1pp2p2/4p3/2P2P2/1P1PP3/P5PP/KNBRQBNR\ w\ -\ -\ 0\ 1 -> result 1/2-1/2 max-plies
Game (W:v21 vs B:v22) FEN=rnbqrbnk/2p3pp/pp1pp3/5p2/2P5/1P1P1PP1/P3P2P/KNBRQBNR\ w\ -\ -\ 0\ 1 -> result 1/2-1/2 max-plies
Game (W:v21 vs B:v22) FEN=knbrqbnr/pp5p/3p1pp1/2p1p3/4P3/1P1P1P2/P1P3PP/RNBQRBNK\ w\ -\ c6\ 0\ 1 -> result 1-0 checkmate
Game (W:v21 vs B:v22) FEN=rnbqrbnk/ppp3p1/5p1p/3pp3/2P5/3PP1PP/PP3P2/KNBRQBNR\ w\ -\ -\ 0\ 1 -> result 1/2-1/2 max-plies
Game (W:v21 vs B:v22) FEN=knbrqbnr/1p2p2p/p1pp1pp1/8/8/1PP1PP1P/P2P2P1/RNBQRBNK\ w\ -\ -\ 0\ 1 -> result 0-1 checkmate
Game (W:v21 vs B:v22) FEN=rnbqrbnk/1p4pp/p3pp2/2pp4/3P4/2P2PP1/PP2P2P/KNBRQBNR\ w\ -\ -\ 0\ 1 -> result 1-0 checkmate
Game (W:v21 vs B:v22) FEN=rnbqrbnk/1p3ppp/p1p5/3pp3/2PP4/4PP2/PP4PP/KNBRQBNR\ w\ -\ -\ 0\ 1 -> result 1-0 checkmate
Game (W:v21 vs B:v22) FEN=rnbqrbnk/ppp2p2/3p2pp/4p3/2P2P2/1P1P3P/P3P1P1/KNBRQBNR\ w\ -\ -\ 0\ 1 -> result 0-1 checkmate
Game (W:v21 vs B:v22) FEN=rnbqrbnk/2pp2pp/pp6/4pp2/8/PP1P1PP1/2P1P2P/KNBRQBNR\ w\ -\ -\ 0\ 1 -> result 1-0 checkmate
Game (W:v21 vs B:v22) FEN=rnbqrbnk/ppp5/3pp1pp/5p2/8/1PPP1PP1/P3P2P/KNBRQBNR\ w\ -\ -\ 0\ 1 -> result 0-1 checkmate
Game (W:v21 vs B:v22) FEN=rnbqrbnk/2p2p1p/pp2p1p1/3p4/8/1PPPPP2/P5PP/KNBRQBNR\ w\ -\ -\ 0\ 1 -> result 1/2-1/2 max-plies
Game (W:v21 vs B:v22) FEN=rnbqrbnk/pp4p1/3ppp1p/2p5/2P1P3/P2P2P1/1P3P1P/KNBRQBNR\ w\ -\ -\ 0\ 1 -> result 1-0 checkmate
Game (W:v21 vs B:v22) FEN=rnbqrbnk/1pp3pp/p2p1p2/4p3/3P4/1PP4P/P3PPP1/KNBRQBNR\ w\ -\ -\ 0\ 1 -> result 1-0 checkmate
Game (W:v21 vs B:v22) FEN=knbrqbnr/pp2p3/2pp1ppp/8/8/1PPPPP2/P5PP/RNBQRBNK\ w\ -\ -\ 0\ 1 -> result 1-0 checkmate
Game (W:v21 vs B:v22) FEN=knbrqbnr/pp5p/3pppp1/2p5/8/2PPP1PP/PP3P2/RNBQRBNK\ w\ -\ c6\ 0\ 1 -> result 1-0 checkmate
Game (W:v21 vs B:v22) FEN=knbrqbnr/p1p2p1p/1p4p1/3pp3/5P2/2PPP2P/PP4P1/RNBQRBNK\ w\ -\ -\ 0\ 1 -> result 1-0 checkmate
Game (W:v21 vs B:v22) FEN=rnbqrbnk/1p3p1p/p1p1p1p1/3p4/2PP4/P4P2/1P2P1PP/KNBRQBNR\ w\ -\ -\ 0\ 1 -> result 1/2-1/2 max-plies
Game (W:v21 vs B:v22) FEN=knbrqbnr/pp3p2/2pp2pp/4p3/4PP2/2P4P/PP1P2P1/RNBQRBNK\ w\ -\ -\ 0\ 1 -> result 1-0 checkmate
Game (W:v21 vs B:v22) FEN=rnbqrbnk/pp4pp/2p2p2/3pp3/3PP3/2P2P2/PP4PP/KNBRQBNR\ w\ -\ -\ 0\ 1 -> result 0-1 checkmate
Game (W:v21 vs B:v22) FEN=rnbqrbnk/p5pp/1p1ppp2/2p5/4P3/1PPP1P2/P5PP/KNBRQBNR\ w\ -\ -\ 0\ 1 -> result 1/2-1/2 max-plies
Game (W:v21 vs B:v22) FEN=knbrqbnr/pp4p1/2pppp1p/8/8/P1P1PPP1/1P1P3P/RNBQRBNK\ w\ -\ -\ 0\ 1 -> result 1-0 checkmate
Game (W:v21 vs B:v22) FEN=rnbqrbnk/pp3p2/3pp1pp/2p5/8/PP1PPP2/2P3PP/KNBRQBNR\ w\ -\ -\ 0\ 1 -> result 1-0 checkmate
Game (W:v21 vs B:v22) FEN=rnbqrbnk/1p1p2pp/p4p2/2p1p3/4P3/2PP1PP1/PP5P/KNBRQBNR\ w\ -\ -\ 0\ 1 -> result 1/2-1/2 threefold-repetition
Game (W:v21 vs B:v22) FEN=knbrqbnr/p4pp1/1pppp2p/8/4P3/5PPP/PPPP4/RNBQRBNK\ w\ -\ -\ 0\ 1 -> result 1/2-1/2 max-plies
Game (W:v21 vs B:v22) FEN=knbrqbnr/pp4p1/3p3p/2p1pp2/2P5/P2PPP2/1P4PP/RNBQRBNK\ w\ -\ -\ 0\ 1 -> result 1/2-1/2 max-plies
Game (W:v21 vs B:v22) FEN=rnbqrbnk/1p4pp/p1pppp2/8/3P4/1P3P1P/P1P1P1P1/KNBRQBNR\ w\ -\ -\ 0\ 1 -> result 1-0 checkmate
Game (W:v21 vs B:v22) FEN=knbrqbnr/p4p1p/1p1p2p1/2p1p3/5P2/1P1PP1P1/P1P4P/RNBQRBNK\ w\ -\ -\ 0\ 1 -> result 1-0 checkmate
Game (W:v21 vs B:v22) FEN=rnbqrbnk/1pp4p/p2pp1p1/5p2/8/PPPPP3/5PPP/KNBRQBNR\ w\ -\ -\ 0\ 1 -> result 1/2-1/2 max-plies
Game (W:v21 vs B:v22) FEN=knbrqbnr/2p1pp1p/pp4p1/3p4/8/1PP1PP1P/P2P2P1/RNBQRBNK\ w\ -\ -\ 0\ 1 -> result 0-1 checkmate
Game (W:v21 vs B:v22) FEN=knbrqbnr/2p1p2p/pp1p1pp1/8/5P2/3PP1PP/PPP5/RNBQRBNK\ w\ -\ -\ 0\ 1 -> result 1-0 checkmate
Game (W:v21 vs B:v22) FEN=knbrqbnr/p1p3pp/1p6/3ppp2/2P2P2/3PP1P1/PP5P/RNBQRBNK\ w\ -\ -\ 0\ 1 -> result 0-1 checkmate
Game (W:v21 vs B:v22) FEN=rnbqrbnk/pp3p1p/3p2p1/2p1p3/8/2PP1PPP/PP2P3/KNBRQBNR\ w\ -\ c6\ 0\ 1 -> result 0-1 checkmate
Game (W:v21 vs B:v22) FEN=rnbqrbnk/p5pp/1ppppp2/8/5P2/1PPP3P/P3P1P1/KNBRQBNR\ w\ -\ -\ 0\ 1 -> result 1/2-1/2 max-plies
Game (W:v21 vs B:v22) FEN=knbrqbnr/1p3ppp/p3p3/2pp4/3P1P2/1P2P2P/P1P3P1/RNBQRBNK\ w\ -\ -\ 0\ 1 -> result 1-0 checkmate
Game (W:v21 vs B:v22) FEN=knbrqbnr/pp3p2/2ppp1pp/8/4PP2/2P4P/PP1P2P1/RNBQRBNK\ w\ -\ -\ 0\ 1 -> result 1-0 checkmate
Game (W:v21 vs B:v22) FEN=rnbqrbnk/pp4pp/3p1p2/2p1p3/5P2/2PPP2P/PP4P1/KNBRQBNR\ w\ -\ c6\ 0\ 1 -> result 1-0 checkmate
Batch 2/2: v22 white vs v21 black, 50 games
Game (W:v22 vs B:v21) FEN=rnbqrbnk/pp5p/4p1p1/2pp1p2/4P3/1P1P1PP1/P1P4P/KNBRQBNR\ w\ -\ c6\ 0\ 1 -> result 1-0 checkmate
Game (W:v22 vs B:v21) FEN=rnbqrbnk/2p2p1p/pp2p1p1/3p4/2P5/1P1PP1P1/P4P1P/KNBRQBNR\ w\ -\ -\ 0\ 1 -> result 1-0 checkmate
Game (W:v22 vs B:v21) FEN=knbrqbnr/pp2pp2/2p3pp/3p4/2P5/3PP1PP/PP3P2/RNBQRBNK\ w\ -\ -\ 0\ 1 -> result 1-0 checkmate
Game (W:v22 vs B:v21) FEN=rnbqrbnk/1p1p2pp/p1p5/4pp2/2P5/P2P1PP1/1P2P2P/KNBRQBNR\ w\ -\ -\ 0\ 1 -> result 1-0 checkmate
Game (W:v22 vs B:v21) FEN=knbrqbnr/2p2ppp/pp2p3/3p4/4P3/3P1PP1/PPP4P/RNBQRBNK\ w\ -\ -\ 0\ 1 -> result 1/2-1/2 threefold-repetition
Game (W:v22 vs B:v21) FEN=rnbqrbnk/1p4pp/p3p3/2pp1p2/2P2P2/P2PP3/1P4PP/KNBRQBNR\ w\ -\ -\ 0\ 1 -> result 1/2-1/2 max-plies
Game (W:v22 vs B:v21) FEN=rnbqrbnk/pp1p3p/2p2pp1/4p3/8/2PPPP1P/PP4P1/KNBRQBNR\ w\ -\ -\ 0\ 1 -> result 0-1 checkmate
Game (W:v22 vs B:v21) FEN=rnbqrbnk/p1p4p/1p1pppp1/8/2P1P3/PP1P4/5PPP/KNBRQBNR\ w\ -\ -\ 0\ 1 -> result 0-1 checkmate
Game (W:v22 vs B:v21) FEN=rnbqrbnk/p1p3p1/1p1ppp1p/8/8/1P1PP1PP/P1P2P2/KNBRQBNR\ w\ -\ -\ 0\ 1 -> result 1-0 checkmate
Game (W:v22 vs B:v21) FEN=rnbqrbnk/p1p3p1/1p1ppp1p/8/2PP4/PP6/4PPPP/KNBRQBNR\ w\ -\ -\ 0\ 1 -> result 0-1 checkmate
Game (W:v22 vs B:v21) FEN=rnbqrbnk/p1p3pp/1p1p1p2/4p3/8/P1PPPP2/1P4PP/KNBRQBNR\ w\ -\ -\ 0\ 1 -> result 1/2-1/2 max-plies
Game (W:v22 vs B:v21) FEN=knbrqbnr/pp4p1/2pp1p1p/4p3/3PP3/5PP1/PPP4P/RNBQRBNK\ w\ -\ -\ 0\ 1 -> result 1/2-1/2 max-plies
Game (W:v22 vs B:v21) FEN=knbrqbnr/p1p2p2/1p1p2pp/4p3/2P1PP2/6P1/PP1P3P/RNBQRBNK\ w\ -\ -\ 0\ 1 -> result 1-0 checkmate
Game (W:v22 vs B:v21) FEN=rnbqrbnk/2p3pp/pp1pp3/5p2/3P4/2P2PP1/PP2P2P/KNBRQBNR\ w\ -\ -\ 0\ 1 -> result 0-1 checkmate
Game (W:v22 vs B:v21) FEN=rnbqrbnk/p2p2p1/1p2pp1p/2p5/2P1P3/P2P1P2/1P4PP/KNBRQBNR\ w\ -\ -\ 0\ 1 -> result 1/2-1/2 threefold-repetition
Game (W:v22 vs B:v21) FEN=knbrqbnr/ppp3p1/4pp1p/3p4/3PP3/1P4P1/P1P2P1P/RNBQRBNK\ w\ -\ -\ 0\ 1 -> result 1/2-1/2 max-plies
Game (W:v22 vs B:v21) FEN=knbrqbnr/pp4p1/2ppp2p/5p2/2P5/1P1PP2P/P4PP1/RNBQRBNK\ w\ -\ -\ 0\ 1 -> result 1-0 checkmate
Game (W:v22 vs B:v21) FEN=knbrqbnr/pp2p3/3p2pp/2p2p2/2P5/3PPP1P/PP4P1/RNBQRBNK\ w\ -\ -\ 0\ 1 -> result 1-0 checkmate
Game (W:v22 vs B:v21) FEN=knbrqbnr/pp4p1/3p3p/2p1pp2/4PP2/1P1P4/P1P3PP/RNBQRBNK\ w\ -\ -\ 0\ 1 -> result 1/2-1/2 max-plies
Game (W:v22 vs B:v21) FEN=rnbqrbnk/ppp3p1/3p3p/4pp2/8/PP1PP1P1/2P2P1P/KNBRQBNR\ w\ -\ -\ 0\ 1 -> result 0-1 checkmate
Game (W:v22 vs B:v21) FEN=rnbqrbnk/5ppp/pp1pp3/2p5/3P1P2/4P1P1/PPP4P/KNBRQBNR\ w\ -\ -\ 0\ 1 -> result 0-1 checkmate
Game (W:v22 vs B:v21) FEN=rnbqrbnk/1pp3pp/p2p4/4pp2/2PPP3/6P1/PP3P1P/KNBRQBNR\ w\ -\ -\ 0\ 1 -> result 0-1 checkmate
Game (W:v22 vs B:v21) FEN=rnbqrbnk/p1p3pp/1p1p4/4pp2/8/1PPPP1P1/P4P1P/KNBRQBNR\ w\ -\ -\ 0\ 1 -> result 1-0 checkmate
Game (W:v22 vs B:v21) FEN=rnbqrbnk/pp1p3p/6p1/2p1pp2/8/PP1P1PP1/2P1P2P/KNBRQBNR\ w\ -\ c6\ 0\ 1 -> result 1-0 checkmate
Game (W:v22 vs B:v21) FEN=knbrqbnr/1p3ppp/p7/2ppp3/2P5/1P2P1PP/P2P1P2/RNBQRBNK\ w\ -\ -\ 0\ 1 -> result 0-1 checkmate
Game (W:v22 vs B:v21) FEN=knbrqbnr/pp3pp1/4p2p/2pp4/2P5/1P2PPP1/P2P3P/RNBQRBNK\ w\ -\ -\ 0\ 1 -> result 1-0 checkmate
Game (W:v22 vs B:v21) FEN=knbrqbnr/ppp1p3/6pp/3p1p2/5P2/PP2P1P1/2PP3P/RNBQRBNK\ w\ -\ -\ 0\ 1 -> result 1-0 checkmate
Game (W:v22 vs B:v21) FEN=rnbqrbnk/pp4p1/2p1p2p/3p1p2/4P3/1PPP3P/P4PP1/KNBRQBNR\ w\ -\ -\ 0\ 1 -> result 1-0 checkmate
Game (W:v22 vs B:v21) FEN=knbrqbnr/2p2p1p/pp1p2p1/4p3/4PP2/2P3P1/PP1P3P/RNBQRBNK\ w\ -\ -\ 0\ 1 -> result 1-0 checkmate
Game (W:v22 vs B:v21) FEN=rnbqrbnk/pp5p/2ppppp1/8/2P1P3/PP1P4/5PPP/KNBRQBNR\ w\ -\ -\ 0\ 1 -> result 1/2-1/2 max-plies
Game (W:v22 vs B:v21) FEN=knbrqbnr/1p2p2p/p1pp2p1/5p2/4P3/P2P2P1/1PP2P1P/RNBQRBNK\ w\ -\ -\ 0\ 1 -> result 1/2-1/2 max-plies
Game (W:v22 vs B:v21) FEN=knbrqbnr/2p3pp/pp1pp3/5p2/5P2/P1PPP3/1P4PP/RNBQRBNK\ w\ -\ -\ 0\ 1 -> result 0-1 checkmate
Game (W:v22 vs B:v21) FEN=rnbqrbnk/pp4pp/2pp1p2/4p3/2P2P2/P2PP3/1P4PP/KNBRQBNR\ w\ -\ -\ 0\ 1 -> result 1-0 checkmate
Game (W:v22 vs B:v21) FEN=knbrqbnr/p1p3pp/1p2p3/3p1p2/2P5/3PP1PP/PP3P2/RNBQRBNK\ w\ -\ -\ 0\ 1 -> result 0-1 checkmate
Game (W:v22 vs B:v21) FEN=knbrqbnr/p1p1p3/1p1p2pp/5p2/8/1P1PPPP1/P1P4P/RNBQRBNK\ w\ -\ -\ 0\ 1 -> result 0-1 checkmate
Game (W:v22 vs B:v21) FEN=rnbqrbnk/p2p3p/1p2p1p1/2p2p2/8/PPPP1P2/4P1PP/KNBRQBNR\ w\ -\ -\ 0\ 1 -> result 1-0 checkmate
Game (W:v22 vs B:v21) FEN=knbrqbnr/ppp4p/5pp1/3pp3/5P2/PPP1P3/3P2PP/RNBQRBNK\ w\ -\ -\ 0\ 1 -> result 0-1 checkmate
Game (W:v22 vs B:v21) FEN=rnbqrbnk/ppp2p2/3p2pp/4p3/2P2P2/1P1P3P/P3P1P1/KNBRQBNR\ w\ -\ -\ 0\ 1 -> result 1-0 checkmate
Game (W:v22 vs B:v21) FEN=rnbqrbnk/p1p3p1/1p2pp1p/3p4/2P5/3PPP1P/PP4P1/KNBRQBNR\ w\ -\ -\ 0\ 1 -> result 1/2-1/2 threefold-repetition
Game (W:v22 vs B:v21) FEN=knbrqbnr/p1p2p2/1p1p2pp/4p3/2P1PP2/6P1/PP1P3P/RNBQRBNK\ w\ -\ -\ 0\ 1 -> result 1-0 checkmate
Game (W:v22 vs B:v21) FEN=rnbqrbnk/p5pp/1p2p3/2pp1p2/4P3/P2P1PP1/1PP4P/KNBRQBNR\ w\ -\ -\ 0\ 1 -> result 1/2-1/2 threefold-repetition
Game (W:v22 vs B:v21) FEN=knbrqbnr/2p2ppp/pp6/3pp3/2P5/1P2PPP1/P2P3P/RNBQRBNK\ w\ -\ -\ 0\ 1 -> result 1/2-1/2 max-plies
Game (W:v22 vs B:v21) FEN=rnbqrbnk/1p3ppp/p2p4/2p1p3/3P4/1PP1P3/P4PPP/KNBRQBNR\ w\ -\ -\ 0\ 1 -> result 1-0 checkmate
Game (W:v22 vs B:v21) FEN=knbrqbnr/pp3p2/2pp2pp/4p3/4P3/1P1P1P2/P1P3PP/RNBQRBNK\ w\ -\ -\ 0\ 1 -> result 1-0 checkmate
Game (W:v22 vs B:v21) FEN=rnbqrbnk/ppp3p1/3p3p/4pp2/8/PP1PP1P1/2P2P1P/KNBRQBNR\ w\ -\ -\ 0\ 1 -> result 1-0 checkmate
Game (W:v22 vs B:v21) FEN=knbrqbnr/pp2p3/3p2pp/2p2p2/4P3/2PP3P/PP3PP1/RNBQRBNK\ w\ -\ -\ 0\ 1 -> result 0-1 checkmate
Game (W:v22 vs B:v21) FEN=rnbqrbnk/ppp3p1/3p1p1p/4p3/2P5/1P1P2PP/P3PP2/KNBRQBNR\ w\ -\ -\ 0\ 1 -> result 1-0 checkmate
Game (W:v22 vs B:v21) FEN=rnbqrbnk/2p3pp/pp1ppp2/8/3P1P2/1P5P/P1P1P1P1/KNBRQBNR\ w\ -\ -\ 0\ 1 -> result 0-1 checkmate
Game (W:v22 vs B:v21) FEN=rnbqrbnk/pp5p/4ppp1/2pp4/3P4/PP3P2/2P1P1PP/KNBRQBNR\ w\ -\ c6\ 0\ 1 -> result 0-1 checkmate
Game (W:v22 vs B:v21) FEN=knbrqbnr/1pp1p2p/p5p1/3p1p2/3P4/1PP1P2P/P4PP1/RNBQRBNK\ w\ -\ -\ 0\ 1 -> result 0-1 checkmate

=== Match Summary ===
Total games: 100
v21 wins: 37
v22 wins: 30
draws:   33
=== Worker 4 end ===
