=== Worker 5 start ===
Running matches: games_per_side=5, depth=8, max_plies=150, movetime_ms=40, fen_or_book=book, version_a=v4, version_b=v8

Batch 1/2: v4 white, v8 black (5 games)
Game (W:v4 vs B:v8) FEN='knbrqbnr/pp3p2/3p2pp/2p1p3/2P5/1P2PPP1/P2P3P/RNBQRBNK w - - 0 1' -> result 1/2-1/2 max-plies
Game (W:v4 vs B:v8) FEN='knbrqbnr/pp4p1/3p3p/2p1pp2/2P1P3/3P3P/PP3PP1/RNBQRBNK w - - 0 1' -> result 0-1 checkmate
Game (W:v4 vs B:v8) FEN='rnbqrbnk/1p4pp/p1ppp3/5p2/8/1P1PPPP1/P1P4P/KNBRQBNR w - - 0 1' -> result 1/2-1/2 max-plies
Game (W:v4 vs B:v8) FEN='knbrqbnr/ppp5/3ppppp/8/4P3/PP3P2/2PP2PP/RNBQRBNK w - - 0 1' -> result 1/2-1/2 max-plies
Game (W:v4 vs B:v8) FEN='knbrqbnr/p4p1p/1p1p2p1/2p1p3/3P1P2/2P1P1P1/PP5P/RNBQRBNK w - - 0 1' -> result 0-1 checkmate
Batch 2/2: v8 white, v4 black (5 games)
Game (W:v8 vs B:v4) FEN='knbrqbnr/2p3pp/pp1p4/4pp2/4PP2/1PP5/P2P2PP/RNBQRBNK w - - 0 1' -> result 0-1 checkmate
Game (W:v8 vs B:v4) FEN='rnbqrbnk/1p3p1p/p3p1p1/2pp4/8/2PPPPP1/PP5P/KNBRQBNR w - - 0 1' -> result 1-0 checkmate
Game (W:v8 vs B:v4) FEN='rnbqrbnk/1p4pp/p3p3/2pp1p2/3P4/2P1P2P/PP3PP1/KNBRQBNR w - - 0 1' -> result 1-0 checkmate
Game (W:v8 vs B:v4) FEN='rnbqrbnk/p4ppp/1ppp4/4p3/5P2/1P1PP2P/P1P3P1/KNBRQBNR w - - 0 1' -> result 1/2-1/2 max-plies
Game (W:v8 vs B:v4) FEN='knbrqbnr/5ppp/pppp4/4p3/2P2P2/4P1PP/PP1P4/RNBQRBNK w - - 0 1' -> result 1-0 checkmate

=== Match Summary ===
Total games: 10
v4 wins: 1
v8 wins: 5
draws:   4
=== Worker 5 end ===
