=== Worker 6 start ===
Running matches: games_per_side=5, depth=8, max_plies=150, movetime_ms=40, fen_or_book=book, version_a=v4, version_b=v8

Batch 1/2: v4 white, v8 black (5 games)
Game (W:v4 vs B:v8) FEN='rnbqrbnk/pp1p4/4p1pp/2p2p2/5P2/1PPP2P1/P3P2P/KNBRQBNR w - - 0 1' -> result 0-1 checkmate
Game (W:v4 vs B:v8) FEN='rnbqrbnk/p1p3p1/1p2pp1p/3p4/4P3/PP1P2P1/2P2P1P/KNBRQBNR w - - 0 1' -> result 0-1 checkmate
Game (W:v4 vs B:v8) FEN='rnbqrbnk/pp4p1/2p1p2p/3p1p2/8/PP1PPP2/2P3PP/KNBRQBNR w - - 0 1' -> result 0-1 checkmate
Game (W:v4 vs B:v8) FEN='knbrqbnr/p5pp/1pppp3/5p2/3P1P2/4P1PP/PPP5/RNBQRBNK w - - 0 1' -> result 0-1 checkmate
Game (W:v4 vs B:v8) FEN='knbrqbnr/1p3ppp/p1p5/3pp3/2P5/P3PPP1/1P1P3P/RNBQRBNK w - - 0 1' -> result 1/2-1/2 max-plies
Batch 2/2: v8 white, v4 black (5 games)
Game (W:v8 vs B:v4) FEN='knbrqbnr/pp4p1/2ppp2p/5p2/2P1PP2/7P/PP1P2P1/RNBQRBNK w - - 0 1' -> result 1-0 checkmate
Game (W:v8 vs B:v4) FEN='rnbqrbnk/ppp2p2/3p2pp/4p3/2P1PP2/1P1P4/P5PP/KNBRQBNR w - - 0 1' -> result 1/2-1/2 max-plies
Game (W:v8 vs B:v4) FEN='rnbqrbnk/ppp2p2/3p2pp/4p3/2P1PP2/1P1P4/P5PP/KNBRQBNR w - - 0 1' -> result 1/2-1/2 max-plies
Game (W:v8 vs B:v4) FEN='knbrqbnr/2p2p1p/pp1p2p1/4p3/5P2/1P1PP1P1/P1P4P/RNBQRBNK w - - 0 1' -> result 1-0 checkmate
Game (W:v8 vs B:v4) FEN='knbrqbnr/ppp5/3ppppp/8/2P2P2/3PP2P/PP4P1/RNBQRBNK w - - 0 1' -> result 1-0 checkmate

=== Match Summary ===
Total games: 10
v4 wins: 0
v8 wins: 7
draws:   3
=== Worker 6 end ===
