=== Worker 2 start ===
Running matches: games_per_side=5, depth=8, max_plies=150, movetime_ms=40, fen_or_book=book, version_a=v4, version_b=v8

Batch 1/2: v4 white, v8 black (5 games)
Game (W:v4 vs B:v8) FEN='knbrqbnr/pp3p1p/6p1/2ppp3/2P5/1P2P1PP/P2P1P2/RNBQRBNK w - c6 0 1' -> result 0-1 checkmate
Game (W:v4 vs B:v8) FEN='rnbqrbnk/3p1p1p/ppp1p1p1/8/2P5/1P1P1PP1/P3P2P/KNBRQBNR w - - 0 1' -> result 1/2-1/2 max-plies
Game (W:v4 vs B:v8) FEN='rnbqrbnk/3p1p1p/pp2p1p1/2p5/8/1P1PPP1P/P1P3P1/KNBRQBNR w - - 0 1' -> result 0-1 checkmate
Game (W:v4 vs B:v8) FEN='knbrqbnr/1p4pp/p1pp4/4pp2/2PP4/1P2P1P1/P4P1P/RNBQRBNK w - - 0 1' -> result 0-1 checkmate
Game (W:v4 vs B:v8) FEN='rnbqrbnk/pp4p1/3ppp1p/2p5/2P1P3/P2P2P1/1P3P1P/KNBRQBNR w - - 0 1' -> result 0-1 checkmate
Batch 2/2: v8 white, v4 black (5 games)
Game (W:v8 vs B:v4) FEN='knbrqbnr/1p4pp/p2p1p2/2p1p3/8/PP1PP1P1/2P2P1P/RNBQRBNK w - - 0 1' -> result 1-0 checkmate
Game (W:v8 vs B:v4) FEN='rnbqrbnk/pp4p1/2ppp2p/5p2/2P2P2/1P1P2P1/P3P2P/KNBRQBNR w - - 0 1' -> result 1-0 checkmate
Game (W:v8 vs B:v4) FEN='knbrqbnr/ppp5/3pp1pp/5p2/4PP2/2PP4/PP4PP/RNBQRBNK w - - 0 1' -> result 1/2-1/2 max-plies
Game (W:v8 vs B:v4) FEN='rnbqrbnk/2p2ppp/pp6/3pp3/2P5/3PPPP1/PP5P/KNBRQBNR w - - 0 1' -> result 1/2-1/2 max-plies
Game (W:v8 vs B:v4) FEN='rnbqrbnk/3p2pp/pp2p3/2p2p2/5P2/P1PPP3/1P4PP/KNBRQBNR w - - 0 1' -> result 1-0 checkmate

=== Match Summary ===
Total games: 10
v4 wins: 0
v8 wins: 7
draws:   3
=== Worker 2 end ===
