=== Worker 4 start ===
Running matches: games_per_side=50, depth=8, max_plies=150, movetime_ms=10, fen_or_book=book, version_a=v26, version_b=v27

Batch 1/2: v26 white vs v27 black, 50 games
Game (W:v26 vs B:v27) FEN=rnbqrbnk/1pp3pp/p2p1p2/4p3/2P2P2/1P1P2P1/P3P2P/KNBRQBNR\ w\ -\ -\ 0\ 1 -> result 0-1 checkmate
Game (W:v26 vs B:v27) FEN=knbrqbnr/1p3ppp/p3p3/2pp4/4P3/1P3PP1/P1PP3P/RNBQRBNK\ w\ -\ -\ 0\ 1 -> result 1/2-1/2 max-plies
Game (W:v26 vs B:v27) FEN=rnbqrbnk/pp3p2/2p1p1pp/3p4/3P4/1P3PP1/P1P1P2P/KNBRQBNR\ w\ -\ -\ 0\ 1 -> result 1-0 checkmate
Game (W:v26 vs B:v27) FEN=rnbqrbnk/pp5p/2p1ppp1/3p4/2PP4/1P2P3/P4PPP/KNBRQBNR\ w\ -\ -\ 0\ 1 -> result 1/2-1/2 max-plies
Game (W:v26 vs B:v27) FEN=rnbqrbnk/3p2pp/ppp1pp2/8/2P1P3/P2P2P1/1P3P1P/KNBRQBNR\ w\ -\ -\ 0\ 1 -> result 1/2-1/2 max-plies
Game (W:v26 vs B:v27) FEN=knbrqbnr/pp2p2p/2p2pp1/3p4/4P3/1P3P1P/P1PP2P1/RNBQRBNK\ w\ -\ -\ 0\ 1 -> result 1/2-1/2 max-plies
Game (W:v26 vs B:v27) FEN=rnbqrbnk/p5pp/1p1pp3/2p2p2/2PP1P2/7P/PP2P1P1/KNBRQBNR\ w\ -\ -\ 0\ 1 -> result 0-1 checkmate
Game (W:v26 vs B:v27) FEN=knbrqbnr/1pp2p1p/p5p1/3pp3/3P4/1PP1P2P/P4PP1/RNBQRBNK\ w\ -\ -\ 0\ 1 -> result 1-0 checkmate
Game (W:v26 vs B:v27) FEN=knbrqbnr/1pp4p/p2pp1p1/5p2/4PP2/1P1P4/P1P3PP/RNBQRBNK\ w\ -\ -\ 0\ 1 -> result 0-1 checkmate
Game (W:v26 vs B:v27) FEN=rnbqrbnk/pp3p2/3pp1pp/2p5/8/1P1PPPP1/P1P4P/KNBRQBNR\ w\ -\ -\ 0\ 1 -> result 0-1 checkmate
Game (W:v26 vs B:v27) FEN=knbrqbnr/pp3p2/3pp1pp/2p5/3P4/2P1P1PP/PP3P2/RNBQRBNK\ w\ -\ -\ 0\ 1 -> result 1/2-1/2 max-plies
Game (W:v26 vs B:v27) FEN=rnbqrbnk/p1p2p1p/1p1p2p1/4p3/2P5/1P1P1P1P/P3P1P1/KNBRQBNR\ w\ -\ -\ 0\ 1 -> result 1-0 checkmate
Game (W:v26 vs B:v27) FEN=rnbqrbnk/p2p3p/1p2p1p1/2p2p2/8/PPPP1P2/4P1PP/KNBRQBNR\ w\ -\ -\ 0\ 1 -> result 0-1 checkmate
Game (W:v26 vs B:v27) FEN=rnbqrbnk/p5pp/1pp1pp2/3p4/3P4/P1P3P1/1P2PP1P/KNBRQBNR\ w\ -\ -\ 0\ 1 -> result 1-0 checkmate
Game (W:v26 vs B:v27) FEN=rnbqrbnk/p1p4p/1p1pp1p1/5p2/2PP4/PP6/4PPPP/KNBRQBNR\ w\ -\ -\ 0\ 1 -> result 1/2-1/2 max-plies
Game (W:v26 vs B:v27) FEN=rnbqrbnk/pp3pp1/3p3p/2p1p3/8/3PPPPP/PPP5/KNBRQBNR\ w\ -\ -\ 0\ 1 -> result 1/2-1/2 max-plies
Game (W:v26 vs B:v27) FEN=knbrqbnr/pp3p2/3p2pp/2p1p3/2P5/1P2PPP1/P2P3P/RNBQRBNK\ w\ -\ -\ 0\ 1 -> result 1/2-1/2 max-plies
Game (W:v26 vs B:v27) FEN=rnbqrbnk/p1p2p2/1p1pp1pp/8/8/PPPP2P1/4PP1P/KNBRQBNR\ w\ -\ -\ 0\ 1 -> result 0-1 checkmate
Game (W:v26 vs B:v27) FEN=rnbqrbnk/p1p4p/1p1pp1p1/5p2/8/PPPP2P1/4PP1P/KNBRQBNR\ w\ -\ -\ 0\ 1 -> result 1-0 checkmate
Game (W:v26 vs B:v27) FEN=rnbqrbnk/1pp3pp/p2p1p2/4p3/2P2P2/1P1P2P1/P3P2P/KNBRQBNR\ w\ -\ -\ 0\ 1 -> result 0-1 checkmate
Game (W:v26 vs B:v27) FEN=rnbqrbnk/p1p2p2/1p2p1pp/3p4/8/1PPP1PP1/P3P2P/KNBRQBNR\ w\ -\ -\ 0\ 1 -> result 0-1 checkmate
Game (W:v26 vs B:v27) FEN=knbrqbnr/1p3p1p/p1pp2p1/4p3/3P4/4PPPP/PPP5/RNBQRBNK\ w\ -\ -\ 0\ 1 -> result 1/2-1/2 max-plies
Game (W:v26 vs B:v27) FEN=knbrqbnr/ppp4p/5pp1/3pp3/2P5/1P1PP1P1/P4P1P/RNBQRBNK\ w\ -\ -\ 0\ 1 -> result 0-1 checkmate
Game (W:v26 vs B:v27) FEN=rnbqrbnk/p4ppp/1p6/2ppp3/4PP2/1P1P2P1/P1P4P/KNBRQBNR\ w\ -\ -\ 0\ 1 -> result 0-1 checkmate
Game (W:v26 vs B:v27) FEN=knbrqbnr/pp4p1/2pppp1p/8/4P3/2P2PP1/PP1P3P/RNBQRBNK\ w\ -\ -\ 0\ 1 -> result 1/2-1/2 max-plies
Game (W:v26 vs B:v27) FEN=knbrqbnr/1pp3pp/p3pp2/3p4/3PP3/5P1P/PPP3P1/RNBQRBNK\ w\ -\ -\ 0\ 1 -> result 1/2-1/2 max-plies
Game (W:v26 vs B:v27) FEN=rnbqrbnk/p1pp2p1/1p5p/4pp2/3P4/1P2P1P1/P1P2P1P/KNBRQBNR\ w\ -\ -\ 0\ 1 -> result 0-1 checkmate
Game (W:v26 vs B:v27) FEN=rnbqrbnk/p4pp1/1p2p2p/2pp4/5P2/2PP2PP/PP2P3/KNBRQBNR\ w\ -\ -\ 0\ 1 -> result 1/2-1/2 max-plies
Game (W:v26 vs B:v27) FEN=rnbqrbnk/pp4p1/2pppp1p/8/2P2P2/1P1P3P/P3P1P1/KNBRQBNR\ w\ -\ -\ 0\ 1 -> result 1-0 checkmate
Game (W:v26 vs B:v27) FEN=knbrqbnr/p1p3p1/1p1p1p1p/4p3/8/P1P1PPP1/1P1P3P/RNBQRBNK\ w\ -\ -\ 0\ 1 -> result 1/2-1/2 threefold-repetition
Game (W:v26 vs B:v27) FEN=rnbqrbnk/pp3p2/3pp1pp/2p5/8/PP1PPP2/2P3PP/KNBRQBNR\ w\ -\ -\ 0\ 1 -> result 0-1 checkmate
Game (W:v26 vs B:v27) FEN=rnbqrbnk/p1p3p1/1p1pp2p/5p2/8/1P1PPPP1/P1P4P/KNBRQBNR\ w\ -\ -\ 0\ 1 -> result 1/2-1/2 max-plies
Game (W:v26 vs B:v27) FEN=rnbqrbnk/1p4pp/p2pp3/2p2p2/3P4/5PPP/PPP1P3/KNBRQBNR\ w\ -\ -\ 0\ 1 -> result 1-0 checkmate
Game (W:v26 vs B:v27) FEN=rnbqrbnk/1p1p3p/p3p1p1/2p2p2/2P5/PP1P2P1/4PP1P/KNBRQBNR\ w\ -\ -\ 0\ 1 -> result 0-1 checkmate
Game (W:v26 vs B:v27) FEN=rnbqrbnk/pp4p1/2p1p2p/3p1p2/2PP4/P5P1/1P2PP1P/KNBRQBNR\ w\ -\ -\ 0\ 1 -> result 1/2-1/2 max-plies
Game (W:v26 vs B:v27) FEN=knbrqbnr/pp5p/3p1pp1/2p1p3/2P5/3PP1PP/PP3P2/RNBQRBNK\ w\ -\ c6\ 0\ 1 -> result 1/2-1/2 max-plies
Game (W:v26 vs B:v27) FEN=knbrqbnr/pp4pp/2p5/3ppp2/4P3/PP3P2/2PP2PP/RNBQRBNK\ w\ -\ -\ 0\ 1 -> result 0-1 checkmate
Game (W:v26 vs B:v27) FEN=knbrqbnr/1p3ppp/p1p5/3pp3/2P5/P3PPP1/1P1P3P/RNBQRBNK\ w\ -\ -\ 0\ 1 -> result 1/2-1/2 max-plies
Game (W:v26 vs B:v27) FEN=rnbqrbnk/p5pp/1ppppp2/8/5P2/1PPP3P/P3P1P1/KNBRQBNR\ w\ -\ -\ 0\ 1 -> result 0-1 checkmate
Game (W:v26 vs B:v27) FEN=rnbqrbnk/p5pp/1p1pp3/2p2p2/4P3/1PPP3P/P4PP1/KNBRQBNR\ w\ -\ -\ 0\ 1 -> result 0-1 checkmate
Game (W:v26 vs B:v27) FEN=knbrqbnr/2p2p1p/pp1p2p1/4p3/5P2/1P1PP1P1/P1P4P/RNBQRBNK\ w\ -\ -\ 0\ 1 -> result 0-1 checkmate
Game (W:v26 vs B:v27) FEN=rnbqrbnk/p1p3pp/1p1p4/4pp2/4P3/PP1P1P2/2P3PP/KNBRQBNR\ w\ -\ -\ 0\ 1 -> result 1/2-1/2 max-plies
Game (W:v26 vs B:v27) FEN=knbrqbnr/pp5p/2ppppp1/8/2P5/1P2PP1P/P2P2P1/RNBQRBNK\ w\ -\ -\ 0\ 1 -> result 0-1 checkmate
Game (W:v26 vs B:v27) FEN=rnbqrbnk/p1pp2p1/1p5p/4pp2/3P4/1P2P1P1/P1P2P1P/KNBRQBNR\ w\ -\ -\ 0\ 1 -> result 1/2-1/2 max-plies
Game (W:v26 vs B:v27) FEN=knbrqbnr/p3ppp1/1p5p/2pp4/5P2/1P2P1PP/P1PP4/RNBQRBNK\ w\ -\ -\ 0\ 1 -> result 0-1 checkmate
Game (W:v26 vs B:v27) FEN=rnbqrbnk/2p2ppp/pp6/3pp3/3P4/2P1P1P1/PP3P1P/KNBRQBNR\ w\ -\ -\ 0\ 1 -> result 1-0 checkmate
Game (W:v26 vs B:v27) FEN=rnbqrbnk/2pp2pp/pp3p2/4p3/2P1P3/3P2PP/PP3P2/KNBRQBNR\ w\ -\ -\ 0\ 1 -> result 1/2-1/2 max-plies
Game (W:v26 vs B:v27) FEN=rnbqrbnk/p5pp/1p1pp3/2p2p2/2P1P3/1P1P3P/P4PP1/KNBRQBNR\ w\ -\ -\ 0\ 1 -> result 1/2-1/2 max-plies
Game (W:v26 vs B:v27) FEN=rnbqrbnk/1p1p1p1p/p1p3p1/4p3/3P4/PPP5/4PPPP/KNBRQBNR\ w\ -\ -\ 0\ 1 -> result 1/2-1/2 max-plies
Game (W:v26 vs B:v27) FEN=rnbqrbnk/p1p3pp/1p1p4/4pp2/2P5/1P1PP1P1/P4P1P/KNBRQBNR\ w\ -\ -\ 0\ 1 -> result 1-0 checkmate
Batch 2/2: v27 white vs v26 black, 50 games
Game (W:v27 vs B:v26) FEN=knbrqbnr/pp3pp1/4p2p/2pp4/4PP2/P5P1/1PPP3P/RNBQRBNK\ w\ -\ -\ 0\ 1 -> result 0-1 checkmate
Game (W:v27 vs B:v26) FEN=knbrqbnr/p4ppp/1pp5/3pp3/8/1PPPP2P/P4PP1/RNBQRBNK\ w\ -\ -\ 0\ 1 -> result 1-0 checkmate
Game (W:v27 vs B:v26) FEN=knbrqbnr/p1p3p1/1p1p1p1p/4p3/8/1PP1PP1P/P2P2P1/RNBQRBNK\ w\ -\ -\ 0\ 1 -> result 1-0 checkmate
Game (W:v27 vs B:v26) FEN=knbrqbnr/p4pp1/1ppp3p/4p3/3P4/PP2P1P1/2P2P1P/RNBQRBNK\ w\ -\ -\ 0\ 1 -> result 1/2-1/2 max-plies
Game (W:v27 vs B:v26) FEN=rnbqrbnk/p1p2p2/1p1pp1pp/8/8/PPPP2P1/4PP1P/KNBRQBNR\ w\ -\ -\ 0\ 1 -> result 1-0 checkmate
Game (W:v27 vs B:v26) FEN=rnbqrbnk/pp4p1/2pppp1p/8/2P5/1P1PPP2/P5PP/KNBRQBNR\ w\ -\ -\ 0\ 1 -> result 0-1 checkmate
Game (W:v27 vs B:v26) FEN=knbrqbnr/pp5p/2ppppp1/8/3P4/2P1PPP1/PP5P/RNBQRBNK\ w\ -\ -\ 0\ 1 -> result 1/2-1/2 max-plies
Game (W:v27 vs B:v26) FEN=rnbqrbnk/5ppp/pp2p3/2pp4/3PP3/2P2P2/PP4PP/KNBRQBNR\ w\ -\ -\ 0\ 1 -> result 0-1 checkmate
Game (W:v27 vs B:v26) FEN=rnbqrbnk/1pp4p/p3ppp1/3p4/2P5/3PPP1P/PP4P1/KNBRQBNR\ w\ -\ -\ 0\ 1 -> result 1/2-1/2 threefold-repetition
Game (W:v27 vs B:v26) FEN=knbrqbnr/pp5p/3pp1p1/2p2p2/2P1P3/P4P2/1P1P2PP/RNBQRBNK\ w\ -\ c6\ 0\ 1 -> result 1/2-1/2 max-plies
Game (W:v27 vs B:v26) FEN=knbrqbnr/5ppp/pppp4/4p3/2P2P2/4P1PP/PP1P4/RNBQRBNK\ w\ -\ -\ 0\ 1 -> result 1/2-1/2 max-plies
Game (W:v27 vs B:v26) FEN=rnbqrbnk/pp3p1p/6p1/2ppp3/2P2P2/1P1P2P1/P3P2P/KNBRQBNR\ w\ -\ c6\ 0\ 1 -> result 1/2-1/2 max-plies
Game (W:v27 vs B:v26) FEN=rnbqrbnk/p2p2p1/1p2p2p/2p2p2/8/1PPPP2P/P4PP1/KNBRQBNR\ w\ -\ -\ 0\ 1 -> result 1-0 checkmate
Game (W:v27 vs B:v26) FEN=rnbqrbnk/ppp5/4pppp/3p4/8/1P1P1PPP/P1P1P3/KNBRQBNR\ w\ -\ -\ 0\ 1 -> result 1/2-1/2 threefold-repetition
Game (W:v27 vs B:v26) FEN=rnbqrbnk/pp4pp/2p5/3ppp2/8/2PPP1PP/PP3P2/KNBRQBNR\ w\ -\ -\ 0\ 1 -> result 1/2-1/2 max-plies
Game (W:v27 vs B:v26) FEN=rnbqrbnk/pppp4/6pp/4pp2/2P5/1P1P1PP1/P3P2P/KNBRQBNR\ w\ -\ -\ 0\ 1 -> result 1/2-1/2 max-plies
Game (W:v27 vs B:v26) FEN=rnbqrbnk/pp4p1/3pp2p/2p2p2/3P4/1PP4P/P3PPP1/KNBRQBNR\ w\ -\ -\ 0\ 1 -> result 0-1 checkmate
Game (W:v27 vs B:v26) FEN=knbrqbnr/1p3p1p/p2p2p1/2p1p3/3P1P2/1PP1P3/P5PP/RNBQRBNK\ w\ -\ -\ 0\ 1 -> result 1-0 checkmate
Game (W:v27 vs B:v26) FEN=rnbqrbnk/p2p3p/1p2p1p1/2p2p2/8/PPPP1P2/4P1PP/KNBRQBNR\ w\ -\ -\ 0\ 1 -> result 0-1 checkmate
Game (W:v27 vs B:v26) FEN=rnbqrbnk/p1p3p1/1p2pp1p/3p4/4P3/PP1P2P1/2P2P1P/KNBRQBNR\ w\ -\ -\ 0\ 1 -> result 1/2-1/2 threefold-repetition
Game (W:v27 vs B:v26) FEN=knbrqbnr/1pp2p1p/p3p1p1/3p4/2P2P2/1P2P1P1/P2P3P/RNBQRBNK\ w\ -\ -\ 0\ 1 -> result 1-0 checkmate
Game (W:v27 vs B:v26) FEN=rnbqrbnk/p1p3p1/1p1pp2p/5p2/2P5/PP1PP3/5PPP/KNBRQBNR\ w\ -\ -\ 0\ 1 -> result 1-0 checkmate
Game (W:v27 vs B:v26) FEN=rnbqrbnk/p1pp3p/1p3pp1/4p3/3P4/PPP5/4PPPP/KNBRQBNR\ w\ -\ -\ 0\ 1 -> result 1/2-1/2 max-plies
Game (W:v27 vs B:v26) FEN=knbrqbnr/pp4p1/3p3p/2p1pp2/4P3/P1PP4/1P3PPP/RNBQRBNK\ w\ -\ -\ 0\ 1 -> result 0-1 checkmate
Game (W:v27 vs B:v26) FEN=knbrqbnr/1p2p2p/p2p2p1/2p2p2/3P4/P1P1P1P1/1P3P1P/RNBQRBNK\ w\ -\ -\ 0\ 1 -> result 0-1 checkmate
Game (W:v27 vs B:v26) FEN=rnbqrbnk/2p3pp/pp2p3/3p1p2/2P1P3/3P2PP/PP3P2/KNBRQBNR\ w\ -\ -\ 0\ 1 -> result 0-1 checkmate
Game (W:v27 vs B:v26) FEN=rnbqrbnk/1pp3pp/p7/3ppp2/8/2PPPP1P/PP4P1/KNBRQBNR\ w\ -\ -\ 0\ 1 -> result 1/2-1/2 max-plies
Game (W:v27 vs B:v26) FEN=rnbqrbnk/1p4pp/p3p3/2pp1p2/4P3/2PP1PP1/PP5P/KNBRQBNR\ w\ -\ -\ 0\ 1 -> result 0-1 checkmate
Game (W:v27 vs B:v26) FEN=knbrqbnr/pp3p1p/2p3p1/3pp3/4P3/P1P3P1/1P1P1P1P/RNBQRBNK\ w\ -\ -\ 0\ 1 -> result 0-1 checkmate
Game (W:v27 vs B:v26) FEN=rnbqrbnk/pp4pp/2pp1p2/4p3/4PP2/P2P2P1/1PP4P/KNBRQBNR\ w\ -\ -\ 0\ 1 -> result 1-0 checkmate
Game (W:v27 vs B:v26) FEN=rnbqrbnk/p5pp/1p1pp3/2p2p2/2PP1P2/7P/PP2P1P1/KNBRQBNR\ w\ -\ -\ 0\ 1 -> result 0-1 checkmate
Game (W:v27 vs B:v26) FEN=rnbqrbnk/pp1p2p1/2p2p1p/4p3/3P4/1P3PP1/P1P1P2P/KNBRQBNR\ w\ -\ -\ 0\ 1 -> result 0-1 checkmate
Game (W:v27 vs B:v26) FEN=knbrqbnr/p4pp1/1pppp2p/8/5P2/P1P1P1P1/1P1P3P/RNBQRBNK\ w\ -\ -\ 0\ 1 -> result 1-0 checkmate
Game (W:v27 vs B:v26) FEN=rnbqrbnk/ppp5/4p1pp/3p1p2/2P5/1P1P1P1P/P3P1P1/KNBRQBNR\ w\ -\ -\ 0\ 1 -> result 1-0 checkmate
Game (W:v27 vs B:v26) FEN=knbrqbnr/pp3p2/3p2pp/2p1p3/8/1PP1P1PP/P2P1P2/RNBQRBNK\ w\ -\ -\ 0\ 1 -> result 1-0 checkmate
Game (W:v27 vs B:v26) FEN=knbrqbnr/pp5p/2pp1pp1/4p3/4P3/1P3P1P/P1PP2P1/RNBQRBNK\ w\ -\ -\ 0\ 1 -> result 0-1 checkmate
Game (W:v27 vs B:v26) FEN=knbrqbnr/pp5p/2pp1pp1/4p3/4P3/1P3P1P/P1PP2P1/RNBQRBNK\ w\ -\ -\ 0\ 1 -> result 0-1 checkmate
Game (W:v27 vs B:v26) FEN=knbrqbnr/pp3pp1/7p/2ppp3/3PP3/6PP/PPP2P2/RNBQRBNK\ w\ -\ -\ 0\ 1 -> result 1/2-1/2 threefold-repetition
Game (W:v27 vs B:v26) FEN=rnbqrbnk/1p1p3p/p3ppp1/2p5/8/P1PP1PP1/1P2P2P/KNBRQBNR\ w\ -\ -\ 0\ 1 -> result 1-0 checkmate
Game (W:v27 vs B:v26) FEN=rnbqrbnk/p1p4p/1p1pp1p1/5p2/2PP4/PP6/4PPPP/KNBRQBNR\ w\ -\ -\ 0\ 1 -> result 1-0 checkmate
Game (W:v27 vs B:v26) FEN=knbrqbnr/1p4pp/p1pp4/4pp2/3PP3/P5P1/1PP2P1P/RNBQRBNK\ w\ -\ -\ 0\ 1 -> result 1-0 checkmate
Game (W:v27 vs B:v26) FEN=rnbqrbnk/p1p2p2/1p1pp1pp/8/2PP4/P4P2/1P2P1PP/KNBRQBNR\ w\ -\ -\ 0\ 1 -> result 1-0 checkmate
Game (W:v27 vs B:v26) FEN=rnbqrbnk/pp5p/2ppppp1/8/2P5/PP1P2P1/4PP1P/KNBRQBNR\ w\ -\ -\ 0\ 1 -> result 1/2-1/2 max-plies
Game (W:v27 vs B:v26) FEN=knbrqbnr/p4p1p/1pppp1p1/8/5P2/2PPP1P1/PP5P/RNBQRBNK\ w\ -\ -\ 0\ 1 -> result 1-0 checkmate
Game (W:v27 vs B:v26) FEN=knbrqbnr/1pp4p/p2pp1p1/5p2/2P5/P2PP1P1/1P3P1P/RNBQRBNK\ w\ -\ -\ 0\ 1 -> result 1/2-1/2 threefold-repetition
Game (W:v27 vs B:v26) FEN=knbrqbnr/1pp2p1p/p5p1/3pp3/4P3/1P4PP/P1PP1P2/RNBQRBNK\ w\ -\ -\ 0\ 1 -> result 0-1 checkmate
Game (W:v27 vs B:v26) FEN=knbrqbnr/pp4p1/2pppp1p/8/4P3/1PP3P1/P2P1P1P/RNBQRBNK\ w\ -\ -\ 0\ 1 -> result 0-1 checkmate
Game (W:v27 vs B:v26) FEN=knbrqbnr/1p3ppp/p3p3/2pp4/4P3/1P3PP1/P1PP3P/RNBQRBNK\ w\ -\ -\ 0\ 1 -> result 1-0 checkmate
Game (W:v27 vs B:v26) FEN=rnbqrbnk/pp3pp1/2pp3p/4p3/8/2PP1PPP/PP2P3/KNBRQBNR\ w\ -\ -\ 0\ 1 -> result 1/2-1/2 max-plies
Game (W:v27 vs B:v26) FEN=knbrqbnr/1p4pp/p1pppp2/8/2P2P2/4P1PP/PP1P4/RNBQRBNK\ w\ -\ -\ 0\ 1 -> result 0-1 checkmate

=== Match Summary ===
Total games: 100
v26 wins: 26
v27 wins: 36
draws:   38
=== Worker 4 end ===
