=== Worker 1 start ===
Running matches: games_per_side=25, depth=8, max_plies=150, movetime_ms=5, fen_or_book=book, version_a=v7, version_b=v8

Batch 1/2: v7 white, v8 black (25 games)
Game (W:v7 vs B:v8) FEN='rnbqrbnk/3p2pp/pp2pp2/2p5/8/P1PPPP2/1P4PP/KNBRQBNR w - - 0 1' -> result 1-0 checkmate
Game (W:v7 vs B:v8) FEN='knbrqbnr/ppp3p1/4pp1p/3p4/3PP3/1P4P1/P1P2P1P/RNBQRBNK w - - 0 1' -> result 0-1 checkmate
Game (W:v7 vs B:v8) FEN='rnbqrbnk/p1p3p1/1p2p2p/3p1p2/2P5/P2PPP2/1P4PP/KNBRQBNR w - - 0 1' -> result 0-1 checkmate
Game (W:v7 vs B:v8) FEN='rnbqrbnk/p2p2pp/1p3p2/2p1p3/8/P2PPPP1/1PP4P/KNBRQBNR w - - 0 1' -> result 1/2-1/2 max-plies
Game (W:v7 vs B:v8) FEN='knbrqbnr/1p4pp/p2p1p2/2p1p3/8/PP1PP1P1/2P2P1P/RNBQRBNK w - - 0 1' -> result 1/2-1/2 max-plies
Game (W:v7 vs B:v8) FEN='rnbqrbnk/pp3p1p/2p3p1/3pp3/2P5/3PPPP1/PP5P/KNBRQBNR w - - 0 1' -> result 1/2-1/2 max-plies
Game (W:v7 vs B:v8) FEN='rnbqrbnk/pp3p2/2p1p1pp/3p4/3P4/1P3PP1/P1P1P2P/KNBRQBNR w - - 0 1' -> result 1/2-1/2 max-plies
Game (W:v7 vs B:v8) FEN='knbrqbnr/1p4pp/p2pp3/2p2p2/2P5/1P2PPP1/P2P3P/RNBQRBNK w - - 0 1' -> result 1/2-1/2 max-plies
Game (W:v7 vs B:v8) FEN='rnbqrbnk/2p3pp/pp1ppp2/8/3P1P2/1P5P/P1P1P1P1/KNBRQBNR w - - 0 1' -> result 1/2-1/2 max-plies
Game (W:v7 vs B:v8) FEN='rnbqrbnk/pp4pp/2pp1p2/4p3/4PP2/P2P2P1/1PP4P/KNBRQBNR w - - 0 1' -> result 1/2-1/2 max-plies
Game (W:v7 vs B:v8) FEN='knbrqbnr/pp2pp2/2p3pp/3p4/2P5/3PPPP1/PP5P/RNBQRBNK w - - 0 1' -> result 0-1 checkmate
Game (W:v7 vs B:v8) FEN='rnbqrbnk/3p1p1p/pp2p1p1/2p5/5P2/1P1PP2P/P1P3P1/KNBRQBNR w - - 0 1' -> result 0-1 checkmate
Game (W:v7 vs B:v8) FEN='rnbqrbnk/ppp3p1/3p1p1p/4p3/2PP4/1P5P/P3PPP1/KNBRQBNR w - - 0 1' -> result 1/2-1/2 max-plies
Game (W:v7 vs B:v8) FEN='rnbqrbnk/p4pp1/1pp1p2p/3p4/2PP4/5PP1/PP2P2P/KNBRQBNR w - - 0 1' -> result 0-1 checkmate
Game (W:v7 vs B:v8) FEN='rnbqrbnk/p4p1p/1pp1p1p1/3p4/8/1PPP1P1P/P3P1P1/KNBRQBNR w - - 0 1' -> result 1/2-1/2 max-plies
Game (W:v7 vs B:v8) FEN='knbrqbnr/1pp4p/p2pp1p1/5p2/2P2P2/P2PP3/1P4PP/RNBQRBNK w - - 0 1' -> result 1/2-1/2 max-plies
Game (W:v7 vs B:v8) FEN='knbrqbnr/2p1pp1p/pp4p1/3p4/5P2/3PP1PP/PPP5/RNBQRBNK w - - 0 1' -> result 1/2-1/2 max-plies
Game (W:v7 vs B:v8) FEN='rnbqrbnk/pp5p/4p1p1/2pp1p2/3P1P2/1PP5/P3P1PP/KNBRQBNR w - c6 0 1' -> result 1/2-1/2 max-plies
Game (W:v7 vs B:v8) FEN='rnbqrbnk/pp3p2/4p1pp/2pp4/3P4/P1P3P1/1P2PP1P/KNBRQBNR w - - 0 1' -> result 1-0 checkmate
Game (W:v7 vs B:v8) FEN='rnbqrbnk/p1p4p/1p1pp1p1/5p2/2PP4/PP6/4PPPP/KNBRQBNR w - - 0 1' -> result 1/2-1/2 max-plies
Game (W:v7 vs B:v8) FEN='knbrqbnr/2p2ppp/pp6/3pp3/3P4/2P1PPP1/PP5P/RNBQRBNK w - - 0 1' -> result 1/2-1/2 max-plies
Game (W:v7 vs B:v8) FEN='rnbqrbnk/1p3p1p/p1p1p1p1/3p4/2P5/P2PPP2/1P4PP/KNBRQBNR w - - 0 1' -> result 1-0 checkmate
Game (W:v7 vs B:v8) FEN='knbrqbnr/2p2ppp/pp6/3pp3/5P2/1PPPP3/P5PP/RNBQRBNK w - - 0 1' -> result 1/2-1/2 max-plies
Game (W:v7 vs B:v8) FEN='knbrqbnr/1p2p1pp/p1p5/3p1p2/3P4/2P1P1PP/PP3P2/RNBQRBNK w - - 0 1' -> result 1/2-1/2 max-plies
Game (W:v7 vs B:v8) FEN='knbrqbnr/ppp5/3p1ppp/4p3/4P3/1PP4P/P2P1PP1/RNBQRBNK w - - 0 1' -> result 1/2-1/2 max-plies
Batch 2/2: v8 white, v7 black (25 games)
Game (W:v8 vs B:v7) FEN='knbrqbnr/1p3ppp/p3p3/2pp4/3P1P2/1P2P2P/P1P3P1/RNBQRBNK w - - 0 1' -> result 0-1 checkmate
Game (W:v8 vs B:v7) FEN='rnbqrbnk/ppp5/3pp1pp/5p2/2P5/1P1P1P1P/P3P1P1/KNBRQBNR w - - 0 1' -> result 0-1 checkmate
Game (W:v8 vs B:v7) FEN='knbrqbnr/pp3p1p/2p3p1/3pp3/2PP4/4PPP1/PP5P/RNBQRBNK w - - 0 1' -> result 1/2-1/2 max-plies
Game (W:v8 vs B:v7) FEN='rnbqrbnk/p5pp/1p1pp3/2p2p2/4P3/1PPP3P/P4PP1/KNBRQBNR w - - 0 1' -> result 0-1 checkmate
Game (W:v8 vs B:v7) FEN='rnbqrbnk/3p1p1p/pp2p1p1/2p5/2P5/P2PPP2/1P4PP/KNBRQBNR w - - 0 1' -> result 1/2-1/2 max-plies
Game (W:v8 vs B:v7) FEN='knbrqbnr/pp2p2p/2p2pp1/3p4/4P3/1P3P1P/P1PP2P1/RNBQRBNK w - - 0 1' -> result 1-0 checkmate
Game (W:v8 vs B:v7) FEN='knbrqbnr/ppp5/3ppppp/8/8/PPPPP3/5PPP/RNBQRBNK w - - 0 1' -> result 1/2-1/2 max-plies
Game (W:v8 vs B:v7) FEN='rnbqrbnk/pp4pp/2p2p2/3pp3/3PP3/2P2P2/PP4PP/KNBRQBNR w - - 0 1' -> result 1-0 checkmate
Game (W:v8 vs B:v7) FEN='knbrqbnr/pp3p2/2pp2pp/4p3/2P1P3/6PP/PP1P1P2/RNBQRBNK w - - 0 1' -> result 1/2-1/2 max-plies
Game (W:v8 vs B:v7) FEN='knbrqbnr/pp2p2p/2p2pp1/3p4/4PP2/6PP/PPPP4/RNBQRBNK w - - 0 1' -> result 1/2-1/2 max-plies
Game (W:v8 vs B:v7) FEN='knbrqbnr/pp4p1/2pp3p/4pp2/2P1P3/6PP/PP1P1P2/RNBQRBNK w - - 0 1' -> result 1/2-1/2 max-plies
Game (W:v8 vs B:v7) FEN='knbrqbnr/1pp4p/p2pppp1/8/2P1P3/P5P1/1P1P1P1P/RNBQRBNK w - - 0 1' -> result 0-1 checkmate
Game (W:v8 vs B:v7) FEN='knbrqbnr/ppp4p/5pp1/3pp3/4PP2/2P3P1/PP1P3P/RNBQRBNK w - - 0 1' -> result 0-1 checkmate
Game (W:v8 vs B:v7) FEN='knbrqbnr/p1p2pp1/1p5p/3pp3/2PP4/1P2P1P1/P4P1P/RNBQRBNK w - - 0 1' -> result 1/2-1/2 max-plies
Game (W:v8 vs B:v7) FEN='knbrqbnr/5ppp/pp1pp3/2p5/5P2/1PP1P1P1/P2P3P/RNBQRBNK w - - 0 1' -> result 1/2-1/2 max-plies
Game (W:v8 vs B:v7) FEN='rnbqrbnk/3p1ppp/pp6/2p1p3/2P5/3PPPP1/PP5P/KNBRQBNR w - - 0 1' -> result 1-0 checkmate
Game (W:v8 vs B:v7) FEN='rnbqrbnk/p4p1p/1p1pp1p1/2p5/2P5/3P1PPP/PP2P3/KNBRQBNR w - - 0 1' -> result 1/2-1/2 max-plies
Game (W:v8 vs B:v7) FEN='knbrqbnr/1p4pp/p2p4/2p1pp2/8/PPP1PP2/3P2PP/RNBQRBNK w - - 0 1' -> result 0-1 checkmate
Game (W:v8 vs B:v7) FEN='knbrqbnr/1p4pp/p2p4/2p1pp2/2P1P3/3P2P1/PP3P1P/RNBQRBNK w - - 0 1' -> result 1/2-1/2 max-plies
Game (W:v8 vs B:v7) FEN='rnbqrbnk/p5pp/1pp1p3/3p1p2/3P4/1P2P2P/P1P2PP1/KNBRQBNR w - - 0 1' -> result 1/2-1/2 max-plies
Game (W:v8 vs B:v7) FEN='knbrqbnr/p3p1p1/1ppp1p1p/8/8/PP1PP1P1/2P2P1P/RNBQRBNK w - - 0 1' -> result 1/2-1/2 max-plies
Game (W:v8 vs B:v7) FEN='knbrqbnr/p1p3pp/1p2pp2/3p4/4PP2/6PP/PPPP4/RNBQRBNK w - - 0 1' -> result 1/2-1/2 max-plies
Game (W:v8 vs B:v7) FEN='knbrqbnr/1p2p1pp/p4p2/2pp4/8/2PPPP1P/PP4P1/RNBQRBNK w - - 0 1' -> result 0-1 checkmate
Game (W:v8 vs B:v7) FEN='rnbqrbnk/ppp2p2/6pp/3pp3/4P3/1PPP3P/P4PP1/KNBRQBNR w - - 0 1' -> result 0-1 checkmate
Game (W:v8 vs B:v7) FEN='knbrqbnr/2p1p2p/pp1p1pp1/8/5P2/3PP1PP/PPP5/RNBQRBNK w - - 0 1' -> result 1-0 checkmate

=== Match Summary ===
Total games: 50
v7 wins: 11
v8 wins: 9
draws:   30
=== Worker 1 end ===
