=== v7 vs v9 ===
Running matches: games_per_side=12, depth=8, max_plies=150, movetime_ms=50, fen_or_book=book, version_a=v7, version_b=v9

Batch 1/2: v7 white vs v9 black, 12 games
Game (W:v7 vs B:v9) FEN=knbrqbnr/ppp4p/6p1/3ppp2/5P2/PPP1P3/3P2PP/RNBQRBNK\ w\ -\ -\ 0\ 1 -> result 1/2-1/2 max-plies
Game (W:v7 vs B:v9) FEN=knbrqbnr/pp4p1/2pp1p1p/4p3/2P1PP2/1P6/P2P2PP/RNBQRBNK\ w\ -\ -\ 0\ 1 -> result 1/2-1/2 max-plies
Game (W:v7 vs B:v9) FEN=rnbqrbnk/p4ppp/1p6/2ppp3/4PP2/1P1P2P1/P1P4P/KNBRQBNR\ w\ -\ -\ 0\ 1 -> result 1-0 checkmate
Game (W:v7 vs B:v9) FEN=rnbqrbnk/ppp3p1/3p1p1p/4p3/2P5/1P1P2PP/P3PP2/KNBRQBNR\ w\ -\ -\ 0\ 1 -> result 1/2-1/2 max-plies
Game (W:v7 vs B:v9) FEN=rnbqrbnk/p5pp/1pp1pp2/3p4/2P2P2/3PP2P/PP4P1/KNBRQBNR\ w\ -\ -\ 0\ 1 -> result 1/2-1/2 max-plies
Game (W:v7 vs B:v9) FEN=rnbqrbnk/p1p3pp/1p3p2/3pp3/8/2PPPPP1/PP5P/KNBRQBNR\ w\ -\ -\ 0\ 1 -> result 0-1 checkmate
Game (W:v7 vs B:v9) FEN=rnbqrbnk/p5pp/1pp1p3/3p1p2/2P5/P2P1PP1/1P2P2P/KNBRQBNR\ w\ -\ -\ 0\ 1 -> result 1-0 checkmate
Game (W:v7 vs B:v9) FEN=rnbqrbnk/2p2ppp/pp6/3pp3/2P5/3PPPP1/PP5P/KNBRQBNR\ w\ -\ -\ 0\ 1 -> result 1/2-1/2 max-plies
Game (W:v7 vs B:v9) FEN=knbrqbnr/pp3p2/2ppp1pp/8/4PP2/2P4P/PP1P2P1/RNBQRBNK\ w\ -\ -\ 0\ 1 -> result 0-1 checkmate
Game (W:v7 vs B:v9) FEN=rnbqrbnk/3p1p1p/pp2p1p1/2p5/2P5/P2PPP2/1P4PP/KNBRQBNR\ w\ -\ -\ 0\ 1 -> result 1/2-1/2 max-plies
Game (W:v7 vs B:v9) FEN=rnbqrbnk/3p2pp/ppp1pp2/8/3P4/4PPP1/PPP4P/KNBRQBNR\ w\ -\ -\ 0\ 1 -> result 1/2-1/2 max-plies
Game (W:v7 vs B:v9) FEN=knbrqbnr/ppp3p1/4pp1p/3p4/2PP4/4PP1P/PP4P1/RNBQRBNK\ w\ -\ -\ 0\ 1 -> result 1/2-1/2 max-plies
Batch 2/2: v9 white vs v7 black, 12 games
Game (W:v9 vs B:v7) FEN=knbrqbnr/p5pp/1ppp1p2/4p3/8/P1P1PPP1/1P1P3P/RNBQRBNK\ w\ -\ -\ 0\ 1 -> result 1/2-1/2 max-plies
Game (W:v9 vs B:v7) FEN=rnbqrbnk/p1p3pp/1p1p4/4pp2/8/1PPPP1P1/P4P1P/KNBRQBNR\ w\ -\ -\ 0\ 1 -> result 1/2-1/2 max-plies
Game (W:v9 vs B:v7) FEN=knbrqbnr/ppp4p/4ppp1/3p4/4P3/1P1P2P1/P1P2P1P/RNBQRBNK\ w\ -\ -\ 0\ 1 -> result 0-1 checkmate
Game (W:v9 vs B:v7) FEN=knbrqbnr/pp2p1p1/2p4p/3p1p2/3P4/P1P1PP2/1P4PP/RNBQRBNK\ w\ -\ -\ 0\ 1 -> result 1/2-1/2 max-plies
Game (W:v9 vs B:v7) FEN=knbrqbnr/1pp2p1p/p3p1p1/3p4/4P3/1P3P1P/P1PP2P1/RNBQRBNK\ w\ -\ -\ 0\ 1 -> result 1/2-1/2 max-plies
Game (W:v9 vs B:v7) FEN=rnbqrbnk/5ppp/ppp1p3/3p4/2P1P3/3P2PP/PP3P2/KNBRQBNR\ w\ -\ -\ 0\ 1 -> result 1-0 checkmate
Game (W:v9 vs B:v7) FEN=rnbqrbnk/pp4p1/2p1p2p/3p1p2/4P3/1PPP3P/P4PP1/KNBRQBNR\ w\ -\ -\ 0\ 1 -> result 1/2-1/2 max-plies
Game (W:v9 vs B:v7) FEN=knbrqbnr/pp3p2/3pp1pp/2p5/4PP2/1P4P1/P1PP3P/RNBQRBNK\ w\ -\ -\ 0\ 1 -> result 1/2-1/2 max-plies
Game (W:v9 vs B:v7) FEN=knbrqbnr/2p2p1p/pp1pp1p1/8/8/1PP1PPP1/P2P3P/RNBQRBNK\ w\ -\ -\ 0\ 1 -> result 1/2-1/2 max-plies
Game (W:v9 vs B:v7) FEN=knbrqbnr/ppp3p1/4pp1p/3p4/2P5/P3PPP1/1P1P3P/RNBQRBNK\ w\ -\ -\ 0\ 1 -> result 0-1 checkmate
Game (W:v9 vs B:v7) FEN=rnbqrbnk/3p1p1p/pp2p1p1/2p5/5P2/1P1PP2P/P1P3P1/KNBRQBNR\ w\ -\ -\ 0\ 1 -> result 1/2-1/2 max-plies
Game (W:v9 vs B:v7) FEN=rnbqrbnk/pp1p3p/2p2pp1/4p3/5P2/P1PPP3/1P4PP/KNBRQBNR\ w\ -\ -\ 0\ 1 -> result 1/2-1/2 max-plies

=== Match Summary ===
Total games: 24
v7 wins: 4
v9 wins: 3
draws:   17
