=== Worker 1 start ===
Running matches: games_per_side=50, depth=8, max_plies=150, movetime_ms=10, fen_or_book=book, version_a=v5, version_b=v6

Game (W:v5 vs B:v6) FEN='rnbqrbnk/pp4pp/2p2p2/3pp3/2PP1P2/1P6/P3P1PP/KNBRQBNR w - - 0 1' -> result 0-1 checkmate
Game (W:v5 vs B:v6) FEN='rnbqrbnk/5ppp/pp2p3/2pp4/4P3/2PP1P1P/PP4P1/KNBRQBNR w - - 0 1' -> result 1/2-1/2 max-plies
Game (W:v5 vs B:v6) FEN='knbrqbnr/ppp2p2/6pp/3pp3/2P5/P3PPP1/1P1P3P/RNBQRBNK w - - 0 1' -> result 1/2-1/2 max-plies
Game (W:v5 vs B:v6) FEN='knbrqbnr/ppp1p3/5ppp/3p4/4P3/3P2PP/PPP2P2/RNBQRBNK w - - 0 1' -> result 1-0 checkmate
Game (W:v5 vs B:v6) FEN='rnbqrbnk/1p4pp/p1p1pp2/3p4/4PP2/1P1P2P1/P1P4P/KNBRQBNR w - - 0 1' -> result 0-1 checkmate
Game (W:v5 vs B:v6) FEN='rnbqrbnk/pp3p1p/3p2p1/2p1p3/8/2PP1PPP/PP2P3/KNBRQBNR w - c6 0 1' -> result 1/2-1/2 max-plies
Game (W:v5 vs B:v6) FEN='knbrqbnr/pp2p3/3p2pp/2p2p2/4PP2/PP6/2PP2PP/RNBQRBNK w - - 0 1' -> result 1-0 checkmate
Game (W:v5 vs B:v6) FEN='knbrqbnr/p3pp2/1ppp2pp/8/5P2/1P2P1PP/P1PP4/RNBQRBNK w - - 0 1' -> result 0-1 checkmate
Game (W:v5 vs B:v6) FEN='knbrqbnr/1p4pp/p1pp4/4pp2/4P3/1P1P2P1/P1P2P1P/RNBQRBNK w - - 0 1' -> result 1/2-1/2 max-plies
Game (W:v5 vs B:v6) FEN='knbrqbnr/pp2p1p1/5p1p/2pp4/3P1P2/2P1P1P1/PP5P/RNBQRBNK w - - 0 1' -> result 1/2-1/2 max-plies
Game (W:v5 vs B:v6) FEN='knbrqbnr/pp4pp/2p5/3ppp2/2P5/P2PPP2/1P4PP/RNBQRBNK w - - 0 1' -> result 1-0 checkmate
Game (W:v5 vs B:v6) FEN='knbrqbnr/ppp4p/4ppp1/3p4/3P4/2P1PP1P/PP4P1/RNBQRBNK w - - 0 1' -> result 1/2-1/2 max-plies
Game (W:v5 vs B:v6) FEN='rnbqrbnk/pp4pp/2pp1p2/4p3/2PP4/1P2P3/P4PPP/KNBRQBNR w - - 0 1' -> result 1/2-1/2 max-plies
Game (W:v5 vs B:v6) FEN='rnbqrbnk/3p2pp/ppp1p3/5p2/3P4/1P3PP1/P1P1P2P/KNBRQBNR w - - 0 1' -> result 1-0 checkmate
Game (W:v5 vs B:v6) FEN='knbrqbnr/1p4pp/p1pp4/4pp2/2P2P2/PP2P3/3P2PP/RNBQRBNK w - - 0 1' -> result 1/2-1/2 max-plies
Game (W:v5 vs B:v6) FEN='rnbqrbnk/1p3ppp/p2p4/2p1p3/4P3/2PP1P1P/PP4P1/KNBRQBNR w - - 0 1' -> result 1/2-1/2 max-plies
Game (W:v5 vs B:v6) FEN='rnbqrbnk/pp4pp/2p5/3ppp2/3P4/1P2P1P1/P1P2P1P/KNBRQBNR w - - 0 1' -> result 1-0 checkmate
Game (W:v5 vs B:v6) FEN='knbrqbnr/p5pp/1p1pp3/2p2p2/2P5/1P2PP1P/P2P2P1/RNBQRBNK w - - 0 1' -> result 1/2-1/2 max-plies
Game (W:v5 vs B:v6) FEN='knbrqbnr/1pp4p/p2pppp1/8/4P3/3P1P1P/PPP3P1/RNBQRBNK w - - 0 1' -> result 1/2-1/2 max-plies
Game (W:v5 vs B:v6) FEN='knbrqbnr/p4p1p/1p1p2p1/2p1p3/4P3/5PPP/PPPP4/RNBQRBNK w - - 0 1' -> result 1/2-1/2 max-plies
Game (W:v5 vs B:v6) FEN='knbrqbnr/pp2p3/2pp2pp/5p2/8/PPP1PP2/3P2PP/RNBQRBNK w - - 0 1' -> result 1/2-1/2 max-plies
Game (W:v5 vs B:v6) FEN='rnbqrbnk/p5pp/1p2p3/2pp1p2/8/2PP1PPP/PP2P3/KNBRQBNR w - - 0 1' -> result 1/2-1/2 max-plies
Game (W:v5 vs B:v6) FEN='knbrqbnr/1pp2p1p/p3p1p1/3p4/2P2P2/1P2P1P1/P2P3P/RNBQRBNK w - - 0 1' -> result 1/2-1/2 max-plies
Game (W:v5 vs B:v6) FEN='rnbqrbnk/p4ppp/1p1p4/2p1p3/2P5/3PPP1P/PP4P1/KNBRQBNR w - - 0 1' -> result 1/2-1/2 max-plies
Game (W:v5 vs B:v6) FEN='rnbqrbnk/p2p2p1/1p2p2p/2p2p2/3P4/P3P1P1/1PP2P1P/KNBRQBNR w - - 0 1' -> result 1/2-1/2 max-plies
Game (W:v5 vs B:v6) FEN='knbrqbnr/p1p2p2/1p1p2pp/4p3/4P3/3P2PP/PPP2P2/RNBQRBNK w - - 0 1' -> result 1/2-1/2 max-plies
Game (W:v5 vs B:v6) FEN='knbrqbnr/pp2p1p1/5p1p/2pp4/4P3/1P4PP/P1PP1P2/RNBQRBNK w - - 0 1' -> result 1/2-1/2 max-plies
Game (W:v5 vs B:v6) FEN='knbrqbnr/pp4p1/2pp1p1p/4p3/2P1P3/5PP1/PP1P3P/RNBQRBNK w - - 0 1' -> result 1-0 checkmate
Game (W:v5 vs B:v6) FEN='knbrqbnr/1p3p1p/p2p2p1/2p1p3/4PP2/2PP4/PP4PP/RNBQRBNK w - - 0 1' -> result 0-1 checkmate
Game (W:v5 vs B:v6) FEN='rnbqrbnk/1p3p1p/p3p1p1/2pp4/8/2PPPPP1/PP5P/KNBRQBNR w - - 0 1' -> result 1/2-1/2 max-plies
Game (W:v5 vs B:v6) FEN='knbrqbnr/pp3p1p/2p3p1/3pp3/3P4/1PP1P2P/P4PP1/RNBQRBNK w - - 0 1' -> result 0-1 checkmate
Game (W:v5 vs B:v6) FEN='rnbqrbnk/5ppp/ppppp3/8/3P4/1P2P2P/P1P2PP1/KNBRQBNR w - - 0 1' -> result 1-0 checkmate
Game (W:v5 vs B:v6) FEN='knbrqbnr/1pp4p/p2pp1p1/5p2/2P1P3/5P1P/PP1P2P1/RNBQRBNK w - - 0 1' -> result 1/2-1/2 max-plies
Game (W:v5 vs B:v6) FEN='rnbqrbnk/1pp4p/p3ppp1/3p4/2P5/P2P1PP1/1P2P2P/KNBRQBNR w - - 0 1' -> result 1-0 checkmate
Game (W:v5 vs B:v6) FEN='knbrqbnr/p4ppp/1p6/2ppp3/8/1PP1PP1P/P2P2P1/RNBQRBNK w - - 0 1' -> result 0-1 checkmate
Game (W:v5 vs B:v6) FEN='knbrqbnr/pp3p2/2pp2pp/4p3/3P4/2P1PP1P/PP4P1/RNBQRBNK w - - 0 1' -> result 1/2-1/2 max-plies
Game (W:v5 vs B:v6) FEN='knbrqbnr/pp2pp2/6pp/2pp4/8/1PP1PPP1/P2P3P/RNBQRBNK w - - 0 1' -> result 0-1 checkmate
Game (W:v5 vs B:v6) FEN='rnbqrbnk/5ppp/ppppp3/8/5P2/1P1PP2P/P1P3P1/KNBRQBNR w - - 0 1' -> result 1/2-1/2 max-plies
Game (W:v5 vs B:v6) FEN='rnbqrbnk/2p2p1p/pp1pp1p1/8/2P5/1P1PP2P/P4PP1/KNBRQBNR w - - 0 1' -> result 1/2-1/2 max-plies
Game (W:v5 vs B:v6) FEN='rnbqrbnk/p2p2p1/1p2pp1p/2p5/3P4/1P2P2P/P1P2PP1/KNBRQBNR w - - 0 1' -> result 0-1 checkmate
Game (W:v5 vs B:v6) FEN='knbrqbnr/p1p3pp/1p2p3/3p1p2/2PP1P2/4P1P1/PP5P/RNBQRBNK w - - 0 1' -> result 1/2-1/2 max-plies
Game (W:v5 vs B:v6) FEN='rnbqrbnk/p1p4p/1p1pp1p1/5p2/8/PPPPP3/5PPP/KNBRQBNR w - - 0 1' -> result 1/2-1/2 max-plies
Game (W:v5 vs B:v6) FEN='knbrqbnr/1pp3pp/p3p3/3p1p2/3P1P2/PP2P3/2P3PP/RNBQRBNK w - - 0 1' -> result 0-1 checkmate
Game (W:v5 vs B:v6) FEN='rnbqrbnk/1pp4p/p2pp1p1/5p2/8/PPPPP3/5PPP/KNBRQBNR w - - 0 1' -> result 1/2-1/2 max-plies
Game (W:v5 vs B:v6) FEN='knbrqbnr/1p3p1p/p2p2p1/2p1p3/3P1P2/1PP1P3/P5PP/RNBQRBNK w - - 0 1' -> result 1/2-1/2 max-plies
Game (W:v5 vs B:v6) FEN='knbrqbnr/pp4pp/2p5/3ppp2/4P3/PP3P2/2PP2PP/RNBQRBNK w - - 0 1' -> result 1/2-1/2 max-plies
Game (W:v5 vs B:v6) FEN='knbrqbnr/ppp1p3/5ppp/3p4/4P3/3P2PP/PPP2P2/RNBQRBNK w - - 0 1' -> result 1/2-1/2 max-plies
Game (W:v5 vs B:v6) FEN='knbrqbnr/p3pp2/1ppp2pp/8/8/3PPPPP/PPP5/RNBQRBNK w - - 0 1' -> result 1/2-1/2 max-plies
Game (W:v5 vs B:v6) FEN='rnbqrbnk/2p2p1p/pp2p1p1/3p4/8/1PPPPP2/P5PP/KNBRQBNR w - - 0 1' -> result 1/2-1/2 max-plies
Game (W:v5 vs B:v6) FEN='knbrqbnr/pp5p/3pp1p1/2p2p2/4P3/3P1P1P/PPP3P1/RNBQRBNK w - c6 0 1' -> result 1-0 checkmate
Game (W:v6 vs B:v5) FEN='knbrqbnr/p5pp/1ppp1p2/4p3/4PP2/PP6/2PP2PP/RNBQRBNK w - - 0 1' -> result 1/2-1/2 max-plies
Game (W:v6 vs B:v5) FEN='rnbqrbnk/pp3p2/2p1p1pp/3p4/3P4/1P3PP1/P1P1P2P/KNBRQBNR w - - 0 1' -> result 1/2-1/2 max-plies
Game (W:v6 vs B:v5) FEN='rnbqrbnk/pp3p2/3pp1pp/2p5/2P2P2/1P1P2P1/P3P2P/KNBRQBNR w - - 0 1' -> result 1/2-1/2 max-plies
Game (W:v6 vs B:v5) FEN='rnbqrbnk/1pp4p/p3ppp1/3p4/2P5/3PPP1P/PP4P1/KNBRQBNR w - - 0 1' -> result 1/2-1/2 max-plies
Game (W:v6 vs B:v5) FEN='knbrqbnr/pp5p/2ppp1p1/5p2/2P1P3/1P5P/P2P1PP1/RNBQRBNK w - - 0 1' -> result 1/2-1/2 max-plies
Game (W:v6 vs B:v5) FEN='rnbqrbnk/pp1p2p1/2p2p1p/4p3/3P4/1P3PP1/P1P1P2P/KNBRQBNR w - - 0 1' -> result 1/2-1/2 max-plies
Game (W:v6 vs B:v5) FEN='knbrqbnr/p1p3pp/1p3p2/3pp3/8/PPPPP3/5PPP/RNBQRBNK w - - 0 1' -> result 1/2-1/2 max-plies
Game (W:v6 vs B:v5) FEN='knbrqbnr/p1p4p/1p1p1pp1/4p3/8/PPP1P1P1/3P1P1P/RNBQRBNK w - - 0 1' -> result 1/2-1/2 max-plies
Game (W:v6 vs B:v5) FEN='rnbqrbnk/2pp2pp/pp3p2/4p3/2P1P3/3P2PP/PP3P2/KNBRQBNR w - - 0 1' -> result 1/2-1/2 max-plies
Game (W:v6 vs B:v5) FEN='rnbqrbnk/pp5p/2p1ppp1/3p4/2P5/P2PPP2/1P4PP/KNBRQBNR w - - 0 1' -> result 1/2-1/2 max-plies
Game (W:v6 vs B:v5) FEN='knbrqbnr/ppp4p/6p1/3ppp2/4P3/1PP3P1/P2P1P1P/RNBQRBNK w - - 0 1' -> result 0-1 checkmate
Game (W:v6 vs B:v5) FEN='knbrqbnr/pp2p2p/2p3p1/3p1p2/3P4/PP2P1P1/2P2P1P/RNBQRBNK w - - 0 1' -> result 1/2-1/2 max-plies
Game (W:v6 vs B:v5) FEN='knbrqbnr/pp2p3/2pp1ppp/8/2P5/P3PPP1/1P1P3P/RNBQRBNK w - - 0 1' -> result 1-0 checkmate
Game (W:v6 vs B:v5) FEN='rnbqrbnk/1p1p3p/p3ppp1/2p5/8/P1PP1PP1/1P2P2P/KNBRQBNR w - - 0 1' -> result 1/2-1/2 max-plies
Game (W:v6 vs B:v5) FEN='rnbqrbnk/pp3p1p/6p1/2ppp3/4P3/1P1P1P1P/P1P3P1/KNBRQBNR w - c6 0 1' -> result 1/2-1/2 max-plies
Game (W:v6 vs B:v5) FEN='knbrqbnr/p1p1p2p/1p4p1/3p1p2/5P2/P1P1P1P1/1P1P3P/RNBQRBNK w - - 0 1' -> result 1/2-1/2 max-plies
Game (W:v6 vs B:v5) FEN='rnbqrbnk/3p2pp/pp2pp2/2p5/8/P1PPPP2/1P4PP/KNBRQBNR w - - 0 1' -> result 1/2-1/2 max-plies
Game (W:v6 vs B:v5) FEN='rnbqrbnk/1p3p1p/p1p1p1p1/3p4/2P5/P2PPP2/1P4PP/KNBRQBNR w - - 0 1' -> result 1/2-1/2 max-plies
Game (W:v6 vs B:v5) FEN='rnbqrbnk/1p3ppp/p2p4/2p1p3/3P4/1PP1P3/P4PPP/KNBRQBNR w - - 0 1' -> result 1-0 checkmate
Game (W:v6 vs B:v5) FEN='rnbqrbnk/p1p4p/1p2ppp1/3p4/2P2P2/1P1P2P1/P3P2P/KNBRQBNR w - - 0 1' -> result 1/2-1/2 max-plies
Game (W:v6 vs B:v5) FEN='rnbqrbnk/p2p3p/1p2ppp1/2p5/8/1PPPP2P/P4PP1/KNBRQBNR w - - 0 1' -> result 1/2-1/2 max-plies
Game (W:v6 vs B:v5) FEN='rnbqrbnk/1p3p1p/p3p1p1/2pp4/8/2PPPPP1/PP5P/KNBRQBNR w - - 0 1' -> result 0-1 checkmate
Game (W:v6 vs B:v5) FEN='rnbqrbnk/pp3pp1/2pp3p/4p3/8/2PP1PPP/PP2P3/KNBRQBNR w - - 0 1' -> result 1/2-1/2 max-plies
Game (W:v6 vs B:v5) FEN='rnbqrbnk/p5pp/1pppp3/5p2/8/P1PPPP2/1P4PP/KNBRQBNR w - - 0 1' -> result 1/2-1/2 max-plies
Game (W:v6 vs B:v5) FEN='knbrqbnr/p5pp/1ppp1p2/4p3/8/P1P1PPP1/1P1P3P/RNBQRBNK w - - 0 1' -> result 1/2-1/2 max-plies
Game (W:v6 vs B:v5) FEN='rnbqrbnk/p4pp1/1pppp2p/8/2PP4/5PP1/PP2P2P/KNBRQBNR w - - 0 1' -> result 0-1 checkmate
Game (W:v6 vs B:v5) FEN='knbrqbnr/2p2p1p/pp1pp1p1/8/8/1PP1PPP1/P2P3P/RNBQRBNK w - - 0 1' -> result 1/2-1/2 max-plies
Game (W:v6 vs B:v5) FEN='rnbqrbnk/3p2pp/ppp1pp2/8/8/P1PP1PP1/1P2P2P/KNBRQBNR w - - 0 1' -> result 1-0 checkmate
Game (W:v6 vs B:v5) FEN='knbrqbnr/p3ppp1/1p5p/2pp4/5P2/1P2P1PP/P1PP4/RNBQRBNK w - - 0 1' -> result 1/2-1/2 max-plies
Game (W:v6 vs B:v5) FEN='rnbqrbnk/1pp3pp/p7/3ppp2/3P4/1PP2P2/P3P1PP/KNBRQBNR w - - 0 1' -> result 1/2-1/2 max-plies
Game (W:v6 vs B:v5) FEN='rnbqrbnk/pp1p4/4p1pp/2p2p2/8/1PPP1P1P/P3P1P1/KNBRQBNR w - - 0 1' -> result 0-1 checkmate
Game (W:v6 vs B:v5) FEN='rnbqrbnk/2p3pp/pp2p3/3p1p2/8/1P1PPP1P/P1P3P1/KNBRQBNR w - - 0 1' -> result 1/2-1/2 max-plies
Game (W:v6 vs B:v5) FEN='knbrqbnr/1p2p2p/p2p2p1/2p2p2/2P1PP2/7P/PP1P2P1/RNBQRBNK w - - 0 1' -> result 1-0 checkmate
Game (W:v6 vs B:v5) FEN='rnbqrbnk/2p2ppp/pp1p4/4p3/4P3/PP1P1P2/2P3PP/KNBRQBNR w - - 0 1' -> result 0-1 checkmate
Game (W:v6 vs B:v5) FEN='rnbqrbnk/3p2pp/ppp1p3/5p2/2PP4/P4P2/1P2P1PP/KNBRQBNR w - - 0 1' -> result 0-1 checkmate
Game (W:v6 vs B:v5) FEN='rnbqrbnk/p1pp2p1/1p3p1p/4p3/2P5/1P1P1PP1/P3P2P/KNBRQBNR w - - 0 1' -> result 0-1 checkmate
Game (W:v6 vs B:v5) FEN='rnbqrbnk/p5pp/1p2p3/2pp1p2/2P1P3/3P1P1P/PP4P1/KNBRQBNR w - - 0 1' -> result 1/2-1/2 max-plies
Game (W:v6 vs B:v5) FEN='knbrqbnr/pp2p1p1/2p2p1p/3p4/3P1P2/P1P1P3/1P4PP/RNBQRBNK w - - 0 1' -> result 0-1 checkmate
Game (W:v6 vs B:v5) FEN='rnbqrbnk/p2p2p1/1p2pp1p/2p5/4P3/P1PP1P2/1P4PP/KNBRQBNR w - - 0 1' -> result 1/2-1/2 max-plies
Game (W:v6 vs B:v5) FEN='knbrqbnr/ppp4p/4p1p1/3p1p2/8/PP1PPP2/2P3PP/RNBQRBNK w - - 0 1' -> result 0-1 checkmate
Game (W:v6 vs B:v5) FEN='knbrqbnr/ppp4p/4p1p1/3p1p2/4PP2/P5P1/1PPP3P/RNBQRBNK w - - 0 1' -> result 1/2-1/2 max-plies
Game (W:v6 vs B:v5) FEN='rnbqrbnk/ppp5/3pp1pp/5p2/2P5/PP1P1P2/4P1PP/KNBRQBNR w - - 0 1' -> result 1/2-1/2 max-plies
Game (W:v6 vs B:v5) FEN='rnbqrbnk/pp4p1/2ppp2p/5p2/2P2P2/1P1P2P1/P3P2P/KNBRQBNR w - - 0 1' -> result 0-1 checkmate
Game (W:v6 vs B:v5) FEN='knbrqbnr/pp3p2/3pp1pp/2p5/2P1PP2/P7/1P1P2PP/RNBQRBNK w - - 0 1' -> result 0-1 checkmate
Game (W:v6 vs B:v5) FEN='rnbqrbnk/p4ppp/1ppp4/4p3/2P1P3/P2P1P2/1P4PP/KNBRQBNR w - - 0 1' -> result 1/2-1/2 max-plies
Game (W:v6 vs B:v5) FEN='rnbqrbnk/pp1p2p1/2p4p/4pp2/2P5/P2PPP2/1P4PP/KNBRQBNR w - - 0 1' -> result 0-1 checkmate
Game (W:v6 vs B:v5) FEN='rnbqrbnk/pppp4/5ppp/4p3/2P5/1P1P1PP1/P3P2P/KNBRQBNR w - - 0 1' -> result 1/2-1/2 max-plies
Game (W:v6 vs B:v5) FEN='rnbqrbnk/1pp3pp/p4p2/3pp3/2P5/3PP1PP/PP3P2/KNBRQBNR w - - 0 1' -> result 1-0 checkmate
Game (W:v6 vs B:v5) FEN='rnbqrbnk/1p3p1p/p1p1p1p1/3p4/8/1PPPP1P1/P4P1P/KNBRQBNR w - - 0 1' -> result 1/2-1/2 max-plies
Game (W:v6 vs B:v5) FEN='rnbqrbnk/2p3pp/pp2p3/3p1p2/2P5/P2PP1P1/1P3P1P/KNBRQBNR w - - 0 1' -> result 1/2-1/2 max-plies

=== Match Summary ===
Total games: 100
v5 wins: 21
v6 wins: 14
draws:   65
=== Worker 1 end ===
