=== Worker 6 start ===
Running matches: games_per_side=5, depth=8, max_plies=300, movetime_ms=100, fen_or_book=book, version_a=v5, version_b=v21

Batch 1/2: v5 white vs v21 black, 5 games
Game (W:v5 vs B:v21) FEN=rnbqrbnk/p1p3p1/1p2p2p/3p1p2/8/PP1PPP2/2P3PP/KNBRQBNR\ w\ -\ -\ 0\ 1 -> result 0-1 checkmate
Game (W:v5 vs B:v21) FEN=knbrqbnr/pp3p1p/2p3p1/3pp3/3P4/1PP1P2P/P4PP1/RNBQRBNK\ w\ -\ -\ 0\ 1 -> result 0-1 checkmate
Game (W:v5 vs B:v21) FEN=rnbqrbnk/1p4pp/p1pppp2/8/3PP3/1P5P/P1P2PP1/KNBRQBNR\ w\ -\ -\ 0\ 1 -> result 1/2-1/2 threefold-repetition
Game (W:v5 vs B:v21) FEN=rnbqrbnk/p2p1p1p/1p4p1/2p1p3/8/1PPPP2P/P4PP1/KNBRQBNR\ w\ -\ -\ 0\ 1 -> result 1/2-1/2 threefold-repetition
Game (W:v5 vs B:v21) FEN=rnbqrbnk/p2p2pp/1pp2p2/4p3/2P2P2/1P1PP3/P5PP/KNBRQBNR\ w\ -\ -\ 0\ 1 -> result 1/2-1/2 threefold-repetition
Batch 2/2: v21 white vs v5 black, 5 games
Game (W:v21 vs B:v5) FEN=rnbqrbnk/1p3ppp/p7/2ppp3/2PP4/5PP1/PP2P2P/KNBRQBNR\ w\ -\ -\ 0\ 1 -> result 1/2-1/2 threefold-repetition
Game (W:v21 vs B:v5) FEN=knbrqbnr/pp3p2/2pp2pp/4p3/3PP3/6PP/PPP2P2/RNBQRBNK\ w\ -\ -\ 0\ 1 -> result 1-0 checkmate
Game (W:v21 vs B:v5) FEN=knbrqbnr/p3ppp1/1pp4p/3p4/5P2/P2PP1P1/1PP4P/RNBQRBNK\ w\ -\ -\ 0\ 1 -> result 1-0 checkmate
Game (W:v21 vs B:v5) FEN=rnbqrbnk/p1p2pp1/1p1p3p/4p3/4PP2/1P1P2P1/P1P4P/KNBRQBNR\ w\ -\ -\ 0\ 1 -> result 1/2-1/2 threefold-repetition
Game (W:v21 vs B:v5) FEN=knbrqbnr/pp5p/3pp1p1/2p2p2/3P4/1P2PP1P/P1P3P1/RNBQRBNK\ w\ -\ c6\ 0\ 1 -> result 1-0 checkmate

=== Match Summary ===
Total games: 10
v5 wins: 0
v21 wins: 5
draws:   5
=== Worker 6 end ===
