=== Worker 1 start ===
Running matches: games_per_side=5, depth=8, max_plies=300, movetime_ms=100, fen_or_book=book, version_a=v5, version_b=v21

Batch 1/2: v5 white vs v21 black, 5 games
Game (W:v5 vs B:v21) FEN=rnbqrbnk/p2p2pp/1p3p2/2p1p3/3P4/P1P3P1/1P2PP1P/KNBRQBNR\ w\ -\ -\ 0\ 1 -> result 0-1 checkmate
Game (W:v5 vs B:v21) FEN=knbrqbnr/1pp2p1p/p5p1/3pp3/4P3/1P4PP/P1PP1P2/RNBQRBNK\ w\ -\ -\ 0\ 1 -> result 0-1 checkmate
Game (W:v5 vs B:v21) FEN=knbrqbnr/p5pp/1ppp1p2/4p3/8/P1P1PPP1/1P1P3P/RNBQRBNK\ w\ -\ -\ 0\ 1 -> result 1/2-1/2 max-plies
Game (W:v5 vs B:v21) FEN=rnbqrbnk/1p3ppp/p1pp4/4p3/2PP4/1P2P3/P4PPP/KNBRQBNR\ w\ -\ -\ 0\ 1 -> result 0-1 checkmate
Game (W:v5 vs B:v21) FEN=rnbqrbnk/p1p2p2/1p2p1pp/3p4/8/P1PPP1P1/1P3P1P/KNBRQBNR\ w\ -\ -\ 0\ 1 -> result 0-1 checkmate
Batch 2/2: v21 white vs v5 black, 5 games
Game (W:v21 vs B:v5) FEN=rnbqrbnk/1p4pp/p1pppp2/8/3P4/P1P3P1/1P2PP1P/KNBRQBNR\ w\ -\ -\ 0\ 1 -> result 1/2-1/2 threefold-repetition
Game (W:v21 vs B:v5) FEN=rnbqrbnk/ppp4p/3p2p1/4pp2/2P5/PP1PP3/5PPP/KNBRQBNR\ w\ -\ -\ 0\ 1 -> result 1-0 checkmate
Game (W:v21 vs B:v5) FEN=rnbqrbnk/pp5p/2ppppp1/8/2P5/PP1P2P1/4PP1P/KNBRQBNR\ w\ -\ -\ 0\ 1 -> result 1/2-1/2 threefold-repetition
Game (W:v21 vs B:v5) FEN=knbrqbnr/pp3p2/2pp2pp/4p3/4P3/1P1P1P2/P1P3PP/RNBQRBNK\ w\ -\ -\ 0\ 1 -> result 0-1 checkmate
Game (W:v21 vs B:v5) FEN=knbrqbnr/ppp2p2/6pp/3pp3/2P5/P3PPP1/1P1P3P/RNBQRBNK\ w\ -\ -\ 0\ 1 -> result 1/2-1/2 threefold-repetition

=== Match Summary ===
Total games: 10
v5 wins: 1
v21 wins: 5
draws:   4
=== Worker 1 end ===
