=== Worker 3 start ===
Running matches: games_per_side=5, depth=8, max_plies=300, movetime_ms=100, fen_or_book=book, version_a=v5, version_b=v21

Batch 1/2: v5 white vs v21 black, 5 games
Game (W:v5 vs B:v21) FEN=rnbqrbnk/p2p2pp/1p3p2/2p1p3/3P4/P1P3P1/1P2PP1P/KNBRQBNR\ w\ -\ -\ 0\ 1 -> result 0-1 checkmate
Game (W:v5 vs B:v21) FEN=rnbqrbnk/p5pp/1p2p3/2pp1p2/2P5/3PP1PP/PP3P2/KNBRQBNR\ w\ -\ -\ 0\ 1 -> result 0-1 checkmate
Game (W:v5 vs B:v21) FEN=rnbqrbnk/5ppp/ppppp3/8/3P4/1P2P2P/P1P2PP1/KNBRQBNR\ w\ -\ -\ 0\ 1 -> result 0-1 checkmate
Game (W:v5 vs B:v21) FEN=rnbqrbnk/pp4pp/3p4/2p1pp2/8/3PPPPP/PPP5/KNBRQBNR\ w\ -\ c6\ 0\ 1 -> result 0-1 checkmate
Game (W:v5 vs B:v21) FEN=rnbqrbnk/ppp5/4pppp/3p4/8/PPPP2P1/4PP1P/KNBRQBNR\ w\ -\ -\ 0\ 1 -> result 0-1 checkmate
Batch 2/2: v21 white vs v5 black, 5 games
Game (W:v21 vs B:v5) FEN=rnbqrbnk/1p4pp/p1pppp2/8/3P4/1P2PP2/P1P3PP/KNBRQBNR\ w\ -\ -\ 0\ 1 -> result 1/2-1/2 threefold-repetition
Game (W:v21 vs B:v5) FEN=knbrqbnr/pp2p3/2pp1ppp/8/2P5/PP2P1P1/3P1P1P/RNBQRBNK\ w\ -\ -\ 0\ 1 -> result 1/2-1/2 max-plies
Game (W:v21 vs B:v5) FEN=rnbqrbnk/p1p3p1/1p1ppp1p/8/8/1P1PP1PP/P1P2P2/KNBRQBNR\ w\ -\ -\ 0\ 1 -> result 1-0 checkmate
Game (W:v21 vs B:v5) FEN=rnbqrbnk/pp3pp1/3p3p/2p1p3/8/3PPPPP/PPP5/KNBRQBNR\ w\ -\ -\ 0\ 1 -> result 1/2-1/2 threefold-repetition
Game (W:v21 vs B:v5) FEN=knbrqbnr/1p4pp/p2p1p2/2p1p3/8/1P1PP1PP/P1P2P2/RNBQRBNK\ w\ -\ -\ 0\ 1 -> result 1-0 checkmate

=== Match Summary ===
Total games: 10
v5 wins: 0
v21 wins: 7
draws:   3
=== Worker 3 end ===
