=== Worker 2 start ===
Running matches: games_per_side=5, depth=8, max_plies=150, movetime_ms=100, fen_or_book=book, version_a=v12, version_b=v5

Batch 1/2: v12 white vs v5 black, 5 games
Game (W:v12 vs B:v5) FEN=rnbqrbnk/pp4pp/2pp4/4pp2/8/2PP1PPP/PP2P3/KNBRQBNR\ w\ -\ -\ 0\ 1 -> result 0-1 checkmate
Game (W:v12 vs B:v5) FEN=knbrqbnr/5ppp/pp1pp3/2p5/8/1PP1PPP1/P2P3P/RNBQRBNK\ w\ -\ -\ 0\ 1 -> result 1/2-1/2 threefold-repetition
Game (W:v12 vs B:v5) FEN=rnbqrbnk/p5pp/1p1pp3/2p2p2/3P4/1P2P2P/P1P2PP1/KNBRQBNR\ w\ -\ -\ 0\ 1 -> result 0-1 checkmate
Game (W:v12 vs B:v5) FEN=rnbqrbnk/5ppp/ppp1p3/3p4/5P2/3PP1PP/PPP5/KNBRQBNR\ w\ -\ -\ 0\ 1 -> result 1-0 checkmate
Game (W:v12 vs B:v5) FEN=knbrqbnr/1p4pp/p1pp4/4pp2/3PP3/P5P1/1PP2P1P/RNBQRBNK\ w\ -\ -\ 0\ 1 -> result 1/2-1/2 threefold-repetition
Batch 2/2: v5 white vs v12 black, 5 games
Game (W:v5 vs B:v12) FEN=rnbqrbnk/pp1p1p2/2p3pp/4p3/4P3/1P1P1PP1/P1P4P/KNBRQBNR\ w\ -\ -\ 0\ 1 -> result 1/2-1/2 threefold-repetition
Game (W:v5 vs B:v12) FEN=rnbqrbnk/ppp4p/6p1/3ppp2/2P5/3P1PPP/PP2P3/KNBRQBNR\ w\ -\ d6\ 0\ 1 -> result 1/2-1/2 threefold-repetition
Game (W:v5 vs B:v12) FEN=knbrqbnr/2p2ppp/pp6/3pp3/3P4/2P1PPP1/PP5P/RNBQRBNK\ w\ -\ -\ 0\ 1 -> result 1/2-1/2 threefold-repetition
Game (W:v5 vs B:v12) FEN=rnbqrbnk/3p2pp/ppp1p3/5p2/2P2P2/PP1P4/4P1PP/KNBRQBNR\ w\ -\ -\ 0\ 1 -> result 1/2-1/2 threefold-repetition
Game (W:v5 vs B:v12) FEN=knbrqbnr/pp4p1/2pp1p1p/4p3/5P2/P1PPP3/1P4PP/RNBQRBNK\ w\ -\ -\ 0\ 1 -> result 1/2-1/2 threefold-repetition

=== Match Summary ===
Total games: 10
v12 wins: 1
v5 wins: 2
draws:   7
=== Worker 2 end ===
