=== Worker 7 start ===
Running matches: games_per_side=5, depth=8, max_plies=150, movetime_ms=100, fen_or_book=book, version_a=v12, version_b=v5

Batch 1/2: v12 white vs v5 black, 5 games
Game (W:v12 vs B:v5) FEN=rnbqrbnk/ppp3p1/3p1p1p/4p3/2P5/P2PP1P1/1P3P1P/KNBRQBNR\ w\ -\ -\ 0\ 1 -> result 1/2-1/2 threefold-repetition
Game (W:v12 vs B:v5) FEN=knbrqbnr/pp3p1p/4p1p1/2pp4/8/2PPP1PP/PP3P2/RNBQRBNK\ w\ -\ c6\ 0\ 1 -> result 1-0 checkmate
Game (W:v12 vs B:v5) FEN=rnbqrbnk/ppp3p1/3p1p1p/4p3/2P5/1P1P1PP1/P3P2P/KNBRQBNR\ w\ -\ -\ 0\ 1 -> result 0-1 checkmate
Game (W:v12 vs B:v5) FEN=rnbqrbnk/5ppp/ppp1p3/3p4/5P2/3PP1PP/PPP5/KNBRQBNR\ w\ -\ -\ 0\ 1 -> result 1-0 checkmate
Game (W:v12 vs B:v5) FEN=rnbqrbnk/5ppp/pp1pp3/2p5/5P2/3PP1PP/PPP5/KNBRQBNR\ w\ -\ -\ 0\ 1 -> result 0-1 checkmate
Batch 2/2: v5 white vs v12 black, 5 games
Game (W:v5 vs B:v12) FEN=knbrqbnr/p5pp/1pppp3/5p2/3P1P2/4P1PP/PPP5/RNBQRBNK\ w\ -\ -\ 0\ 1 -> result 1/2-1/2 threefold-repetition
Game (W:v5 vs B:v12) FEN=knbrqbnr/pp3pp1/2p4p/3pp3/4P3/PP4P1/2PP1P1P/RNBQRBNK\ w\ -\ -\ 0\ 1 -> result 1/2-1/2 threefold-repetition
Game (W:v5 vs B:v12) FEN=knbrqbnr/pp2p2p/2p2pp1/3p4/4P3/PP1P4/2P2PPP/RNBQRBNK\ w\ -\ -\ 0\ 1 -> result 1/2-1/2 threefold-repetition
Game (W:v5 vs B:v12) FEN=knbrqbnr/1pp3pp/p3pp2/3p4/2P2P2/1P2P2P/P2P2P1/RNBQRBNK\ w\ -\ -\ 0\ 1 -> result 1/2-1/2 threefold-repetition
Game (W:v5 vs B:v12) FEN=rnbqrbnk/3p2pp/pp2pp2/2p5/2PP4/P4P2/1P2P1PP/KNBRQBNR\ w\ -\ -\ 0\ 1 -> result 1/2-1/2 threefold-repetition

=== Match Summary ===
Total games: 10
v12 wins: 2
v5 wins: 2
draws:   6
=== Worker 7 end ===
