=== Worker 4 start ===
Running matches: games_per_side=10, depth=8, max_plies=150, movetime_ms=50, fen_or_book=book, version_a=v1, version_b=v7

Game (W:v1 vs B:v7) FEN='rnbqrbnk/pp5p/4p1p1/2pp1p2/3P1P2/1PP5/P3P1PP/KNBRQBNR w - c6 0 1' -> result 1/2-1/2 max-plies
Game (W:v1 vs B:v7) FEN='knbrqbnr/2p1pp1p/pp4p1/3p4/8/1P1PP1PP/P1P2P2/RNBQRBNK w - - 0 1' -> result 0-1 checkmate
Game (W:v1 vs B:v7) FEN='rnbqrbnk/1pp2p1p/p5p1/3pp3/3P4/PPP5/4PPPP/KNBRQBNR w - - 0 1' -> result 1/2-1/2 max-plies
Game (W:v1 vs B:v7) FEN='knbrqbnr/pp4p1/2pppp1p/8/4P3/1PP3P1/P2P1P1P/RNBQRBNK w - - 0 1' -> result 0-1 checkmate
Game (W:v1 vs B:v7) FEN='rnbqrbnk/2p3pp/pp2pp2/3p4/2PPP3/P7/1P3PPP/KNBRQBNR w - - 0 1' -> result 0-1 checkmate
Game (W:v1 vs B:v7) FEN='rnbqrbnk/p2p2pp/1p3p2/2p1p3/8/P2PPPP1/1PP4P/KNBRQBNR w - - 0 1' -> result 1/2-1/2 max-plies
Game (W:v1 vs B:v7) FEN='rnbqrbnk/ppp3p1/5p1p/3pp3/4P3/P1PP1P2/1P4PP/KNBRQBNR w - - 0 1' -> result 0-1 checkmate
Game (W:v1 vs B:v7) FEN='knbrqbnr/pp3p1p/2p3p1/3pp3/3P4/1PP1P2P/P4PP1/RNBQRBNK w - - 0 1' -> result 0-1 checkmate
Game (W:v1 vs B:v7) FEN='knbrqbnr/p1p3p1/1p1p3p/4pp2/4PP2/3P3P/PPP3P1/RNBQRBNK w - - 0 1' -> result 0-1 checkmate
Game (W:v1 vs B:v7) FEN='rnbqrbnk/pp5p/4p1p1/2pp1p2/4P3/1P1P1PP1/P1P4P/KNBRQBNR w - c6 0 1' -> result 0-1 checkmate
Game (W:v7 vs B:v1) FEN='rnbqrbnk/p1p4p/1p2p1p1/3p1p2/2P2P2/1P1P2P1/P3P2P/KNBRQBNR w - - 0 1' -> result 1-0 checkmate
Game (W:v7 vs B:v1) FEN='knbrqbnr/1p4pp/p1pp4/4pp2/4P3/P1P2P2/1P1P2PP/RNBQRBNK w - - 0 1' -> result 1-0 checkmate
Game (W:v7 vs B:v1) FEN='rnbqrbnk/p1p3pp/1p6/3ppp2/2P5/P2PP1P1/1P3P1P/KNBRQBNR w - - 0 1' -> result 1-0 checkmate
Game (W:v7 vs B:v1) FEN='knbrqbnr/1p2p1pp/p1p2p2/3p4/8/1P1PPP1P/P1P3P1/RNBQRBNK w - - 0 1' -> result 1-0 checkmate
Game (W:v7 vs B:v1) FEN='knbrqbnr/2p2p1p/pp1p2p1/4p3/4PP2/2P3P1/PP1P3P/RNBQRBNK w - - 0 1' -> result 1-0 checkmate
Game (W:v7 vs B:v1) FEN='knbrqbnr/1p4pp/p1pppp2/8/3P4/4PPPP/PPP5/RNBQRBNK w - - 0 1' -> result 1-0 checkmate
Game (W:v7 vs B:v1) FEN='rnbqrbnk/p4pp1/1p2p2p/2pp4/5P2/2PP2PP/PP2P3/KNBRQBNR w - - 0 1' -> result 1/2-1/2 max-plies
Game (W:v7 vs B:v1) FEN='knbrqbnr/1p4pp/p1pppp2/8/3P4/4PPPP/PPP5/RNBQRBNK w - - 0 1' -> result 1/2-1/2 max-plies
Game (W:v7 vs B:v1) FEN='rnbqrbnk/p5pp/1pp1pp2/3p4/3P4/P1P3P1/1P2PP1P/KNBRQBNR w - - 0 1' -> result 1-0 checkmate
Game (W:v7 vs B:v1) FEN='rnbqrbnk/1p4pp/p1ppp3/5p2/5P2/1PPP2P1/P3P2P/KNBRQBNR w - - 0 1' -> result 1-0 checkmate

=== Match Summary ===
Total games: 20
v1 wins: 0
v7 wins: 15
draws:   5
=== Worker 4 end ===
