=== Worker 6 start ===
Running matches: games_per_side=50, depth=8, max_plies=150, movetime_ms=10, fen_or_book=book, version_a=v13, version_b=v14

Batch 1/2: v13 white vs v14 black, 50 games
Game (W:v13 vs B:v14) FEN=knbrqbnr/pp2p1p1/7p/2pp1p2/3P4/1P2P1PP/P1P2P2/RNBQRBNK\ w\ -\ -\ 0\ 1 -> result 1-0 checkmate
Game (W:v13 vs B:v14) FEN=rnbqrbnk/p4ppp/1ppp4/4p3/3P4/2P1P1P1/PP3P1P/KNBRQBNR\ w\ -\ -\ 0\ 1 -> result 1/2-1/2 max-plies
Game (W:v13 vs B:v14) FEN=knbrqbnr/1p3ppp/p3p3/2pp4/4PP2/3P2P1/PPP4P/RNBQRBNK\ w\ -\ -\ 0\ 1 -> result 1/2-1/2 max-plies
Game (W:v13 vs B:v14) FEN=rnbqrbnk/1p4pp/p2pp3/2p2p2/3P4/5PPP/PPP1P3/KNBRQBNR\ w\ -\ -\ 0\ 1 -> result 1-0 checkmate
Game (W:v13 vs B:v14) FEN=knbrqbnr/pp4pp/2p5/3ppp2/2P2P2/3PP1P1/PP5P/RNBQRBNK\ w\ -\ -\ 0\ 1 -> result 1-0 checkmate
Game (W:v13 vs B:v14) FEN=rnbqrbnk/p1p3pp/1p1p4/4pp2/3P4/1PP2P2/P3P1PP/KNBRQBNR\ w\ -\ -\ 0\ 1 -> result 1/2-1/2 max-plies
Game (W:v13 vs B:v14) FEN=rnbqrbnk/3p2pp/ppp1pp2/8/2P1P3/P2P2P1/1P3P1P/KNBRQBNR\ w\ -\ -\ 0\ 1 -> result 1-0 checkmate
Game (W:v13 vs B:v14) FEN=rnbqrbnk/1p3p1p/p3p1p1/2pp4/8/2PPPPP1/PP5P/KNBRQBNR\ w\ -\ -\ 0\ 1 -> result 1/2-1/2 max-plies
Game (W:v13 vs B:v14) FEN=knbrqbnr/1pp3pp/p3pp2/3p4/3PP3/5P1P/PPP3P1/RNBQRBNK\ w\ -\ -\ 0\ 1 -> result 1/2-1/2 max-plies
Game (W:v13 vs B:v14) FEN=rnbqrbnk/p1p3p1/1p1pp2p/5p2/8/PP1PPP2/2P3PP/KNBRQBNR\ w\ -\ -\ 0\ 1 -> result 1-0 checkmate
Game (W:v13 vs B:v14) FEN=rnbqrbnk/p5pp/1pppp3/5p2/2PP4/1P2P3/P4PPP/KNBRQBNR\ w\ -\ -\ 0\ 1 -> result 1-0 checkmate
Game (W:v13 vs B:v14) FEN=rnbqrbnk/p5pp/1p1pp3/2p2p2/3P4/1P2P2P/P1P2PP1/KNBRQBNR\ w\ -\ -\ 0\ 1 -> result 1-0 checkmate
Game (W:v13 vs B:v14) FEN=rnbqrbnk/p2p1pp1/1pp4p/4p3/5P2/PP1PP3/2P3PP/KNBRQBNR\ w\ -\ -\ 0\ 1 -> result 1-0 checkmate
Game (W:v13 vs B:v14) FEN=rnbqrbnk/p1p3pp/1p1p4/4pp2/2P5/1P1PP1P1/P4P1P/KNBRQBNR\ w\ -\ -\ 0\ 1 -> result 1-0 checkmate
Game (W:v13 vs B:v14) FEN=knbrqbnr/p4p1p/1p1p2p1/2p1p3/5P2/1P1PP1P1/P1P4P/RNBQRBNK\ w\ -\ -\ 0\ 1 -> result 0-1 checkmate
Game (W:v13 vs B:v14) FEN=rnbqrbnk/p1p2pp1/1p1p3p/4p3/4PP2/1P1P2P1/P1P4P/KNBRQBNR\ w\ -\ -\ 0\ 1 -> result 1-0 checkmate
Game (W:v13 vs B:v14) FEN=knbrqbnr/pp4p1/3p1p1p/2p1p3/3P1P2/P3P1P1/1PP4P/RNBQRBNK\ w\ -\ -\ 0\ 1 -> result 1/2-1/2 max-plies
Game (W:v13 vs B:v14) FEN=rnbqrbnk/1p3ppp/p1p5/3pp3/2PP4/5P1P/PP2P1P1/KNBRQBNR\ w\ -\ -\ 0\ 1 -> result 0-1 checkmate
Game (W:v13 vs B:v14) FEN=rnbqrbnk/pp3p2/3pp1pp/2p5/2P2P2/1P1P2P1/P3P2P/KNBRQBNR\ w\ -\ -\ 0\ 1 -> result 1/2-1/2 max-plies
Game (W:v13 vs B:v14) FEN=rnbqrbnk/p1pp2p1/1p5p/4pp2/3P4/1P2P1P1/P1P2P1P/KNBRQBNR\ w\ -\ -\ 0\ 1 -> result 1-0 checkmate
Game (W:v13 vs B:v14) FEN=knbrqbnr/p1p1p1p1/1p5p/3p1p2/2P5/4PPPP/PP1P4/RNBQRBNK\ w\ -\ -\ 0\ 1 -> result 1/2-1/2 max-plies
Game (W:v13 vs B:v14) FEN=knbrqbnr/pp2p2p/2p3p1/3p1p2/3P4/PP2P1P1/2P2P1P/RNBQRBNK\ w\ -\ -\ 0\ 1 -> result 1/2-1/2 max-plies
Game (W:v13 vs B:v14) FEN=rnbqrbnk/p5pp/1p1pp3/2p2p2/3P1P2/1P5P/P1P1P1P1/KNBRQBNR\ w\ -\ -\ 0\ 1 -> result 1-0 checkmate
Game (W:v13 vs B:v14) FEN=rnbqrbnk/pp4pp/2p2p2/3pp3/2PP1P2/1P6/P3P1PP/KNBRQBNR\ w\ -\ -\ 0\ 1 -> result 1/2-1/2 max-plies
Game (W:v13 vs B:v14) FEN=rnbqrbnk/p1p3p1/1p2p2p/3p1p2/2P5/P2PPP2/1P4PP/KNBRQBNR\ w\ -\ -\ 0\ 1 -> result 1-0 checkmate
Game (W:v13 vs B:v14) FEN=rnbqrbnk/p2p3p/1p2ppp1/2p5/8/1PPPP2P/P4PP1/KNBRQBNR\ w\ -\ -\ 0\ 1 -> result 1/2-1/2 max-plies
Game (W:v13 vs B:v14) FEN=knbrqbnr/pp2pp2/2p3pp/3p4/8/1PPPP2P/P4PP1/RNBQRBNK\ w\ -\ -\ 0\ 1 -> result 1/2-1/2 max-plies
Game (W:v13 vs B:v14) FEN=knbrqbnr/pp5p/3pppp1/2p5/3P1P2/4P1PP/PPP5/RNBQRBNK\ w\ -\ c6\ 0\ 1 -> result 1/2-1/2 max-plies
Game (W:v13 vs B:v14) FEN=knbrqbnr/pp2pp2/6pp/2pp4/4PP2/1P1P4/P1P3PP/RNBQRBNK\ w\ -\ -\ 0\ 1 -> result 1-0 checkmate
Game (W:v13 vs B:v14) FEN=rnbqrbnk/1p4pp/p1pppp2/8/3P4/1P2P2P/P1P2PP1/KNBRQBNR\ w\ -\ -\ 0\ 1 -> result 1-0 checkmate
Game (W:v13 vs B:v14) FEN=knbrqbnr/ppp4p/5pp1/3pp3/8/PP1PPP2/2P3PP/RNBQRBNK\ w\ -\ -\ 0\ 1 -> result 0-1 checkmate
Game (W:v13 vs B:v14) FEN=knbrqbnr/1pp4p/p2p2p1/4pp2/2P5/1P1PPP2/P5PP/RNBQRBNK\ w\ -\ -\ 0\ 1 -> result 1/2-1/2 max-plies
Game (W:v13 vs B:v14) FEN=knbrqbnr/1p4pp/p1pp4/4pp2/2P1PP2/1P6/P2P2PP/RNBQRBNK\ w\ -\ -\ 0\ 1 -> result 1/2-1/2 max-plies
Game (W:v13 vs B:v14) FEN=knbrqbnr/pp5p/2ppppp1/8/2P5/1P2PP1P/P2P2P1/RNBQRBNK\ w\ -\ -\ 0\ 1 -> result 1-0 checkmate
Game (W:v13 vs B:v14) FEN=rnbqrbnk/p5pp/1p1pp3/2p2p2/2P5/1P1P2PP/P3PP2/KNBRQBNR\ w\ -\ -\ 0\ 1 -> result 1-0 checkmate
Game (W:v13 vs B:v14) FEN=knbrqbnr/p1p3p1/1p1p3p/4pp2/4P3/P4PP1/1PPP3P/RNBQRBNK\ w\ -\ -\ 0\ 1 -> result 1-0 checkmate
Game (W:v13 vs B:v14) FEN=knbrqbnr/1p2p2p/p1pp2p1/5p2/4P3/P2P2P1/1PP2P1P/RNBQRBNK\ w\ -\ -\ 0\ 1 -> result 1-0 checkmate
Game (W:v13 vs B:v14) FEN=rnbqrbnk/1p3ppp/p1p5/3pp3/4P3/2PP2PP/PP3P2/KNBRQBNR\ w\ -\ -\ 0\ 1 -> result 1/2-1/2 max-plies
Game (W:v13 vs B:v14) FEN=rnbqrbnk/ppp4p/3p2p1/4pp2/2P5/PP1PP3/5PPP/KNBRQBNR\ w\ -\ -\ 0\ 1 -> result 1-0 checkmate
Game (W:v13 vs B:v14) FEN=rnbqrbnk/1p4pp/p2ppp2/2p5/4P3/2PP1P1P/PP4P1/KNBRQBNR\ w\ -\ -\ 0\ 1 -> result 1-0 checkmate
Game (W:v13 vs B:v14) FEN=knbrqbnr/1p3ppp/p1p5/3pp3/2P5/P3PPP1/1P1P3P/RNBQRBNK\ w\ -\ -\ 0\ 1 -> result 1-0 checkmate
Game (W:v13 vs B:v14) FEN=knbrqbnr/pp2p2p/2p2pp1/3p4/4P3/PP1P4/2P2PPP/RNBQRBNK\ w\ -\ -\ 0\ 1 -> result 1/2-1/2 max-plies
Game (W:v13 vs B:v14) FEN=rnbqrbnk/p2p2p1/1pp1pp1p/8/8/1PPPP1P1/P4P1P/KNBRQBNR\ w\ -\ -\ 0\ 1 -> result 1-0 checkmate
Game (W:v13 vs B:v14) FEN=knbrqbnr/pp5p/3pp1p1/2p2p2/2P1P3/P4P2/1P1P2PP/RNBQRBNK\ w\ -\ c6\ 0\ 1 -> result 1-0 checkmate
Game (W:v13 vs B:v14) FEN=rnbqrbnk/p2p2p1/1p2p2p/2p2p2/8/1PPPP2P/P4PP1/KNBRQBNR\ w\ -\ -\ 0\ 1 -> result 1/2-1/2 max-plies
Game (W:v13 vs B:v14) FEN=knbrqbnr/1pp3pp/p3p3/3p1p2/3P1P2/PP2P3/2P3PP/RNBQRBNK\ w\ -\ -\ 0\ 1 -> result 1/2-1/2 max-plies
Game (W:v13 vs B:v14) FEN=rnbqrbnk/1p1p3p/p3p1p1/2p2p2/2P5/PP1P2P1/4PP1P/KNBRQBNR\ w\ -\ -\ 0\ 1 -> result 1-0 checkmate
Game (W:v13 vs B:v14) FEN=rnbqrbnk/1p4pp/p1p1pp2/3p4/4P3/P1PP2P1/1P3P1P/KNBRQBNR\ w\ -\ -\ 0\ 1 -> result 1-0 checkmate
Game (W:v13 vs B:v14) FEN=knbrqbnr/p1p3p1/1p1ppp1p/8/5P2/1PP1P1P1/P2P3P/RNBQRBNK\ w\ -\ -\ 0\ 1 -> result 1-0 checkmate
Game (W:v13 vs B:v14) FEN=knbrqbnr/pp2p1p1/5p1p/2pp4/4P3/1P4PP/P1PP1P2/RNBQRBNK\ w\ -\ -\ 0\ 1 -> result 1/2-1/2 max-plies
Batch 2/2: v14 white vs v13 black, 50 games
Game (W:v14 vs B:v13) FEN=rnbqrbnk/1pp3pp/p2p4/4pp2/2PPP3/6P1/PP3P1P/KNBRQBNR\ w\ -\ -\ 0\ 1 -> result 0-1 checkmate
Game (W:v14 vs B:v13) FEN=knbrqbnr/1p3p1p/p2p2p1/2p1p3/4PP2/2PP4/PP4PP/RNBQRBNK\ w\ -\ -\ 0\ 1 -> result 0-1 checkmate
Game (W:v14 vs B:v13) FEN=rnbqrbnk/1p3p1p/p2pp1p1/2p5/4P3/PP1P1P2/2P3PP/KNBRQBNR\ w\ -\ -\ 0\ 1 -> result 0-1 checkmate
Game (W:v14 vs B:v13) FEN=rnbqrbnk/pp4pp/2p5/3ppp2/3P4/2P1P1P1/PP3P1P/KNBRQBNR\ w\ -\ -\ 0\ 1 -> result 1/2-1/2 max-plies
Game (W:v14 vs B:v13) FEN=rnbqrbnk/p1p3pp/1p1p1p2/4p3/4P3/PP1P1P2/2P3PP/KNBRQBNR\ w\ -\ -\ 0\ 1 -> result 1/2-1/2 max-plies
Game (W:v14 vs B:v13) FEN=knbrqbnr/p1p4p/1p1pp1p1/5p2/8/1PPPP1P1/P4P1P/RNBQRBNK\ w\ -\ -\ 0\ 1 -> result 1/2-1/2 max-plies
Game (W:v14 vs B:v13) FEN=rnbqrbnk/ppp5/3pp1pp/5p2/8/1PPP1PP1/P3P2P/KNBRQBNR\ w\ -\ -\ 0\ 1 -> result 0-1 checkmate
Game (W:v14 vs B:v13) FEN=knbrqbnr/pp4p1/3p3p/2p1pp2/4P3/P2P2P1/1PP2P1P/RNBQRBNK\ w\ -\ -\ 0\ 1 -> result 1-0 checkmate
Game (W:v14 vs B:v13) FEN=knbrqbnr/1p3ppp/p1p5/3pp3/2P5/P3PPP1/1P1P3P/RNBQRBNK\ w\ -\ -\ 0\ 1 -> result 0-1 checkmate
Game (W:v14 vs B:v13) FEN=knbrqbnr/1p2p2p/p2p2p1/2p2p2/4P3/1P1P2P1/P1P2P1P/RNBQRBNK\ w\ -\ -\ 0\ 1 -> result 1/2-1/2 max-plies
Game (W:v14 vs B:v13) FEN=rnbqrbnk/pp3pp1/2pp3p/4p3/8/2PP1PPP/PP2P3/KNBRQBNR\ w\ -\ -\ 0\ 1 -> result 0-1 checkmate
Game (W:v14 vs B:v13) FEN=rnbqrbnk/1p4pp/p3p3/2pp1p2/3P4/2P1P2P/PP3PP1/KNBRQBNR\ w\ -\ -\ 0\ 1 -> result 1/2-1/2 max-plies
Game (W:v14 vs B:v13) FEN=knbrqbnr/p3p2p/1p1p2p1/2p2p2/4P3/1P4PP/P1PP1P2/RNBQRBNK\ w\ -\ -\ 0\ 1 -> result 1/2-1/2 max-plies
Game (W:v14 vs B:v13) FEN=knbrqbnr/1p4pp/p1pp1p2/4p3/4PP2/3P2P1/PPP4P/RNBQRBNK\ w\ -\ -\ 0\ 1 -> result 1/2-1/2 max-plies
Game (W:v14 vs B:v13) FEN=knbrqbnr/pp5p/2ppp1p1/5p2/3P4/1PP1PP2/P5PP/RNBQRBNK\ w\ -\ -\ 0\ 1 -> result 1/2-1/2 max-plies
Game (W:v14 vs B:v13) FEN=knbrqbnr/p5pp/1pppp3/5p2/3P1P2/4P1PP/PPP5/RNBQRBNK\ w\ -\ -\ 0\ 1 -> result 1/2-1/2 max-plies
Game (W:v14 vs B:v13) FEN=knbrqbnr/2p3pp/pp1p4/4pp2/4PP2/1PP5/P2P2PP/RNBQRBNK\ w\ -\ -\ 0\ 1 -> result 0-1 checkmate
Game (W:v14 vs B:v13) FEN=rnbqrbnk/ppp4p/3p2p1/4pp2/2PPP3/1P6/P4PPP/KNBRQBNR\ w\ -\ -\ 0\ 1 -> result 1/2-1/2 max-plies
Game (W:v14 vs B:v13) FEN=knbrqbnr/pp3p2/2pp2pp/4p3/3P4/2P1PP1P/PP4P1/RNBQRBNK\ w\ -\ -\ 0\ 1 -> result 0-1 checkmate
Game (W:v14 vs B:v13) FEN=rnbqrbnk/pp4pp/2p5/3ppp2/3P4/1P2P1P1/P1P2P1P/KNBRQBNR\ w\ -\ -\ 0\ 1 -> result 1-0 checkmate
Game (W:v14 vs B:v13) FEN=knbrqbnr/1p4pp/p2pp3/2p2p2/8/PP1PP1P1/2P2P1P/RNBQRBNK\ w\ -\ -\ 0\ 1 -> result 1/2-1/2 max-plies
Game (W:v14 vs B:v13) FEN=knbrqbnr/pp2pp2/6pp/2pp4/4PP2/1P1P4/P1P3PP/RNBQRBNK\ w\ -\ -\ 0\ 1 -> result 0-1 checkmate
Game (W:v14 vs B:v13) FEN=knbrqbnr/1pp1p2p/p5p1/3p1p2/4P3/P4PP1/1PPP3P/RNBQRBNK\ w\ -\ -\ 0\ 1 -> result 1/2-1/2 max-plies
Game (W:v14 vs B:v13) FEN=knbrqbnr/pp4p1/3p1p1p/2p1p3/3PP3/5PP1/PPP4P/RNBQRBNK\ w\ -\ -\ 0\ 1 -> result 1/2-1/2 max-plies
Game (W:v14 vs B:v13) FEN=knbrqbnr/1p2p2p/p2p2p1/2p2p2/3P4/P1P1P1P1/1P3P1P/RNBQRBNK\ w\ -\ -\ 0\ 1 -> result 1/2-1/2 max-plies
Game (W:v14 vs B:v13) FEN=knbrqbnr/2p3pp/pp1pp3/5p2/2P2P2/3PP1P1/PP5P/RNBQRBNK\ w\ -\ -\ 0\ 1 -> result 0-1 checkmate
Game (W:v14 vs B:v13) FEN=rnbqrbnk/p2p2p1/1p2p2p/2p2p2/3PP3/P5P1/1PP2P1P/KNBRQBNR\ w\ -\ -\ 0\ 1 -> result 0-1 checkmate
Game (W:v14 vs B:v13) FEN=knbrqbnr/1p4pp/p1ppp3/5p2/8/2PPPPP1/PP5P/RNBQRBNK\ w\ -\ -\ 0\ 1 -> result 1/2-1/2 max-plies
Game (W:v14 vs B:v13) FEN=rnbqrbnk/pp5p/4p1p1/2pp1p2/3P1P2/1PP5/P3P1PP/KNBRQBNR\ w\ -\ c6\ 0\ 1 -> result 0-1 checkmate
Game (W:v14 vs B:v13) FEN=knbrqbnr/p1p4p/1p1pp1p1/5p2/8/1PPPP1P1/P4P1P/RNBQRBNK\ w\ -\ -\ 0\ 1 -> result 1/2-1/2 max-plies
Game (W:v14 vs B:v13) FEN=knbrqbnr/pp3p1p/6p1/2ppp3/2P5/1P2P1PP/P2P1P2/RNBQRBNK\ w\ -\ c6\ 0\ 1 -> result 0-1 checkmate
Game (W:v14 vs B:v13) FEN=knbrqbnr/1pp4p/p2pp1p1/5p2/2P5/P2PP1P1/1P3P1P/RNBQRBNK\ w\ -\ -\ 0\ 1 -> result 0-1 checkmate
Game (W:v14 vs B:v13) FEN=rnbqrbnk/pp5p/3pp1p1/2p2p2/8/1PPPP1P1/P4P1P/KNBRQBNR\ w\ -\ c6\ 0\ 1 -> result 0-1 checkmate
Game (W:v14 vs B:v13) FEN=knbrqbnr/pp3pp1/7p/2ppp3/4P3/2P2PP1/PP1P3P/RNBQRBNK\ w\ -\ -\ 0\ 1 -> result 1-0 checkmate
Game (W:v14 vs B:v13) FEN=rnbqrbnk/pp5p/2p1ppp1/3p4/2PP4/1P2P3/P4PPP/KNBRQBNR\ w\ -\ -\ 0\ 1 -> result 1/2-1/2 max-plies
Game (W:v14 vs B:v13) FEN=knbrqbnr/1pp4p/p2pp1p1/5p2/2P1P3/5P1P/PP1P2P1/RNBQRBNK\ w\ -\ -\ 0\ 1 -> result 1/2-1/2 max-plies
Game (W:v14 vs B:v13) FEN=knbrqbnr/1p3p1p/p1pp2p1/4p3/4P3/1P1P2P1/P1P2P1P/RNBQRBNK\ w\ -\ -\ 0\ 1 -> result 0-1 checkmate
Game (W:v14 vs B:v13) FEN=knbrqbnr/1p4pp/p1pp1p2/4p3/3P4/PP2P1P1/2P2P1P/RNBQRBNK\ w\ -\ -\ 0\ 1 -> result 0-1 checkmate
Game (W:v14 vs B:v13) FEN=knbrqbnr/2p2p1p/pp1pp1p1/8/3P1P2/2P1P1P1/PP5P/RNBQRBNK\ w\ -\ -\ 0\ 1 -> result 0-1 checkmate
Game (W:v14 vs B:v13) FEN=knbrqbnr/1p4pp/p2p4/2p1pp2/2P1P3/3P2P1/PP3P1P/RNBQRBNK\ w\ -\ -\ 0\ 1 -> result 0-1 checkmate
Game (W:v14 vs B:v13) FEN=rnbqrbnk/1p1p2pp/p1p5/4pp2/2PP4/1P3P2/P3P1PP/KNBRQBNR\ w\ -\ -\ 0\ 1 -> result 0-1 checkmate
Game (W:v14 vs B:v13) FEN=rnbqrbnk/pp1p2p1/5p1p/2p1p3/5P2/1PPP2P1/P3P2P/KNBRQBNR\ w\ -\ -\ 0\ 1 -> result 0-1 checkmate
Game (W:v14 vs B:v13) FEN=knbrqbnr/pp3p2/3pp1pp/2p5/2P1PP2/P7/1P1P2PP/RNBQRBNK\ w\ -\ -\ 0\ 1 -> result 0-1 checkmate
Game (W:v14 vs B:v13) FEN=knbrqbnr/2p1p2p/pp1p1pp1/8/5P2/3PP1PP/PPP5/RNBQRBNK\ w\ -\ -\ 0\ 1 -> result 1/2-1/2 max-plies
Game (W:v14 vs B:v13) FEN=knbrqbnr/pp3pp1/7p/2ppp3/4P3/2P2PP1/PP1P3P/RNBQRBNK\ w\ -\ -\ 0\ 1 -> result 1-0 checkmate
Game (W:v14 vs B:v13) FEN=knbrqbnr/5ppp/pppp4/4p3/2P2P2/4P1PP/PP1P4/RNBQRBNK\ w\ -\ -\ 0\ 1 -> result 1/2-1/2 max-plies
Game (W:v14 vs B:v13) FEN=knbrqbnr/ppp1p3/6pp/3p1p2/2P5/1P2PPP1/P2P3P/RNBQRBNK\ w\ -\ -\ 0\ 1 -> result 0-1 checkmate
Game (W:v14 vs B:v13) FEN=rnbqrbnk/pp4p1/4pp1p/2pp4/4PP2/1P1P2P1/P1P4P/KNBRQBNR\ w\ -\ -\ 0\ 1 -> result 1/2-1/2 max-plies
Game (W:v14 vs B:v13) FEN=knbrqbnr/1pp2p1p/p5p1/3pp3/4P3/P4PP1/1PPP3P/RNBQRBNK\ w\ -\ -\ 0\ 1 -> result 0-1 checkmate
Game (W:v14 vs B:v13) FEN=rnbqrbnk/1p4pp/p1p1pp2/3p4/4P3/P1PP2P1/1P3P1P/KNBRQBNR\ w\ -\ -\ 0\ 1 -> result 0-1 checkmate

=== Match Summary ===
Total games: 100
v13 wins: 52
v14 wins: 7
draws:   41
=== Worker 6 end ===
