=== Worker 6 start ===
Running matches: games_per_side=25, depth=8, max_plies=150, movetime_ms=5, fen_or_book=book, version_a=v7, version_b=v8

Batch 1/2: v7 white, v8 black (25 games)
Game (W:v7 vs B:v8) FEN='knbrqbnr/1p2pp1p/p1p3p1/3p4/2P2P2/3PP1P1/PP5P/RNBQRBNK w - - 0 1' -> result 1/2-1/2 max-plies
Game (W:v7 vs B:v8) FEN='knbrqbnr/ppp4p/4ppp1/3p4/3P4/2P1PP1P/PP4P1/RNBQRBNK w - - 0 1' -> result 1/2-1/2 max-plies
Game (W:v7 vs B:v8) FEN='knbrqbnr/1pp2p1p/p5p1/3pp3/3P4/1PP1P2P/P4PP1/RNBQRBNK w - - 0 1' -> result 0-1 checkmate
Game (W:v7 vs B:v8) FEN='knbrqbnr/1pp4p/p2p2p1/4pp2/3P4/P1P1PP2/1P4PP/RNBQRBNK w - - 0 1' -> result 1-0 checkmate
Game (W:v7 vs B:v8) FEN='knbrqbnr/p1p2p2/1p1pp1pp/8/3P4/4PPPP/PPP5/RNBQRBNK w - - 0 1' -> result 1/2-1/2 max-plies
Game (W:v7 vs B:v8) FEN='rnbqrbnk/pp4p1/2pppp1p/8/2P2P2/1P1P3P/P3P1P1/KNBRQBNR w - - 0 1' -> result 1-0 checkmate
Game (W:v7 vs B:v8) FEN='knbrqbnr/pp4p1/2pp3p/4pp2/2P1P3/6PP/PP1P1P2/RNBQRBNK w - - 0 1' -> result 1/2-1/2 max-plies
Game (W:v7 vs B:v8) FEN='knbrqbnr/pp2p3/3p1ppp/2p5/5P2/PP2P1P1/2PP3P/RNBQRBNK w - - 0 1' -> result 1/2-1/2 max-plies
Game (W:v7 vs B:v8) FEN='rnbqrbnk/p1p2pp1/1p5p/3pp3/3P4/1P2P1P1/P1P2P1P/KNBRQBNR w - - 0 1' -> result 0-1 checkmate
Game (W:v7 vs B:v8) FEN='knbrqbnr/pp3p1p/4p1p1/2pp4/8/2PPP1PP/PP3P2/RNBQRBNK w - c6 0 1' -> result 1/2-1/2 max-plies
Game (W:v7 vs B:v8) FEN='rnbqrbnk/pp4p1/2p1p2p/3p1p2/2PP4/P5P1/1P2PP1P/KNBRQBNR w - - 0 1' -> result 1/2-1/2 max-plies
Game (W:v7 vs B:v8) FEN='knbrqbnr/1p4pp/p2p4/2p1pp2/2P1P3/3P2P1/PP3P1P/RNBQRBNK w - - 0 1' -> result 1/2-1/2 max-plies
Game (W:v7 vs B:v8) FEN='rnbqrbnk/pp3p1p/6p1/2ppp3/4P3/1P1P1P1P/P1P3P1/KNBRQBNR w - c6 0 1' -> result 1/2-1/2 max-plies
Game (W:v7 vs B:v8) FEN='rnbqrbnk/1pp3pp/p4p2/3pp3/5P2/3PP1PP/PPP5/KNBRQBNR w - - 0 1' -> result 1/2-1/2 max-plies
Game (W:v7 vs B:v8) FEN='rnbqrbnk/p1p4p/1p2p1p1/3p1p2/5P2/PPPP4/4P1PP/KNBRQBNR w - - 0 1' -> result 1-0 checkmate
Game (W:v7 vs B:v8) FEN='rnbqrbnk/p1p3p1/1p2pp1p/3p4/2P5/3PPP1P/PP4P1/KNBRQBNR w - - 0 1' -> result 1/2-1/2 max-plies
Game (W:v7 vs B:v8) FEN='rnbqrbnk/pp5p/2p1ppp1/3p4/2P1P3/1P1P1P2/P5PP/KNBRQBNR w - - 0 1' -> result 1/2-1/2 max-plies
Game (W:v7 vs B:v8) FEN='knbrqbnr/pp5p/2pp1pp1/4p3/8/PPPPP3/5PPP/RNBQRBNK w - - 0 1' -> result 1/2-1/2 max-plies
Game (W:v7 vs B:v8) FEN='rnbqrbnk/pp5p/3pppp1/2p5/2P2P2/PP1P4/4P1PP/KNBRQBNR w - c6 0 1' -> result 1/2-1/2 max-plies
Game (W:v7 vs B:v8) FEN='rnbqrbnk/1pp4p/p3p1p1/3p1p2/2PPP3/6P1/PP3P1P/KNBRQBNR w - - 0 1' -> result 0-1 checkmate
Game (W:v7 vs B:v8) FEN='rnbqrbnk/pp3pp1/2pp3p/4p3/8/2PP1PPP/PP2P3/KNBRQBNR w - - 0 1' -> result 1/2-1/2 max-plies
Game (W:v7 vs B:v8) FEN='knbrqbnr/p1p3p1/1p1p1p1p/4p3/5P2/1PP1P2P/P2P2P1/RNBQRBNK w - - 0 1' -> result 0-1 checkmate
Game (W:v7 vs B:v8) FEN='knbrqbnr/1pp2p1p/p3p1p1/3p4/4P3/1P3P1P/P1PP2P1/RNBQRBNK w - - 0 1' -> result 1/2-1/2 max-plies
Game (W:v7 vs B:v8) FEN='knbrqbnr/p4ppp/1p6/2ppp3/8/1PP1PP1P/P2P2P1/RNBQRBNK w - - 0 1' -> result 1-0 checkmate
Game (W:v7 vs B:v8) FEN='rnbqrbnk/p1p3pp/1p1p4/4pp2/2P2P2/1P1PP3/P5PP/KNBRQBNR w - - 0 1' -> result 1/2-1/2 max-plies
Batch 2/2: v8 white, v7 black (25 games)
Game (W:v8 vs B:v7) FEN='rnbqrbnk/p2p1p1p/1pp3p1/4p3/2P5/1P1PP1P1/P4P1P/KNBRQBNR w - - 0 1' -> result 0-1 checkmate
Game (W:v8 vs B:v7) FEN='knbrqbnr/ppp5/3pp1pp/5p2/2P1P3/6PP/PP1P1P2/RNBQRBNK w - - 0 1' -> result 1-0 checkmate
Game (W:v8 vs B:v7) FEN='knbrqbnr/pp4p1/3p1p1p/2p1p3/3P4/PP2P1P1/2P2P1P/RNBQRBNK w - - 0 1' -> result 1/2-1/2 max-plies
Game (W:v8 vs B:v7) FEN='rnbqrbnk/pp1p3p/2p2pp1/4p3/8/2PPPP1P/PP4P1/KNBRQBNR w - - 0 1' -> result 1-0 checkmate
Game (W:v8 vs B:v7) FEN='rnbqrbnk/p2p2p1/1p2p2p/2p2p2/8/PP1PP1P1/2P2P1P/KNBRQBNR w - - 0 1' -> result 0-1 checkmate
Game (W:v8 vs B:v7) FEN='rnbqrbnk/pp4pp/2pp1p2/4p3/2P2P2/P2PP3/1P4PP/KNBRQBNR w - - 0 1' -> result 1/2-1/2 max-plies
Game (W:v8 vs B:v7) FEN='knbrqbnr/p1p2pp1/1p5p/3pp3/2PP4/1P2P1P1/P4P1P/RNBQRBNK w - - 0 1' -> result 1/2-1/2 max-plies
Game (W:v8 vs B:v7) FEN='rnbqrbnk/p1p2p2/1p1pp1pp/8/8/1PPPPP2/P5PP/KNBRQBNR w - - 0 1' -> result 1/2-1/2 max-plies
Game (W:v8 vs B:v7) FEN='rnbqrbnk/1p4pp/p1pppp2/8/3P4/1P2P2P/P1P2PP1/KNBRQBNR w - - 0 1' -> result 1/2-1/2 max-plies
Game (W:v8 vs B:v7) FEN='rnbqrbnk/pp4pp/2pp1p2/4p3/3P4/1P2PP2/P1P3PP/KNBRQBNR w - - 0 1' -> result 1/2-1/2 max-plies
Game (W:v8 vs B:v7) FEN='knbrqbnr/1pp1p2p/p4pp1/3p4/5P2/2PPP2P/PP4P1/RNBQRBNK w - - 0 1' -> result 1/2-1/2 max-plies
Game (W:v8 vs B:v7) FEN='rnbqrbnk/pp1p3p/2p2pp1/4p3/5P2/1P1PP2P/P1P3P1/KNBRQBNR w - - 0 1' -> result 1/2-1/2 max-plies
Game (W:v8 vs B:v7) FEN='rnbqrbnk/p2p2p1/1p2p2p/2p2p2/3P4/P3P1P1/1PP2P1P/KNBRQBNR w - - 0 1' -> result 1/2-1/2 max-plies
Game (W:v8 vs B:v7) FEN='rnbqrbnk/pp5p/2p1ppp1/3p4/2P1P3/1P1P1P2/P5PP/KNBRQBNR w - - 0 1' -> result 0-1 checkmate
Game (W:v8 vs B:v7) FEN='knbrqbnr/ppp3p1/4pp1p/3p4/3PP3/1P4P1/P1P2P1P/RNBQRBNK w - - 0 1' -> result 0-1 checkmate
Game (W:v8 vs B:v7) FEN='knbrqbnr/1pp4p/p2p1pp1/4p3/2P2P2/PP2P3/3P2PP/RNBQRBNK w - - 0 1' -> result 1/2-1/2 max-plies
Game (W:v8 vs B:v7) FEN='knbrqbnr/1pp3pp/p3p3/3p1p2/3P4/PPP1P3/5PPP/RNBQRBNK w - - 0 1' -> result 1/2-1/2 max-plies
Game (W:v8 vs B:v7) FEN='knbrqbnr/p3pp2/1ppp2pp/8/5P2/1P2P1PP/P1PP4/RNBQRBNK w - - 0 1' -> result 0-1 checkmate
Game (W:v8 vs B:v7) FEN='knbrqbnr/2p2ppp/pp6/3pp3/2P2P2/4P1PP/PP1P4/RNBQRBNK w - - 0 1' -> result 1-0 checkmate
Game (W:v8 vs B:v7) FEN='knbrqbnr/pp5p/3pppp1/2p5/8/2PPP1PP/PP3P2/RNBQRBNK w - c6 0 1' -> result 1/2-1/2 max-plies
Game (W:v8 vs B:v7) FEN='rnbqrbnk/p5pp/1pppp3/5p2/8/P1PPPP2/1P4PP/KNBRQBNR w - - 0 1' -> result 0-1 checkmate
Game (W:v8 vs B:v7) FEN='rnbqrbnk/pp1p3p/6p1/2p1pp2/8/PP1P1PP1/2P1P2P/KNBRQBNR w - c6 0 1' -> result 1/2-1/2 max-plies
Game (W:v8 vs B:v7) FEN='knbrqbnr/pp4p1/2pppp1p/8/4P3/2P2PP1/PP1P3P/RNBQRBNK w - - 0 1' -> result 1/2-1/2 max-plies
Game (W:v8 vs B:v7) FEN='knbrqbnr/1p4pp/p2ppp2/2p5/8/1PP1PPP1/P2P3P/RNBQRBNK w - - 0 1' -> result 1/2-1/2 max-plies
Game (W:v8 vs B:v7) FEN='knbrqbnr/pp5p/3pppp1/2p5/5P2/P2PP1P1/1PP4P/RNBQRBNK w - c6 0 1' -> result 1-0 checkmate

=== Match Summary ===
Total games: 50
v7 wins: 10
v8 wins: 8
draws:   32
=== Worker 6 end ===
