=== Worker 8 start ===
Running matches: games_per_side=25, depth=8, max_plies=150, movetime_ms=5, fen_or_book=book, version_a=v7, version_b=v8

Batch 1/2: v7 white, v8 black (25 games)
Game (W:v7 vs B:v8) FEN='rnbqrbnk/p5pp/1ppppp2/8/8/1PPPPP2/P5PP/KNBRQBNR w - - 0 1' -> result 1/2-1/2 max-plies
Game (W:v7 vs B:v8) FEN='rnbqrbnk/p5pp/1pp1p3/3p1p2/5P2/PP1P2P1/2P1P2P/KNBRQBNR w - - 0 1' -> result 1/2-1/2 max-plies
Game (W:v7 vs B:v8) FEN='knbrqbnr/p1p4p/1p1p1pp1/4p3/8/PPP1P1P1/3P1P1P/RNBQRBNK w - - 0 1' -> result 1/2-1/2 max-plies
Game (W:v7 vs B:v8) FEN='rnbqrbnk/ppp3p1/5p1p/3pp3/3P1P2/1PP5/P3P1PP/KNBRQBNR w - - 0 1' -> result 1/2-1/2 max-plies
Game (W:v7 vs B:v8) FEN='rnbqrbnk/1pp2p1p/p2p2p1/4p3/2PP4/PP6/4PPPP/KNBRQBNR w - - 0 1' -> result 1/2-1/2 max-plies
Game (W:v7 vs B:v8) FEN='knbrqbnr/pp3p2/2ppp1pp/8/2P1PP2/1P6/P2P2PP/RNBQRBNK w - - 0 1' -> result 1/2-1/2 max-plies
Game (W:v7 vs B:v8) FEN='rnbqrbnk/p5pp/1p1ppp2/2p5/2P1PP2/1P1P4/P5PP/KNBRQBNR w - - 0 1' -> result 1/2-1/2 max-plies
Game (W:v7 vs B:v8) FEN='knbrqbnr/5ppp/pp1pp3/2p5/5P2/1PP1P1P1/P2P3P/RNBQRBNK w - - 0 1' -> result 1/2-1/2 max-plies
Game (W:v7 vs B:v8) FEN='rnbqrbnk/1p4pp/p2ppp2/2p5/5P2/2PPP2P/PP4P1/KNBRQBNR w - - 0 1' -> result 1/2-1/2 max-plies
Game (W:v7 vs B:v8) FEN='knbrqbnr/pp5p/3p1pp1/2p1p3/2P5/3PP1PP/PP3P2/RNBQRBNK w - c6 0 1' -> result 1/2-1/2 max-plies
Game (W:v7 vs B:v8) FEN='rnbqrbnk/p5pp/1p2p3/2pp1p2/4P3/P2P1PP1/1PP4P/KNBRQBNR w - - 0 1' -> result 1/2-1/2 max-plies
Game (W:v7 vs B:v8) FEN='rnbqrbnk/2p3pp/pp1pp3/5p2/3P4/2P2PP1/PP2P2P/KNBRQBNR w - - 0 1' -> result 1/2-1/2 max-plies
Game (W:v7 vs B:v8) FEN='knbrqbnr/ppp5/3ppppp/8/4P3/PP3P2/2PP2PP/RNBQRBNK w - - 0 1' -> result 1/2-1/2 max-plies
Game (W:v7 vs B:v8) FEN='knbrqbnr/ppp1p3/6pp/3p1p2/3P4/1PP1P2P/P4PP1/RNBQRBNK w - - 0 1' -> result 0-1 checkmate
Game (W:v7 vs B:v8) FEN='rnbqrbnk/pp3pp1/3p3p/2p1p3/5P2/2PPP2P/PP4P1/KNBRQBNR w - - 0 1' -> result 1-0 checkmate
Game (W:v7 vs B:v8) FEN='knbrqbnr/pp3pp1/7p/2ppp3/4P3/P1P3P1/1P1P1P1P/RNBQRBNK w - - 0 1' -> result 1/2-1/2 max-plies
Game (W:v7 vs B:v8) FEN='rnbqrbnk/p1pp3p/1p3pp1/4p3/2P5/1P1PPP2/P5PP/KNBRQBNR w - - 0 1' -> result 1/2-1/2 max-plies
Game (W:v7 vs B:v8) FEN='rnbqrbnk/pp5p/2p1ppp1/3p4/2PP4/1P2P3/P4PPP/KNBRQBNR w - - 0 1' -> result 1-0 checkmate
Game (W:v7 vs B:v8) FEN='rnbqrbnk/1pp3pp/p4p2/3pp3/2P5/3PP1PP/PP3P2/KNBRQBNR w - - 0 1' -> result 1/2-1/2 max-plies
Game (W:v7 vs B:v8) FEN='knbrqbnr/1p3p1p/p2p2p1/2p1p3/4PP2/2PP4/PP4PP/RNBQRBNK w - - 0 1' -> result 1-0 checkmate
Game (W:v7 vs B:v8) FEN='knbrqbnr/pp3p1p/2p3p1/3pp3/3P4/1PP1P2P/P4PP1/RNBQRBNK w - - 0 1' -> result 0-1 checkmate
Game (W:v7 vs B:v8) FEN='rnbqrbnk/p2p2pp/1p3p2/2p1p3/4P3/2PP1P1P/PP4P1/KNBRQBNR w - - 0 1' -> result 1/2-1/2 max-plies
Game (W:v7 vs B:v8) FEN='rnbqrbnk/pp4pp/2pp1p2/4p3/4PP2/P2P2P1/1PP4P/KNBRQBNR w - - 0 1' -> result 1-0 checkmate
Game (W:v7 vs B:v8) FEN='rnbqrbnk/p1p3p1/1p1pp2p/5p2/8/1P1P1PPP/P1P1P3/KNBRQBNR w - - 0 1' -> result 1/2-1/2 max-plies
Game (W:v7 vs B:v8) FEN='rnbqrbnk/pp3p2/2p1p1pp/3p4/2P2P2/1P1P2P1/P3P2P/KNBRQBNR w - - 0 1' -> result 1/2-1/2 max-plies
Batch 2/2: v8 white, v7 black (25 games)
Game (W:v8 vs B:v7) FEN='rnbqrbnk/ppp3p1/3p1p1p/4p3/2PP4/1P5P/P3PPP1/KNBRQBNR w - - 0 1' -> result 0-1 checkmate
Game (W:v8 vs B:v7) FEN='rnbqrbnk/pp4p1/4pp1p/2pp4/4PP2/1P1P2P1/P1P4P/KNBRQBNR w - - 0 1' -> result 1-0 checkmate
Game (W:v8 vs B:v7) FEN='knbrqbnr/pp5p/2pp1pp1/4p3/4P3/1P3P1P/P1PP2P1/RNBQRBNK w - - 0 1' -> result 1/2-1/2 max-plies
Game (W:v8 vs B:v7) FEN='rnbqrbnk/pp1p1p2/2p3pp/4p3/4P3/1PPP1P2/P5PP/KNBRQBNR w - - 0 1' -> result 1/2-1/2 max-plies
Game (W:v8 vs B:v7) FEN='rnbqrbnk/1p3p1p/p2pp1p1/2p5/5P2/1PPPP3/P5PP/KNBRQBNR w - - 0 1' -> result 0-1 checkmate
Game (W:v8 vs B:v7) FEN='rnbqrbnk/p1p2p2/1p2p1pp/3p4/8/P1PPPP2/1P4PP/KNBRQBNR w - - 0 1' -> result 1/2-1/2 max-plies
Game (W:v8 vs B:v7) FEN='knbrqbnr/1p4pp/p1pp1p2/4p3/4PP2/PP6/2PP2PP/RNBQRBNK w - - 0 1' -> result 1-0 checkmate
Game (W:v8 vs B:v7) FEN='knbrqbnr/1pp3pp/p3p3/3p1p2/3P1P2/PP2P3/2P3PP/RNBQRBNK w - - 0 1' -> result 1/2-1/2 max-plies
Game (W:v8 vs B:v7) FEN='knbrqbnr/1pp2p1p/p5p1/3pp3/4P3/P4PP1/1PPP3P/RNBQRBNK w - - 0 1' -> result 1/2-1/2 max-plies
Game (W:v8 vs B:v7) FEN='rnbqrbnk/1p4pp/p1pppp2/8/3P4/P1P3P1/1P2PP1P/KNBRQBNR w - - 0 1' -> result 1/2-1/2 max-plies
Game (W:v8 vs B:v7) FEN='rnbqrbnk/p1p2pp1/1p1p3p/4p3/2P5/1P1P1PP1/P3P2P/KNBRQBNR w - - 0 1' -> result 0-1 checkmate
Game (W:v8 vs B:v7) FEN='rnbqrbnk/p1p3p1/1p1pp2p/5p2/2P5/PP1PP3/5PPP/KNBRQBNR w - - 0 1' -> result 1/2-1/2 max-plies
Game (W:v8 vs B:v7) FEN='rnbqrbnk/p2p2pp/1pp2p2/4p3/8/2PPPPP1/PP5P/KNBRQBNR w - - 0 1' -> result 1/2-1/2 max-plies
Game (W:v8 vs B:v7) FEN='knbrqbnr/p4ppp/1pp5/3pp3/2P2P2/1P1PP3/P5PP/RNBQRBNK w - - 0 1' -> result 1/2-1/2 max-plies
Game (W:v8 vs B:v7) FEN='rnbqrbnk/p1p2p2/1p2p1pp/3p4/2P5/P2PP1P1/1P3P1P/KNBRQBNR w - - 0 1' -> result 1/2-1/2 max-plies
Game (W:v8 vs B:v7) FEN='rnbqrbnk/ppp2p2/3p2pp/4p3/2P1PP2/1P1P4/P5PP/KNBRQBNR w - - 0 1' -> result 0-1 checkmate
Game (W:v8 vs B:v7) FEN='rnbqrbnk/ppp5/3pp1pp/5p2/2P5/1P1P1P1P/P3P1P1/KNBRQBNR w - - 0 1' -> result 0-1 checkmate
Game (W:v8 vs B:v7) FEN='rnbqrbnk/1p1p2pp/p4p2/2p1p3/5P2/2PPP1P1/PP5P/KNBRQBNR w - - 0 1' -> result 1/2-1/2 max-plies
Game (W:v8 vs B:v7) FEN='rnbqrbnk/1pp3pp/p4p2/3pp3/2P5/3PP1PP/PP3P2/KNBRQBNR w - - 0 1' -> result 1/2-1/2 max-plies
Game (W:v8 vs B:v7) FEN='rnbqrbnk/pp4p1/2p1p2p/3p1p2/2P5/P2PP1P1/1P3P1P/KNBRQBNR w - - 0 1' -> result 1/2-1/2 max-plies
Game (W:v8 vs B:v7) FEN='knbrqbnr/pp3p2/3pp1pp/2p5/4P3/3P1P1P/PPP3P1/RNBQRBNK w - - 0 1' -> result 1/2-1/2 max-plies
Game (W:v8 vs B:v7) FEN='knbrqbnr/1pp4p/p2pp1p1/5p2/3PP3/1P4P1/P1P2P1P/RNBQRBNK w - - 0 1' -> result 0-1 checkmate
Game (W:v8 vs B:v7) FEN='knbrqbnr/pp4p1/3ppp1p/2p5/4P3/P2P2P1/1PP2P1P/RNBQRBNK w - - 0 1' -> result 1-0 checkmate
Game (W:v8 vs B:v7) FEN='rnbqrbnk/p2p1p1p/1p4p1/2p1p3/8/1PPPP2P/P4PP1/KNBRQBNR w - - 0 1' -> result 1-0 checkmate
Game (W:v8 vs B:v7) FEN='knbrqbnr/pp4p1/2ppp2p/5p2/4P3/2P3PP/PP1P1P2/RNBQRBNK w - - 0 1' -> result 1/2-1/2 max-plies

=== Match Summary ===
Total games: 50
v7 wins: 10
v8 wins: 6
draws:   34
=== Worker 8 end ===
