=== Worker 2 start ===
Running matches: games_per_side=20, depth=8, max_plies=200, movetime_ms=40, fen_or_book=book, version_a=v5, version_b=v6

Game (W:v5 vs B:v6) FEN='knbrqbnr/ppp3p1/4pp1p/3p4/2P5/P3PPP1/1P1P3P/RNBQRBNK w - - 0 1' -> result 1-0 checkmate
Game (W:v5 vs B:v6) FEN='knbrqbnr/ppp1p3/6pp/3p1p2/2P5/1P2PPP1/P2P3P/RNBQRBNK w - - 0 1' -> result 1-0 checkmate
Game (W:v5 vs B:v6) FEN='knbrqbnr/2p3pp/pp1p1p2/4p3/8/1P1PPPP1/P1P4P/RNBQRBNK w - - 0 1' -> result 0-1 checkmate
Game (W:v5 vs B:v6) FEN='knbrqbnr/1p3ppp/p3p3/2pp4/4PP2/3P2P1/PPP4P/RNBQRBNK w - - 0 1' -> result 1/2-1/2 max-plies
Game (W:v5 vs B:v6) FEN='rnbqrbnk/pp5p/4p1p1/2pp1p2/8/1PPPP1P1/P4P1P/KNBRQBNR w - c6 0 1' -> result 0-1 checkmate
Game (W:v5 vs B:v6) FEN='knbrqbnr/1p4pp/p1pp4/4pp2/2P5/1P1PPP2/P5PP/RNBQRBNK w - - 0 1' -> result 1-0 checkmate
Game (W:v5 vs B:v6) FEN='knbrqbnr/p5pp/1pppp3/5p2/3P4/PP2P1P1/2P2P1P/RNBQRBNK w - - 0 1' -> result 1/2-1/2 max-plies
Game (W:v5 vs B:v6) FEN='rnbqrbnk/1ppp3p/p4pp1/4p3/2P5/P2P1PP1/1P2P2P/KNBRQBNR w - - 0 1' -> result 1/2-1/2 max-plies
Game (W:v5 vs B:v6) FEN='rnbqrbnk/1pp3pp/p4p2/3pp3/3P1P2/1PP5/P3P1PP/KNBRQBNR w - - 0 1' -> result 0-1 checkmate
Game (W:v5 vs B:v6) FEN='rnbqrbnk/p1p2p2/1p2p1pp/3p4/8/P1PPP1P1/1P3P1P/KNBRQBNR w - - 0 1' -> result 1/2-1/2 max-plies
Game (W:v5 vs B:v6) FEN='rnbqrbnk/pp1p4/4p1pp/2p2p2/5P2/1PPP2P1/P3P2P/KNBRQBNR w - - 0 1' -> result 1-0 checkmate
Game (W:v5 vs B:v6) FEN='rnbqrbnk/p1p2p2/1p1pp1pp/8/2PP4/P4P2/1P2P1PP/KNBRQBNR w - - 0 1' -> result 1/2-1/2 max-plies
Game (W:v5 vs B:v6) FEN='rnbqrbnk/2pp2pp/pp6/4pp2/8/PP1P1PP1/2P1P2P/KNBRQBNR w - - 0 1' -> result 1/2-1/2 max-plies
Game (W:v5 vs B:v6) FEN='knbrqbnr/ppp4p/4ppp1/3p4/4P3/1P1P1P2/P1P3PP/RNBQRBNK w - - 0 1' -> result 0-1 checkmate
Game (W:v5 vs B:v6) FEN='knbrqbnr/1p2p2p/p2p2p1/2p2p2/3P4/P1P1P1P1/1P3P1P/RNBQRBNK w - - 0 1' -> result 0-1 checkmate
Game (W:v5 vs B:v6) FEN='rnbqrbnk/pp4p1/4p2p/2pp1p2/2P1PP2/1P1P4/P5PP/KNBRQBNR w - - 0 1' -> result 0-1 checkmate
Game (W:v5 vs B:v6) FEN='knbrqbnr/pp3pp1/7p/2ppp3/4P3/2P2PP1/PP1P3P/RNBQRBNK w - - 0 1' -> result 1/2-1/2 max-plies
Game (W:v5 vs B:v6) FEN='knbrqbnr/pp4p1/2pp1p1p/4p3/2P1P3/5PP1/PP1P3P/RNBQRBNK w - - 0 1' -> result 1/2-1/2 max-plies
Game (W:v5 vs B:v6) FEN='rnbqrbnk/p4p1p/1p1pp1p1/2p5/4P3/PPPP4/5PPP/KNBRQBNR w - - 0 1' -> result 0-1 checkmate
Game (W:v5 vs B:v6) FEN='knbrqbnr/pp4pp/5p2/2ppp3/2PP4/4P1PP/PP3P2/RNBQRBNK w - c6 0 1' -> result 0-1 checkmate
Game (W:v6 vs B:v5) FEN='rnbqrbnk/5ppp/ppp1p3/3p4/2P1P3/3P2PP/PP3P2/KNBRQBNR w - - 0 1' -> result 1/2-1/2 max-plies
Game (W:v6 vs B:v5) FEN='knbrqbnr/p1p3p1/1p1pp2p/5p2/8/1PP1PPP1/P2P3P/RNBQRBNK w - - 0 1' -> result 0-1 checkmate
Game (W:v6 vs B:v5) FEN='knbrqbnr/1p3ppp/p1p5/3pp3/4P3/PP4P1/2PP1P1P/RNBQRBNK w - - 0 1' -> result 1/2-1/2 max-plies
Game (W:v6 vs B:v5) FEN='knbrqbnr/p4pp1/1ppp3p/4p3/3P1P2/1P2P2P/P1P3P1/RNBQRBNK w - - 0 1' -> result 1/2-1/2 max-plies
Game (W:v6 vs B:v5) FEN='rnbqrbnk/p2p1p2/1p2p1pp/2p5/2P5/P2P1PP1/1P2P2P/KNBRQBNR w - - 0 1' -> result 0-1 checkmate
Game (W:v6 vs B:v5) FEN='rnbqrbnk/ppp3p1/3p3p/4pp2/5P2/P1PPP3/1P4PP/KNBRQBNR w - - 0 1' -> result 1-0 checkmate
Game (W:v6 vs B:v5) FEN='rnbqrbnk/1pp2p1p/p2p2p1/4p3/2PP4/PP6/4PPPP/KNBRQBNR w - - 0 1' -> result 1/2-1/2 max-plies
Game (W:v6 vs B:v5) FEN='rnbqrbnk/ppp3p1/3p1p1p/4p3/4P3/1P1P1PP1/P1P4P/KNBRQBNR w - - 0 1' -> result 1/2-1/2 max-plies
Game (W:v6 vs B:v5) FEN='rnbqrbnk/1p1p2pp/p1p5/4pp2/2PP4/1P3P2/P3P1PP/KNBRQBNR w - - 0 1' -> result 0-1 checkmate
Game (W:v6 vs B:v5) FEN='rnbqrbnk/p2p2pp/1pp2p2/4p3/5P2/1P1PP2P/P1P3P1/KNBRQBNR w - - 0 1' -> result 1/2-1/2 max-plies
Game (W:v6 vs B:v5) FEN='knbrqbnr/pp4p1/3p3p/2p1pp2/4P3/P2P2P1/1PP2P1P/RNBQRBNK w - - 0 1' -> result 1/2-1/2 max-plies
Game (W:v6 vs B:v5) FEN='rnbqrbnk/p4p1p/1p1pp1p1/2p5/8/PPPPP3/5PPP/KNBRQBNR w - - 0 1' -> result 0-1 checkmate
Game (W:v6 vs B:v5) FEN='knbrqbnr/1p2pp1p/p1p3p1/3p4/8/1PPPP2P/P4PP1/RNBQRBNK w - - 0 1' -> result 1/2-1/2 max-plies
Game (W:v6 vs B:v5) FEN='knbrqbnr/1p3ppp/p1p5/3pp3/2P5/P3PPP1/1P1P3P/RNBQRBNK w - - 0 1' -> result 1/2-1/2 max-plies
Game (W:v6 vs B:v5) FEN='knbrqbnr/pp3pp1/7p/2ppp3/4P3/2P2PP1/PP1P3P/RNBQRBNK w - - 0 1' -> result 1/2-1/2 max-plies
Game (W:v6 vs B:v5) FEN='knbrqbnr/pp2p3/2pp1ppp/8/8/1PPPPP2/P5PP/RNBQRBNK w - - 0 1' -> result 1/2-1/2 max-plies
Game (W:v6 vs B:v5) FEN='knbrqbnr/ppp4p/5pp1/3pp3/2P5/1P1PP1P1/P4P1P/RNBQRBNK w - - 0 1' -> result 1/2-1/2 max-plies
Game (W:v6 vs B:v5) FEN='knbrqbnr/p5pp/1ppp1p2/4p3/8/P1P1PPP1/1P1P3P/RNBQRBNK w - - 0 1' -> result 1/2-1/2 max-plies
Game (W:v6 vs B:v5) FEN='knbrqbnr/pp2pp2/2p3pp/3p4/8/1PPPP2P/P4PP1/RNBQRBNK w - - 0 1' -> result 1/2-1/2 max-plies
Game (W:v6 vs B:v5) FEN='knbrqbnr/p1p3p1/1p1pp2p/5p2/8/1PP1PPP1/P2P3P/RNBQRBNK w - - 0 1' -> result 1/2-1/2 max-plies

=== Match Summary ===
Total games: 40
v5 wins: 8
v6 wins: 9
draws:   23
=== Worker 2 end ===
