=== Worker 4 start ===
Running matches: games_per_side=25, depth=8, max_plies=150, movetime_ms=40, fen_or_book=book, version_a=v5, version_b=v7

Game (W:v5 vs B:v7) FEN='rnbqrbnk/p5pp/1p2p3/2pp1p2/2P1P3/3P1P1P/PP4P1/KNBRQBNR w - - 0 1' -> result 1/2-1/2 max-plies
Game (W:v5 vs B:v7) FEN='knbrqbnr/pp5p/2ppp1p1/5p2/2PP4/4P1PP/PP3P2/RNBQRBNK w - - 0 1' -> result 0-1 checkmate
Game (W:v5 vs B:v7) FEN='rnbqrbnk/pp4p1/4p2p/2pp1p2/3PP3/1P5P/P1P2PP1/KNBRQBNR w - - 0 1' -> result 1/2-1/2 max-plies
Game (W:v5 vs B:v7) FEN='knbrqbnr/1pp4p/p2p1pp1/4p3/4P3/PP1P4/2P2PPP/RNBQRBNK w - - 0 1' -> result 1/2-1/2 max-plies
Game (W:v5 vs B:v7) FEN='rnbqrbnk/p2p2p1/1p2pp1p/2p5/4P3/P1PP1P2/1P4PP/KNBRQBNR w - - 0 1' -> result 1/2-1/2 max-plies
Game (W:v5 vs B:v7) FEN='rnbqrbnk/2p2p1p/pp2p1p1/3p4/8/1PPPPP2/P5PP/KNBRQBNR w - - 0 1' -> result 1/2-1/2 max-plies
Game (W:v5 vs B:v7) FEN='rnbqrbnk/pp3p1p/3p2p1/2p1p3/3P4/PPP5/4PPPP/KNBRQBNR w - c6 0 1' -> result 1/2-1/2 max-plies
Game (W:v5 vs B:v7) FEN='rnbqrbnk/p5pp/1p2p3/2pp1p2/2PP1P2/4P3/PP4PP/KNBRQBNR w - - 0 1' -> result 1/2-1/2 max-plies
Game (W:v5 vs B:v7) FEN='rnbqrbnk/p1p2p2/1p2p1pp/3p4/8/1PPP1PP1/P3P2P/KNBRQBNR w - - 0 1' -> result 0-1 checkmate
Game (W:v5 vs B:v7) FEN='knbrqbnr/2p3pp/pp1p4/4pp2/4PP2/1PP5/P2P2PP/RNBQRBNK w - - 0 1' -> result 1/2-1/2 max-plies
Game (W:v5 vs B:v7) FEN='rnbqrbnk/pp4p1/2p1pp1p/3p4/5P2/1PPP3P/P3P1P1/KNBRQBNR w - - 0 1' -> result 1/2-1/2 max-plies
Game (W:v5 vs B:v7) FEN='knbrqbnr/pp5p/2ppp1p1/5p2/2P1P3/1P5P/P2P1PP1/RNBQRBNK w - - 0 1' -> result 1/2-1/2 max-plies
Game (W:v5 vs B:v7) FEN='rnbqrbnk/p4p1p/1pppp1p1/8/2P5/1P1P1PP1/P3P2P/KNBRQBNR w - - 0 1' -> result 0-1 checkmate
Game (W:v5 vs B:v7) FEN='knbrqbnr/pp5p/2ppp1p1/5p2/2P1P3/1P5P/P2P1PP1/RNBQRBNK w - - 0 1' -> result 1/2-1/2 max-plies
Game (W:v5 vs B:v7) FEN='rnbqrbnk/p4p1p/1pp1p1p1/3p4/8/1PPP1P1P/P3P1P1/KNBRQBNR w - - 0 1' -> result 0-1 checkmate
Game (W:v5 vs B:v7) FEN='knbrqbnr/p1p3p1/1p1p3p/4pp2/8/PP1PP1P1/2P2P1P/RNBQRBNK w - - 0 1' -> result 1-0 checkmate
Game (W:v5 vs B:v7) FEN='knbrqbnr/1p2p1pp/p1p2p2/3p4/8/1P1PPP1P/P1P3P1/RNBQRBNK w - - 0 1' -> result 1-0 checkmate
Game (W:v5 vs B:v7) FEN='knbrqbnr/1p4pp/p2pp3/2p2p2/8/PP1PP1P1/2P2P1P/RNBQRBNK w - - 0 1' -> result 1/2-1/2 max-plies
Game (W:v5 vs B:v7) FEN='rnbqrbnk/p2p1p2/1p2p1pp/2p5/2P5/P2P1PP1/1P2P2P/KNBRQBNR w - - 0 1' -> result 1/2-1/2 max-plies
Game (W:v5 vs B:v7) FEN='rnbqrbnk/p1p4p/1p1pppp1/8/2P1P3/PP1P4/5PPP/KNBRQBNR w - - 0 1' -> result 1-0 checkmate
Game (W:v5 vs B:v7) FEN='knbrqbnr/p1p3p1/1p1p3p/4pp2/2P2P2/1P2P2P/P2P2P1/RNBQRBNK w - - 0 1' -> result 1/2-1/2 max-plies
Game (W:v5 vs B:v7) FEN='knbrqbnr/p3p2p/1p1p2p1/2p2p2/8/1PPPP1P1/P4P1P/RNBQRBNK w - - 0 1' -> result 1/2-1/2 max-plies
Game (W:v5 vs B:v7) FEN='knbrqbnr/p1p2p2/1p1pp1pp/8/5P2/P2PP1P1/1PP4P/RNBQRBNK w - - 0 1' -> result 1/2-1/2 max-plies
Game (W:v5 vs B:v7) FEN='rnbqrbnk/p1p3p1/1p1ppp1p/8/2PP4/PP6/4PPPP/KNBRQBNR w - - 0 1' -> result 1/2-1/2 max-plies
Game (W:v5 vs B:v7) FEN='rnbqrbnk/pp4p1/2p1p2p/3p1p2/8/PP1PPP2/2P3PP/KNBRQBNR w - - 0 1' -> result 1/2-1/2 max-plies
Game (W:v7 vs B:v5) FEN='knbrqbnr/pp4p1/3p3p/2p1pp2/4P3/P2P2P1/1PP2P1P/RNBQRBNK w - - 0 1' -> result 0-1 checkmate
Game (W:v7 vs B:v5) FEN='knbrqbnr/p4pp1/1pppp2p/8/4PP2/1P4P1/P1PP3P/RNBQRBNK w - - 0 1' -> result 1/2-1/2 max-plies
Game (W:v7 vs B:v5) FEN='knbrqbnr/p1p2p2/1p1p2pp/4p3/4P3/3P2PP/PPP2P2/RNBQRBNK w - - 0 1' -> result 1/2-1/2 max-plies
Game (W:v7 vs B:v5) FEN='rnbqrbnk/p5pp/1p1pp3/2p2p2/3P4/2P3PP/PP2PP2/KNBRQBNR w - - 0 1' -> result 1-0 checkmate
Game (W:v7 vs B:v5) FEN='knbrqbnr/pp4p1/2pp1p1p/4p3/2P1PP2/1P6/P2P2PP/RNBQRBNK w - - 0 1' -> result 0-1 checkmate
Game (W:v7 vs B:v5) FEN='rnbqrbnk/3p2pp/ppp1p3/5p2/2P2P2/1P1P2P1/P3P2P/KNBRQBNR w - - 0 1' -> result 0-1 checkmate
Game (W:v7 vs B:v5) FEN='knbrqbnr/pp2p3/2pp1ppp/8/8/1PPPPP2/P5PP/RNBQRBNK w - - 0 1' -> result 1/2-1/2 max-plies
Game (W:v7 vs B:v5) FEN='knbrqbnr/pp2pp2/2p3pp/3p4/2P5/3PPPP1/PP5P/RNBQRBNK w - - 0 1' -> result 1-0 checkmate
Game (W:v7 vs B:v5) FEN='knbrqbnr/p1p1p1p1/1p5p/3p1p2/2P5/4PPPP/PP1P4/RNBQRBNK w - - 0 1' -> result 1/2-1/2 max-plies
Game (W:v7 vs B:v5) FEN='rnbqrbnk/1p3ppp/p1p5/3pp3/4P3/2PP2PP/PP3P2/KNBRQBNR w - - 0 1' -> result 1/2-1/2 max-plies
Game (W:v7 vs B:v5) FEN='knbrqbnr/1pp1p2p/p4pp1/3p4/3P4/1P2PPP1/P1P4P/RNBQRBNK w - - 0 1' -> result 1/2-1/2 max-plies
Game (W:v7 vs B:v5) FEN='rnbqrbnk/p5pp/1p2p3/2pp1p2/4PP2/1PPP4/P5PP/KNBRQBNR w - - 0 1' -> result 1/2-1/2 max-plies
Game (W:v7 vs B:v5) FEN='rnbqrbnk/p4ppp/1pp5/3pp3/3PP3/1PP5/P4PPP/KNBRQBNR w - - 0 1' -> result 0-1 checkmate
Game (W:v7 vs B:v5) FEN='knbrqbnr/pp3p1p/2p3p1/3pp3/4P3/1P3P1P/P1PP2P1/RNBQRBNK w - - 0 1' -> result 1/2-1/2 max-plies
Game (W:v7 vs B:v5) FEN='rnbqrbnk/pp1p2p1/5p1p/2p1p3/5P2/1PPP2P1/P3P2P/KNBRQBNR w - - 0 1' -> result 0-1 checkmate
Game (W:v7 vs B:v5) FEN='rnbqrbnk/p4ppp/1p1p4/2p1p3/2P5/3PPP1P/PP4P1/KNBRQBNR w - - 0 1' -> result 1/2-1/2 max-plies
Game (W:v7 vs B:v5) FEN='rnbqrbnk/pp3p1p/3p2p1/2p1p3/8/2PP1PPP/PP2P3/KNBRQBNR w - c6 0 1' -> result 1/2-1/2 max-plies
Game (W:v7 vs B:v5) FEN='rnbqrbnk/ppp5/3pp1pp/5p2/2P5/1P1P1P1P/P3P1P1/KNBRQBNR w - - 0 1' -> result 1-0 checkmate
Game (W:v7 vs B:v5) FEN='rnbqrbnk/p2p1p2/1p2p1pp/2p5/2PP4/1P5P/P3PPP1/KNBRQBNR w - - 0 1' -> result 1/2-1/2 max-plies
Game (W:v7 vs B:v5) FEN='knbrqbnr/p1p2p2/1p1p2pp/4p3/4PP2/3P3P/PPP3P1/RNBQRBNK w - - 0 1' -> result 1/2-1/2 max-plies
Game (W:v7 vs B:v5) FEN='knbrqbnr/ppp5/3p1ppp/4p3/2P1P3/5PP1/PP1P3P/RNBQRBNK w - - 0 1' -> result 0-1 checkmate
Game (W:v7 vs B:v5) FEN='rnbqrbnk/pp1p3p/6p1/2p1pp2/8/PP1P1PP1/2P1P2P/KNBRQBNR w - c6 0 1' -> result 0-1 checkmate
Game (W:v7 vs B:v5) FEN='rnbqrbnk/5ppp/ppp1p3/3p4/4PP2/P1PP4/1P4PP/KNBRQBNR w - - 0 1' -> result 1/2-1/2 max-plies
Game (W:v7 vs B:v5) FEN='knbrqbnr/2p2ppp/pp2p3/3p4/4P3/3P1PP1/PPP4P/RNBQRBNK w - - 0 1' -> result 1/2-1/2 max-plies
Game (W:v7 vs B:v5) FEN='knbrqbnr/p5pp/1pppp3/5p2/3P4/PP2P1P1/2P2P1P/RNBQRBNK w - - 0 1' -> result 1/2-1/2 max-plies

=== Match Summary ===
Total games: 50
v5 wins: 10
v7 wins: 7
draws:   33
=== Worker 4 end ===
