=== Worker 7 start ===
Running matches: games_per_side=25, depth=8, max_plies=150, movetime_ms=40, fen_or_book=book, version_a=v7, version_b=v8

Batch 1/2: v7 white, v8 black (25 games)
Game (W:v7 vs B:v8) FEN='knbrqbnr/2p1p1pp/pp3p2/3p4/3P4/P3PPP1/1PP4P/RNBQRBNK w - - 0 1' -> result 1/2-1/2 max-plies
Game (W:v7 vs B:v8) FEN='knbrqbnr/1p4pp/p2ppp2/2p5/8/1PP1PPP1/P2P3P/RNBQRBNK w - - 0 1' -> result 1/2-1/2 max-plies
Game (W:v7 vs B:v8) FEN='rnbqrbnk/p2p2p1/1pp1pp1p/8/8/1PPPP1P1/P4P1P/KNBRQBNR w - - 0 1' -> result 1/2-1/2 max-plies
Game (W:v7 vs B:v8) FEN='knbrqbnr/1p3ppp/p1p5/3pp3/4P3/PP4P1/2PP1P1P/RNBQRBNK w - - 0 1' -> result 0-1 checkmate
Game (W:v7 vs B:v8) FEN='knbrqbnr/1pp4p/p2pppp1/8/8/2PPPP1P/PP4P1/RNBQRBNK w - - 0 1' -> result 1/2-1/2 max-plies
Game (W:v7 vs B:v8) FEN='knbrqbnr/p3p2p/1p1p2p1/2p2p2/5P2/2PPP2P/PP4P1/RNBQRBNK w - - 0 1' -> result 1/2-1/2 max-plies
Game (W:v7 vs B:v8) FEN='rnbqrbnk/1p4pp/p1ppp3/5p2/5P2/1PPP2P1/P3P2P/KNBRQBNR w - - 0 1' -> result 1/2-1/2 max-plies
Game (W:v7 vs B:v8) FEN='rnbqrbnk/pp4pp/2p2p2/3pp3/5P2/3PP1PP/PPP5/KNBRQBNR w - - 0 1' -> result 1/2-1/2 max-plies
Game (W:v7 vs B:v8) FEN='rnbqrbnk/p4p1p/1p2p1p1/2pp4/3P4/1P2P1P1/P1P2P1P/KNBRQBNR w - - 0 1' -> result 1/2-1/2 max-plies
Game (W:v7 vs B:v8) FEN='rnbqrbnk/p2p3p/1p2p1p1/2p2p2/8/PPPP1P2/4P1PP/KNBRQBNR w - - 0 1' -> result 1/2-1/2 max-plies
Game (W:v7 vs B:v8) FEN='knbrqbnr/pp4p1/2ppp2p/5p2/2P5/PP2PP2/3P2PP/RNBQRBNK w - - 0 1' -> result 1/2-1/2 max-plies
Game (W:v7 vs B:v8) FEN='knbrqbnr/p4ppp/1pp5/3pp3/8/1PPPP2P/P4PP1/RNBQRBNK w - - 0 1' -> result 1/2-1/2 max-plies
Game (W:v7 vs B:v8) FEN='knbrqbnr/1pp4p/p2p1pp1/4p3/4P3/PP1P4/2P2PPP/RNBQRBNK w - - 0 1' -> result 0-1 checkmate
Game (W:v7 vs B:v8) FEN='rnbqrbnk/p1p2pp1/1p1p3p/4p3/4PP2/1P1P2P1/P1P4P/KNBRQBNR w - - 0 1' -> result 0-1 checkmate
Game (W:v7 vs B:v8) FEN='knbrqbnr/2p2ppp/pp6/3pp3/5P2/1PPPP3/P5PP/RNBQRBNK w - - 0 1' -> result 1-0 checkmate
Game (W:v7 vs B:v8) FEN='knbrqbnr/ppp5/3ppppp/8/4P3/PP3P2/2PP2PP/RNBQRBNK w - - 0 1' -> result 1/2-1/2 max-plies
Game (W:v7 vs B:v8) FEN='rnbqrbnk/p2p3p/1p2ppp1/2p5/8/1PPPP2P/P4PP1/KNBRQBNR w - - 0 1' -> result 0-1 checkmate
Game (W:v7 vs B:v8) FEN='rnbqrbnk/pp5p/2p1ppp1/3p4/2PP4/1P2P3/P4PPP/KNBRQBNR w - - 0 1' -> result 1-0 checkmate
Game (W:v7 vs B:v8) FEN='rnbqrbnk/1pp3pp/p7/3ppp2/3PP3/P1P5/1P3PPP/KNBRQBNR w - - 0 1' -> result 0-1 checkmate
Game (W:v7 vs B:v8) FEN='knbrqbnr/ppp3p1/7p/3ppp2/2P5/PP2PP2/3P2PP/RNBQRBNK w - - 0 1' -> result 1-0 checkmate
Game (W:v7 vs B:v8) FEN='rnbqrbnk/ppp3p1/3p1p1p/4p3/2P5/1P1P2PP/P3PP2/KNBRQBNR w - - 0 1' -> result 1/2-1/2 max-plies
Game (W:v7 vs B:v8) FEN='knbrqbnr/pp5p/3pp1p1/2p2p2/2P1P3/P4P2/1P1P2PP/RNBQRBNK w - c6 0 1' -> result 1/2-1/2 max-plies
Game (W:v7 vs B:v8) FEN='rnbqrbnk/p2p3p/1p2ppp1/2p5/2PP4/1P5P/P3PPP1/KNBRQBNR w - - 0 1' -> result 1/2-1/2 max-plies
Game (W:v7 vs B:v8) FEN='rnbqrbnk/p1p2pp1/1p1p3p/4p3/5P2/PP1PP3/2P3PP/KNBRQBNR w - - 0 1' -> result 1/2-1/2 max-plies
Game (W:v7 vs B:v8) FEN='knbrqbnr/p1p3p1/1p1pp2p/5p2/8/1PP1PPP1/P2P3P/RNBQRBNK w - - 0 1' -> result 1/2-1/2 max-plies
Batch 2/2: v8 white, v7 black (25 games)
Game (W:v8 vs B:v7) FEN='rnbqrbnk/pp1p1p2/2p3pp/4p3/2P1P3/1P1P3P/P4PP1/KNBRQBNR w - - 0 1' -> result 1/2-1/2 max-plies
Game (W:v8 vs B:v7) FEN='knbrqbnr/ppp5/3p1ppp/4p3/2P1PP2/6P1/PP1P3P/RNBQRBNK w - - 0 1' -> result 1/2-1/2 max-plies
Game (W:v8 vs B:v7) FEN='knbrqbnr/p1p3p1/1p1p3p/4pp2/4P3/P4PP1/1PPP3P/RNBQRBNK w - - 0 1' -> result 0-1 checkmate
Game (W:v8 vs B:v7) FEN='knbrqbnr/p3p2p/1p1p2p1/2p2p2/5P2/2PPP2P/PP4P1/RNBQRBNK w - - 0 1' -> result 1-0 checkmate
Game (W:v8 vs B:v7) FEN='rnbqrbnk/pp4pp/2pp1p2/4p3/8/2PPP1PP/PP3P2/KNBRQBNR w - - 0 1' -> result 1/2-1/2 max-plies
Game (W:v8 vs B:v7) FEN='rnbqrbnk/3p2pp/ppp1pp2/8/4P3/PPPP4/5PPP/KNBRQBNR w - - 0 1' -> result 1-0 checkmate
Game (W:v8 vs B:v7) FEN='rnbqrbnk/p2p2p1/1pp1pp1p/8/8/1PPPP2P/P4PP1/KNBRQBNR w - - 0 1' -> result 1-0 checkmate
Game (W:v8 vs B:v7) FEN='knbrqbnr/1p2p1pp/p7/2pp1p2/3P4/P1P1P1P1/1P3P1P/RNBQRBNK w - - 0 1' -> result 1-0 checkmate
Game (W:v8 vs B:v7) FEN='knbrqbnr/pp4p1/3ppp1p/2p5/4PP2/1P1P4/P1P3PP/RNBQRBNK w - - 0 1' -> result 1/2-1/2 max-plies
Game (W:v8 vs B:v7) FEN='rnbqrbnk/p2p1pp1/1pp4p/4p3/5P2/PP1PP3/2P3PP/KNBRQBNR w - - 0 1' -> result 0-1 checkmate
Game (W:v8 vs B:v7) FEN='rnbqrbnk/pp5p/2p1p1p1/3p1p2/3P1P2/1P4P1/P1P1P2P/KNBRQBNR w - - 0 1' -> result 1/2-1/2 max-plies
Game (W:v8 vs B:v7) FEN='knbrqbnr/pp3p2/3pp1pp/2p5/2P1PP2/P7/1P1P2PP/RNBQRBNK w - - 0 1' -> result 1-0 checkmate
Game (W:v8 vs B:v7) FEN='rnbqrbnk/pp4p1/2ppp2p/5p2/2P2P2/1P1P2P1/P3P2P/KNBRQBNR w - - 0 1' -> result 1/2-1/2 max-plies
Game (W:v8 vs B:v7) FEN='knbrqbnr/pp5p/3pppp1/2p5/2P1PP2/6P1/PP1P3P/RNBQRBNK w - c6 0 1' -> result 0-1 checkmate
Game (W:v8 vs B:v7) FEN='rnbqrbnk/1pp2p1p/p5p1/3pp3/2P5/P2PP1P1/1P3P1P/KNBRQBNR w - - 0 1' -> result 0-1 checkmate
Game (W:v8 vs B:v7) FEN='rnbqrbnk/3p2pp/ppp1p3/5p2/2P2P2/PP1P4/4P1PP/KNBRQBNR w - - 0 1' -> result 1/2-1/2 max-plies
Game (W:v8 vs B:v7) FEN='rnbqrbnk/2p3pp/pp2p3/3p1p2/2P2P2/1P1P3P/P3P1P1/KNBRQBNR w - - 0 1' -> result 0-1 checkmate
Game (W:v8 vs B:v7) FEN='knbrqbnr/p3p1p1/1ppp1p1p/8/5P2/PP2P1P1/2PP3P/RNBQRBNK w - - 0 1' -> result 1/2-1/2 max-plies
Game (W:v8 vs B:v7) FEN='rnbqrbnk/p4p1p/1p1pp1p1/2p5/4P3/PPPP4/5PPP/KNBRQBNR w - - 0 1' -> result 0-1 checkmate
Game (W:v8 vs B:v7) FEN='rnbqrbnk/1p3p1p/p2pp1p1/2p5/4P3/PP1P1P2/2P3PP/KNBRQBNR w - - 0 1' -> result 0-1 checkmate
Game (W:v8 vs B:v7) FEN='knbrqbnr/1pp4p/p2pp1p1/5p2/3PP3/1P4P1/P1P2P1P/RNBQRBNK w - - 0 1' -> result 0-1 checkmate
Game (W:v8 vs B:v7) FEN='knbrqbnr/1p4pp/p1pp4/4pp2/2P2P2/PP2P3/3P2PP/RNBQRBNK w - - 0 1' -> result 1-0 checkmate
Game (W:v8 vs B:v7) FEN='knbrqbnr/pp2pp2/2p3pp/3p4/8/1PPPP2P/P4PP1/RNBQRBNK w - - 0 1' -> result 0-1 checkmate
Game (W:v8 vs B:v7) FEN='knbrqbnr/pp2p2p/2p2pp1/3p4/4PP2/6PP/PPPP4/RNBQRBNK w - - 0 1' -> result 1-0 checkmate
Game (W:v8 vs B:v7) FEN='rnbqrbnk/pp4pp/2p5/3ppp2/3P4/P1P3P1/1P2PP1P/KNBRQBNR w - - 0 1' -> result 0-1 checkmate

=== Match Summary ===
Total games: 50
v7 wins: 13
v8 wins: 12
draws:   25
=== Worker 7 end ===
