=== Worker 1 start ===
Running matches: games_per_side=5, depth=8, max_plies=150, movetime_ms=10, fen_or_book=book, version_a=v1, version_b=v26

Batch 1/2: v1 white vs v26 black, 5 games
Game (W:v1 vs B:v26) FEN=knbrqbnr/pp3p1p/2p1p1p1/3p4/2P1PP2/3P4/PP4PP/RNBQRBNK\ w\ -\ -\ 0\ 1 -> result 1-0 checkmate
Game (W:v1 vs B:v26) FEN=rnbqrbnk/pp3pp1/3p3p/2p1p3/8/3PPPPP/PPP5/KNBRQBNR\ w\ -\ -\ 0\ 1 -> result 1-0 checkmate
Game (W:v1 vs B:v26) FEN=rnbqrbnk/p2p3p/1p2ppp1/2p5/2P5/PP1PP3/5PPP/KNBRQBNR\ w\ -\ -\ 0\ 1 -> result 0-1 checkmate
Game (W:v1 vs B:v26) FEN=rnbqrbnk/pp1p4/4p1pp/2p2p2/5P2/1PPP2P1/P3P2P/KNBRQBNR\ w\ -\ -\ 0\ 1 -> result 0-1 checkmate
Game (W:v1 vs B:v26) FEN=rnbqrbnk/pp4pp/2p2p2/3pp3/2PP4/P3P3/1P3PPP/KNBRQBNR\ w\ -\ -\ 0\ 1 -> result 0-1 checkmate
Batch 2/2: v26 white vs v1 black, 5 games
Game (W:v26 vs B:v1) FEN=knbrqbnr/ppp4p/4ppp1/3p4/4P3/1P1P1P2/P1P3PP/RNBQRBNK\ w\ -\ -\ 0\ 1 -> result 0-1 checkmate
Game (W:v26 vs B:v1) FEN=rnbqrbnk/2p2ppp/pp1p4/4p3/2P2P2/P2PP3/1P4PP/KNBRQBNR\ w\ -\ -\ 0\ 1 -> result 1-0 checkmate
Game (W:v26 vs B:v1) FEN=rnbqrbnk/p1p2p2/1p1pp1pp/8/8/PPPP2P1/4PP1P/KNBRQBNR\ w\ -\ -\ 0\ 1 -> result 1/2-1/2 threefold-repetition
Game (W:v26 vs B:v1) FEN=knbrqbnr/p4pp1/1ppp3p/4p3/5P2/PPP1P3/3P2PP/RNBQRBNK\ w\ -\ -\ 0\ 1 -> result 1-0 checkmate
Game (W:v26 vs B:v1) FEN=knbrqbnr/pp5p/2pp1pp1/4p3/8/PPPPP3/5PPP/RNBQRBNK\ w\ -\ -\ 0\ 1 -> result 1/2-1/2 threefold-repetition

=== Match Summary ===
Total games: 10
v1 wins: 3
v26 wins: 5
draws:   2
=== Worker 1 end ===
