=== Worker 8 start ===
Running matches: games_per_side=5, depth=8, max_plies=150, movetime_ms=10, fen_or_book=book, version_a=v1, version_b=v26

Batch 1/2: v1 white vs v26 black, 5 games
Game (W:v1 vs B:v26) FEN=knbrqbnr/pp2p1p1/2p2p1p/3p4/4P3/1P3P1P/P1PP2P1/RNBQRBNK\ w\ -\ -\ 0\ 1 -> result 1-0 checkmate
Game (W:v1 vs B:v26) FEN=rnbqrbnk/ppp4p/3p2p1/4pp2/3P4/PPP5/4PPPP/KNBRQBNR\ w\ -\ -\ 0\ 1 -> result 1/2-1/2 threefold-repetition
Game (W:v1 vs B:v26) FEN=knbrqbnr/1p2p1pp/p1p5/3p1p2/3P4/1PP1P1P1/P4P1P/RNBQRBNK\ w\ -\ -\ 0\ 1 -> result 1/2-1/2 threefold-repetition
Game (W:v1 vs B:v26) FEN=rnbqrbnk/1p3p1p/p3p1p1/2pp4/5P2/1P1PP2P/P1P3P1/KNBRQBNR\ w\ -\ -\ 0\ 1 -> result 1/2-1/2 threefold-repetition
Game (W:v1 vs B:v26) FEN=rnbqrbnk/p1p3p1/1p1pp2p/5p2/2P5/PP1PP3/5PPP/KNBRQBNR\ w\ -\ -\ 0\ 1 -> result 1/2-1/2 threefold-repetition
Batch 2/2: v26 white vs v1 black, 5 games
Game (W:v26 vs B:v1) FEN=knbrqbnr/pp4p1/2pp1p1p/4p3/5P2/P1PPP3/1P4PP/RNBQRBNK\ w\ -\ -\ 0\ 1 -> result 0-1 checkmate
Game (W:v26 vs B:v1) FEN=rnbqrbnk/1p4pp/p2pp3/2p2p2/2P5/3PP1PP/PP3P2/KNBRQBNR\ w\ -\ -\ 0\ 1 -> result 0-1 checkmate
Game (W:v26 vs B:v1) FEN=knbrqbnr/p1p2p1p/1p4p1/3pp3/8/1P1PP1PP/P1P2P2/RNBQRBNK\ w\ -\ -\ 0\ 1 -> result 1/2-1/2 threefold-repetition
Game (W:v26 vs B:v1) FEN=rnbqrbnk/1p4pp/p1p1pp2/3p4/3P4/PP3P2/2P1P1PP/KNBRQBNR\ w\ -\ -\ 0\ 1 -> result 1/2-1/2 threefold-repetition
Game (W:v26 vs B:v1) FEN=rnbqrbnk/1p4pp/p3p3/2pp1p2/2PP4/4P1P1/PP3P1P/KNBRQBNR\ w\ -\ -\ 0\ 1 -> result 1/2-1/2 threefold-repetition

=== Match Summary ===
Total games: 10
v1 wins: 3
v26 wins: 0
draws:   7
=== Worker 8 end ===
