=== Worker 2 start ===
Running matches: games_per_side=50, depth=8, max_plies=150, movetime_ms=10, fen_or_book=book, version_a=v19, version_b=v20

Batch 1/2: v19 white vs v20 black, 50 games
Game (W:v19 vs B:v20) FEN=rnbqrbnk/3p1p1p/pp2p1p1/2p5/2P5/P2PPP2/1P4PP/KNBRQBNR\ w\ -\ -\ 0\ 1 -> result 1/2-1/2 max-plies
Game (W:v19 vs B:v20) FEN=rnbqrbnk/2p3pp/pp1ppp2/8/5P2/PP1P2P1/2P1P2P/KNBRQBNR\ w\ -\ -\ 0\ 1 -> result 1-0 checkmate
Game (W:v19 vs B:v20) FEN=knbrqbnr/ppp3p1/4pp1p/3p4/2P5/P3PPP1/1P1P3P/RNBQRBNK\ w\ -\ -\ 0\ 1 -> result 1/2-1/2 max-plies
Game (W:v19 vs B:v20) FEN=knbrqbnr/ppp5/3pp1pp/5p2/4PP2/PP6/2PP2PP/RNBQRBNK\ w\ -\ -\ 0\ 1 -> result 1-0 checkmate
Game (W:v19 vs B:v20) FEN=rnbqrbnk/pp4pp/2p5/3ppp2/2PP4/1P5P/P3PPP1/KNBRQBNR\ w\ -\ -\ 0\ 1 -> result 0-1 checkmate
Game (W:v19 vs B:v20) FEN=knbrqbnr/pp2p3/2pp1ppp/8/4P3/1P3P1P/P1PP2P1/RNBQRBNK\ w\ -\ -\ 0\ 1 -> result 1-0 checkmate
Game (W:v19 vs B:v20) FEN=rnbqrbnk/2p2p1p/pp2p1p1/3p4/2P2P2/1P1P2P1/P3P2P/KNBRQBNR\ w\ -\ -\ 0\ 1 -> result 1-0 checkmate
Game (W:v19 vs B:v20) FEN=knbrqbnr/pp2pp2/6pp/2pp4/8/1PP1PPP1/P2P3P/RNBQRBNK\ w\ -\ -\ 0\ 1 -> result 1/2-1/2 threefold-repetition
Game (W:v19 vs B:v20) FEN=rnbqrbnk/2pp2pp/pp6/4pp2/4P3/PPPP4/5PPP/KNBRQBNR\ w\ -\ -\ 0\ 1 -> result 1-0 checkmate
Game (W:v19 vs B:v20) FEN=rnbqrbnk/pp1p1p2/2p3pp/4p3/4P3/1PPP1P2/P5PP/KNBRQBNR\ w\ -\ -\ 0\ 1 -> result 1/2-1/2 max-plies
Game (W:v19 vs B:v20) FEN=knbrqbnr/p4ppp/1pp1p3/3p4/2PP4/4P1PP/PP3P2/RNBQRBNK\ w\ -\ -\ 0\ 1 -> result 1-0 checkmate
Game (W:v19 vs B:v20) FEN=rnbqrbnk/p1p3p1/1p1ppp1p/8/8/1P1PP1PP/P1P2P2/KNBRQBNR\ w\ -\ -\ 0\ 1 -> result 0-1 checkmate
Game (W:v19 vs B:v20) FEN=rnbqrbnk/ppp3p1/5p1p/3pp3/2P5/3PP1PP/PP3P2/KNBRQBNR\ w\ -\ -\ 0\ 1 -> result 1-0 checkmate
Game (W:v19 vs B:v20) FEN=rnbqrbnk/p2p2p1/1p2p2p/2p2p2/3P4/P3P1P1/1PP2P1P/KNBRQBNR\ w\ -\ -\ 0\ 1 -> result 1/2-1/2 max-plies
Game (W:v19 vs B:v20) FEN=rnbqrbnk/p5pp/1pp1p3/3p1p2/3P4/1P2P2P/P1P2PP1/KNBRQBNR\ w\ -\ -\ 0\ 1 -> result 1-0 checkmate
Game (W:v19 vs B:v20) FEN=rnbqrbnk/1p3ppp/p2p4/2p1p3/3P4/1PP1P3/P4PPP/KNBRQBNR\ w\ -\ -\ 0\ 1 -> result 1-0 checkmate
Game (W:v19 vs B:v20) FEN=knbrqbnr/p1p3pp/1p2pp2/3p4/8/PP1PPP2/2P3PP/RNBQRBNK\ w\ -\ -\ 0\ 1 -> result 1-0 checkmate
Game (W:v19 vs B:v20) FEN=knbrqbnr/1p2p2p/p1pp2p1/5p2/4P3/3P2PP/PPP2P2/RNBQRBNK\ w\ -\ -\ 0\ 1 -> result 0-1 checkmate
Game (W:v19 vs B:v20) FEN=knbrqbnr/1pp2p1p/p5p1/3pp3/4P3/1P4PP/P1PP1P2/RNBQRBNK\ w\ -\ -\ 0\ 1 -> result 1/2-1/2 max-plies
Game (W:v19 vs B:v20) FEN=rnbqrbnk/3p1p1p/pp2p1p1/2p5/2P5/P2PPP2/1P4PP/KNBRQBNR\ w\ -\ -\ 0\ 1 -> result 1-0 checkmate
Game (W:v19 vs B:v20) FEN=rnbqrbnk/p1p3pp/1p3p2/3pp3/8/2PPPPP1/PP5P/KNBRQBNR\ w\ -\ -\ 0\ 1 -> result 1-0 checkmate
Game (W:v19 vs B:v20) FEN=knbrqbnr/1p3p1p/p2p2p1/2p1p3/2P5/1P1PP1P1/P4P1P/RNBQRBNK\ w\ -\ -\ 0\ 1 -> result 1/2-1/2 max-plies
Game (W:v19 vs B:v20) FEN=knbrqbnr/pp3p2/3pp1pp/2p5/4PP2/1P4P1/P1PP3P/RNBQRBNK\ w\ -\ -\ 0\ 1 -> result 0-1 checkmate
Game (W:v19 vs B:v20) FEN=rnbqrbnk/pp4p1/3ppp1p/2p5/3P4/1P4PP/P1P1PP2/KNBRQBNR\ w\ -\ -\ 0\ 1 -> result 0-1 checkmate
Game (W:v19 vs B:v20) FEN=rnbqrbnk/pp4pp/3p4/2p1pp2/4P3/2PP1PP1/PP5P/KNBRQBNR\ w\ -\ c6\ 0\ 1 -> result 1-0 checkmate
Game (W:v19 vs B:v20) FEN=rnbqrbnk/2pp2pp/pp3p2/4p3/2P1P3/3P2PP/PP3P2/KNBRQBNR\ w\ -\ -\ 0\ 1 -> result 1-0 checkmate
Game (W:v19 vs B:v20) FEN=knbrqbnr/2p2ppp/pp2p3/3p4/8/1PP1P1PP/P2P1P2/RNBQRBNK\ w\ -\ -\ 0\ 1 -> result 1-0 checkmate
Game (W:v19 vs B:v20) FEN=knbrqbnr/p1p2pp1/1p5p/3pp3/2PP4/1P2P1P1/P4P1P/RNBQRBNK\ w\ -\ -\ 0\ 1 -> result 0-1 checkmate
Game (W:v19 vs B:v20) FEN=knbrqbnr/1p4pp/p1pppp2/8/8/2PPPP1P/PP4P1/RNBQRBNK\ w\ -\ -\ 0\ 1 -> result 1/2-1/2 max-plies
Game (W:v19 vs B:v20) FEN=rnbqrbnk/ppp3p1/3p1p1p/4p3/2P5/1P1P1PP1/P3P2P/KNBRQBNR\ w\ -\ -\ 0\ 1 -> result 0-1 checkmate
Game (W:v19 vs B:v20) FEN=knbrqbnr/p3p1pp/1pp2p2/3p4/5P2/2PPP2P/PP4P1/RNBQRBNK\ w\ -\ -\ 0\ 1 -> result 0-1 checkmate
Game (W:v19 vs B:v20) FEN=knbrqbnr/1p3ppp/p1p1p3/3p4/5P2/2PPP2P/PP4P1/RNBQRBNK\ w\ -\ -\ 0\ 1 -> result 0-1 checkmate
Game (W:v19 vs B:v20) FEN=knbrqbnr/p1p1p2p/1p4p1/3p1p2/5P2/P1P1P1P1/1P1P3P/RNBQRBNK\ w\ -\ -\ 0\ 1 -> result 1-0 checkmate
Game (W:v19 vs B:v20) FEN=knbrqbnr/4p1pp/pppp4/5p2/8/1PP1P1PP/P2P1P2/RNBQRBNK\ w\ -\ -\ 0\ 1 -> result 1-0 checkmate
Game (W:v19 vs B:v20) FEN=rnbqrbnk/2p2ppp/pp1p4/4p3/2P2P2/P2PP3/1P4PP/KNBRQBNR\ w\ -\ -\ 0\ 1 -> result 1-0 checkmate
Game (W:v19 vs B:v20) FEN=rnbqrbnk/pp3pp1/7p/2ppp3/3P4/1P2PP2/P1P3PP/KNBRQBNR\ w\ -\ -\ 0\ 1 -> result 1-0 checkmate
Game (W:v19 vs B:v20) FEN=knbrqbnr/pp4p1/2pp1p1p/4p3/5P2/P1PPP3/1P4PP/RNBQRBNK\ w\ -\ -\ 0\ 1 -> result 1-0 checkmate
Game (W:v19 vs B:v20) FEN=rnbqrbnk/pp4p1/3ppp1p/2p5/2P1P3/P2P2P1/1P3P1P/KNBRQBNR\ w\ -\ -\ 0\ 1 -> result 1/2-1/2 max-plies
Game (W:v19 vs B:v20) FEN=knbrqbnr/1pp3pp/p3p3/3p1p2/3P4/PPP1P3/5PPP/RNBQRBNK\ w\ -\ -\ 0\ 1 -> result 0-1 checkmate
Game (W:v19 vs B:v20) FEN=rnbqrbnk/5ppp/pp2p3/2pp4/3PP3/2P2P2/PP4PP/KNBRQBNR\ w\ -\ -\ 0\ 1 -> result 1-0 checkmate
Game (W:v19 vs B:v20) FEN=rnbqrbnk/3p2pp/ppp1pp2/8/2P1P3/P2P2P1/1P3P1P/KNBRQBNR\ w\ -\ -\ 0\ 1 -> result 1/2-1/2 max-plies
Game (W:v19 vs B:v20) FEN=rnbqrbnk/p5pp/1pp1p3/3p1p2/2PP4/P3P3/1P3PPP/KNBRQBNR\ w\ -\ -\ 0\ 1 -> result 1-0 checkmate
Game (W:v19 vs B:v20) FEN=knbrqbnr/1p3ppp/p7/2ppp3/2P5/1P2P1PP/P2P1P2/RNBQRBNK\ w\ -\ -\ 0\ 1 -> result 0-1 checkmate
Game (W:v19 vs B:v20) FEN=rnbqrbnk/p1p3pp/1p3p2/3pp3/8/2PPPPP1/PP5P/KNBRQBNR\ w\ -\ -\ 0\ 1 -> result 1-0 checkmate
Game (W:v19 vs B:v20) FEN=rnbqrbnk/p2p3p/1p2ppp1/2p5/2PP4/1P5P/P3PPP1/KNBRQBNR\ w\ -\ -\ 0\ 1 -> result 1-0 checkmate
Game (W:v19 vs B:v20) FEN=knbrqbnr/1pp4p/p2pp1p1/5p2/3PP3/1P4P1/P1P2P1P/RNBQRBNK\ w\ -\ -\ 0\ 1 -> result 0-1 checkmate
Game (W:v19 vs B:v20) FEN=rnbqrbnk/pp4pp/3p4/2p1pp2/4P3/2PP1PP1/PP5P/KNBRQBNR\ w\ -\ c6\ 0\ 1 -> result 0-1 checkmate
Game (W:v19 vs B:v20) FEN=rnbqrbnk/pp4p1/4pp1p/2pp4/3P4/P4PP1/1PP1P2P/KNBRQBNR\ w\ -\ -\ 0\ 1 -> result 1-0 checkmate
Game (W:v19 vs B:v20) FEN=rnbqrbnk/1pp3pp/p7/3ppp2/3P4/1PP2P2/P3P1PP/KNBRQBNR\ w\ -\ -\ 0\ 1 -> result 1-0 checkmate
Game (W:v19 vs B:v20) FEN=rnbqrbnk/p2p1pp1/1pp4p/4p3/2P1P3/1P1P2P1/P4P1P/KNBRQBNR\ w\ -\ -\ 0\ 1 -> result 1/2-1/2 max-plies
Batch 2/2: v20 white vs v19 black, 50 games
Game (W:v20 vs B:v19) FEN=rnbqrbnk/p2p2p1/1p2pp1p/2p5/2PP4/1P5P/P3PPP1/KNBRQBNR\ w\ -\ -\ 0\ 1 -> result 0-1 checkmate
Game (W:v20 vs B:v19) FEN=rnbqrbnk/pp3p2/3pp1pp/2p5/8/PP1PPP2/2P3PP/KNBRQBNR\ w\ -\ -\ 0\ 1 -> result 1/2-1/2 threefold-repetition
Game (W:v20 vs B:v19) FEN=knbrqbnr/pp4p1/3p3p/2p1pp2/2P5/P2PPP2/1P4PP/RNBQRBNK\ w\ -\ -\ 0\ 1 -> result 1/2-1/2 max-plies
Game (W:v20 vs B:v19) FEN=knbrqbnr/1p2p2p/p2p2p1/2p2p2/2P1PP2/7P/PP1P2P1/RNBQRBNK\ w\ -\ -\ 0\ 1 -> result 1-0 checkmate
Game (W:v20 vs B:v19) FEN=knbrqbnr/pp2pp2/6pp/2pp4/4PP2/1P1P4/P1P3PP/RNBQRBNK\ w\ -\ -\ 0\ 1 -> result 1/2-1/2 max-plies
Game (W:v20 vs B:v19) FEN=rnbqrbnk/ppp4p/3p2p1/4pp2/2P1PP2/1P1P4/P5PP/KNBRQBNR\ w\ -\ -\ 0\ 1 -> result 1-0 checkmate
Game (W:v20 vs B:v19) FEN=rnbqrbnk/pp4p1/4p2p/2pp1p2/3PP3/1P5P/P1P2PP1/KNBRQBNR\ w\ -\ -\ 0\ 1 -> result 1/2-1/2 max-plies
Game (W:v20 vs B:v19) FEN=knbrqbnr/ppp3p1/4pp1p/3p4/3PP3/1P4P1/P1P2P1P/RNBQRBNK\ w\ -\ -\ 0\ 1 -> result 0-1 checkmate
Game (W:v20 vs B:v19) FEN=rnbqrbnk/2p3pp/pp2p3/3p1p2/8/1PPP1P1P/P3P1P1/KNBRQBNR\ w\ -\ -\ 0\ 1 -> result 0-1 checkmate
Game (W:v20 vs B:v19) FEN=knbrqbnr/1pp4p/p2p1pp1/4p3/2P2P2/PP2P3/3P2PP/RNBQRBNK\ w\ -\ -\ 0\ 1 -> result 0-1 checkmate
Game (W:v20 vs B:v19) FEN=rnbqrbnk/pp3pp1/3p3p/2p1p3/5P2/2PPP2P/PP4P1/KNBRQBNR\ w\ -\ -\ 0\ 1 -> result 0-1 checkmate
Game (W:v20 vs B:v19) FEN=knbrqbnr/pp2p3/3p2pp/2p2p2/4PP2/PP6/2PP2PP/RNBQRBNK\ w\ -\ -\ 0\ 1 -> result 0-1 checkmate
Game (W:v20 vs B:v19) FEN=knbrqbnr/pp3p1p/2p3p1/3pp3/2PP4/4PPP1/PP5P/RNBQRBNK\ w\ -\ -\ 0\ 1 -> result 0-1 checkmate
Game (W:v20 vs B:v19) FEN=knbrqbnr/pp4p1/3ppp1p/2p5/8/PP2PPP1/2PP3P/RNBQRBNK\ w\ -\ -\ 0\ 1 -> result 1/2-1/2 max-plies
Game (W:v20 vs B:v19) FEN=rnbqrbnk/pppp4/5ppp/4p3/2P5/1P1P1PP1/P3P2P/KNBRQBNR\ w\ -\ -\ 0\ 1 -> result 0-1 checkmate
Game (W:v20 vs B:v19) FEN=rnbqrbnk/ppp3p1/5p1p/3pp3/4P3/P1PP1P2/1P4PP/KNBRQBNR\ w\ -\ -\ 0\ 1 -> result 0-1 checkmate
Game (W:v20 vs B:v19) FEN=knbrqbnr/pp3p2/2ppp1pp/8/4PP2/2P4P/PP1P2P1/RNBQRBNK\ w\ -\ -\ 0\ 1 -> result 1/2-1/2 threefold-repetition
Game (W:v20 vs B:v19) FEN=rnbqrbnk/1pp3pp/p2p4/4pp2/2PPP3/6P1/PP3P1P/KNBRQBNR\ w\ -\ -\ 0\ 1 -> result 1-0 checkmate
Game (W:v20 vs B:v19) FEN=knbrqbnr/p5pp/1p1p1p2/2p1p3/2P5/4PPPP/PP1P4/RNBQRBNK\ w\ -\ -\ 0\ 1 -> result 1-0 checkmate
Game (W:v20 vs B:v19) FEN=rnbqrbnk/1p3ppp/p7/2ppp3/3P4/2P1P1P1/PP3P1P/KNBRQBNR\ w\ -\ -\ 0\ 1 -> result 1/2-1/2 max-plies
Game (W:v20 vs B:v19) FEN=rnbqrbnk/1pp3pp/p2p1p2/4p3/3P4/PP2P3/2P2PPP/KNBRQBNR\ w\ -\ -\ 0\ 1 -> result 1/2-1/2 max-plies
Game (W:v20 vs B:v19) FEN=knbrqbnr/pp3pp1/2p1p2p/3p4/4PP2/1P4P1/P1PP3P/RNBQRBNK\ w\ -\ -\ 0\ 1 -> result 0-1 checkmate
Game (W:v20 vs B:v19) FEN=knbrqbnr/pp5p/2pp1pp1/4p3/3PPP2/1P6/P1P3PP/RNBQRBNK\ w\ -\ -\ 0\ 1 -> result 0-1 checkmate
Game (W:v20 vs B:v19) FEN=knbrqbnr/1p4pp/p1pp4/4pp2/2P5/1P1PPP2/P5PP/RNBQRBNK\ w\ -\ -\ 0\ 1 -> result 0-1 checkmate
Game (W:v20 vs B:v19) FEN=knbrqbnr/ppp5/3ppppp/8/4PP2/2PP4/PP4PP/RNBQRBNK\ w\ -\ -\ 0\ 1 -> result 1/2-1/2 max-plies
Game (W:v20 vs B:v19) FEN=knbrqbnr/ppp5/3ppppp/8/4PP2/2PP4/PP4PP/RNBQRBNK\ w\ -\ -\ 0\ 1 -> result 0-1 checkmate
Game (W:v20 vs B:v19) FEN=knbrqbnr/pp2pp2/2p3pp/3p4/4P3/PP4P1/2PP1P1P/RNBQRBNK\ w\ -\ -\ 0\ 1 -> result 1/2-1/2 max-plies
Game (W:v20 vs B:v19) FEN=rnbqrbnk/p2p3p/1p2p1p1/2p2p2/8/PPPP1P2/4P1PP/KNBRQBNR\ w\ -\ -\ 0\ 1 -> result 1/2-1/2 max-plies
Game (W:v20 vs B:v19) FEN=rnbqrbnk/p5pp/1p2p3/2pp1p2/2PP4/P3P3/1P3PPP/KNBRQBNR\ w\ -\ -\ 0\ 1 -> result 1-0 checkmate
Game (W:v20 vs B:v19) FEN=rnbqrbnk/2p3pp/pp2p3/3p1p2/4P3/1PPP1P2/P5PP/KNBRQBNR\ w\ -\ -\ 0\ 1 -> result 1-0 checkmate
Game (W:v20 vs B:v19) FEN=rnbqrbnk/pp3p2/4p1pp/2pp4/2P2P2/P2P2P1/1P2P2P/KNBRQBNR\ w\ -\ -\ 0\ 1 -> result 1-0 checkmate
Game (W:v20 vs B:v19) FEN=knbrqbnr/p1p2p2/1p1p2pp/4p3/4P3/3P2PP/PPP2P2/RNBQRBNK\ w\ -\ -\ 0\ 1 -> result 0-1 checkmate
Game (W:v20 vs B:v19) FEN=knbrqbnr/1p3ppp/p1p5/3pp3/4PP2/PP6/2PP2PP/RNBQRBNK\ w\ -\ -\ 0\ 1 -> result 0-1 checkmate
Game (W:v20 vs B:v19) FEN=rnbqrbnk/p5pp/1ppppp2/8/5P2/1PPP3P/P3P1P1/KNBRQBNR\ w\ -\ -\ 0\ 1 -> result 0-1 checkmate
Game (W:v20 vs B:v19) FEN=rnbqrbnk/p4pp1/1pp1p2p/3p4/3P4/1P2P2P/P1P2PP1/KNBRQBNR\ w\ -\ -\ 0\ 1 -> result 0-1 checkmate
Game (W:v20 vs B:v19) FEN=rnbqrbnk/ppp5/4p1pp/3p1p2/3P4/PPP5/4PPPP/KNBRQBNR\ w\ -\ -\ 0\ 1 -> result 0-1 checkmate
Game (W:v20 vs B:v19) FEN=knbrqbnr/ppp2p2/4p1pp/3p4/5P2/P1PPP3/1P4PP/RNBQRBNK\ w\ -\ -\ 0\ 1 -> result 0-1 checkmate
Game (W:v20 vs B:v19) FEN=knbrqbnr/ppp1p3/6pp/3p1p2/3P4/1PP1P2P/P4PP1/RNBQRBNK\ w\ -\ -\ 0\ 1 -> result 0-1 checkmate
Game (W:v20 vs B:v19) FEN=rnbqrbnk/5ppp/pp2p3/2pp4/2PP1P2/4P3/PP4PP/KNBRQBNR\ w\ -\ -\ 0\ 1 -> result 1-0 checkmate
Game (W:v20 vs B:v19) FEN=rnbqrbnk/p5pp/1pppp3/5p2/5P2/1PPP2P1/P3P2P/KNBRQBNR\ w\ -\ -\ 0\ 1 -> result 0-1 checkmate
Game (W:v20 vs B:v19) FEN=rnbqrbnk/1pp4p/p3ppp1/3p4/2P5/3PPP1P/PP4P1/KNBRQBNR\ w\ -\ -\ 0\ 1 -> result 0-1 checkmate
Game (W:v20 vs B:v19) FEN=knbrqbnr/pp4p1/2ppp2p/5p2/4P3/2P3PP/PP1P1P2/RNBQRBNK\ w\ -\ -\ 0\ 1 -> result 0-1 checkmate
Game (W:v20 vs B:v19) FEN=knbrqbnr/pp3p2/2pp2pp/4p3/2P1P3/6PP/PP1P1P2/RNBQRBNK\ w\ -\ -\ 0\ 1 -> result 0-1 checkmate
Game (W:v20 vs B:v19) FEN=knbrqbnr/pp2pp2/2p3pp/3p4/2P5/3PPPP1/PP5P/RNBQRBNK\ w\ -\ -\ 0\ 1 -> result 0-1 checkmate
Game (W:v20 vs B:v19) FEN=rnbqrbnk/3p1p1p/pp2p1p1/2p5/5P2/1P1PP2P/P1P3P1/KNBRQBNR\ w\ -\ -\ 0\ 1 -> result 1-0 checkmate
Game (W:v20 vs B:v19) FEN=knbrqbnr/2p1pp1p/pp4p1/3p4/3P1P2/1P2P1P1/P1P4P/RNBQRBNK\ w\ -\ -\ 0\ 1 -> result 0-1 checkmate
Game (W:v20 vs B:v19) FEN=knbrqbnr/1pp4p/p2pppp1/8/4PP2/2P4P/PP1P2P1/RNBQRBNK\ w\ -\ -\ 0\ 1 -> result 0-1 checkmate
Game (W:v20 vs B:v19) FEN=rnbqrbnk/p5pp/1pp1p3/3p1p2/2P1P3/3P1PP1/PP5P/KNBRQBNR\ w\ -\ -\ 0\ 1 -> result 0-1 checkmate
Game (W:v20 vs B:v19) FEN=rnbqrbnk/pp4pp/2p2p2/3pp3/5P2/3PP1PP/PPP5/KNBRQBNR\ w\ -\ -\ 0\ 1 -> result 1-0 checkmate
Game (W:v20 vs B:v19) FEN=rnbqrbnk/2pp2pp/pp3p2/4p3/2P1P3/3P2PP/PP3P2/KNBRQBNR\ w\ -\ -\ 0\ 1 -> result 0-1 checkmate

=== Match Summary ===
Total games: 100
v19 wins: 55
v20 wins: 23
draws:   22
=== Worker 2 end ===
