=== Worker 2 start ===
Running matches: games_per_side=50, depth=8, max_plies=150, movetime_ms=10, fen_or_book=book, version_a=v1, version_b=v21

Batch 1/2: v1 white vs v21 black, 50 games
Game (W:v1 vs B:v21) FEN=knbrqbnr/2p2ppp/pp6/3pp3/5P2/1PPPP3/P5PP/RNBQRBNK\ w\ -\ -\ 0\ 1 -> result 0-1 checkmate
Game (W:v1 vs B:v21) FEN=rnbqrbnk/pp3pp1/2pp3p/4p3/5P2/2PPP1P1/PP5P/KNBRQBNR\ w\ -\ -\ 0\ 1 -> result 0-1 checkmate
Game (W:v1 vs B:v21) FEN=rnbqrbnk/pp3p2/4p1pp/2pp4/3P4/1P3PP1/P1P1P2P/KNBRQBNR\ w\ -\ -\ 0\ 1 -> result 0-1 checkmate
Game (W:v1 vs B:v21) FEN=rnbqrbnk/p1p2p2/1p1pp1pp/8/3P4/PPP5/4PPPP/KNBRQBNR\ w\ -\ -\ 0\ 1 -> result 0-1 checkmate
Game (W:v1 vs B:v21) FEN=rnbqrbnk/pp4p1/3pp2p/2p2p2/8/1PPPPP2/P5PP/KNBRQBNR\ w\ -\ -\ 0\ 1 -> result 0-1 checkmate
Game (W:v1 vs B:v21) FEN=knbrqbnr/ppp5/3ppppp/8/8/PPPPP3/5PPP/RNBQRBNK\ w\ -\ -\ 0\ 1 -> result 0-1 checkmate
Game (W:v1 vs B:v21) FEN=knbrqbnr/1p4pp/p2ppp2/2p5/8/PP2PPP1/2PP3P/RNBQRBNK\ w\ -\ -\ 0\ 1 -> result 0-1 checkmate
Game (W:v1 vs B:v21) FEN=knbrqbnr/p1p2p1p/1p4p1/3pp3/5P2/2PPP2P/PP4P1/RNBQRBNK\ w\ -\ -\ 0\ 1 -> result 0-1 checkmate
Game (W:v1 vs B:v21) FEN=rnbqrbnk/pp4pp/2p5/3ppp2/3P4/PP2P3/2P2PPP/KNBRQBNR\ w\ -\ -\ 0\ 1 -> result 1-0 checkmate
Game (W:v1 vs B:v21) FEN=knbrqbnr/pp2p3/2pp2pp/5p2/3P1P2/2P1P2P/PP4P1/RNBQRBNK\ w\ -\ -\ 0\ 1 -> result 0-1 checkmate
Game (W:v1 vs B:v21) FEN=rnbqrbnk/p1pp1p2/1p4pp/4p3/8/1P1PPP1P/P1P3P1/KNBRQBNR\ w\ -\ -\ 0\ 1 -> result 0-1 checkmate
Game (W:v1 vs B:v21) FEN=knbrqbnr/1p4pp/p1pp4/4pp2/2P2P2/PP2P3/3P2PP/RNBQRBNK\ w\ -\ -\ 0\ 1 -> result 0-1 checkmate
Game (W:v1 vs B:v21) FEN=rnbqrbnk/p1pp1p2/1p4pp/4p3/8/1P1PPP1P/P1P3P1/KNBRQBNR\ w\ -\ -\ 0\ 1 -> result 0-1 checkmate
Game (W:v1 vs B:v21) FEN=knbrqbnr/1p4pp/p2pp3/2p2p2/4PP2/1PP5/P2P2PP/RNBQRBNK\ w\ -\ -\ 0\ 1 -> result 0-1 checkmate
Game (W:v1 vs B:v21) FEN=rnbqrbnk/p5pp/1p1ppp2/2p5/2PP4/1P4P1/P3PP1P/KNBRQBNR\ w\ -\ -\ 0\ 1 -> result 0-1 checkmate
Game (W:v1 vs B:v21) FEN=rnbqrbnk/1ppp3p/p4pp1/4p3/2P5/P2P1PP1/1P2P2P/KNBRQBNR\ w\ -\ -\ 0\ 1 -> result 0-1 checkmate
Game (W:v1 vs B:v21) FEN=rnbqrbnk/ppp4p/3p2p1/4pp2/8/1PPP2PP/P3PP2/KNBRQBNR\ w\ -\ -\ 0\ 1 -> result 0-1 checkmate
Game (W:v1 vs B:v21) FEN=knbrqbnr/ppp2p2/6pp/3pp3/2P2P2/P2PP3/1P4PP/RNBQRBNK\ w\ -\ -\ 0\ 1 -> result 0-1 checkmate
Game (W:v1 vs B:v21) FEN=rnbqrbnk/pp4p1/2p1p2p/3p1p2/2PP4/P5P1/1P2PP1P/KNBRQBNR\ w\ -\ -\ 0\ 1 -> result 0-1 checkmate
Game (W:v1 vs B:v21) FEN=rnbqrbnk/ppp4p/3p2p1/4pp2/2P5/PP1PP3/5PPP/KNBRQBNR\ w\ -\ -\ 0\ 1 -> result 0-1 checkmate
Game (W:v1 vs B:v21) FEN=knbrqbnr/1pp1p2p/p4pp1/3p4/3P4/1P2PPP1/P1P4P/RNBQRBNK\ w\ -\ -\ 0\ 1 -> result 0-1 checkmate
Game (W:v1 vs B:v21) FEN=rnbqrbnk/1pp4p/p3p1p1/3p1p2/2PP4/1P3P2/P3P1PP/KNBRQBNR\ w\ -\ -\ 0\ 1 -> result 0-1 checkmate
Game (W:v1 vs B:v21) FEN=knbrqbnr/p1p3pp/1p2pp2/3p4/4PP2/6PP/PPPP4/RNBQRBNK\ w\ -\ -\ 0\ 1 -> result 0-1 checkmate
Game (W:v1 vs B:v21) FEN=rnbqrbnk/pp1p2p1/5p1p/2p1p3/4P3/1P1P1P1P/P1P3P1/KNBRQBNR\ w\ -\ -\ 0\ 1 -> result 0-1 checkmate
Game (W:v1 vs B:v21) FEN=knbrqbnr/pp4p1/2pppp1p/8/4P3/1PP3P1/P2P1P1P/RNBQRBNK\ w\ -\ -\ 0\ 1 -> result 0-1 checkmate
Game (W:v1 vs B:v21) FEN=rnbqrbnk/p1p3pp/1p1p4/4pp2/2PP4/PP6/4PPPP/KNBRQBNR\ w\ -\ -\ 0\ 1 -> result 0-1 checkmate
Game (W:v1 vs B:v21) FEN=rnbqrbnk/2p3pp/pp2p3/3p1p2/2P1P3/P2P1P2/1P4PP/KNBRQBNR\ w\ -\ -\ 0\ 1 -> result 0-1 checkmate
Game (W:v1 vs B:v21) FEN=rnbqrbnk/2pp2pp/pp3p2/4p3/2P1P3/P2P1P2/1P4PP/KNBRQBNR\ w\ -\ -\ 0\ 1 -> result 0-1 checkmate
Game (W:v1 vs B:v21) FEN=knbrqbnr/pp2p1p1/5p1p/2pp4/3P1P2/2P1P1P1/PP5P/RNBQRBNK\ w\ -\ -\ 0\ 1 -> result 0-1 checkmate
Game (W:v1 vs B:v21) FEN=knbrqbnr/pp4pp/5p2/2ppp3/2PP4/4P1PP/PP3P2/RNBQRBNK\ w\ -\ c6\ 0\ 1 -> result 0-1 checkmate
Game (W:v1 vs B:v21) FEN=rnbqrbnk/p5pp/1ppppp2/8/8/1PPPPP2/P5PP/KNBRQBNR\ w\ -\ -\ 0\ 1 -> result 0-1 checkmate
Game (W:v1 vs B:v21) FEN=knbrqbnr/pp3p2/3p2pp/2p1p3/2P2P2/PP2P3/3P2PP/RNBQRBNK\ w\ -\ -\ 0\ 1 -> result 0-1 checkmate
Game (W:v1 vs B:v21) FEN=rnbqrbnk/2p3pp/pp1pp3/5p2/2P2P2/PP1P4/4P1PP/KNBRQBNR\ w\ -\ -\ 0\ 1 -> result 0-1 checkmate
Game (W:v1 vs B:v21) FEN=rnbqrbnk/p1pp1p2/1p4pp/4p3/8/1P1PPP1P/P1P3P1/KNBRQBNR\ w\ -\ -\ 0\ 1 -> result 0-1 checkmate
Game (W:v1 vs B:v21) FEN=knbrqbnr/1p4pp/p1pp4/4pp2/2P5/1P1PPP2/P5PP/RNBQRBNK\ w\ -\ -\ 0\ 1 -> result 0-1 checkmate
Game (W:v1 vs B:v21) FEN=rnbqrbnk/pp4pp/2pp4/4pp2/8/2PP1PPP/PP2P3/KNBRQBNR\ w\ -\ -\ 0\ 1 -> result 0-1 checkmate
Game (W:v1 vs B:v21) FEN=rnbqrbnk/2pp2pp/pp6/4pp2/5P2/PPPP4/4P1PP/KNBRQBNR\ w\ -\ -\ 0\ 1 -> result 0-1 checkmate
Game (W:v1 vs B:v21) FEN=rnbqrbnk/1p1p2pp/p4p2/2p1p3/4P3/2PP1PP1/PP5P/KNBRQBNR\ w\ -\ -\ 0\ 1 -> result 0-1 checkmate
Game (W:v1 vs B:v21) FEN=rnbqrbnk/p4ppp/1ppp4/4p3/2P5/3P1PPP/PP2P3/KNBRQBNR\ w\ -\ -\ 0\ 1 -> result 0-1 checkmate
Game (W:v1 vs B:v21) FEN=knbrqbnr/pp2pp2/6pp/2pp4/4PP2/1P1P4/P1P3PP/RNBQRBNK\ w\ -\ -\ 0\ 1 -> result 0-1 checkmate
Game (W:v1 vs B:v21) FEN=knbrqbnr/1pp1p2p/p5p1/3p1p2/4P3/P4PP1/1PPP3P/RNBQRBNK\ w\ -\ -\ 0\ 1 -> result 0-1 checkmate
Game (W:v1 vs B:v21) FEN=knbrqbnr/pp3p1p/6p1/2ppp3/2P5/1P2P1PP/P2P1P2/RNBQRBNK\ w\ -\ c6\ 0\ 1 -> result 0-1 checkmate
Game (W:v1 vs B:v21) FEN=knbrqbnr/1p4pp/p2p1p2/2p1p3/8/1P1PP1PP/P1P2P2/RNBQRBNK\ w\ -\ -\ 0\ 1 -> result 0-1 checkmate
Game (W:v1 vs B:v21) FEN=rnbqrbnk/p1p3p1/1p2pp1p/3p4/2P5/3PPP1P/PP4P1/KNBRQBNR\ w\ -\ -\ 0\ 1 -> result 0-1 checkmate
Game (W:v1 vs B:v21) FEN=knbrqbnr/pp2p3/3p2pp/2p2p2/4PP2/P2P4/1PP3PP/RNBQRBNK\ w\ -\ -\ 0\ 1 -> result 0-1 checkmate
Game (W:v1 vs B:v21) FEN=rnbqrbnk/3p1p1p/pp2p1p1/2p5/8/1P1PPP1P/P1P3P1/KNBRQBNR\ w\ -\ -\ 0\ 1 -> result 0-1 checkmate
Game (W:v1 vs B:v21) FEN=knbrqbnr/ppp1p3/6pp/3p1p2/8/PPPPP3/5PPP/RNBQRBNK\ w\ -\ -\ 0\ 1 -> result 0-1 checkmate
Game (W:v1 vs B:v21) FEN=rnbqrbnk/p1p2p2/1p2p1pp/3p4/2P5/P2PP1P1/1P3P1P/KNBRQBNR\ w\ -\ -\ 0\ 1 -> result 0-1 checkmate
Game (W:v1 vs B:v21) FEN=rnbqrbnk/pp4pp/3p1p2/2p1p3/5P2/2PPP1P1/PP5P/KNBRQBNR\ w\ -\ c6\ 0\ 1 -> result 0-1 checkmate
Game (W:v1 vs B:v21) FEN=knbrqbnr/ppp2p2/4p1pp/3p4/5P2/P1PPP3/1P4PP/RNBQRBNK\ w\ -\ -\ 0\ 1 -> result 0-1 checkmate
Batch 2/2: v21 white vs v1 black, 50 games
Game (W:v21 vs B:v1) FEN=rnbqrbnk/ppp4p/3p2p1/4pp2/2PPP3/1P6/P4PPP/KNBRQBNR\ w\ -\ -\ 0\ 1 -> result 1-0 checkmate
Game (W:v21 vs B:v1) FEN=knbrqbnr/1p3p1p/p2p2p1/2p1p3/2P5/1P1PP1P1/P4P1P/RNBQRBNK\ w\ -\ -\ 0\ 1 -> result 1-0 checkmate
Game (W:v21 vs B:v1) FEN=rnbqrbnk/pp5p/4ppp1/2pp4/3P4/PP3P2/2P1P1PP/KNBRQBNR\ w\ -\ c6\ 0\ 1 -> result 1-0 checkmate
Game (W:v21 vs B:v1) FEN=rnbqrbnk/2p3pp/pp1ppp2/8/5P2/PP1P2P1/2P1P2P/KNBRQBNR\ w\ -\ -\ 0\ 1 -> result 1-0 checkmate
Game (W:v21 vs B:v1) FEN=knbrqbnr/pp3p2/2pp2pp/4p3/2P1P3/6PP/PP1P1P2/RNBQRBNK\ w\ -\ -\ 0\ 1 -> result 1-0 checkmate
Game (W:v21 vs B:v1) FEN=rnbqrbnk/pp4pp/2p5/3ppp2/2PP4/1P5P/P3PPP1/KNBRQBNR\ w\ -\ -\ 0\ 1 -> result 1-0 checkmate
Game (W:v21 vs B:v1) FEN=rnbqrbnk/p2p2p1/1p2p2p/2p2p2/3PP3/P5P1/1PP2P1P/KNBRQBNR\ w\ -\ -\ 0\ 1 -> result 1-0 checkmate
Game (W:v21 vs B:v1) FEN=rnbqrbnk/2p3pp/pp2pp2/3p4/4PP2/1P1P3P/P1P3P1/KNBRQBNR\ w\ -\ -\ 0\ 1 -> result 1-0 checkmate
Game (W:v21 vs B:v1) FEN=rnbqrbnk/p1p4p/1p1pppp1/8/2P1P3/PP1P4/5PPP/KNBRQBNR\ w\ -\ -\ 0\ 1 -> result 1-0 checkmate
Game (W:v21 vs B:v1) FEN=rnbqrbnk/pp4pp/2pp4/4pp2/8/2PP1PPP/PP2P3/KNBRQBNR\ w\ -\ -\ 0\ 1 -> result 1-0 checkmate
Game (W:v21 vs B:v1) FEN=rnbqrbnk/p5pp/1pppp3/5p2/2PP4/1P2P3/P4PPP/KNBRQBNR\ w\ -\ -\ 0\ 1 -> result 1-0 checkmate
Game (W:v21 vs B:v1) FEN=rnbqrbnk/1p4pp/p2ppp2/2p5/8/1PPPPP2/P5PP/KNBRQBNR\ w\ -\ -\ 0\ 1 -> result 1-0 checkmate
Game (W:v21 vs B:v1) FEN=knbrqbnr/p1p2p2/1p1pp1pp/8/5P2/P2PP1P1/1PP4P/RNBQRBNK\ w\ -\ -\ 0\ 1 -> result 1-0 checkmate
Game (W:v21 vs B:v1) FEN=knbrqbnr/1p3p1p/p2pp1p1/2p5/4PP2/P5P1/1PPP3P/RNBQRBNK\ w\ -\ -\ 0\ 1 -> result 1/2-1/2 max-plies
Game (W:v21 vs B:v1) FEN=rnbqrbnk/p5pp/1p2p3/2pp1p2/2P1P3/3P1P1P/PP4P1/KNBRQBNR\ w\ -\ -\ 0\ 1 -> result 1-0 checkmate
Game (W:v21 vs B:v1) FEN=rnbqrbnk/1p4pp/p1pppp2/8/3P4/1P2P2P/P1P2PP1/KNBRQBNR\ w\ -\ -\ 0\ 1 -> result 1-0 checkmate
Game (W:v21 vs B:v1) FEN=rnbqrbnk/ppp4p/3p2p1/4pp2/2P5/PP1PP3/5PPP/KNBRQBNR\ w\ -\ -\ 0\ 1 -> result 1-0 checkmate
Game (W:v21 vs B:v1) FEN=rnbqrbnk/1p3p1p/p3p1p1/2pp4/5P2/1P1PP1P1/P1P4P/KNBRQBNR\ w\ -\ -\ 0\ 1 -> result 1-0 checkmate
Game (W:v21 vs B:v1) FEN=knbrqbnr/p3p1p1/1ppp1p1p/8/8/PP1PP1P1/2P2P1P/RNBQRBNK\ w\ -\ -\ 0\ 1 -> result 1-0 checkmate
Game (W:v21 vs B:v1) FEN=knbrqbnr/pp2p1p1/5p1p/2pp4/4P3/1P4PP/P1PP1P2/RNBQRBNK\ w\ -\ -\ 0\ 1 -> result 1-0 checkmate
Game (W:v21 vs B:v1) FEN=knbrqbnr/p5pp/1ppp1p2/4p3/8/1PP1PPP1/P2P3P/RNBQRBNK\ w\ -\ -\ 0\ 1 -> result 1-0 checkmate
Game (W:v21 vs B:v1) FEN=knbrqbnr/ppp4p/4ppp1/3p4/4P3/1P1P1P2/P1P3PP/RNBQRBNK\ w\ -\ -\ 0\ 1 -> result 1-0 checkmate
Game (W:v21 vs B:v1) FEN=knbrqbnr/pp4p1/2ppp2p/5p2/2P5/1P1PP2P/P4PP1/RNBQRBNK\ w\ -\ -\ 0\ 1 -> result 1-0 checkmate
Game (W:v21 vs B:v1) FEN=rnbqrbnk/p1p2pp1/1p1p3p/4p3/4P3/P1PP1P2/1P4PP/KNBRQBNR\ w\ -\ -\ 0\ 1 -> result 1-0 checkmate
Game (W:v21 vs B:v1) FEN=rnbqrbnk/1p3ppp/p1p5/3pp3/2PP4/5P1P/PP2P1P1/KNBRQBNR\ w\ -\ -\ 0\ 1 -> result 1-0 checkmate
Game (W:v21 vs B:v1) FEN=rnbqrbnk/ppp3p1/3p1p1p/4p3/2PP1P2/1P6/P3P1PP/KNBRQBNR\ w\ -\ -\ 0\ 1 -> result 1-0 checkmate
Game (W:v21 vs B:v1) FEN=knbrqbnr/pp5p/3pp1p1/2p2p2/2P1P3/P4P2/1P1P2PP/RNBQRBNK\ w\ -\ c6\ 0\ 1 -> result 1-0 checkmate
Game (W:v21 vs B:v1) FEN=knbrqbnr/pp4pp/5p2/2ppp3/2PP4/4P1PP/PP3P2/RNBQRBNK\ w\ -\ c6\ 0\ 1 -> result 1-0 checkmate
Game (W:v21 vs B:v1) FEN=knbrqbnr/pp3p2/3p2pp/2p1p3/2P2P2/PP2P3/3P2PP/RNBQRBNK\ w\ -\ -\ 0\ 1 -> result 1-0 checkmate
Game (W:v21 vs B:v1) FEN=knbrqbnr/pp2p2p/2p2pp1/3p4/4PP2/6PP/PPPP4/RNBQRBNK\ w\ -\ -\ 0\ 1 -> result 1-0 checkmate
Game (W:v21 vs B:v1) FEN=knbrqbnr/ppp4p/4ppp1/3p4/4P3/1P3PP1/P1PP3P/RNBQRBNK\ w\ -\ -\ 0\ 1 -> result 1-0 checkmate
Game (W:v21 vs B:v1) FEN=knbrqbnr/pp3p1p/4p1p1/2pp4/5P2/1PP1P1P1/P2P3P/RNBQRBNK\ w\ -\ c6\ 0\ 1 -> result 1-0 checkmate
Game (W:v21 vs B:v1) FEN=knbrqbnr/pp2pp2/6pp/2pp4/8/1PP1PPP1/P2P3P/RNBQRBNK\ w\ -\ -\ 0\ 1 -> result 1-0 checkmate
Game (W:v21 vs B:v1) FEN=rnbqrbnk/p4ppp/1p6/2ppp3/4P3/1PPP1P2/P5PP/KNBRQBNR\ w\ -\ -\ 0\ 1 -> result 1-0 checkmate
Game (W:v21 vs B:v1) FEN=knbrqbnr/p1p3pp/1p2p3/3p1p2/2PP1P2/4P1P1/PP5P/RNBQRBNK\ w\ -\ -\ 0\ 1 -> result 1-0 checkmate
Game (W:v21 vs B:v1) FEN=knbrqbnr/1p4pp/p2p4/2p1pp2/8/PPP1PP2/3P2PP/RNBQRBNK\ w\ -\ -\ 0\ 1 -> result 1-0 checkmate
Game (W:v21 vs B:v1) FEN=rnbqrbnk/pp1p2p1/2p4p/4pp2/2P5/PP1PP3/5PPP/KNBRQBNR\ w\ -\ -\ 0\ 1 -> result 1-0 checkmate
Game (W:v21 vs B:v1) FEN=rnbqrbnk/2p2ppp/pp1p4/4p3/4P3/PP1P1P2/2P3PP/KNBRQBNR\ w\ -\ -\ 0\ 1 -> result 1-0 checkmate
Game (W:v21 vs B:v1) FEN=knbrqbnr/1pp2p1p/p3p1p1/3p4/2P2P2/1P2P1P1/P2P3P/RNBQRBNK\ w\ -\ -\ 0\ 1 -> result 1-0 checkmate
Game (W:v21 vs B:v1) FEN=knbrqbnr/p3p1p1/1ppp3p/5p2/5P2/P2PP1P1/1PP4P/RNBQRBNK\ w\ -\ -\ 0\ 1 -> result 1-0 checkmate
Game (W:v21 vs B:v1) FEN=knbrqbnr/pp4p1/3ppp1p/2p5/4PP2/1P1P4/P1P3PP/RNBQRBNK\ w\ -\ -\ 0\ 1 -> result 1-0 checkmate
Game (W:v21 vs B:v1) FEN=knbrqbnr/1pp4p/p2pp1p1/5p2/2P5/1P2PP1P/P2P2P1/RNBQRBNK\ w\ -\ -\ 0\ 1 -> result 1-0 checkmate
Game (W:v21 vs B:v1) FEN=rnbqrbnk/p4ppp/1ppp4/4p3/2P1P3/P2P1P2/1P4PP/KNBRQBNR\ w\ -\ -\ 0\ 1 -> result 1-0 checkmate
Game (W:v21 vs B:v1) FEN=rnbqrbnk/ppp5/4p1pp/3p1p2/3P4/PPP5/4PPPP/KNBRQBNR\ w\ -\ -\ 0\ 1 -> result 1-0 checkmate
Game (W:v21 vs B:v1) FEN=rnbqrbnk/pp3p1p/3p2p1/2p1p3/8/2PP1PPP/PP2P3/KNBRQBNR\ w\ -\ c6\ 0\ 1 -> result 1-0 checkmate
Game (W:v21 vs B:v1) FEN=rnbqrbnk/p4p1p/1p2p1p1/2pp4/3P4/1P2P2P/P1P2PP1/KNBRQBNR\ w\ -\ -\ 0\ 1 -> result 1-0 checkmate
Game (W:v21 vs B:v1) FEN=rnbqrbnk/3p2pp/pp2p3/2p2p2/2P1PP2/1P1P4/P5PP/KNBRQBNR\ w\ -\ -\ 0\ 1 -> result 1-0 checkmate
Game (W:v21 vs B:v1) FEN=rnbqrbnk/5ppp/pp2p3/2pp4/3PP3/2P2P2/PP4PP/KNBRQBNR\ w\ -\ -\ 0\ 1 -> result 1-0 checkmate
Game (W:v21 vs B:v1) FEN=rnbqrbnk/pp4pp/3p1p2/2p1p3/5P2/2PPP2P/PP4P1/KNBRQBNR\ w\ -\ c6\ 0\ 1 -> result 1-0 checkmate
Game (W:v21 vs B:v1) FEN=rnbqrbnk/5ppp/pp2p3/2pp4/3PP3/2P2P2/PP4PP/KNBRQBNR\ w\ -\ -\ 0\ 1 -> result 1-0 checkmate

=== Match Summary ===
Total games: 100
v1 wins: 1
v21 wins: 98
draws:   1
=== Worker 2 end ===
