=== Worker 5 start ===
Running matches: games_per_side=25, depth=8, max_plies=150, movetime_ms=40, fen_or_book=book, version_a=v5, version_b=v7

Game (W:v5 vs B:v7) FEN='knbrqbnr/p1p3pp/1p3p2/3pp3/2P5/P3PPP1/1P1P3P/RNBQRBNK w - - 0 1' -> result 1/2-1/2 max-plies
Game (W:v5 vs B:v7) FEN='rnbqrbnk/p1p2pp1/1p5p/3pp3/3P4/1PP1P3/P4PPP/KNBRQBNR w - - 0 1' -> result 1/2-1/2 max-plies
Game (W:v5 vs B:v7) FEN='knbrqbnr/pp4pp/2p1p3/3p1p2/5P2/PPP1P3/3P2PP/RNBQRBNK w - - 0 1' -> result 1/2-1/2 max-plies
Game (W:v5 vs B:v7) FEN='rnbqrbnk/1p1p3p/p3ppp1/2p5/8/P1PP1PP1/1P2P2P/KNBRQBNR w - - 0 1' -> result 1/2-1/2 max-plies
Game (W:v5 vs B:v7) FEN='knbrqbnr/pp2p1p1/2p2p1p/3p4/3P4/P3PPP1/1PP4P/RNBQRBNK w - - 0 1' -> result 1/2-1/2 max-plies
Game (W:v5 vs B:v7) FEN='knbrqbnr/pp3p1p/2p1p1p1/3p4/2P1P3/5PP1/PP1P3P/RNBQRBNK w - - 0 1' -> result 1/2-1/2 max-plies
Game (W:v5 vs B:v7) FEN='rnbqrbnk/5ppp/pp1pp3/2p5/5P2/3PP1PP/PPP5/KNBRQBNR w - - 0 1' -> result 1/2-1/2 max-plies
Game (W:v5 vs B:v7) FEN='rnbqrbnk/1p3p1p/p1p1p1p1/3p4/2P5/P2PPP2/1P4PP/KNBRQBNR w - - 0 1' -> result 0-1 checkmate
Game (W:v5 vs B:v7) FEN='knbrqbnr/p4pp1/1pppp2p/8/4PP2/1P4P1/P1PP3P/RNBQRBNK w - - 0 1' -> result 1-0 checkmate
Game (W:v5 vs B:v7) FEN='rnbqrbnk/p4ppp/1ppp4/4p3/2P1P3/P2P1P2/1P4PP/KNBRQBNR w - - 0 1' -> result 1/2-1/2 max-plies
Game (W:v5 vs B:v7) FEN='rnbqrbnk/p5pp/1p1ppp2/2p5/5P2/3PP1PP/PPP5/KNBRQBNR w - - 0 1' -> result 1/2-1/2 max-plies
Game (W:v5 vs B:v7) FEN='rnbqrbnk/p5pp/1p2p3/2pp1p2/2P5/3PP1PP/PP3P2/KNBRQBNR w - - 0 1' -> result 1/2-1/2 max-plies
Game (W:v5 vs B:v7) FEN='rnbqrbnk/1p4pp/p1p1p3/3p1p2/3P4/2P1P1P1/PP3P1P/KNBRQBNR w - - 0 1' -> result 1/2-1/2 max-plies
Game (W:v5 vs B:v7) FEN='rnbqrbnk/pp4pp/3p1p2/2p1p3/5P2/2PPP2P/PP4P1/KNBRQBNR w - c6 0 1' -> result 1/2-1/2 max-plies
Game (W:v5 vs B:v7) FEN='rnbqrbnk/p5pp/1p2p3/2pp1p2/2PP4/4P1P1/PP3P1P/KNBRQBNR w - - 0 1' -> result 1/2-1/2 max-plies
Game (W:v5 vs B:v7) FEN='knbrqbnr/pp2pp2/2p3pp/3p4/2P5/3PP1PP/PP3P2/RNBQRBNK w - - 0 1' -> result 0-1 checkmate
Game (W:v5 vs B:v7) FEN='knbrqbnr/p1p3p1/1p1pp2p/5p2/5P2/1PP1P2P/P2P2P1/RNBQRBNK w - - 0 1' -> result 1/2-1/2 max-plies
Game (W:v5 vs B:v7) FEN='knbrqbnr/p5pp/1p1pp3/2p2p2/2P5/1P2PP1P/P2P2P1/RNBQRBNK w - - 0 1' -> result 0-1 checkmate
Game (W:v5 vs B:v7) FEN='rnbqrbnk/pp4pp/2pp4/4pp2/8/2PP1PPP/PP2P3/KNBRQBNR w - - 0 1' -> result 1/2-1/2 max-plies
Game (W:v5 vs B:v7) FEN='knbrqbnr/pp3pp1/7p/2ppp3/3PP3/6PP/PPP2P2/RNBQRBNK w - - 0 1' -> result 1/2-1/2 max-plies
Game (W:v5 vs B:v7) FEN='knbrqbnr/pp3p2/2ppp1pp/8/8/PP1PPP2/2P3PP/RNBQRBNK w - - 0 1' -> result 1/2-1/2 max-plies
Game (W:v5 vs B:v7) FEN='knbrqbnr/pp4p1/2pppp1p/8/3P4/2P1P1PP/PP3P2/RNBQRBNK w - - 0 1' -> result 1/2-1/2 max-plies
Game (W:v5 vs B:v7) FEN='rnbqrbnk/3p1p1p/ppp1p1p1/8/2P5/1P1P1PP1/P3P2P/KNBRQBNR w - - 0 1' -> result 1/2-1/2 max-plies
Game (W:v5 vs B:v7) FEN='rnbqrbnk/p4p1p/1p1pp1p1/2p5/2P5/3P1PPP/PP2P3/KNBRQBNR w - - 0 1' -> result 0-1 checkmate
Game (W:v5 vs B:v7) FEN='knbrqbnr/p4p1p/1p1p2p1/2p1p3/5P2/1P1PP1P1/P1P4P/RNBQRBNK w - - 0 1' -> result 1/2-1/2 max-plies
/Users/alanxie/Projects/Chess Engine/scripts/run_matches.sh: line 127: 5: command not found
