=== Worker 3 start ===
Running matches: games_per_side=50, depth=8, max_plies=150, movetime_ms=10, fen_or_book=book, version_a=v29, version_b=v30

Batch 1/2: v29 white vs v30 black, 50 games
Game (W:v29 vs B:v30) FEN=rnbqrbnk/p5pp/1pp1p3/3p1p2/2P1P3/3P1PP1/PP5P/KNBRQBNR\ w\ -\ -\ 0\ 1 -> result 1-0 checkmate
Game (W:v29 vs B:v30) FEN=rnbqrbnk/pp1p3p/2p3p1/4pp2/2P5/PP1PP3/5PPP/KNBRQBNR\ w\ -\ -\ 0\ 1 -> result 1-0 checkmate
Game (W:v29 vs B:v30) FEN=rnbqrbnk/p4pp1/1pp1p2p/3p4/2P2P2/3P2PP/PP2P3/KNBRQBNR\ w\ -\ -\ 0\ 1 -> result 0-1 checkmate
Game (W:v29 vs B:v30) FEN=rnbqrbnk/pp4p1/2p1p2p/3p1p2/2PP4/P5P1/1P2PP1P/KNBRQBNR\ w\ -\ -\ 0\ 1 -> result 1/2-1/2 max-plies
Game (W:v29 vs B:v30) FEN=rnbqrbnk/pp1p4/2p1p1pp/5p2/8/PPPP2P1/4PP1P/KNBRQBNR\ w\ -\ -\ 0\ 1 -> result 1-0 checkmate
Game (W:v29 vs B:v30) FEN=rnbqrbnk/3p2pp/pp2pp2/2p5/2P1P3/3P1P1P/PP4P1/KNBRQBNR\ w\ -\ -\ 0\ 1 -> result 1/2-1/2 max-plies
Game (W:v29 vs B:v30) FEN=knbrqbnr/pp4p1/2ppp2p/5p2/2P1PP2/7P/PP1P2P1/RNBQRBNK\ w\ -\ -\ 0\ 1 -> result 0-1 checkmate
Game (W:v29 vs B:v30) FEN=rnbqrbnk/pp4p1/3pp2p/2p2p2/8/1PPPPP2/P5PP/KNBRQBNR\ w\ -\ -\ 0\ 1 -> result 1-0 checkmate
Game (W:v29 vs B:v30) FEN=knbrqbnr/1p4pp/p1pppp2/8/8/1PPPP1P1/P4P1P/RNBQRBNK\ w\ -\ -\ 0\ 1 -> result 1-0 checkmate
Game (W:v29 vs B:v30) FEN=rnbqrbnk/3p2pp/pp2p3/2p2p2/2P1PP2/1P1P4/P5PP/KNBRQBNR\ w\ -\ -\ 0\ 1 -> result 1-0 checkmate
Game (W:v29 vs B:v30) FEN=rnbqrbnk/p5pp/1p1ppp2/2p5/3P1P2/1P4P1/P1P1P2P/KNBRQBNR\ w\ -\ -\ 0\ 1 -> result 1-0 checkmate
Game (W:v29 vs B:v30) FEN=knbrqbnr/1p3ppp/p3p3/2pp4/3P4/1P2P1PP/P1P2P2/RNBQRBNK\ w\ -\ -\ 0\ 1 -> result 0-1 checkmate
Game (W:v29 vs B:v30) FEN=rnbqrbnk/1pp2p1p/p5p1/3pp3/5P2/1P1PP1P1/P1P4P/KNBRQBNR\ w\ -\ -\ 0\ 1 -> result 1-0 checkmate
Game (W:v29 vs B:v30) FEN=knbrqbnr/p4pp1/1pppp2p/8/5P2/P1P1P1P1/1P1P3P/RNBQRBNK\ w\ -\ -\ 0\ 1 -> result 0-1 checkmate
Game (W:v29 vs B:v30) FEN=knbrqbnr/2p2p1p/pp1p2p1/4p3/4PP2/2P3P1/PP1P3P/RNBQRBNK\ w\ -\ -\ 0\ 1 -> result 1-0 checkmate
Game (W:v29 vs B:v30) FEN=rnbqrbnk/1p1p2pp/p1p5/4pp2/3P4/1PP1P3/P4PPP/KNBRQBNR\ w\ -\ -\ 0\ 1 -> result 1/2-1/2 max-plies
Game (W:v29 vs B:v30) FEN=rnbqrbnk/1p3ppp/p1p5/3pp3/4P3/2PP2PP/PP3P2/KNBRQBNR\ w\ -\ -\ 0\ 1 -> result 0-1 checkmate
Game (W:v29 vs B:v30) FEN=knbrqbnr/pp4p1/2pppp1p/8/3PP3/P5P1/1PP2P1P/RNBQRBNK\ w\ -\ -\ 0\ 1 -> result 1/2-1/2 max-plies
Game (W:v29 vs B:v30) FEN=rnbqrbnk/1p3p1p/p3p1p1/2pp4/5P2/1P1PP1P1/P1P4P/KNBRQBNR\ w\ -\ -\ 0\ 1 -> result 0-1 checkmate
Game (W:v29 vs B:v30) FEN=rnbqrbnk/pp3pp1/2pp3p/4p3/5P2/2PPP1P1/PP5P/KNBRQBNR\ w\ -\ -\ 0\ 1 -> result 1-0 checkmate
Game (W:v29 vs B:v30) FEN=knbrqbnr/ppp4p/4ppp1/3p4/4P3/1P1P1P2/P1P3PP/RNBQRBNK\ w\ -\ -\ 0\ 1 -> result 1-0 checkmate
Game (W:v29 vs B:v30) FEN=knbrqbnr/1p2p1pp/p4p2/2pp4/8/2PPPP1P/PP4P1/RNBQRBNK\ w\ -\ -\ 0\ 1 -> result 1-0 checkmate
Game (W:v29 vs B:v30) FEN=rnbqrbnk/2pp2pp/pp6/4pp2/8/PP1P1PP1/2P1P2P/KNBRQBNR\ w\ -\ -\ 0\ 1 -> result 0-1 checkmate
Game (W:v29 vs B:v30) FEN=rnbqrbnk/p4pp1/1pp1p2p/3p4/3P4/1P2P2P/P1P2PP1/KNBRQBNR\ w\ -\ -\ 0\ 1 -> result 1/2-1/2 max-plies
Game (W:v29 vs B:v30) FEN=rnbqrbnk/p5pp/1p1pp3/2p2p2/4P3/1PPP3P/P4PP1/KNBRQBNR\ w\ -\ -\ 0\ 1 -> result 0-1 checkmate
Game (W:v29 vs B:v30) FEN=rnbqrbnk/pp4p1/4pp1p/2pp4/2PP4/4P1P1/PP3P1P/KNBRQBNR\ w\ -\ -\ 0\ 1 -> result 1-0 checkmate
Game (W:v29 vs B:v30) FEN=knbrqbnr/ppp4p/4ppp1/3p4/4P3/1P1P2P1/P1P2P1P/RNBQRBNK\ w\ -\ -\ 0\ 1 -> result 1-0 checkmate
Game (W:v29 vs B:v30) FEN=rnbqrbnk/2p3pp/pp1pp3/5p2/2P2P2/PP1P4/4P1PP/KNBRQBNR\ w\ -\ -\ 0\ 1 -> result 1-0 checkmate
Game (W:v29 vs B:v30) FEN=rnbqrbnk/pp4p1/3ppp1p/2p5/3P4/1P4PP/P1P1PP2/KNBRQBNR\ w\ -\ -\ 0\ 1 -> result 0-1 checkmate
Game (W:v29 vs B:v30) FEN=rnbqrbnk/1pp4p/p2pppp1/8/8/1PPP2PP/P3PP2/KNBRQBNR\ w\ -\ -\ 0\ 1 -> result 0-1 checkmate
Game (W:v29 vs B:v30) FEN=knbrqbnr/1p2pp1p/p1p3p1/3p4/8/1PP1PPP1/P2P3P/RNBQRBNK\ w\ -\ -\ 0\ 1 -> result 0-1 checkmate
Game (W:v29 vs B:v30) FEN=rnbqrbnk/p2p2p1/1pp1pp1p/8/8/PPPP1P2/4P1PP/KNBRQBNR\ w\ -\ -\ 0\ 1 -> result 1-0 checkmate
Game (W:v29 vs B:v30) FEN=knbrqbnr/pp4p1/3p3p/2p1pp2/2P5/P2PPP2/1P4PP/RNBQRBNK\ w\ -\ -\ 0\ 1 -> result 1-0 checkmate
Game (W:v29 vs B:v30) FEN=knbrqbnr/1p4pp/p1pp4/4pp2/3PP3/P5P1/1PP2P1P/RNBQRBNK\ w\ -\ -\ 0\ 1 -> result 1/2-1/2 max-plies
Game (W:v29 vs B:v30) FEN=knbrqbnr/1p2p2p/p1pp1pp1/8/8/1PP1PP1P/P2P2P1/RNBQRBNK\ w\ -\ -\ 0\ 1 -> result 1-0 checkmate
Game (W:v29 vs B:v30) FEN=rnbqrbnk/p1p3p1/1p2pp1p/3p4/2P5/3PPP1P/PP4P1/KNBRQBNR\ w\ -\ -\ 0\ 1 -> result 1-0 checkmate
Game (W:v29 vs B:v30) FEN=knbrqbnr/2p1p2p/pp1p1pp1/8/5P2/3PP1PP/PPP5/RNBQRBNK\ w\ -\ -\ 0\ 1 -> result 1-0 checkmate
Game (W:v29 vs B:v30) FEN=rnbqrbnk/p1pp3p/1p3pp1/4p3/2P5/1P1PPP2/P5PP/KNBRQBNR\ w\ -\ -\ 0\ 1 -> result 0-1 checkmate
Game (W:v29 vs B:v30) FEN=rnbqrbnk/3p2pp/pp2p3/2p2p2/2P1PP2/1P1P4/P5PP/KNBRQBNR\ w\ -\ -\ 0\ 1 -> result 1-0 checkmate
Game (W:v29 vs B:v30) FEN=knbrqbnr/p4p1p/1p1p2p1/2p1p3/3P1P2/2P1P1P1/PP5P/RNBQRBNK\ w\ -\ -\ 0\ 1 -> result 1-0 checkmate
Game (W:v29 vs B:v30) FEN=rnbqrbnk/1pp3pp/p2p1p2/4p3/2PP4/P3P3/1P3PPP/KNBRQBNR\ w\ -\ -\ 0\ 1 -> result 1-0 checkmate
Game (W:v29 vs B:v30) FEN=knbrqbnr/pp3p1p/2p1p1p1/3p4/3PPP2/6P1/PPP4P/RNBQRBNK\ w\ -\ -\ 0\ 1 -> result 1/2-1/2 max-plies
Game (W:v29 vs B:v30) FEN=rnbqrbnk/ppp3p1/5p1p/3pp3/3P1P2/1PP5/P3P1PP/KNBRQBNR\ w\ -\ -\ 0\ 1 -> result 0-1 checkmate
Game (W:v29 vs B:v30) FEN=rnbqrbnk/pp4pp/2p5/3ppp2/2PP4/5P1P/PP2P1P1/KNBRQBNR\ w\ -\ -\ 0\ 1 -> result 1/2-1/2 max-plies
Game (W:v29 vs B:v30) FEN=knbrqbnr/p5pp/1p1pp3/2p2p2/2P5/1P2PP1P/P2P2P1/RNBQRBNK\ w\ -\ -\ 0\ 1 -> result 1-0 checkmate
Game (W:v29 vs B:v30) FEN=knbrqbnr/1p2p2p/p1pp1pp1/8/8/PP2PPP1/2PP3P/RNBQRBNK\ w\ -\ -\ 0\ 1 -> result 1/2-1/2 threefold-repetition
Game (W:v29 vs B:v30) FEN=rnbqrbnk/p2p2p1/1pp1p2p/5p2/8/PP1PP1P1/2P2P1P/KNBRQBNR\ w\ -\ -\ 0\ 1 -> result 1/2-1/2 threefold-repetition
Game (W:v29 vs B:v30) FEN=knbrqbnr/pp2p2p/2p2pp1/3p4/3P1P2/1PP1P3/P5PP/RNBQRBNK\ w\ -\ -\ 0\ 1 -> result 1/2-1/2 threefold-repetition
Game (W:v29 vs B:v30) FEN=rnbqrbnk/p2p2p1/1pp1pp1p/8/8/1PPPP2P/P4PP1/KNBRQBNR\ w\ -\ -\ 0\ 1 -> result 1-0 checkmate
Game (W:v29 vs B:v30) FEN=knbrqbnr/p1p2p2/1p1p2pp/4p3/2P1PP2/6P1/PP1P3P/RNBQRBNK\ w\ -\ -\ 0\ 1 -> result 0-1 checkmate
Batch 2/2: v30 white vs v29 black, 50 games
Game (W:v30 vs B:v29) FEN=rnbqrbnk/pp3pp1/2pp3p/4p3/5P2/2PPP1P1/PP5P/KNBRQBNR\ w\ -\ -\ 0\ 1 -> result 0-1 checkmate
Game (W:v30 vs B:v29) FEN=rnbqrbnk/3p1p1p/pp2p1p1/2p5/8/1P1PPP1P/P1P3P1/KNBRQBNR\ w\ -\ -\ 0\ 1 -> result 0-1 checkmate
Game (W:v30 vs B:v29) FEN=rnbqrbnk/p1p4p/1p1pp1p1/5p2/8/PPPP2P1/4PP1P/KNBRQBNR\ w\ -\ -\ 0\ 1 -> result 1-0 checkmate
Game (W:v30 vs B:v29) FEN=knbrqbnr/1pp3pp/p3pp2/3p4/2P2P2/1P2P2P/P2P2P1/RNBQRBNK\ w\ -\ -\ 0\ 1 -> result 1/2-1/2 max-plies
Game (W:v30 vs B:v29) FEN=knbrqbnr/p5pp/1ppp1p2/4p3/2P5/1P1PP1P1/P4P1P/RNBQRBNK\ w\ -\ -\ 0\ 1 -> result 0-1 checkmate
Game (W:v30 vs B:v29) FEN=knbrqbnr/p1p3p1/1p1p3p/4pp2/4PP2/3P3P/PPP3P1/RNBQRBNK\ w\ -\ -\ 0\ 1 -> result 1-0 checkmate
Game (W:v30 vs B:v29) FEN=knbrqbnr/p1p2p2/1p1p2pp/4p3/4PP2/3P3P/PPP3P1/RNBQRBNK\ w\ -\ -\ 0\ 1 -> result 1-0 checkmate
Game (W:v30 vs B:v29) FEN=knbrqbnr/2p3pp/pp1p1p2/4p3/8/1P1PPPP1/P1P4P/RNBQRBNK\ w\ -\ -\ 0\ 1 -> result 1/2-1/2 max-plies
Game (W:v30 vs B:v29) FEN=knbrqbnr/p1p2p2/1p1pp1pp/8/3P4/4PPPP/PPP5/RNBQRBNK\ w\ -\ -\ 0\ 1 -> result 0-1 checkmate
Game (W:v30 vs B:v29) FEN=knbrqbnr/pp3pp1/2p1p2p/3p4/4PP2/1P4P1/P1PP3P/RNBQRBNK\ w\ -\ -\ 0\ 1 -> result 0-1 checkmate
Game (W:v30 vs B:v29) FEN=rnbqrbnk/ppp3p1/3p1p1p/4p3/2PP4/1P5P/P3PPP1/KNBRQBNR\ w\ -\ -\ 0\ 1 -> result 1/2-1/2 max-plies
Game (W:v30 vs B:v29) FEN=knbrqbnr/pp3p2/2pp2pp/4p3/3P4/2P1P1PP/PP3P2/RNBQRBNK\ w\ -\ -\ 0\ 1 -> result 0-1 checkmate
Game (W:v30 vs B:v29) FEN=knbrqbnr/p5pp/1ppp4/4pp2/2P5/PP2P1P1/3P1P1P/RNBQRBNK\ w\ -\ -\ 0\ 1 -> result 1/2-1/2 max-plies
Game (W:v30 vs B:v29) FEN=rnbqrbnk/p1p4p/1p2ppp1/3p4/2P5/P2P1PP1/1P2P2P/KNBRQBNR\ w\ -\ -\ 0\ 1 -> result 0-1 checkmate
Game (W:v30 vs B:v29) FEN=knbrqbnr/ppp4p/5pp1/3pp3/5P2/PPP1P3/3P2PP/RNBQRBNK\ w\ -\ -\ 0\ 1 -> result 1/2-1/2 max-plies
Game (W:v30 vs B:v29) FEN=rnbqrbnk/ppp5/3pp1pp/5p2/2P5/1P1P2PP/P3PP2/KNBRQBNR\ w\ -\ -\ 0\ 1 -> result 0-1 checkmate
Game (W:v30 vs B:v29) FEN=rnbqrbnk/p1p3p1/1p1pp2p/5p2/2P5/PP1PP3/5PPP/KNBRQBNR\ w\ -\ -\ 0\ 1 -> result 1-0 checkmate
Game (W:v30 vs B:v29) FEN=knbrqbnr/1p4pp/p1pp4/4pp2/3P4/1PP1PP2/P5PP/RNBQRBNK\ w\ -\ -\ 0\ 1 -> result 1/2-1/2 max-plies
Game (W:v30 vs B:v29) FEN=rnbqrbnk/p4ppp/1ppp4/4p3/2P1P3/P2P1P2/1P4PP/KNBRQBNR\ w\ -\ -\ 0\ 1 -> result 1/2-1/2 max-plies
Game (W:v30 vs B:v29) FEN=knbrqbnr/2p2ppp/pp6/3pp3/2P2P2/4P1PP/PP1P4/RNBQRBNK\ w\ -\ -\ 0\ 1 -> result 1/2-1/2 max-plies
Game (W:v30 vs B:v29) FEN=rnbqrbnk/5ppp/ppppp3/8/5P2/1P1P2PP/P1P1P3/KNBRQBNR\ w\ -\ -\ 0\ 1 -> result 1/2-1/2 threefold-repetition
Game (W:v30 vs B:v29) FEN=rnbqrbnk/1p3p1p/p2pp1p1/2p5/4P3/PP1P1P2/2P3PP/KNBRQBNR\ w\ -\ -\ 0\ 1 -> result 1/2-1/2 max-plies
Game (W:v30 vs B:v29) FEN=knbrqbnr/p1p3p1/1p1p3p/4pp2/4PP2/3P3P/PPP3P1/RNBQRBNK\ w\ -\ -\ 0\ 1 -> result 1-0 checkmate
Game (W:v30 vs B:v29) FEN=rnbqrbnk/p1pp2p1/1p5p/4pp2/3P4/1P2P1P1/P1P2P1P/KNBRQBNR\ w\ -\ -\ 0\ 1 -> result 1-0 checkmate
Game (W:v30 vs B:v29) FEN=rnbqrbnk/p5pp/1p1pp3/2p2p2/2P5/1P1P2PP/P3PP2/KNBRQBNR\ w\ -\ -\ 0\ 1 -> result 1-0 checkmate
Game (W:v30 vs B:v29) FEN=knbrqbnr/pp3p2/3p2pp/2p1p3/2P2P2/PP2P3/3P2PP/RNBQRBNK\ w\ -\ -\ 0\ 1 -> result 1/2-1/2 threefold-repetition
Game (W:v30 vs B:v29) FEN=knbrqbnr/pp3p2/2ppp1pp/8/4P3/1PP4P/P2P1PP1/RNBQRBNK\ w\ -\ -\ 0\ 1 -> result 1-0 checkmate
Game (W:v30 vs B:v29) FEN=knbrqbnr/p1p3p1/1p1pp2p/5p2/8/1P1PPP1P/P1P3P1/RNBQRBNK\ w\ -\ -\ 0\ 1 -> result 0-1 checkmate
Game (W:v30 vs B:v29) FEN=knbrqbnr/p4pp1/1p1p3p/2p1p3/3P1P2/4P1PP/PPP5/RNBQRBNK\ w\ -\ -\ 0\ 1 -> result 1-0 checkmate
Game (W:v30 vs B:v29) FEN=rnbqrbnk/pp4pp/8/2pppp2/3P4/1P3PP1/P1P1P2P/KNBRQBNR\ w\ -\ c6\ 0\ 1 -> result 0-1 checkmate
Game (W:v30 vs B:v29) FEN=knbrqbnr/pp3p2/2ppp1pp/8/8/PP1PPP2/2P3PP/RNBQRBNK\ w\ -\ -\ 0\ 1 -> result 0-1 checkmate
Game (W:v30 vs B:v29) FEN=knbrqbnr/2p2p1p/pp1pp1p1/8/3P1P2/2P1P1P1/PP5P/RNBQRBNK\ w\ -\ -\ 0\ 1 -> result 1/2-1/2 max-plies
Game (W:v30 vs B:v29) FEN=knbrqbnr/pp4p1/2ppp2p/5p2/2P5/PP2PP2/3P2PP/RNBQRBNK\ w\ -\ -\ 0\ 1 -> result 1-0 checkmate
Game (W:v30 vs B:v29) FEN=rnbqrbnk/p1p3p1/1p2pp1p/3p4/4P3/PP1P2P1/2P2P1P/KNBRQBNR\ w\ -\ -\ 0\ 1 -> result 1/2-1/2 threefold-repetition
Game (W:v30 vs B:v29) FEN=knbrqbnr/2p2ppp/pp6/3pp3/3P4/2P1PPP1/PP5P/RNBQRBNK\ w\ -\ -\ 0\ 1 -> result 0-1 checkmate
Game (W:v30 vs B:v29) FEN=rnbqrbnk/p5pp/1p2pp2/2pp4/3PP3/P4P2/1PP3PP/KNBRQBNR\ w\ -\ -\ 0\ 1 -> result 0-1 checkmate
Game (W:v30 vs B:v29) FEN=knbrqbnr/pp4p1/3p3p/2p1pp2/4P3/P1PP4/1P3PPP/RNBQRBNK\ w\ -\ -\ 0\ 1 -> result 1/2-1/2 max-plies
Game (W:v30 vs B:v29) FEN=rnbqrbnk/p2p1p1p/1p4p1/2p1p3/2P1P3/PP1P4/5PPP/KNBRQBNR\ w\ -\ -\ 0\ 1 -> result 0-1 checkmate
Game (W:v30 vs B:v29) FEN=rnbqrbnk/pp4p1/4p2p/2pp1p2/2P1PP2/1P1P4/P5PP/KNBRQBNR\ w\ -\ -\ 0\ 1 -> result 0-1 checkmate
Game (W:v30 vs B:v29) FEN=rnbqrbnk/p1p3pp/1p1p4/4pp2/2PP4/1P2P3/P4PPP/KNBRQBNR\ w\ -\ -\ 0\ 1 -> result 1/2-1/2 threefold-repetition
Game (W:v30 vs B:v29) FEN=knbrqbnr/ppp5/3pp1pp/5p2/4PP2/2PP4/PP4PP/RNBQRBNK\ w\ -\ -\ 0\ 1 -> result 1-0 checkmate
Game (W:v30 vs B:v29) FEN=rnbqrbnk/p4p1p/1p1pp1p1/2p5/4P3/PPPP4/5PPP/KNBRQBNR\ w\ -\ -\ 0\ 1 -> result 0-1 checkmate
Game (W:v30 vs B:v29) FEN=knbrqbnr/1p3ppp/p7/2ppp3/2P5/1P2P1PP/P2P1P2/RNBQRBNK\ w\ -\ -\ 0\ 1 -> result 1/2-1/2 threefold-repetition
Game (W:v30 vs B:v29) FEN=knbrqbnr/1pp4p/p2pp1p1/5p2/2P1P3/5P1P/PP1P2P1/RNBQRBNK\ w\ -\ -\ 0\ 1 -> result 1/2-1/2 max-plies
Game (W:v30 vs B:v29) FEN=rnbqrbnk/p2p2pp/1p3p2/2p1p3/5P2/1P1PP2P/P1P3P1/KNBRQBNR\ w\ -\ -\ 0\ 1 -> result 0-1 checkmate
Game (W:v30 vs B:v29) FEN=rnbqrbnk/pp4pp/2p5/3ppp2/3P4/2P1P1P1/PP3P1P/KNBRQBNR\ w\ -\ -\ 0\ 1 -> result 1/2-1/2 threefold-repetition
Game (W:v30 vs B:v29) FEN=knbrqbnr/pp2p3/2pp1ppp/8/2P5/PP2P1P1/3P1P1P/RNBQRBNK\ w\ -\ -\ 0\ 1 -> result 0-1 checkmate
Game (W:v30 vs B:v29) FEN=knbrqbnr/1p2p2p/p1pp2p1/5p2/4P3/P2P2P1/1PP2P1P/RNBQRBNK\ w\ -\ -\ 0\ 1 -> result 1/2-1/2 max-plies
Game (W:v30 vs B:v29) FEN=knbrqbnr/2p3pp/pp1pp3/5p2/5P2/P1PPP3/1P4PP/RNBQRBNK\ w\ -\ -\ 0\ 1 -> result 0-1 checkmate
Game (W:v30 vs B:v29) FEN=knbrqbnr/p3p2p/1ppp1pp1/8/8/1PPPP1P1/P4P1P/RNBQRBNK\ w\ -\ -\ 0\ 1 -> result 0-1 checkmate
/Users/alanxie/Projects/Chess Engine/scripts/run_matches.sh: line 188: unexpected EOF while looking for matching `"'
