=== Worker 6 start ===
Running matches: games_per_side=50, depth=8, max_plies=150, movetime_ms=10, fen_or_book=book, version_a=v29, version_b=v30

Batch 1/2: v29 white vs v30 black, 50 games
Game (W:v29 vs B:v30) FEN=rnbqrbnk/p5pp/1pp1p3/3p1p2/2P1P3/3P1PP1/PP5P/KNBRQBNR\ w\ -\ -\ 0\ 1 -> result 1-0 checkmate
Game (W:v29 vs B:v30) FEN=rnbqrbnk/pp4pp/2pp1p2/4p3/2P2P2/P2PP3/1P4PP/KNBRQBNR\ w\ -\ -\ 0\ 1 -> result 1-0 checkmate
Game (W:v29 vs B:v30) FEN=rnbqrbnk/p1pp2p1/1p3p1p/4p3/2P5/1P1P1PP1/P3P2P/KNBRQBNR\ w\ -\ -\ 0\ 1 -> result 0-1 checkmate
Game (W:v29 vs B:v30) FEN=rnbqrbnk/pp5p/4p1p1/2pp1p2/3P1P2/1PP5/P3P1PP/KNBRQBNR\ w\ -\ c6\ 0\ 1 -> result 0-1 checkmate
Game (W:v29 vs B:v30) FEN=rnbqrbnk/3p2pp/pp2p3/2p2p2/2P2P2/P2P2P1/1P2P2P/KNBRQBNR\ w\ -\ -\ 0\ 1 -> result 1/2-1/2 max-plies
Game (W:v29 vs B:v30) FEN=knbrqbnr/pp4pp/4pp2/2pp4/3P4/2P1PPP1/PP5P/RNBQRBNK\ w\ -\ c6\ 0\ 1 -> result 1/2-1/2 max-plies
Game (W:v29 vs B:v30) FEN=knbrqbnr/pp4p1/3p3p/2p1pp2/2P1P3/3P3P/PP3PP1/RNBQRBNK\ w\ -\ -\ 0\ 1 -> result 1/2-1/2 threefold-repetition
Game (W:v29 vs B:v30) FEN=knbrqbnr/pp5p/2pp1pp1/4p3/8/PPPPP3/5PPP/RNBQRBNK\ w\ -\ -\ 0\ 1 -> result 0-1 checkmate
Game (W:v29 vs B:v30) FEN=knbrqbnr/pp5p/3pp1p1/2p2p2/4P3/3P1P1P/PPP3P1/RNBQRBNK\ w\ -\ c6\ 0\ 1 -> result 0-1 checkmate
Game (W:v29 vs B:v30) FEN=rnbqrbnk/1pp4p/p3p1p1/3p1p2/2PPP3/6P1/PP3P1P/KNBRQBNR\ w\ -\ -\ 0\ 1 -> result 1/2-1/2 max-plies
Game (W:v29 vs B:v30) FEN=knbrqbnr/1p4pp/p1pppp2/8/2P2P2/4P1PP/PP1P4/RNBQRBNK\ w\ -\ -\ 0\ 1 -> result 0-1 checkmate
Game (W:v29 vs B:v30) FEN=knbrqbnr/ppp5/3p1ppp/4p3/2P1P3/5PP1/PP1P3P/RNBQRBNK\ w\ -\ -\ 0\ 1 -> result 0-1 checkmate
Game (W:v29 vs B:v30) FEN=rnbqrbnk/pp5p/4ppp1/2pp4/3P4/PP3P2/2P1P1PP/KNBRQBNR\ w\ -\ c6\ 0\ 1 -> result 1/2-1/2 max-plies
Game (W:v29 vs B:v30) FEN=rnbqrbnk/pp3pp1/2p4p/3pp3/2P1P3/3P2PP/PP3P2/KNBRQBNR\ w\ -\ -\ 0\ 1 -> result 0-1 checkmate
Game (W:v29 vs B:v30) FEN=rnbqrbnk/p1p4p/1p2p1p1/3p1p2/2P5/1P1PP1P1/P4P1P/KNBRQBNR\ w\ -\ -\ 0\ 1 -> result 1/2-1/2 max-plies
Game (W:v29 vs B:v30) FEN=rnbqrbnk/pp3p2/3pp1pp/2p5/8/1P1PPPP1/P1P4P/KNBRQBNR\ w\ -\ -\ 0\ 1 -> result 1/2-1/2 threefold-repetition
Game (W:v29 vs B:v30) FEN=rnbqrbnk/1p1p1p1p/p5p1/2p1p3/8/1P1PP1PP/P1P2P2/KNBRQBNR\ w\ -\ -\ 0\ 1 -> result 1-0 checkmate
Game (W:v29 vs B:v30) FEN=rnbqrbnk/pp4pp/5p2/2ppp3/4PP2/P2P2P1/1PP4P/KNBRQBNR\ w\ -\ c6\ 0\ 1 -> result 1-0 checkmate
Game (W:v29 vs B:v30) FEN=rnbqrbnk/1p3ppp/p7/2ppp3/2PP4/5PP1/PP2P2P/KNBRQBNR\ w\ -\ -\ 0\ 1 -> result 0-1 checkmate
Game (W:v29 vs B:v30) FEN=rnbqrbnk/1pp2p1p/p2p2p1/4p3/2P5/P2PP1P1/1P3P1P/KNBRQBNR\ w\ -\ -\ 0\ 1 -> result 1-0 checkmate
Game (W:v29 vs B:v30) FEN=rnbqrbnk/pp3p2/4p1pp/2pp4/3P4/2P3PP/PP2PP2/KNBRQBNR\ w\ -\ -\ 0\ 1 -> result 1-0 checkmate
Game (W:v29 vs B:v30) FEN=knbrqbnr/p1p2p1p/1p4p1/3pp3/3P4/2P1PPP1/PP5P/RNBQRBNK\ w\ -\ -\ 0\ 1 -> result 1/2-1/2 max-plies
Game (W:v29 vs B:v30) FEN=knbrqbnr/pp5p/3pppp1/2p5/2P1PP2/6P1/PP1P3P/RNBQRBNK\ w\ -\ c6\ 0\ 1 -> result 1/2-1/2 max-plies
Game (W:v29 vs B:v30) FEN=rnbqrbnk/p1p2p2/1p2p1pp/3p4/2P5/P2PP1P1/1P3P1P/KNBRQBNR\ w\ -\ -\ 0\ 1 -> result 1-0 checkmate
Game (W:v29 vs B:v30) FEN=rnbqrbnk/pp3pp1/2p4p/3pp3/2PP4/4P1P1/PP3P1P/KNBRQBNR\ w\ -\ -\ 0\ 1 -> result 0-1 checkmate
Game (W:v29 vs B:v30) FEN=knbrqbnr/pp3p1p/2p3p1/3pp3/4P3/P1P3P1/1P1P1P1P/RNBQRBNK\ w\ -\ -\ 0\ 1 -> result 0-1 checkmate
Game (W:v29 vs B:v30) FEN=rnbqrbnk/5ppp/ppp1p3/3p4/3P1P2/1PP5/P3P1PP/KNBRQBNR\ w\ -\ -\ 0\ 1 -> result 0-1 checkmate
Game (W:v29 vs B:v30) FEN=rnbqrbnk/p2p2p1/1pp1pp1p/8/8/1PPPP1P1/P4P1P/KNBRQBNR\ w\ -\ -\ 0\ 1 -> result 1-0 checkmate
Game (W:v29 vs B:v30) FEN=rnbqrbnk/1pp3pp/p2p4/4pp2/4P3/1PPP2P1/P4P1P/KNBRQBNR\ w\ -\ -\ 0\ 1 -> result 1-0 checkmate
Game (W:v29 vs B:v30) FEN=rnbqrbnk/pp4p1/3ppp1p/2p5/3P4/1P4PP/P1P1PP2/KNBRQBNR\ w\ -\ -\ 0\ 1 -> result 0-1 checkmate
Game (W:v29 vs B:v30) FEN=knbrqbnr/pp5p/2pp1pp1/4p3/3PPP2/1P6/P1P3PP/RNBQRBNK\ w\ -\ -\ 0\ 1 -> result 1/2-1/2 max-plies
Game (W:v29 vs B:v30) FEN=knbrqbnr/ppp4p/4ppp1/3p4/2PP4/4P1PP/PP3P2/RNBQRBNK\ w\ -\ -\ 0\ 1 -> result 1/2-1/2 max-plies
Game (W:v29 vs B:v30) FEN=rnbqrbnk/p4ppp/1ppp4/4p3/2P5/3P1PPP/PP2P3/KNBRQBNR\ w\ -\ -\ 0\ 1 -> result 1/2-1/2 threefold-repetition
Game (W:v29 vs B:v30) FEN=rnbqrbnk/p2p3p/1p2ppp1/2p5/2P5/PP1PP3/5PPP/KNBRQBNR\ w\ -\ -\ 0\ 1 -> result 1-0 checkmate
Game (W:v29 vs B:v30) FEN=knbrqbnr/2p3pp/pp1p4/4pp2/3P4/2P1PPP1/PP5P/RNBQRBNK\ w\ -\ -\ 0\ 1 -> result 1/2-1/2 max-plies
Game (W:v29 vs B:v30) FEN=knbrqbnr/ppp4p/4ppp1/3p4/4P3/1P1P1P2/P1P3PP/RNBQRBNK\ w\ -\ -\ 0\ 1 -> result 0-1 checkmate
Game (W:v29 vs B:v30) FEN=rnbqrbnk/ppp5/4p1pp/3p1p2/3P4/PPP5/4PPPP/KNBRQBNR\ w\ -\ -\ 0\ 1 -> result 1-0 checkmate
Game (W:v29 vs B:v30) FEN=rnbqrbnk/pppp4/5ppp/4p3/2P5/1P1P1PP1/P3P2P/KNBRQBNR\ w\ -\ -\ 0\ 1 -> result 1-0 checkmate
Game (W:v29 vs B:v30) FEN=rnbqrbnk/pp3p1p/3p2p1/2p1p3/3P4/PPP5/4PPPP/KNBRQBNR\ w\ -\ c6\ 0\ 1 -> result 0-1 checkmate
Game (W:v29 vs B:v30) FEN=knbrqbnr/1p3ppp/p7/2ppp3/2P5/1P2P1PP/P2P1P2/RNBQRBNK\ w\ -\ -\ 0\ 1 -> result 1-0 checkmate
Game (W:v29 vs B:v30) FEN=knbrqbnr/pp4p1/3ppp1p/2p5/4P3/P2P2P1/1PP2P1P/RNBQRBNK\ w\ -\ -\ 0\ 1 -> result 0-1 checkmate
Game (W:v29 vs B:v30) FEN=rnbqrbnk/3p2pp/ppp1p3/5p2/3P4/1P3PP1/P1P1P2P/KNBRQBNR\ w\ -\ -\ 0\ 1 -> result 1/2-1/2 max-plies
Game (W:v29 vs B:v30) FEN=knbrqbnr/1p4pp/p1ppp3/5p2/8/2PPPPP1/PP5P/RNBQRBNK\ w\ -\ -\ 0\ 1 -> result 1/2-1/2 max-plies
Game (W:v29 vs B:v30) FEN=knbrqbnr/1p4pp/p2pp3/2p2p2/4PP2/1PP5/P2P2PP/RNBQRBNK\ w\ -\ -\ 0\ 1 -> result 1-0 checkmate
Game (W:v29 vs B:v30) FEN=rnbqrbnk/2p2p1p/pp2p1p1/3p4/2P2P2/1P1P2P1/P3P2P/KNBRQBNR\ w\ -\ -\ 0\ 1 -> result 1/2-1/2 max-plies
Game (W:v29 vs B:v30) FEN=rnbqrbnk/ppp3p1/3p1p1p/4p3/4P3/1P1P1PP1/P1P4P/KNBRQBNR\ w\ -\ -\ 0\ 1 -> result 1-0 checkmate
Game (W:v29 vs B:v30) FEN=rnbqrbnk/p5pp/1p1pp3/2p2p2/4P3/1P1P1PP1/P1P4P/KNBRQBNR\ w\ -\ -\ 0\ 1 -> result 1/2-1/2 threefold-repetition
Game (W:v29 vs B:v30) FEN=knbrqbnr/pp3p2/2pp2pp/4p3/3PP3/6PP/PPP2P2/RNBQRBNK\ w\ -\ -\ 0\ 1 -> result 1-0 checkmate
Game (W:v29 vs B:v30) FEN=knbrqbnr/1p2p2p/p1pp1pp1/8/8/1PP1PP1P/P2P2P1/RNBQRBNK\ w\ -\ -\ 0\ 1 -> result 1-0 checkmate
Game (W:v29 vs B:v30) FEN=rnbqrbnk/p2p2p1/1p2p2p/2p2p2/3P4/P3P1P1/1PP2P1P/KNBRQBNR\ w\ -\ -\ 0\ 1 -> result 1-0 checkmate
Batch 2/2: v30 white vs v29 black, 50 games
Game (W:v30 vs B:v29) FEN=knbrqbnr/pp4p1/3p1p1p/2p1p3/4P3/PP1P4/2P2PPP/RNBQRBNK\ w\ -\ -\ 0\ 1 -> result 1-0 checkmate
Game (W:v30 vs B:v29) FEN=rnbqrbnk/pp5p/4p1p1/2pp1p2/8/P1PP1PP1/1P2P2P/KNBRQBNR\ w\ -\ c6\ 0\ 1 -> result 1-0 checkmate
Game (W:v30 vs B:v29) FEN=rnbqrbnk/pp5p/4p1p1/2pp1p2/8/P1PP1PP1/1P2P2P/KNBRQBNR\ w\ -\ c6\ 0\ 1 -> result 0-1 checkmate
Game (W:v30 vs B:v29) FEN=knbrqbnr/2p3pp/pp1ppp2/8/5P2/P1P1P1P1/1P1P3P/RNBQRBNK\ w\ -\ -\ 0\ 1 -> result 1/2-1/2 max-plies
Game (W:v30 vs B:v29) FEN=knbrqbnr/pp4p1/3pp2p/2p2p2/2P2P2/3PP2P/PP4P1/RNBQRBNK\ w\ -\ -\ 0\ 1 -> result 1/2-1/2 threefold-repetition
Game (W:v30 vs B:v29) FEN=rnbqrbnk/ppp2p2/6pp/3pp3/3P4/2P1P1P1/PP3P1P/KNBRQBNR\ w\ -\ -\ 0\ 1 -> result 1-0 checkmate
Game (W:v30 vs B:v29) FEN=rnbqrbnk/2p2p1p/pp2p1p1/3p4/2P5/1P1PP1P1/P4P1P/KNBRQBNR\ w\ -\ -\ 0\ 1 -> result 1-0 checkmate
Game (W:v30 vs B:v29) FEN=knbrqbnr/1pp4p/p2pppp1/8/4PP2/2P4P/PP1P2P1/RNBQRBNK\ w\ -\ -\ 0\ 1 -> result 1-0 checkmate
Game (W:v30 vs B:v29) FEN=knbrqbnr/2p3pp/pp1p1p2/4p3/8/1P1PPPP1/P1P4P/RNBQRBNK\ w\ -\ -\ 0\ 1 -> result 0-1 checkmate
Game (W:v30 vs B:v29) FEN=knbrqbnr/pp3p2/3pp1pp/2p5/3P4/2P1P1PP/PP3P2/RNBQRBNK\ w\ -\ -\ 0\ 1 -> result 1/2-1/2 max-plies
Game (W:v30 vs B:v29) FEN=rnbqrbnk/pp1p1p2/2p3pp/4p3/4P3/1PPP1P2/P5PP/KNBRQBNR\ w\ -\ -\ 0\ 1 -> result 1-0 checkmate
Game (W:v30 vs B:v29) FEN=knbrqbnr/ppp4p/5pp1/3pp3/4P3/1P1P3P/P1P2PP1/RNBQRBNK\ w\ -\ -\ 0\ 1 -> result 1-0 checkmate
Game (W:v30 vs B:v29) FEN=rnbqrbnk/1p1p3p/p3ppp1/2p5/8/P1PP1PP1/1P2P2P/KNBRQBNR\ w\ -\ -\ 0\ 1 -> result 0-1 checkmate
Game (W:v30 vs B:v29) FEN=rnbqrbnk/ppp3p1/5p1p/3pp3/2P5/3PP1PP/PP3P2/KNBRQBNR\ w\ -\ -\ 0\ 1 -> result 1-0 checkmate
Game (W:v30 vs B:v29) FEN=rnbqrbnk/pp5p/4p1p1/2pp1p2/3P1P2/1PP5/P3P1PP/KNBRQBNR\ w\ -\ c6\ 0\ 1 -> result 0-1 checkmate
Game (W:v30 vs B:v29) FEN=knbrqbnr/ppp5/3p1ppp/4p3/4P3/1PPP4/P4PPP/RNBQRBNK\ w\ -\ -\ 0\ 1 -> result 1/2-1/2 max-plies
Game (W:v30 vs B:v29) FEN=rnbqrbnk/pp1p3p/6p1/2p1pp2/8/P1PPP1P1/1P3P1P/KNBRQBNR\ w\ -\ c6\ 0\ 1 -> result 1-0 checkmate
Game (W:v30 vs B:v29) FEN=rnbqrbnk/2p3pp/pp2p3/3p1p2/4P3/1PPP1P2/P5PP/KNBRQBNR\ w\ -\ -\ 0\ 1 -> result 1/2-1/2 max-plies
Game (W:v30 vs B:v29) FEN=knbrqbnr/1p2p2p/p2p2p1/2p2p2/4P3/1P1P2P1/P1P2P1P/RNBQRBNK\ w\ -\ -\ 0\ 1 -> result 1/2-1/2 threefold-repetition
Game (W:v30 vs B:v29) FEN=knbrqbnr/p3pp2/1ppp2pp/8/8/3PPPPP/PPP5/RNBQRBNK\ w\ -\ -\ 0\ 1 -> result 0-1 checkmate
Game (W:v30 vs B:v29) FEN=rnbqrbnk/2p2p1p/pp2p1p1/3p4/8/1PPPPP2/P5PP/KNBRQBNR\ w\ -\ -\ 0\ 1 -> result 1-0 checkmate
Game (W:v30 vs B:v29) FEN=knbrqbnr/pp4pp/5p2/2ppp3/4P3/1PPP4/P4PPP/RNBQRBNK\ w\ -\ c6\ 0\ 1 -> result 1-0 checkmate
Game (W:v30 vs B:v29) FEN=knbrqbnr/1p3p1p/p2p2p1/2p1p3/4PP2/2PP4/PP4PP/RNBQRBNK\ w\ -\ -\ 0\ 1 -> result 1-0 checkmate
Game (W:v30 vs B:v29) FEN=knbrqbnr/pp2p3/2pp1ppp/8/8/1PPPPP2/P5PP/RNBQRBNK\ w\ -\ -\ 0\ 1 -> result 1-0 checkmate
Game (W:v30 vs B:v29) FEN=rnbqrbnk/pp1p3p/6p1/2p1pp2/8/PP1P1PP1/2P1P2P/KNBRQBNR\ w\ -\ c6\ 0\ 1 -> result 1-0 checkmate
Game (W:v30 vs B:v29) FEN=knbrqbnr/pp2p1p1/2p4p/3p1p2/3P4/P1P1PP2/1P4PP/RNBQRBNK\ w\ -\ -\ 0\ 1 -> result 0-1 checkmate
Game (W:v30 vs B:v29) FEN=rnbqrbnk/p4p1p/1p1pp1p1/2p5/4P3/PPPP4/5PPP/KNBRQBNR\ w\ -\ -\ 0\ 1 -> result 1-0 checkmate
Game (W:v30 vs B:v29) FEN=knbrqbnr/p4pp1/1p1p3p/2p1p3/8/PPP1P1P1/3P1P1P/RNBQRBNK\ w\ -\ -\ 0\ 1 -> result 1/2-1/2 threefold-repetition
Game (W:v30 vs B:v29) FEN=rnbqrbnk/pp4p1/3ppp1p/2p5/3P4/1P4PP/P1P1PP2/KNBRQBNR\ w\ -\ -\ 0\ 1 -> result 1/2-1/2 max-plies
Game (W:v30 vs B:v29) FEN=rnbqrbnk/ppp5/4pppp/3p4/8/PPPP2P1/4PP1P/KNBRQBNR\ w\ -\ -\ 0\ 1 -> result 1/2-1/2 max-plies
Game (W:v30 vs B:v29) FEN=knbrqbnr/pp5p/3pppp1/2p5/3P1P2/4P1PP/PPP5/RNBQRBNK\ w\ -\ c6\ 0\ 1 -> result 0-1 checkmate
Game (W:v30 vs B:v29) FEN=rnbqrbnk/1ppp3p/p4pp1/4p3/2P5/P2P1PP1/1P2P2P/KNBRQBNR\ w\ -\ -\ 0\ 1 -> result 1/2-1/2 max-plies
Game (W:v30 vs B:v29) FEN=rnbqrbnk/p4ppp/1p6/2ppp3/4P3/1PPP1P2/P5PP/KNBRQBNR\ w\ -\ -\ 0\ 1 -> result 1/2-1/2 max-plies
Game (W:v30 vs B:v29) FEN=rnbqrbnk/pp4p1/2p1p2p/3p1p2/2PP4/P5P1/1P2PP1P/KNBRQBNR\ w\ -\ -\ 0\ 1 -> result 0-1 checkmate
Game (W:v30 vs B:v29) FEN=rnbqrbnk/p4ppp/1ppp4/4p3/2P5/3P1PPP/PP2P3/KNBRQBNR\ w\ -\ -\ 0\ 1 -> result 1/2-1/2 threefold-repetition
Game (W:v30 vs B:v29) FEN=rnbqrbnk/1pp3pp/p4p2/3pp3/5P2/3PP1PP/PPP5/KNBRQBNR\ w\ -\ -\ 0\ 1 -> result 1-0 checkmate
Game (W:v30 vs B:v29) FEN=knbrqbnr/1p3p1p/p1ppp1p1/8/4PP2/P5P1/1PPP3P/RNBQRBNK\ w\ -\ -\ 0\ 1 -> result 0-1 checkmate
Game (W:v30 vs B:v29) FEN=knbrqbnr/4p1pp/pppp4/5p2/8/2P1PPPP/PP1P4/RNBQRBNK\ w\ -\ -\ 0\ 1 -> result 1/2-1/2 threefold-repetition
Game (W:v30 vs B:v29) FEN=rnbqrbnk/5ppp/pp2p3/2pp4/4P3/2PP1P1P/PP4P1/KNBRQBNR\ w\ -\ -\ 0\ 1 -> result 1-0 checkmate
Game (W:v30 vs B:v29) FEN=knbrqbnr/p5pp/1ppp1p2/4p3/8/1PP1PPP1/P2P3P/RNBQRBNK\ w\ -\ -\ 0\ 1 -> result 1-0 checkmate
Game (W:v30 vs B:v29) FEN=rnbqrbnk/p2p2pp/1p3p2/2p1p3/5P2/PP1P2P1/2P1P2P/KNBRQBNR\ w\ -\ -\ 0\ 1 -> result 0-1 checkmate
Game (W:v30 vs B:v29) FEN=rnbqrbnk/pp5p/2p1p1p1/3p1p2/3P1P2/1P4P1/P1P1P2P/KNBRQBNR\ w\ -\ -\ 0\ 1 -> result 1-0 checkmate
Game (W:v30 vs B:v29) FEN=rnbqrbnk/2pp2pp/pp6/4pp2/8/1PPPP1P1/P4P1P/KNBRQBNR\ w\ -\ -\ 0\ 1 -> result 1-0 checkmate
Game (W:v30 vs B:v29) FEN=knbrqbnr/pp5p/2pp1pp1/4p3/8/PPPPP3/5PPP/RNBQRBNK\ w\ -\ -\ 0\ 1 -> result 0-1 checkmate
Game (W:v30 vs B:v29) FEN=rnbqrbnk/pp5p/2p1p1p1/3p1p2/8/PPPP1P2/4P1PP/KNBRQBNR\ w\ -\ -\ 0\ 1 -> result 0-1 checkmate
Game (W:v30 vs B:v29) FEN=knbrqbnr/ppp5/3pp1pp/5p2/4PP2/2PP4/PP4PP/RNBQRBNK\ w\ -\ -\ 0\ 1 -> result 1-0 checkmate
Game (W:v30 vs B:v29) FEN=knbrqbnr/p5pp/1ppp1p2/4p3/8/P1P1PPP1/1P1P3P/RNBQRBNK\ w\ -\ -\ 0\ 1 -> result 0-1 checkmate
Game (W:v30 vs B:v29) FEN=knbrqbnr/pp2p1p1/7p/2pp1p2/4P3/2P2P1P/PP1P2P1/RNBQRBNK\ w\ -\ -\ 0\ 1 -> result 1-0 checkmate
Game (W:v30 vs B:v29) FEN=rnbqrbnk/5ppp/ppp1p3/3p4/4PP2/P1PP4/1P4PP/KNBRQBNR\ w\ -\ -\ 0\ 1 -> result 1/2-1/2 max-plies
Game (W:v30 vs B:v29) FEN=knbrqbnr/pp5p/2ppp1p1/5p2/2P1P3/1P5P/P2P1PP1/RNBQRBNK\ w\ -\ -\ 0\ 1 -> result 1/2-1/2 max-plies
/Users/alanxie/Projects/Chess Engine/scripts/run_matches.sh: line 188: unexpected EOF while looking for matching `"'
