=== Worker 5 start ===
Running matches: games_per_side=10, depth=8, max_plies=150, movetime_ms=50, fen_or_book=book, version_a=v7, version_b=v9

Batch 1/2: v7 white, v9 black (10 games)
Game (W:v7 vs B:v9) FEN='knbrqbnr/ppp4p/5pp1/3pp3/3PP3/6PP/PPP2P2/RNBQRBNK w - - 0 1' -> result 1/2-1/2 max-plies
Game (W:v7 vs B:v9) FEN='rnbqrbnk/1p3ppp/p1pp4/4p3/2PP4/1P2P3/P4PPP/KNBRQBNR w - - 0 1' -> result 0-1 checkmate
Game (W:v7 vs B:v9) FEN='rnbqrbnk/5ppp/ppppp3/8/5P2/1P1PP2P/P1P3P1/KNBRQBNR w - - 0 1' -> result 1-0 checkmate
Game (W:v7 vs B:v9) FEN='rnbqrbnk/3p1ppp/pp6/2p1p3/2P5/3PPPP1/PP5P/KNBRQBNR w - - 0 1' -> result 1/2-1/2 max-plies
Game (W:v7 vs B:v9) FEN='rnbqrbnk/p5pp/1p2pp2/2pp4/4PP2/P2P2P1/1PP4P/KNBRQBNR w - - 0 1' -> result 1/2-1/2 max-plies
Game (W:v7 vs B:v9) FEN='rnbqrbnk/p2p2pp/1pp2p2/4p3/5P2/1P1PP2P/P1P3P1/KNBRQBNR w - - 0 1' -> result 1/2-1/2 max-plies
Game (W:v7 vs B:v9) FEN='rnbqrbnk/1p3ppp/p1p5/3pp3/2PP4/4PP2/PP4PP/KNBRQBNR w - - 0 1' -> result 1/2-1/2 max-plies
Game (W:v7 vs B:v9) FEN='rnbqrbnk/p1p3p1/1p2pp1p/3p4/2P5/3PPP1P/PP4P1/KNBRQBNR w - - 0 1' -> result 1/2-1/2 max-plies
Game (W:v7 vs B:v9) FEN='rnbqrbnk/p1p3p1/1p2p2p/3p1p2/8/PP1PPP2/2P3PP/KNBRQBNR w - - 0 1' -> result 1/2-1/2 max-plies
Game (W:v7 vs B:v9) FEN='knbrqbnr/2p2ppp/pp2p3/3p4/4PP2/1P4P1/P1PP3P/RNBQRBNK w - - 0 1' -> result 0-1 checkmate
Batch 2/2: v9 white, v7 black (10 games)
Game (W:v9 vs B:v7) FEN='rnbqrbnk/pp5p/3pp1p1/2p2p2/8/1PPPP1P1/P4P1P/KNBRQBNR w - c6 0 1' -> result 1/2-1/2 max-plies
Game (W:v9 vs B:v7) FEN='knbrqbnr/pp3p1p/2p3p1/3pp3/2PP4/4PPP1/PP5P/RNBQRBNK w - - 0 1' -> result 1/2-1/2 max-plies
Game (W:v9 vs B:v7) FEN='knbrqbnr/1p3p1p/p1pp2p1/4p3/3P4/4PPPP/PPP5/RNBQRBNK w - - 0 1' -> result 0-1 checkmate
Game (W:v9 vs B:v7) FEN='rnbqrbnk/1pp3pp/p2p1p2/4p3/2PP4/P3P3/1P3PPP/KNBRQBNR w - - 0 1' -> result 1/2-1/2 max-plies
Game (W:v9 vs B:v7) FEN='rnbqrbnk/3p2pp/ppp1pp2/8/3P4/4PPP1/PPP4P/KNBRQBNR w - - 0 1' -> result 1/2-1/2 max-plies
Game (W:v9 vs B:v7) FEN='rnbqrbnk/pp4p1/4pp1p/2pp4/2P1P3/3P2PP/PP3P2/KNBRQBNR w - - 0 1' -> result 1/2-1/2 max-plies
Game (W:v9 vs B:v7) FEN='rnbqrbnk/p1p4p/1p2p1p1/3p1p2/2P5/1P1PP1P1/P4P1P/KNBRQBNR w - - 0 1' -> result 1/2-1/2 max-plies
Game (W:v9 vs B:v7) FEN='knbrqbnr/1pp4p/p2pppp1/8/4P3/3P1P1P/PPP3P1/RNBQRBNK w - - 0 1' -> result 1/2-1/2 max-plies
Game (W:v9 vs B:v7) FEN='knbrqbnr/pp4p1/2pp3p/4pp2/2P1P3/6PP/PP1P1P2/RNBQRBNK w - - 0 1' -> result 1/2-1/2 max-plies
Game (W:v9 vs B:v7) FEN='knbrqbnr/pp3p2/3pp1pp/2p5/3P4/2P1P1PP/PP3P2/RNBQRBNK w - - 0 1' -> result 1/2-1/2 max-plies

=== Match Summary ===
Total games: 20
v7 wins: 2
v9 wins: 2
draws:   16
=== Worker 5 end ===
