=== Worker 3 start ===
Running matches: games_per_side=10, depth=8, max_plies=150, movetime_ms=50, fen_or_book=book, version_a=v7, version_b=v9

Batch 1/2: v7 white, v9 black (10 games)
Game (W:v7 vs B:v9) FEN='knbrqbnr/ppp5/3ppppp/8/4PP2/2PP4/PP4PP/RNBQRBNK w - - 0 1' -> result 1/2-1/2 max-plies
Game (W:v7 vs B:v9) FEN='rnbqrbnk/ppp3p1/3p1p1p/4p3/2P5/P2PP1P1/1P3P1P/KNBRQBNR w - - 0 1' -> result 0-1 checkmate
Game (W:v7 vs B:v9) FEN='rnbqrbnk/pppp4/6pp/4pp2/2P5/1P1P1PP1/P3P2P/KNBRQBNR w - - 0 1' -> result 1/2-1/2 max-plies
Game (W:v7 vs B:v9) FEN='knbrqbnr/p3p1pp/1pp2p2/3p4/5P2/2PPP2P/PP4P1/RNBQRBNK w - - 0 1' -> result 1/2-1/2 max-plies
Game (W:v7 vs B:v9) FEN='knbrqbnr/1pp1p2p/p4pp1/3p4/5P2/2PPP2P/PP4P1/RNBQRBNK w - - 0 1' -> result 1-0 checkmate
Game (W:v7 vs B:v9) FEN='knbrqbnr/1pp4p/p2p1pp1/4p3/4P3/P4PP1/1PPP3P/RNBQRBNK w - - 0 1' -> result 1/2-1/2 max-plies
Game (W:v7 vs B:v9) FEN='knbrqbnr/p3p1p1/1ppp1p1p/8/8/PP1PP1P1/2P2P1P/RNBQRBNK w - - 0 1' -> result 1/2-1/2 max-plies
Game (W:v7 vs B:v9) FEN='knbrqbnr/p1p3p1/1p1ppp1p/8/5P2/1PP1P1P1/P2P3P/RNBQRBNK w - - 0 1' -> result 0-1 checkmate
Game (W:v7 vs B:v9) FEN='rnbqrbnk/p2p2p1/1p2pp1p/2p5/8/P2PPPP1/1PP4P/KNBRQBNR w - - 0 1' -> result 1/2-1/2 max-plies
Game (W:v7 vs B:v9) FEN='knbrqbnr/pp2p2p/5pp1/2pp4/5P2/1P1PP2P/P1P3P1/RNBQRBNK w - c6 0 1' -> result 0-1 checkmate
Batch 2/2: v9 white, v7 black (10 games)
Game (W:v9 vs B:v7) FEN='rnbqrbnk/p2p2pp/1p3p2/2p1p3/3P4/P1P3P1/1P2PP1P/KNBRQBNR w - - 0 1' -> result 1-0 checkmate
Game (W:v9 vs B:v7) FEN='rnbqrbnk/p1p3pp/1p1p4/4pp2/2PP4/PP6/4PPPP/KNBRQBNR w - - 0 1' -> result 0-1 checkmate
Game (W:v9 vs B:v7) FEN='knbrqbnr/pp2p1p1/2p4p/3p1p2/2P2P2/1P2P2P/P2P2P1/RNBQRBNK w - - 0 1' -> result 0-1 checkmate
Game (W:v9 vs B:v7) FEN='rnbqrbnk/p2p2p1/1p2p2p/2p2p2/3P4/1PP2P2/P3P1PP/KNBRQBNR w - - 0 1' -> result 1/2-1/2 max-plies
Game (W:v9 vs B:v7) FEN='rnbqrbnk/pp3p2/2p1p1pp/3p4/3P4/1P3PP1/P1P1P2P/KNBRQBNR w - - 0 1' -> result 1/2-1/2 max-plies
Game (W:v9 vs B:v7) FEN='rnbqrbnk/p2p2pp/1p3p2/2p1p3/5P2/1P1PP2P/P1P3P1/KNBRQBNR w - - 0 1' -> result 1/2-1/2 max-plies
Game (W:v9 vs B:v7) FEN='knbrqbnr/pp2p2p/2p2pp1/3p4/4P3/1P3P1P/P1PP2P1/RNBQRBNK w - - 0 1' -> result 1/2-1/2 max-plies
Game (W:v9 vs B:v7) FEN='knbrqbnr/p3ppp1/1p5p/2pp4/5P2/1P2P1PP/P1PP4/RNBQRBNK w - - 0 1' -> result 1-0 checkmate
Game (W:v9 vs B:v7) FEN='knbrqbnr/pp3p1p/4p1p1/2pp4/5P2/1PP1P1P1/P2P3P/RNBQRBNK w - c6 0 1' -> result 1/2-1/2 max-plies
Game (W:v9 vs B:v7) FEN='rnbqrbnk/p2p1p1p/1p4p1/2p1p3/8/1PPPP2P/P4PP1/KNBRQBNR w - - 0 1' -> result 1-0 checkmate

=== Match Summary ===
Total games: 20
v7 wins: 3
v9 wins: 6
draws:   11
=== Worker 3 end ===
