=== Worker 6 start ===
Running matches: games_per_side=10, depth=8, max_plies=150, movetime_ms=50, fen_or_book=book, version_a=v7, version_b=v9

Batch 1/2: v7 white, v9 black (10 games)
Game (W:v7 vs B:v9) FEN='knbrqbnr/2p2p1p/pp1p2p1/4p3/4PP2/2P3P1/PP1P3P/RNBQRBNK w - - 0 1' -> result 0-1 checkmate
Game (W:v7 vs B:v9) FEN='knbrqbnr/1p2p2p/p1pp2p1/5p2/4P3/P2P2P1/1PP2P1P/RNBQRBNK w - - 0 1' -> result 1/2-1/2 max-plies
Game (W:v7 vs B:v9) FEN='knbrqbnr/1p3ppp/p1p1p3/3p4/4PP2/1P4P1/P1PP3P/RNBQRBNK w - - 0 1' -> result 1/2-1/2 max-plies
Game (W:v7 vs B:v9) FEN='knbrqbnr/1p4pp/p1pppp2/8/8/2PPPP1P/PP4P1/RNBQRBNK w - - 0 1' -> result 1/2-1/2 max-plies
Game (W:v7 vs B:v9) FEN='knbrqbnr/pp4p1/2pppp1p/8/3P4/2P1P1PP/PP3P2/RNBQRBNK w - - 0 1' -> result 0-1 checkmate
Game (W:v7 vs B:v9) FEN='knbrqbnr/pp3p1p/6p1/2ppp3/4P3/1PP3P1/P2P1P1P/RNBQRBNK w - c6 0 1' -> result 1-0 checkmate
Game (W:v7 vs B:v9) FEN='knbrqbnr/2p2ppp/pp6/3pp3/3P4/2P1PPP1/PP5P/RNBQRBNK w - - 0 1' -> result 1-0 checkmate
Game (W:v7 vs B:v9) FEN='knbrqbnr/ppp4p/5pp1/3pp3/8/PP1PPP2/2P3PP/RNBQRBNK w - - 0 1' -> result 1/2-1/2 max-plies
Game (W:v7 vs B:v9) FEN='knbrqbnr/pp4p1/3p3p/2p1pp2/2P1P3/3P3P/PP3PP1/RNBQRBNK w - - 0 1' -> result 0-1 checkmate
Game (W:v7 vs B:v9) FEN='knbrqbnr/ppp4p/4ppp1/3p4/4P3/1P1P1P2/P1P3PP/RNBQRBNK w - - 0 1' -> result 1/2-1/2 max-plies
Batch 2/2: v9 white, v7 black (10 games)
Game (W:v9 vs B:v7) FEN='knbrqbnr/pp5p/2ppppp1/8/3P4/2P1PPP1/PP5P/RNBQRBNK w - - 0 1' -> result 0-1 checkmate
Game (W:v9 vs B:v7) FEN='knbrqbnr/p5pp/1ppppp2/8/4P3/5PPP/PPPP4/RNBQRBNK w - - 0 1' -> result 1/2-1/2 max-plies
Game (W:v9 vs B:v7) FEN='knbrqbnr/ppp5/3p1ppp/4p3/4P3/1PP4P/P2P1PP1/RNBQRBNK w - - 0 1' -> result 1/2-1/2 max-plies
Game (W:v9 vs B:v7) FEN='knbrqbnr/pp5p/2ppp1p1/5p2/2P5/1P1PPP2/P5PP/RNBQRBNK w - - 0 1' -> result 1/2-1/2 max-plies
Game (W:v9 vs B:v7) FEN='rnbqrbnk/2p2p1p/pp2p1p1/3p4/2P5/1P1PP1P1/P4P1P/KNBRQBNR w - - 0 1' -> result 1/2-1/2 max-plies
Game (W:v9 vs B:v7) FEN='rnbqrbnk/p1p4p/1p2p1p1/3p1p2/2P2P2/1P1P2P1/P3P2P/KNBRQBNR w - - 0 1' -> result 1/2-1/2 max-plies
Game (W:v9 vs B:v7) FEN='knbrqbnr/pp4p1/2pppp1p/8/4P3/2P2PP1/PP1P3P/RNBQRBNK w - - 0 1' -> result 1-0 checkmate
Game (W:v9 vs B:v7) FEN='knbrqbnr/pp4p1/2ppp2p/5p2/2P1P3/P5P1/1P1P1P1P/RNBQRBNK w - - 0 1' -> result 0-1 checkmate
Game (W:v9 vs B:v7) FEN='rnbqrbnk/pp4pp/3p4/2p1pp2/4P3/2PP1PP1/PP5P/KNBRQBNR w - c6 0 1' -> result 1/2-1/2 max-plies
Game (W:v9 vs B:v7) FEN='knbrqbnr/1p4pp/p1pppp2/8/5P2/3PP1PP/PPP5/RNBQRBNK w - - 0 1' -> result 1/2-1/2 max-plies

=== Match Summary ===
Total games: 20
v7 wins: 4
v9 wins: 4
draws:   12
=== Worker 6 end ===
