=== Worker 2 start ===
Running matches: games_per_side=50, depth=8, max_plies=150, movetime_ms=10, fen_or_book=book, version_a=v11, version_b=v12

Batch 1/2: v11 white vs v12 black, 50 games
Game (W:v11 vs B:v12) FEN=knbrqbnr/1p2p2p/p2p2p1/2p2p2/4P3/1P1P2P1/P1P2P1P/RNBQRBNK\ w\ -\ -\ 0\ 1 -> result 1/2-1/2 max-plies
Game (W:v11 vs B:v12) FEN=rnbqrbnk/1pp3pp/p2p1p2/4p3/5P2/1P1P2PP/P1P1P3/KNBRQBNR\ w\ -\ -\ 0\ 1 -> result 1-0 checkmate
Game (W:v11 vs B:v12) FEN=rnbqrbnk/1p1p1p1p/p5p1/2p1p3/8/1P1PP1PP/P1P2P2/KNBRQBNR\ w\ -\ -\ 0\ 1 -> result 1/2-1/2 max-plies
Game (W:v11 vs B:v12) FEN=rnbqrbnk/pp1p3p/6p1/2p1pp2/8/P1PPP1P1/1P3P1P/KNBRQBNR\ w\ -\ c6\ 0\ 1 -> result 1/2-1/2 max-plies
Game (W:v11 vs B:v12) FEN=knbrqbnr/2p3pp/pp1ppp2/8/5P2/P1P1P1P1/1P1P3P/RNBQRBNK\ w\ -\ -\ 0\ 1 -> result 1-0 checkmate
Game (W:v11 vs B:v12) FEN=knbrqbnr/1pp4p/p2pppp1/8/8/2PPPP1P/PP4P1/RNBQRBNK\ w\ -\ -\ 0\ 1 -> result 1/2-1/2 max-plies
Game (W:v11 vs B:v12) FEN=rnbqrbnk/1p4pp/p2pp3/2p2p2/3P4/5PPP/PPP1P3/KNBRQBNR\ w\ -\ -\ 0\ 1 -> result 1/2-1/2 max-plies
Game (W:v11 vs B:v12) FEN=rnbqrbnk/ppp5/3pp1pp/5p2/2P5/1P1P1P1P/P3P1P1/KNBRQBNR\ w\ -\ -\ 0\ 1 -> result 1/2-1/2 max-plies
Game (W:v11 vs B:v12) FEN=rnbqrbnk/p4p1p/1pp1p1p1/3p4/8/1PPP1P1P/P3P1P1/KNBRQBNR\ w\ -\ -\ 0\ 1 -> result 1/2-1/2 max-plies
Game (W:v11 vs B:v12) FEN=knbrqbnr/1p2p2p/p1pp2p1/5p2/4P3/1P1P3P/P1P2PP1/RNBQRBNK\ w\ -\ -\ 0\ 1 -> result 0-1 checkmate
Game (W:v11 vs B:v12) FEN=rnbqrbnk/1p3ppp/p1p5/3pp3/2PP4/5P1P/PP2P1P1/KNBRQBNR\ w\ -\ -\ 0\ 1 -> result 1/2-1/2 max-plies
Game (W:v11 vs B:v12) FEN=rnbqrbnk/p5pp/1pp1p3/3p1p2/4P3/1P1P1PP1/P1P4P/KNBRQBNR\ w\ -\ -\ 0\ 1 -> result 1/2-1/2 max-plies
Game (W:v11 vs B:v12) FEN=rnbqrbnk/p1p2pp1/1p1p3p/4p3/2P5/1P1P1PP1/P3P2P/KNBRQBNR\ w\ -\ -\ 0\ 1 -> result 0-1 checkmate
Game (W:v11 vs B:v12) FEN=rnbqrbnk/p5pp/1p1pp3/2p2p2/3P4/2P3PP/PP2PP2/KNBRQBNR\ w\ -\ -\ 0\ 1 -> result 1/2-1/2 max-plies
Game (W:v11 vs B:v12) FEN=rnbqrbnk/1pp2p1p/p2p2p1/4p3/2PP4/PP6/4PPPP/KNBRQBNR\ w\ -\ -\ 0\ 1 -> result 1/2-1/2 max-plies
Game (W:v11 vs B:v12) FEN=rnbqrbnk/3p2pp/pp2pp2/2p5/2P2P2/3PP1P1/PP5P/KNBRQBNR\ w\ -\ -\ 0\ 1 -> result 1-0 checkmate
Game (W:v11 vs B:v12) FEN=rnbqrbnk/2pp2pp/pp6/4pp2/8/1PPPP1P1/P4P1P/KNBRQBNR\ w\ -\ -\ 0\ 1 -> result 1/2-1/2 max-plies
Game (W:v11 vs B:v12) FEN=knbrqbnr/2p1p1pp/pp3p2/3p4/3P4/P3PPP1/1PP4P/RNBQRBNK\ w\ -\ -\ 0\ 1 -> result 1/2-1/2 max-plies
Game (W:v11 vs B:v12) FEN=rnbqrbnk/p1p3p1/1p1pp2p/5p2/8/1P1PPPP1/P1P4P/KNBRQBNR\ w\ -\ -\ 0\ 1 -> result 1/2-1/2 max-plies
Game (W:v11 vs B:v12) FEN=knbrqbnr/pp2p2p/5pp1/2pp4/5P2/1P1PP2P/P1P3P1/RNBQRBNK\ w\ -\ c6\ 0\ 1 -> result 1-0 checkmate
Game (W:v11 vs B:v12) FEN=rnbqrbnk/3p1p1p/pp2p1p1/2p5/2P5/P2PPP2/1P4PP/KNBRQBNR\ w\ -\ -\ 0\ 1 -> result 1/2-1/2 max-plies
Game (W:v11 vs B:v12) FEN=rnbqrbnk/p1p3pp/1p1p1p2/4p3/2P1P3/P2P1P2/1P4PP/KNBRQBNR\ w\ -\ -\ 0\ 1 -> result 1-0 checkmate
Game (W:v11 vs B:v12) FEN=rnbqrbnk/pp5p/4p1p1/2pp1p2/2P2P2/P2P2P1/1P2P2P/KNBRQBNR\ w\ -\ c6\ 0\ 1 -> result 1/2-1/2 max-plies
Game (W:v11 vs B:v12) FEN=knbrqbnr/pp4p1/2pp1p1p/4p3/5P2/P1PPP3/1P4PP/RNBQRBNK\ w\ -\ -\ 0\ 1 -> result 0-1 checkmate
Game (W:v11 vs B:v12) FEN=knbrqbnr/p4ppp/1pp1p3/3p4/4P3/P4PP1/1PPP3P/RNBQRBNK\ w\ -\ -\ 0\ 1 -> result 1-0 checkmate
Game (W:v11 vs B:v12) FEN=rnbqrbnk/3p2pp/ppp1pp2/8/3P4/4PPP1/PPP4P/KNBRQBNR\ w\ -\ -\ 0\ 1 -> result 1-0 checkmate
Game (W:v11 vs B:v12) FEN=knbrqbnr/1p4pp/p1pppp2/8/5P2/3PP1PP/PPP5/RNBQRBNK\ w\ -\ -\ 0\ 1 -> result 1/2-1/2 max-plies
Game (W:v11 vs B:v12) FEN=knbrqbnr/p5pp/1p1pp3/2p2p2/4P3/5PPP/PPPP4/RNBQRBNK\ w\ -\ -\ 0\ 1 -> result 1-0 checkmate
Game (W:v11 vs B:v12) FEN=rnbqrbnk/1p3ppp/p1p5/3pp3/2PP4/5P1P/PP2P1P1/KNBRQBNR\ w\ -\ -\ 0\ 1 -> result 0-1 checkmate
Game (W:v11 vs B:v12) FEN=rnbqrbnk/1pp4p/p3ppp1/3p4/2P5/3PPP1P/PP4P1/KNBRQBNR\ w\ -\ -\ 0\ 1 -> result 1/2-1/2 max-plies
Game (W:v11 vs B:v12) FEN=knbrqbnr/p4pp1/1p1p3p/2p1p3/3P1P2/4P1PP/PPP5/RNBQRBNK\ w\ -\ -\ 0\ 1 -> result 1-0 checkmate
Game (W:v11 vs B:v12) FEN=rnbqrbnk/p5pp/1p2p3/2pp1p2/4PP2/1PPP4/P5PP/KNBRQBNR\ w\ -\ -\ 0\ 1 -> result 1/2-1/2 max-plies
Game (W:v11 vs B:v12) FEN=rnbqrbnk/1pp3pp/p2p1p2/4p3/2PP4/P3P3/1P3PPP/KNBRQBNR\ w\ -\ -\ 0\ 1 -> result 1/2-1/2 max-plies
Game (W:v11 vs B:v12) FEN=knbrqbnr/5ppp/pp1pp3/2p5/8/1PP1PPP1/P2P3P/RNBQRBNK\ w\ -\ -\ 0\ 1 -> result 0-1 checkmate
Game (W:v11 vs B:v12) FEN=knbrqbnr/pp3p1p/6p1/2ppp3/4P3/1PP3P1/P2P1P1P/RNBQRBNK\ w\ -\ c6\ 0\ 1 -> result 0-1 checkmate
Game (W:v11 vs B:v12) FEN=rnbqrbnk/1p4pp/p2pp3/2p2p2/2P5/3PP1PP/PP3P2/KNBRQBNR\ w\ -\ -\ 0\ 1 -> result 1/2-1/2 max-plies
Game (W:v11 vs B:v12) FEN=rnbqrbnk/pp4p1/3ppp1p/2p5/3P4/1P4PP/P1P1PP2/KNBRQBNR\ w\ -\ -\ 0\ 1 -> result 1/2-1/2 max-plies
Game (W:v11 vs B:v12) FEN=rnbqrbnk/p5pp/1p1pp3/2p2p2/3P1P2/1P5P/P1P1P1P1/KNBRQBNR\ w\ -\ -\ 0\ 1 -> result 1-0 checkmate
Game (W:v11 vs B:v12) FEN=knbrqbnr/pp4pp/4pp2/2pp4/3P4/2P1PPP1/PP5P/RNBQRBNK\ w\ -\ c6\ 0\ 1 -> result 1/2-1/2 max-plies
Game (W:v11 vs B:v12) FEN=rnbqrbnk/p2p2p1/1pp1pp1p/8/8/1PPPP1P1/P4P1P/KNBRQBNR\ w\ -\ -\ 0\ 1 -> result 1-0 checkmate
Game (W:v11 vs B:v12) FEN=rnbqrbnk/1p4pp/p2pp3/2p2p2/4P3/PP1P2P1/2P2P1P/KNBRQBNR\ w\ -\ -\ 0\ 1 -> result 0-1 checkmate
Game (W:v11 vs B:v12) FEN=knbrqbnr/pp3p1p/2p1p1p1/3p4/2P1P3/5PP1/PP1P3P/RNBQRBNK\ w\ -\ -\ 0\ 1 -> result 0-1 checkmate
Game (W:v11 vs B:v12) FEN=rnbqrbnk/pp1p4/2p1p1pp/5p2/8/PPPP2P1/4PP1P/KNBRQBNR\ w\ -\ -\ 0\ 1 -> result 0-1 checkmate
Game (W:v11 vs B:v12) FEN=rnbqrbnk/2p2p1p/pp2p1p1/3p4/8/1PPPPP2/P5PP/KNBRQBNR\ w\ -\ -\ 0\ 1 -> result 1-0 checkmate
Game (W:v11 vs B:v12) FEN=rnbqrbnk/pp4p1/2p1pp1p/3p4/5P2/1PPP3P/P3P1P1/KNBRQBNR\ w\ -\ -\ 0\ 1 -> result 1/2-1/2 max-plies
Game (W:v11 vs B:v12) FEN=rnbqrbnk/pp1p1p2/6pp/2p1p3/4P3/PP1P1P2/2P3PP/KNBRQBNR\ w\ -\ -\ 0\ 1 -> result 0-1 checkmate
Game (W:v11 vs B:v12) FEN=knbrqbnr/1pp3pp/p3pp2/3p4/2P2P2/1P2P2P/P2P2P1/RNBQRBNK\ w\ -\ -\ 0\ 1 -> result 1/2-1/2 max-plies
Game (W:v11 vs B:v12) FEN=knbrqbnr/1p4pp/p1pppp2/8/5P2/3PP1PP/PPP5/RNBQRBNK\ w\ -\ -\ 0\ 1 -> result 1-0 checkmate
Game (W:v11 vs B:v12) FEN=knbrqbnr/1p2p2p/p2p2p1/2p2p2/2P1PP2/7P/PP1P2P1/RNBQRBNK\ w\ -\ -\ 0\ 1 -> result 1-0 checkmate
Game (W:v11 vs B:v12) FEN=knbrqbnr/ppp5/3ppppp/8/2P5/1P2P1PP/P2P1P2/RNBQRBNK\ w\ -\ -\ 0\ 1 -> result 1/2-1/2 max-plies
Batch 2/2: v12 white vs v11 black, 50 games
Game (W:v12 vs B:v11) FEN=rnbqrbnk/p2p2p1/1pp1pp1p/8/8/1PPPP1P1/P4P1P/KNBRQBNR\ w\ -\ -\ 0\ 1 -> result 1/2-1/2 max-plies
Game (W:v12 vs B:v11) FEN=knbrqbnr/1p4pp/p2p4/2p1pp2/2P1P3/3P2P1/PP3P1P/RNBQRBNK\ w\ -\ -\ 0\ 1 -> result 1/2-1/2 max-plies
Game (W:v12 vs B:v11) FEN=knbrqbnr/pp4p1/3ppp1p/2p5/8/PP2PPP1/2PP3P/RNBQRBNK\ w\ -\ -\ 0\ 1 -> result 1/2-1/2 max-plies
Game (W:v12 vs B:v11) FEN=rnbqrbnk/5ppp/ppppp3/8/2P5/3PPP1P/PP4P1/KNBRQBNR\ w\ -\ -\ 0\ 1 -> result 1-0 checkmate
Game (W:v12 vs B:v11) FEN=rnbqrbnk/2p3pp/pp2p3/3p1p2/2P1P3/3P1P1P/PP4P1/KNBRQBNR\ w\ -\ -\ 0\ 1 -> result 0-1 checkmate
Game (W:v12 vs B:v11) FEN=knbrqbnr/pp4pp/2p5/3ppp2/2P5/P2PPP2/1P4PP/RNBQRBNK\ w\ -\ -\ 0\ 1 -> result 1-0 checkmate
Game (W:v12 vs B:v11) FEN=knbrqbnr/p1p3p1/1p1p3p/4pp2/4PP2/3P3P/PPP3P1/RNBQRBNK\ w\ -\ -\ 0\ 1 -> result 1/2-1/2 max-plies
Game (W:v12 vs B:v11) FEN=knbrqbnr/ppp3p1/4pp1p/3p4/3P1P2/P1P1P3/1P4PP/RNBQRBNK\ w\ -\ -\ 0\ 1 -> result 1/2-1/2 max-plies
Game (W:v12 vs B:v11) FEN=knbrqbnr/pp4p1/3p3p/2p1pp2/4P3/P2P2P1/1PP2P1P/RNBQRBNK\ w\ -\ -\ 0\ 1 -> result 1/2-1/2 max-plies
Game (W:v12 vs B:v11) FEN=knbrqbnr/pp4pp/2p5/3ppp2/2P1P3/1P4P1/P2P1P1P/RNBQRBNK\ w\ -\ -\ 0\ 1 -> result 1-0 checkmate
Game (W:v12 vs B:v11) FEN=knbrqbnr/pp3p1p/4p1p1/2pp4/8/2PPP1PP/PP3P2/RNBQRBNK\ w\ -\ c6\ 0\ 1 -> result 0-1 checkmate
Game (W:v12 vs B:v11) FEN=rnbqrbnk/p4pp1/1p1pp2p/2p5/8/P2PPPP1/1PP4P/KNBRQBNR\ w\ -\ -\ 0\ 1 -> result 1/2-1/2 max-plies
Game (W:v12 vs B:v11) FEN=knbrqbnr/pp4pp/2p5/3ppp2/2P1P3/1P4P1/P2P1P1P/RNBQRBNK\ w\ -\ -\ 0\ 1 -> result 1-0 checkmate
Game (W:v12 vs B:v11) FEN=knbrqbnr/pp4pp/2p1pp2/3p4/3PP3/1P4P1/P1P2P1P/RNBQRBNK\ w\ -\ -\ 0\ 1 -> result 1/2-1/2 max-plies
Game (W:v12 vs B:v11) FEN=knbrqbnr/pp4p1/3p3p/2p1pp2/4P3/P1PP4/1P3PPP/RNBQRBNK\ w\ -\ -\ 0\ 1 -> result 1/2-1/2 max-plies
Game (W:v12 vs B:v11) FEN=knbrqbnr/p1p3p1/1p1p3p/4pp2/4PP2/3P3P/PPP3P1/RNBQRBNK\ w\ -\ -\ 0\ 1 -> result 1/2-1/2 max-plies
Game (W:v12 vs B:v11) FEN=knbrqbnr/pp4p1/2ppp2p/5p2/2PP4/P3P1P1/1P3P1P/RNBQRBNK\ w\ -\ -\ 0\ 1 -> result 1/2-1/2 max-plies
Game (W:v12 vs B:v11) FEN=knbrqbnr/pp5p/2pp1pp1/4p3/8/PPPPP3/5PPP/RNBQRBNK\ w\ -\ -\ 0\ 1 -> result 1/2-1/2 max-plies
Game (W:v12 vs B:v11) FEN=rnbqrbnk/pp4p1/3pp2p/2p2p2/3P4/5PPP/PPP1P3/KNBRQBNR\ w\ -\ -\ 0\ 1 -> result 1/2-1/2 max-plies
Game (W:v12 vs B:v11) FEN=knbrqbnr/pp5p/3p1pp1/2p1p3/2P5/3PP1PP/PP3P2/RNBQRBNK\ w\ -\ c6\ 0\ 1 -> result 1/2-1/2 max-plies
Game (W:v12 vs B:v11) FEN=rnbqrbnk/5ppp/ppp1p3/3p4/3P1P2/1PP5/P3P1PP/KNBRQBNR\ w\ -\ -\ 0\ 1 -> result 1/2-1/2 max-plies
Game (W:v12 vs B:v11) FEN=knbrqbnr/pp4p1/2ppp2p/5p2/2P5/PP2PP2/3P2PP/RNBQRBNK\ w\ -\ -\ 0\ 1 -> result 1-0 checkmate
Game (W:v12 vs B:v11) FEN=rnbqrbnk/pp4p1/4p2p/2pp1p2/3PP3/1P5P/P1P2PP1/KNBRQBNR\ w\ -\ -\ 0\ 1 -> result 1-0 checkmate
Game (W:v12 vs B:v11) FEN=knbrqbnr/pp4p1/3p3p/2p1pp2/4PP2/1P1P4/P1P3PP/RNBQRBNK\ w\ -\ -\ 0\ 1 -> result 1/2-1/2 max-plies
Game (W:v12 vs B:v11) FEN=knbrqbnr/pp2p3/2pp1ppp/8/2P5/PP2P1P1/3P1P1P/RNBQRBNK\ w\ -\ -\ 0\ 1 -> result 1/2-1/2 max-plies
Game (W:v12 vs B:v11) FEN=rnbqrbnk/2p3pp/pp2pp2/3p4/3P1P2/1PP5/P3P1PP/KNBRQBNR\ w\ -\ -\ 0\ 1 -> result 1-0 checkmate
Game (W:v12 vs B:v11) FEN=knbrqbnr/p1p2p1p/1p4p1/3pp3/8/1P1PP1PP/P1P2P2/RNBQRBNK\ w\ -\ -\ 0\ 1 -> result 1/2-1/2 max-plies
Game (W:v12 vs B:v11) FEN=knbrqbnr/ppp4p/5pp1/3pp3/3PP3/6PP/PPP2P2/RNBQRBNK\ w\ -\ -\ 0\ 1 -> result 0-1 checkmate
Game (W:v12 vs B:v11) FEN=rnbqrbnk/p2p3p/1p2ppp1/2p5/2P5/PP1PP3/5PPP/KNBRQBNR\ w\ -\ -\ 0\ 1 -> result 1/2-1/2 max-plies
Game (W:v12 vs B:v11) FEN=rnbqrbnk/ppp3p1/3p1p1p/4p3/2P5/1P1P2PP/P3PP2/KNBRQBNR\ w\ -\ -\ 0\ 1 -> result 0-1 checkmate
Game (W:v12 vs B:v11) FEN=knbrqbnr/pp3p2/3p2pp/2p1p3/4P3/2P2PP1/PP1P3P/RNBQRBNK\ w\ -\ -\ 0\ 1 -> result 0-1 checkmate
Game (W:v12 vs B:v11) FEN=knbrqbnr/1p2p2p/p2p2p1/2p2p2/2P1PP2/7P/PP1P2P1/RNBQRBNK\ w\ -\ -\ 0\ 1 -> result 1/2-1/2 max-plies
Game (W:v12 vs B:v11) FEN=rnbqrbnk/p1pp3p/1p3pp1/4p3/3P4/PPP5/4PPPP/KNBRQBNR\ w\ -\ -\ 0\ 1 -> result 1/2-1/2 max-plies
Game (W:v12 vs B:v11) FEN=knbrqbnr/2p2p1p/pp1p2p1/4p3/3P1P2/2P1P1P1/PP5P/RNBQRBNK\ w\ -\ -\ 0\ 1 -> result 0-1 checkmate
Game (W:v12 vs B:v11) FEN=rnbqrbnk/p2p2p1/1p2pp1p/2p5/2PP4/1P5P/P3PPP1/KNBRQBNR\ w\ -\ -\ 0\ 1 -> result 0-1 checkmate
Game (W:v12 vs B:v11) FEN=knbrqbnr/pp3p2/2pp2pp/4p3/8/P1PPPP2/1P4PP/RNBQRBNK\ w\ -\ -\ 0\ 1 -> result 1-0 checkmate
Game (W:v12 vs B:v11) FEN=knbrqbnr/pp4p1/3p1p1p/2p1p3/3P1P2/P3P1P1/1PP4P/RNBQRBNK\ w\ -\ -\ 0\ 1 -> result 1-0 checkmate
Game (W:v12 vs B:v11) FEN=knbrqbnr/1pp2p1p/p3p1p1/3p4/4P3/1P3P1P/P1PP2P1/RNBQRBNK\ w\ -\ -\ 0\ 1 -> result 1/2-1/2 max-plies
Game (W:v12 vs B:v11) FEN=knbrqbnr/p1p1p3/1p1p2pp/5p2/5P2/1PP1P2P/P2P2P1/RNBQRBNK\ w\ -\ -\ 0\ 1 -> result 1/2-1/2 max-plies
Game (W:v12 vs B:v11) FEN=rnbqrbnk/2p2ppp/pp1p4/4p3/2P5/3PP1PP/PP3P2/KNBRQBNR\ w\ -\ -\ 0\ 1 -> result 1/2-1/2 max-plies
Game (W:v12 vs B:v11) FEN=rnbqrbnk/ppp4p/3p1pp1/4p3/4P3/1P1P1P1P/P1P3P1/KNBRQBNR\ w\ -\ -\ 0\ 1 -> result 1/2-1/2 max-plies
Game (W:v12 vs B:v11) FEN=knbrqbnr/pp2p1p1/2p2p1p/3p4/2P5/3PPP1P/PP4P1/RNBQRBNK\ w\ -\ -\ 0\ 1 -> result 1-0 checkmate
Game (W:v12 vs B:v11) FEN=rnbqrbnk/pp3p2/4p1pp/2pp4/3P4/1P3PP1/P1P1P2P/KNBRQBNR\ w\ -\ -\ 0\ 1 -> result 0-1 checkmate
Game (W:v12 vs B:v11) FEN=rnbqrbnk/3p2pp/ppp1p3/5p2/2P2P2/1P1P2P1/P3P2P/KNBRQBNR\ w\ -\ -\ 0\ 1 -> result 0-1 checkmate
Game (W:v12 vs B:v11) FEN=rnbqrbnk/pp1p3p/2p2pp1/4p3/5P2/P1PPP3/1P4PP/KNBRQBNR\ w\ -\ -\ 0\ 1 -> result 1/2-1/2 max-plies
Game (W:v12 vs B:v11) FEN=knbrqbnr/p1p3p1/1p1p3p/4pp2/2P2P2/1P2P2P/P2P2P1/RNBQRBNK\ w\ -\ -\ 0\ 1 -> result 1/2-1/2 max-plies
Game (W:v12 vs B:v11) FEN=rnbqrbnk/p1p4p/1p1pp1p1/5p2/8/PPPP2P1/4PP1P/KNBRQBNR\ w\ -\ -\ 0\ 1 -> result 1-0 checkmate
Game (W:v12 vs B:v11) FEN=rnbqrbnk/p1p3pp/1p6/3ppp2/2P5/P2PP1P1/1P3P1P/KNBRQBNR\ w\ -\ -\ 0\ 1 -> result 1-0 checkmate
Game (W:v12 vs B:v11) FEN=rnbqrbnk/p5pp/1p1pp3/2p2p2/2P1P3/1P1P3P/P4PP1/KNBRQBNR\ w\ -\ -\ 0\ 1 -> result 0-1 checkmate
Game (W:v12 vs B:v11) FEN=rnbqrbnk/ppp4p/3p2p1/4pp2/8/1PPP2PP/P3PP2/KNBRQBNR\ w\ -\ -\ 0\ 1 -> result 0-1 checkmate

=== Match Summary ===
Total games: 100
v11 wins: 25
v12 wins: 22
draws:   53
=== Worker 2 end ===
