=== Worker 5 start ===
Running matches: games_per_side=50, depth=8, max_plies=150, movetime_ms=10, fen_or_book=book, version_a=v11, version_b=v12

Batch 1/2: v11 white vs v12 black, 50 games
Game (W:v11 vs B:v12) FEN=rnbqrbnk/p1pp3p/1p3pp1/4p3/2P5/1P1PPP2/P5PP/KNBRQBNR\ w\ -\ -\ 0\ 1 -> result 1-0 checkmate
Game (W:v11 vs B:v12) FEN=rnbqrbnk/p2p3p/1p2ppp1/2p5/2PP4/1P5P/P3PPP1/KNBRQBNR\ w\ -\ -\ 0\ 1 -> result 1/2-1/2 max-plies
Game (W:v11 vs B:v12) FEN=rnbqrbnk/p2p2p1/1p2p2p/2p2p2/8/PP1PP1P1/2P2P1P/KNBRQBNR\ w\ -\ -\ 0\ 1 -> result 1/2-1/2 max-plies
Game (W:v11 vs B:v12) FEN=knbrqbnr/pp4p1/3p1p1p/2p1p3/4P3/PP1P4/2P2PPP/RNBQRBNK\ w\ -\ -\ 0\ 1 -> result 1/2-1/2 max-plies
Game (W:v11 vs B:v12) FEN=knbrqbnr/p3p1p1/1ppp1p1p/8/5P2/PP2P1P1/2PP3P/RNBQRBNK\ w\ -\ -\ 0\ 1 -> result 1-0 checkmate
Game (W:v11 vs B:v12) FEN=knbrqbnr/pp3p1p/2p1p1p1/3p4/4P3/3P2PP/PPP2P2/RNBQRBNK\ w\ -\ -\ 0\ 1 -> result 0-1 checkmate
Game (W:v11 vs B:v12) FEN=knbrqbnr/p1p1p3/1p1p2pp/5p2/8/1P1PPPP1/P1P4P/RNBQRBNK\ w\ -\ -\ 0\ 1 -> result 1/2-1/2 max-plies
Game (W:v11 vs B:v12) FEN=knbrqbnr/2p1p2p/pp1p2p1/5p2/5P2/1P2P1PP/P1PP4/RNBQRBNK\ w\ -\ -\ 0\ 1 -> result 1/2-1/2 max-plies
Game (W:v11 vs B:v12) FEN=rnbqrbnk/2pp2pp/pp3p2/4p3/2P1P3/3P2PP/PP3P2/KNBRQBNR\ w\ -\ -\ 0\ 1 -> result 0-1 checkmate
Game (W:v11 vs B:v12) FEN=rnbqrbnk/p5pp/1p1pp3/2p2p2/4P3/1P1P1PP1/P1P4P/KNBRQBNR\ w\ -\ -\ 0\ 1 -> result 1/2-1/2 max-plies
Game (W:v11 vs B:v12) FEN=knbrqbnr/1p3p1p/p1pp2p1/4p3/3P4/4PPPP/PPP5/RNBQRBNK\ w\ -\ -\ 0\ 1 -> result 1/2-1/2 stalemate
Game (W:v11 vs B:v12) FEN=knbrqbnr/1pp4p/p2pppp1/8/8/2PPPP1P/PP4P1/RNBQRBNK\ w\ -\ -\ 0\ 1 -> result 1/2-1/2 max-plies
Game (W:v11 vs B:v12) FEN=knbrqbnr/p3p1p1/1ppp1p1p/8/8/PP1PP1P1/2P2P1P/RNBQRBNK\ w\ -\ -\ 0\ 1 -> result 1-0 checkmate
Game (W:v11 vs B:v12) FEN=knbrqbnr/1p3ppp/p1p1p3/3p4/8/PP1PP1P1/2P2P1P/RNBQRBNK\ w\ -\ -\ 0\ 1 -> result 1/2-1/2 max-plies
Game (W:v11 vs B:v12) FEN=rnbqrbnk/ppp5/4pppp/3p4/8/1P1P1PPP/P1P1P3/KNBRQBNR\ w\ -\ -\ 0\ 1 -> result 0-1 checkmate
Game (W:v11 vs B:v12) FEN=knbrqbnr/1p2p1pp/p1p5/3p1p2/3P4/1PP1P1P1/P4P1P/RNBQRBNK\ w\ -\ -\ 0\ 1 -> result 1/2-1/2 max-plies
Game (W:v11 vs B:v12) FEN=knbrqbnr/p1p3pp/1p6/3ppp2/2P2P2/3PP1P1/PP5P/RNBQRBNK\ w\ -\ -\ 0\ 1 -> result 1/2-1/2 max-plies
Game (W:v11 vs B:v12) FEN=rnbqrbnk/pp4pp/2pp1p2/4p3/2PP4/1P2P3/P4PPP/KNBRQBNR\ w\ -\ -\ 0\ 1 -> result 1-0 checkmate
Game (W:v11 vs B:v12) FEN=knbrqbnr/1p3p1p/p2pp1p1/2p5/4PP2/P5P1/1PPP3P/RNBQRBNK\ w\ -\ -\ 0\ 1 -> result 1/2-1/2 max-plies
Game (W:v11 vs B:v12) FEN=knbrqbnr/p3p1pp/1p6/2pp1p2/8/2PPP1PP/PP3P2/RNBQRBNK\ w\ -\ -\ 0\ 1 -> result 1/2-1/2 max-plies
Game (W:v11 vs B:v12) FEN=rnbqrbnk/p1p2pp1/1p1p3p/4p3/8/2PP1PPP/PP2P3/KNBRQBNR\ w\ -\ -\ 0\ 1 -> result 0-1 checkmate
Game (W:v11 vs B:v12) FEN=knbrqbnr/pp3p2/3p2pp/2p1p3/2P2P2/PP2P3/3P2PP/RNBQRBNK\ w\ -\ -\ 0\ 1 -> result 1/2-1/2 max-plies
Game (W:v11 vs B:v12) FEN=knbrqbnr/pp4p1/2ppp2p/5p2/2P5/PP2PP2/3P2PP/RNBQRBNK\ w\ -\ -\ 0\ 1 -> result 1/2-1/2 max-plies
Game (W:v11 vs B:v12) FEN=rnbqrbnk/p4pp1/1pp1p2p/3p4/8/2PPPP1P/PP4P1/KNBRQBNR\ w\ -\ -\ 0\ 1 -> result 1-0 checkmate
Game (W:v11 vs B:v12) FEN=knbrqbnr/ppp3p1/7p/3ppp2/2PP4/4P1PP/PP3P2/RNBQRBNK\ w\ -\ -\ 0\ 1 -> result 1-0 checkmate
Game (W:v11 vs B:v12) FEN=rnbqrbnk/p5pp/1p1ppp2/2p5/2PP4/1P4P1/P3PP1P/KNBRQBNR\ w\ -\ -\ 0\ 1 -> result 1-0 checkmate
Game (W:v11 vs B:v12) FEN=rnbqrbnk/2p3pp/pp1pp3/5p2/2P5/1P1P1PP1/P3P2P/KNBRQBNR\ w\ -\ -\ 0\ 1 -> result 1-0 checkmate
Game (W:v11 vs B:v12) FEN=rnbqrbnk/pp5p/2ppppp1/8/2P5/PP1P2P1/4PP1P/KNBRQBNR\ w\ -\ -\ 0\ 1 -> result 1/2-1/2 max-plies
Game (W:v11 vs B:v12) FEN=knbrqbnr/2p2ppp/pp2p3/3p4/8/PP1PP1P1/2P2P1P/RNBQRBNK\ w\ -\ -\ 0\ 1 -> result 1/2-1/2 max-plies
Game (W:v11 vs B:v12) FEN=knbrqbnr/pp5p/2ppp1p1/5p2/3P4/1PP1PP2/P5PP/RNBQRBNK\ w\ -\ -\ 0\ 1 -> result 1/2-1/2 max-plies
Game (W:v11 vs B:v12) FEN=rnbqrbnk/p4ppp/1pp5/3pp3/3P4/2P2P1P/PP2P1P1/KNBRQBNR\ w\ -\ -\ 0\ 1 -> result 1/2-1/2 max-plies
Game (W:v11 vs B:v12) FEN=knbrqbnr/pp2p2p/2p2pp1/3p4/4PP2/6PP/PPPP4/RNBQRBNK\ w\ -\ -\ 0\ 1 -> result 1/2-1/2 max-plies
Game (W:v11 vs B:v12) FEN=knbrqbnr/pp2p2p/2p3p1/3p1p2/4P3/1PP3P1/P2P1P1P/RNBQRBNK\ w\ -\ -\ 0\ 1 -> result 1/2-1/2 max-plies
Game (W:v11 vs B:v12) FEN=rnbqrbnk/p5pp/1p1ppp2/2p5/3P1P2/1P4P1/P1P1P2P/KNBRQBNR\ w\ -\ -\ 0\ 1 -> result 1/2-1/2 max-plies
Game (W:v11 vs B:v12) FEN=rnbqrbnk/5ppp/ppp1p3/3p4/3P1P2/1P2P3/P1P3PP/KNBRQBNR\ w\ -\ -\ 0\ 1 -> result 1/2-1/2 max-plies
Game (W:v11 vs B:v12) FEN=knbrqbnr/pp2p3/2pp2pp/5p2/2P5/1P2PP1P/P2P2P1/RNBQRBNK\ w\ -\ -\ 0\ 1 -> result 0-1 checkmate
Game (W:v11 vs B:v12) FEN=rnbqrbnk/pp5p/4p1p1/2pp1p2/4P3/1P1P1PP1/P1P4P/KNBRQBNR\ w\ -\ c6\ 0\ 1 -> result 1-0 checkmate
Game (W:v11 vs B:v12) FEN=knbrqbnr/pp3p2/2ppp1pp/8/3PP3/5PP1/PPP4P/RNBQRBNK\ w\ -\ -\ 0\ 1 -> result 1/2-1/2 max-plies
Game (W:v11 vs B:v12) FEN=rnbqrbnk/p4ppp/1pp5/3pp3/3PP3/1PP5/P4PPP/KNBRQBNR\ w\ -\ -\ 0\ 1 -> result 0-1 checkmate
Game (W:v11 vs B:v12) FEN=rnbqrbnk/p4pp1/1pp1p2p/3p4/8/2PPPP1P/PP4P1/KNBRQBNR\ w\ -\ -\ 0\ 1 -> result 0-1 checkmate
Game (W:v11 vs B:v12) FEN=rnbqrbnk/p4pp1/1p2p2p/2pp4/2P1P3/3P1P1P/PP4P1/KNBRQBNR\ w\ -\ -\ 0\ 1 -> result 1/2-1/2 max-plies
Game (W:v11 vs B:v12) FEN=rnbqrbnk/p1p3p1/1p2pp1p/3p4/4P3/PP1P2P1/2P2P1P/KNBRQBNR\ w\ -\ -\ 0\ 1 -> result 0-1 checkmate
Game (W:v11 vs B:v12) FEN=knbrqbnr/ppp2p2/6pp/3pp3/2P5/P3PPP1/1P1P3P/RNBQRBNK\ w\ -\ -\ 0\ 1 -> result 1/2-1/2 max-plies
Game (W:v11 vs B:v12) FEN=knbrqbnr/2p3pp/pp1pp3/5p2/2P2P2/3PP1P1/PP5P/RNBQRBNK\ w\ -\ -\ 0\ 1 -> result 1/2-1/2 max-plies
Game (W:v11 vs B:v12) FEN=knbrqbnr/pp2p1p1/2p2p1p/3p4/3P1P2/P1P1P3/1P4PP/RNBQRBNK\ w\ -\ -\ 0\ 1 -> result 1/2-1/2 max-plies
Game (W:v11 vs B:v12) FEN=knbrqbnr/p5pp/1ppp1p2/4p3/8/P1P1PPP1/1P1P3P/RNBQRBNK\ w\ -\ -\ 0\ 1 -> result 0-1 checkmate
Game (W:v11 vs B:v12) FEN=knbrqbnr/pp5p/2pp1pp1/4p3/3PPP2/1P6/P1P3PP/RNBQRBNK\ w\ -\ -\ 0\ 1 -> result 1-0 checkmate
Game (W:v11 vs B:v12) FEN=knbrqbnr/1p2p1pp/p1p5/3p1p2/3P4/1PP1P1P1/P4P1P/RNBQRBNK\ w\ -\ -\ 0\ 1 -> result 1/2-1/2 max-plies
Game (W:v11 vs B:v12) FEN=knbrqbnr/ppp4p/4ppp1/3p4/3P4/2P1PP1P/PP4P1/RNBQRBNK\ w\ -\ -\ 0\ 1 -> result 1/2-1/2 max-plies
Game (W:v11 vs B:v12) FEN=knbrqbnr/1p2p2p/p1pp1pp1/8/5P2/P2PP1P1/1PP4P/RNBQRBNK\ w\ -\ -\ 0\ 1 -> result 1/2-1/2 max-plies
Batch 2/2: v12 white vs v11 black, 50 games
Game (W:v12 vs B:v11) FEN=rnbqrbnk/p1p2p2/1p1pp1pp/8/3P4/PPP5/4PPPP/KNBRQBNR\ w\ -\ -\ 0\ 1 -> result 1-0 checkmate
Game (W:v12 vs B:v11) FEN=knbrqbnr/p3p1pp/1pp5/3p1p2/3P4/1P2PPP1/P1P4P/RNBQRBNK\ w\ -\ -\ 0\ 1 -> result 1-0 checkmate
Game (W:v12 vs B:v11) FEN=rnbqrbnk/pp4p1/4pp1p/2pp4/4PP2/1P1P2P1/P1P4P/KNBRQBNR\ w\ -\ -\ 0\ 1 -> result 0-1 checkmate
Game (W:v12 vs B:v11) FEN=rnbqrbnk/ppp4p/3p2p1/4pp2/8/1PPP2PP/P3PP2/KNBRQBNR\ w\ -\ -\ 0\ 1 -> result 0-1 checkmate
Game (W:v12 vs B:v11) FEN=rnbqrbnk/p1p3p1/1p2pp1p/3p4/4P3/PP1P2P1/2P2P1P/KNBRQBNR\ w\ -\ -\ 0\ 1 -> result 1-0 checkmate
Game (W:v12 vs B:v11) FEN=knbrqbnr/p1p3pp/1p6/3ppp2/2P2P2/3PP1P1/PP5P/RNBQRBNK\ w\ -\ -\ 0\ 1 -> result 0-1 checkmate
Game (W:v12 vs B:v11) FEN=knbrqbnr/1pp4p/p2pppp1/8/4PP2/2P4P/PP1P2P1/RNBQRBNK\ w\ -\ -\ 0\ 1 -> result 1/2-1/2 max-plies
Game (W:v12 vs B:v11) FEN=rnbqrbnk/p1p2p2/1p2p1pp/3p4/8/P1PPP1P1/1P3P1P/KNBRQBNR\ w\ -\ -\ 0\ 1 -> result 0-1 checkmate
Game (W:v12 vs B:v11) FEN=rnbqrbnk/pp1p3p/2p2pp1/4p3/5P2/1P1PP2P/P1P3P1/KNBRQBNR\ w\ -\ -\ 0\ 1 -> result 1/2-1/2 max-plies
Game (W:v12 vs B:v11) FEN=rnbqrbnk/1pp3pp/p2p4/4pp2/3P4/P1P2P2/1P2P1PP/KNBRQBNR\ w\ -\ -\ 0\ 1 -> result 1-0 checkmate
Game (W:v12 vs B:v11) FEN=rnbqrbnk/1p1p2pp/p1p5/4pp2/2P5/P2P1PP1/1P2P2P/KNBRQBNR\ w\ -\ -\ 0\ 1 -> result 1/2-1/2 max-plies
Game (W:v12 vs B:v11) FEN=rnbqrbnk/3p2pp/pp2pp2/2p5/2P1P3/3P1P1P/PP4P1/KNBRQBNR\ w\ -\ -\ 0\ 1 -> result 0-1 checkmate
Game (W:v12 vs B:v11) FEN=knbrqbnr/pp4p1/2ppp2p/5p2/2P1PP2/7P/PP1P2P1/RNBQRBNK\ w\ -\ -\ 0\ 1 -> result 1/2-1/2 max-plies
Game (W:v12 vs B:v11) FEN=knbrqbnr/pp5p/3pppp1/2p5/3P1P2/4P1PP/PPP5/RNBQRBNK\ w\ -\ c6\ 0\ 1 -> result 1-0 checkmate
Game (W:v12 vs B:v11) FEN=rnbqrbnk/p1p2p2/1p2p1pp/3p4/8/P1PPP1P1/1P3P1P/KNBRQBNR\ w\ -\ -\ 0\ 1 -> result 1-0 checkmate
Game (W:v12 vs B:v11) FEN=rnbqrbnk/p2p3p/1pp1ppp1/8/8/PPPP2P1/4PP1P/KNBRQBNR\ w\ -\ -\ 0\ 1 -> result 1/2-1/2 max-plies
Game (W:v12 vs B:v11) FEN=knbrqbnr/ppp4p/5pp1/3pp3/4P3/PP3P2/2PP2PP/RNBQRBNK\ w\ -\ -\ 0\ 1 -> result 1/2-1/2 max-plies
Game (W:v12 vs B:v11) FEN=rnbqrbnk/pp1p1p2/2p3pp/4p3/4P3/1PPP1P2/P5PP/KNBRQBNR\ w\ -\ -\ 0\ 1 -> result 1/2-1/2 max-plies
Game (W:v12 vs B:v11) FEN=knbrqbnr/1pp3pp/p3p3/3p1p2/3P4/PPP1P3/5PPP/RNBQRBNK\ w\ -\ -\ 0\ 1 -> result 1/2-1/2 max-plies
Game (W:v12 vs B:v11) FEN=rnbqrbnk/3p2pp/ppp1p3/5p2/3P4/1P3PP1/P1P1P2P/KNBRQBNR\ w\ -\ -\ 0\ 1 -> result 1-0 checkmate
Game (W:v12 vs B:v11) FEN=rnbqrbnk/3p2pp/ppp1pp2/8/4P3/PPPP4/5PPP/KNBRQBNR\ w\ -\ -\ 0\ 1 -> result 1/2-1/2 max-plies
Game (W:v12 vs B:v11) FEN=knbrqbnr/1p4pp/p1pppp2/8/8/1PPPP1P1/P4P1P/RNBQRBNK\ w\ -\ -\ 0\ 1 -> result 1-0 checkmate
Game (W:v12 vs B:v11) FEN=knbrqbnr/2p1p1pp/pp3p2/3p4/3P4/P3PPP1/1PP4P/RNBQRBNK\ w\ -\ -\ 0\ 1 -> result 1-0 checkmate
Game (W:v12 vs B:v11) FEN=rnbqrbnk/pp5p/4p1p1/2pp1p2/3P1P2/1PP5/P3P1PP/KNBRQBNR\ w\ -\ c6\ 0\ 1 -> result 1/2-1/2 max-plies
Game (W:v12 vs B:v11) FEN=rnbqrbnk/p1p2p2/1p1pp1pp/8/3P4/PPP5/4PPPP/KNBRQBNR\ w\ -\ -\ 0\ 1 -> result 1-0 checkmate
Game (W:v12 vs B:v11) FEN=rnbqrbnk/p4ppp/1ppp4/4p3/3P4/2P1P1P1/PP3P1P/KNBRQBNR\ w\ -\ -\ 0\ 1 -> result 0-1 checkmate
Game (W:v12 vs B:v11) FEN=knbrqbnr/1pp4p/p2p1pp1/4p3/4PP2/2P4P/PP1P2P1/RNBQRBNK\ w\ -\ -\ 0\ 1 -> result 1/2-1/2 max-plies
Game (W:v12 vs B:v11) FEN=knbrqbnr/1p3ppp/p1p5/3pp3/4PP2/PP6/2PP2PP/RNBQRBNK\ w\ -\ -\ 0\ 1 -> result 1/2-1/2 max-plies
Game (W:v12 vs B:v11) FEN=rnbqrbnk/pp1p4/4p1pp/2p2p2/8/1PPP1P1P/P3P1P1/KNBRQBNR\ w\ -\ -\ 0\ 1 -> result 1/2-1/2 max-plies
Game (W:v12 vs B:v11) FEN=rnbqrbnk/2p3pp/pp2p3/3p1p2/8/1PPP1P1P/P3P1P1/KNBRQBNR\ w\ -\ -\ 0\ 1 -> result 0-1 checkmate
Game (W:v12 vs B:v11) FEN=knbrqbnr/pp4p1/3pp2p/2p2p2/2PP1P2/4P1P1/PP5P/RNBQRBNK\ w\ -\ -\ 0\ 1 -> result 1/2-1/2 max-plies
Game (W:v12 vs B:v11) FEN=knbrqbnr/1p3p1p/p2pp1p1/2p5/5P2/1P1PP1P1/P1P4P/RNBQRBNK\ w\ -\ -\ 0\ 1 -> result 1/2-1/2 max-plies
Game (W:v12 vs B:v11) FEN=rnbqrbnk/p2p2p1/1p2p2p/2p2p2/2P5/1P1P2PP/P3PP2/KNBRQBNR\ w\ -\ -\ 0\ 1 -> result 1/2-1/2 max-plies
Game (W:v12 vs B:v11) FEN=knbrqbnr/p1p2p1p/1p4p1/3pp3/5P2/2PPP2P/PP4P1/RNBQRBNK\ w\ -\ -\ 0\ 1 -> result 1/2-1/2 max-plies
Game (W:v12 vs B:v11) FEN=rnbqrbnk/pp5p/2p1ppp1/3p4/8/PP1PP1P1/2P2P1P/KNBRQBNR\ w\ -\ -\ 0\ 1 -> result 1-0 checkmate
Game (W:v12 vs B:v11) FEN=knbrqbnr/pp4pp/2p5/3ppp2/4P3/PP3P2/2PP2PP/RNBQRBNK\ w\ -\ -\ 0\ 1 -> result 0-1 checkmate
Game (W:v12 vs B:v11) FEN=knbrqbnr/2p2p1p/pp1p2p1/4p3/5P2/1P1PP1P1/P1P4P/RNBQRBNK\ w\ -\ -\ 0\ 1 -> result 1/2-1/2 max-plies
Game (W:v12 vs B:v11) FEN=knbrqbnr/p1p3pp/1p2p3/3p1p2/2PP1P2/4P1P1/PP5P/RNBQRBNK\ w\ -\ -\ 0\ 1 -> result 1/2-1/2 max-plies
Game (W:v12 vs B:v11) FEN=knbrqbnr/pp5p/2ppppp1/8/4P3/1P4PP/P1PP1P2/RNBQRBNK\ w\ -\ -\ 0\ 1 -> result 1/2-1/2 max-plies
Game (W:v12 vs B:v11) FEN=knbrqbnr/pp4p1/3pp2p/2p2p2/2P2P2/3PP2P/PP4P1/RNBQRBNK\ w\ -\ -\ 0\ 1 -> result 1/2-1/2 max-plies
Game (W:v12 vs B:v11) FEN=rnbqrbnk/1p3p1p/p3p1p1/2pp4/5P2/1P1PP1P1/P1P4P/KNBRQBNR\ w\ -\ -\ 0\ 1 -> result 1-0 checkmate
Game (W:v12 vs B:v11) FEN=rnbqrbnk/p4ppp/1pp5/3pp3/3P4/2P2P1P/PP2P1P1/KNBRQBNR\ w\ -\ -\ 0\ 1 -> result 0-1 checkmate
Game (W:v12 vs B:v11) FEN=rnbqrbnk/p4pp1/1pp1p2p/3p4/8/2PPPP1P/PP4P1/KNBRQBNR\ w\ -\ -\ 0\ 1 -> result 0-1 checkmate
Game (W:v12 vs B:v11) FEN=rnbqrbnk/2p3pp/pp2pp2/3p4/4PP2/1P1P3P/P1P3P1/KNBRQBNR\ w\ -\ -\ 0\ 1 -> result 0-1 checkmate
Game (W:v12 vs B:v11) FEN=rnbqrbnk/pp4pp/2pp1p2/4p3/3P4/1P2PP2/P1P3PP/KNBRQBNR\ w\ -\ -\ 0\ 1 -> result 1/2-1/2 max-plies
Game (W:v12 vs B:v11) FEN=rnbqrbnk/p4pp1/1pp1p2p/3p4/2P1PP2/1P1P4/P5PP/KNBRQBNR\ w\ -\ -\ 0\ 1 -> result 1/2-1/2 max-plies
Game (W:v12 vs B:v11) FEN=rnbqrbnk/p1p4p/1p2p1p1/3p1p2/2P5/1P1PP1P1/P4P1P/KNBRQBNR\ w\ -\ -\ 0\ 1 -> result 1/2-1/2 max-plies
Game (W:v12 vs B:v11) FEN=rnbqrbnk/p5pp/1pp1p3/3p1p2/3P4/1P2P2P/P1P2PP1/KNBRQBNR\ w\ -\ -\ 0\ 1 -> result 1/2-1/2 max-plies
Game (W:v12 vs B:v11) FEN=rnbqrbnk/p1p3pp/1p1p4/4pp2/4P3/PP1P1P2/2P3PP/KNBRQBNR\ w\ -\ -\ 0\ 1 -> result 1/2-1/2 max-plies
Game (W:v12 vs B:v11) FEN=knbrqbnr/4p1pp/pppp4/5p2/8/2P1PPPP/PP1P4/RNBQRBNK\ w\ -\ -\ 0\ 1 -> result 1/2-1/2 max-plies

=== Match Summary ===
Total games: 100
v11 wins: 21
v12 wins: 21
draws:   58
=== Worker 5 end ===
