=== Worker 4 start ===
Running matches: games_per_side=50, depth=8, max_plies=150, movetime_ms=10, fen_or_book=book, version_a=v24, version_b=v25

Batch 1/2: v24 white vs v25 black, 50 games
Game (W:v24 vs B:v25) FEN=knbrqbnr/1pp3pp/p3pp2/3p4/3P4/1PP1PP2/P5PP/RNBQRBNK\ w\ -\ -\ 0\ 1 -> result 0-1 checkmate
Game (W:v24 vs B:v25) FEN=rnbqrbnk/1pp2p1p/p5p1/3pp3/5P2/P1PP2P1/1P2P2P/KNBRQBNR\ w\ -\ -\ 0\ 1 -> result 0-1 checkmate
Game (W:v24 vs B:v25) FEN=knbrqbnr/p4p1p/1p1p2p1/2p1p3/5P2/1P1PP1P1/P1P4P/RNBQRBNK\ w\ -\ -\ 0\ 1 -> result 0-1 checkmate
Game (W:v24 vs B:v25) FEN=knbrqbnr/1p2p2p/p1pp2p1/5p2/4P3/1P1P3P/P1P2PP1/RNBQRBNK\ w\ -\ -\ 0\ 1 -> result 1/2-1/2 max-plies
Game (W:v24 vs B:v25) FEN=rnbqrbnk/p1p3p1/1p1pp2p/5p2/2P5/PP1PP3/5PPP/KNBRQBNR\ w\ -\ -\ 0\ 1 -> result 1/2-1/2 threefold-repetition
Game (W:v24 vs B:v25) FEN=knbrqbnr/2p3pp/pp1p4/4pp2/4PP2/1P4P1/P1PP3P/RNBQRBNK\ w\ -\ -\ 0\ 1 -> result 1/2-1/2 max-plies
Game (W:v24 vs B:v25) FEN=rnbqrbnk/p5pp/1ppppp2/8/5P2/1PPP3P/P3P1P1/KNBRQBNR\ w\ -\ -\ 0\ 1 -> result 0-1 checkmate
Game (W:v24 vs B:v25) FEN=knbrqbnr/pp4p1/2ppp2p/5p2/2P1PP2/7P/PP1P2P1/RNBQRBNK\ w\ -\ -\ 0\ 1 -> result 1-0 checkmate
Game (W:v24 vs B:v25) FEN=knbrqbnr/p5pp/1pppp3/5p2/3P1P2/4P1PP/PPP5/RNBQRBNK\ w\ -\ -\ 0\ 1 -> result 0-1 checkmate
Game (W:v24 vs B:v25) FEN=knbrqbnr/pp4p1/2pppp1p/8/4P3/1PP3P1/P2P1P1P/RNBQRBNK\ w\ -\ -\ 0\ 1 -> result 0-1 checkmate
Game (W:v24 vs B:v25) FEN=knbrqbnr/pp4p1/2ppp2p/5p2/2P5/1P1PP2P/P4PP1/RNBQRBNK\ w\ -\ -\ 0\ 1 -> result 1-0 checkmate
Game (W:v24 vs B:v25) FEN=rnbqrbnk/pp1p2p1/5p1p/2p1p3/2P5/1P1P1P1P/P3P1P1/KNBRQBNR\ w\ -\ -\ 0\ 1 -> result 1/2-1/2 max-plies
Game (W:v24 vs B:v25) FEN=rnbqrbnk/pp5p/2p1ppp1/3p4/2PP4/1P2P3/P4PPP/KNBRQBNR\ w\ -\ -\ 0\ 1 -> result 1/2-1/2 max-plies
Game (W:v24 vs B:v25) FEN=rnbqrbnk/ppp2p2/3p2pp/4p3/2P1PP2/1P1P4/P5PP/KNBRQBNR\ w\ -\ -\ 0\ 1 -> result 0-1 checkmate
Game (W:v24 vs B:v25) FEN=knbrqbnr/1p4pp/p2ppp2/2p5/2P2P2/3PP1P1/PP5P/RNBQRBNK\ w\ -\ -\ 0\ 1 -> result 0-1 checkmate
Game (W:v24 vs B:v25) FEN=rnbqrbnk/1p4pp/p3p3/2pp1p2/3P4/2P1P2P/PP3PP1/KNBRQBNR\ w\ -\ -\ 0\ 1 -> result 1-0 checkmate
Game (W:v24 vs B:v25) FEN=knbrqbnr/1p4pp/p2pp3/2p2p2/2P5/1P2PPP1/P2P3P/RNBQRBNK\ w\ -\ -\ 0\ 1 -> result 1-0 checkmate
Game (W:v24 vs B:v25) FEN=knbrqbnr/p1p4p/1p1pp1p1/5p2/4P3/5PPP/PPPP4/RNBQRBNK\ w\ -\ -\ 0\ 1 -> result 0-1 checkmate
Game (W:v24 vs B:v25) FEN=knbrqbnr/p1p2p2/1p1p2pp/4p3/4PP2/3P3P/PPP3P1/RNBQRBNK\ w\ -\ -\ 0\ 1 -> result 1/2-1/2 max-plies
Game (W:v24 vs B:v25) FEN=rnbqrbnk/p5pp/1p2p3/2pp1p2/2PP4/4P1P1/PP3P1P/KNBRQBNR\ w\ -\ -\ 0\ 1 -> result 1/2-1/2 max-plies
Game (W:v24 vs B:v25) FEN=knbrqbnr/1p2p2p/p2p2p1/2p2p2/5P2/1P2P1PP/P1PP4/RNBQRBNK\ w\ -\ -\ 0\ 1 -> result 0-1 checkmate
Game (W:v24 vs B:v25) FEN=knbrqbnr/pp2pp2/2p3pp/3p4/2P5/3PPPP1/PP5P/RNBQRBNK\ w\ -\ -\ 0\ 1 -> result 1-0 checkmate
Game (W:v24 vs B:v25) FEN=rnbqrbnk/p4pp1/1pp1p2p/3p4/2PP4/5PP1/PP2P2P/KNBRQBNR\ w\ -\ -\ 0\ 1 -> result 1-0 checkmate
Game (W:v24 vs B:v25) FEN=knbrqbnr/1pp4p/p2p2p1/4pp2/3P4/P1P1PP2/1P4PP/RNBQRBNK\ w\ -\ -\ 0\ 1 -> result 1-0 checkmate
Game (W:v24 vs B:v25) FEN=rnbqrbnk/p2p1p2/1p2p1pp/2p5/2P5/P2P1PP1/1P2P2P/KNBRQBNR\ w\ -\ -\ 0\ 1 -> result 0-1 checkmate
Game (W:v24 vs B:v25) FEN=rnbqrbnk/pp5p/2ppppp1/8/2P1P3/PP1P4/5PPP/KNBRQBNR\ w\ -\ -\ 0\ 1 -> result 1-0 checkmate
Game (W:v24 vs B:v25) FEN=rnbqrbnk/ppp5/4pppp/3p4/8/1P1P1PPP/P1P1P3/KNBRQBNR\ w\ -\ -\ 0\ 1 -> result 1-0 checkmate
Game (W:v24 vs B:v25) FEN=knbrqbnr/pp2p2p/2p2pp1/3p4/3P1P2/1PP1P3/P5PP/RNBQRBNK\ w\ -\ -\ 0\ 1 -> result 1/2-1/2 max-plies
Game (W:v24 vs B:v25) FEN=rnbqrbnk/pp4pp/2pp1p2/4p3/2P2P2/P2PP3/1P4PP/KNBRQBNR\ w\ -\ -\ 0\ 1 -> result 1-0 checkmate
Game (W:v24 vs B:v25) FEN=rnbqrbnk/p4ppp/1p6/2ppp3/4P3/1PPP1P2/P5PP/KNBRQBNR\ w\ -\ -\ 0\ 1 -> result 1/2-1/2 max-plies
Game (W:v24 vs B:v25) FEN=rnbqrbnk/p5pp/1pppp3/5p2/2PP4/1P2P3/P4PPP/KNBRQBNR\ w\ -\ -\ 0\ 1 -> result 0-1 checkmate
Game (W:v24 vs B:v25) FEN=knbrqbnr/2p1pp1p/pp4p1/3p4/5P2/3PP1PP/PPP5/RNBQRBNK\ w\ -\ -\ 0\ 1 -> result 0-1 checkmate
Game (W:v24 vs B:v25) FEN=rnbqrbnk/pp3p2/3pp1pp/2p5/2P5/P2PPP2/1P4PP/KNBRQBNR\ w\ -\ -\ 0\ 1 -> result 1/2-1/2 max-plies
