=== Worker 6 start ===
Running matches: games_per_side=50, depth=8, max_plies=150, movetime_ms=10, fen_or_book=book, version_a=v24, version_b=v25

Batch 1/2: v24 white vs v25 black, 50 games
Game (W:v24 vs B:v25) FEN=rnbqrbnk/p2p1pp1/1pp4p/4p3/5P2/PP1PP3/2P3PP/KNBRQBNR\ w\ -\ -\ 0\ 1 -> result 1-0 checkmate
Game (W:v24 vs B:v25) FEN=knbrqbnr/1p3ppp/p1p5/3pp3/2PP1P2/4P1P1/PP5P/RNBQRBNK\ w\ -\ -\ 0\ 1 -> result 1-0 checkmate
Game (W:v24 vs B:v25) FEN=rnbqrbnk/ppp5/3pp1pp/5p2/8/1PPP1PP1/P3P2P/KNBRQBNR\ w\ -\ -\ 0\ 1 -> result 1/2-1/2 threefold-repetition
Game (W:v24 vs B:v25) FEN=knbrqbnr/p3p1p1/1ppp3p/5p2/5P2/P2PP1P1/1PP4P/RNBQRBNK\ w\ -\ -\ 0\ 1 -> result 1/2-1/2 max-plies
Game (W:v24 vs B:v25) FEN=knbrqbnr/pp4pp/2p5/3ppp2/4P3/PP3P2/2PP2PP/RNBQRBNK\ w\ -\ -\ 0\ 1 -> result 0-1 checkmate
Game (W:v24 vs B:v25) FEN=knbrqbnr/pp5p/2ppp1p1/5p2/2PP4/4P1PP/PP3P2/RNBQRBNK\ w\ -\ -\ 0\ 1 -> result 0-1 checkmate
Game (W:v24 vs B:v25) FEN=knbrqbnr/p5pp/1p1p4/2p1pp2/2P1P3/PP6/3P1PPP/RNBQRBNK\ w\ -\ -\ 0\ 1 -> result 1/2-1/2 max-plies
Game (W:v24 vs B:v25) FEN=knbrqbnr/pp4p1/3p3p/2p1pp2/4P3/P1PP4/1P3PPP/RNBQRBNK\ w\ -\ -\ 0\ 1 -> result 0-1 checkmate
Game (W:v24 vs B:v25) FEN=knbrqbnr/pp5p/2ppppp1/8/3P4/2P1PPP1/PP5P/RNBQRBNK\ w\ -\ -\ 0\ 1 -> result 1/2-1/2 max-plies
Game (W:v24 vs B:v25) FEN=rnbqrbnk/pp5p/2p1ppp1/3p4/2PP4/1P2P3/P4PPP/KNBRQBNR\ w\ -\ -\ 0\ 1 -> result 1/2-1/2 max-plies
Game (W:v24 vs B:v25) FEN=knbrqbnr/pp3pp1/2p4p/3pp3/4P3/PP4P1/2PP1P1P/RNBQRBNK\ w\ -\ -\ 0\ 1 -> result 1/2-1/2 max-plies
Game (W:v24 vs B:v25) FEN=knbrqbnr/pp5p/3p1pp1/2p1p3/3P4/1PP1P1P1/P4P1P/RNBQRBNK\ w\ -\ c6\ 0\ 1 -> result 1-0 checkmate
Game (W:v24 vs B:v25) FEN=rnbqrbnk/ppp4p/3p2p1/4pp2/8/1P1PPPP1/P1P4P/KNBRQBNR\ w\ -\ -\ 0\ 1 -> result 0-1 checkmate
Game (W:v24 vs B:v25) FEN=knbrqbnr/pp3pp1/7p/2ppp3/4P3/2P2PP1/PP1P3P/RNBQRBNK\ w\ -\ -\ 0\ 1 -> result 0-1 checkmate
Game (W:v24 vs B:v25) FEN=knbrqbnr/ppp4p/6p1/3ppp2/5P2/PPP1P3/3P2PP/RNBQRBNK\ w\ -\ -\ 0\ 1 -> result 1/2-1/2 max-plies
Game (W:v24 vs B:v25) FEN=rnbqrbnk/p5pp/1ppppp2/8/8/1PPPPP2/P5PP/KNBRQBNR\ w\ -\ -\ 0\ 1 -> result 1-0 checkmate
Game (W:v24 vs B:v25) FEN=rnbqrbnk/1p3p1p/p1p1p1p1/3p4/8/1PPPP1P1/P4P1P/KNBRQBNR\ w\ -\ -\ 0\ 1 -> result 1/2-1/2 max-plies
Game (W:v24 vs B:v25) FEN=knbrqbnr/pp3p2/3p2pp/2p1p3/2P2P2/PP2P3/3P2PP/RNBQRBNK\ w\ -\ -\ 0\ 1 -> result 0-1 checkmate
Game (W:v24 vs B:v25) FEN=rnbqrbnk/pp3p1p/2p3p1/3pp3/5P2/P1PPP3/1P4PP/KNBRQBNR\ w\ -\ -\ 0\ 1 -> result 1-0 checkmate
Game (W:v24 vs B:v25) FEN=knbrqbnr/p4ppp/1p6/2ppp3/8/1PP1PP1P/P2P2P1/RNBQRBNK\ w\ -\ -\ 0\ 1 -> result 0-1 checkmate
Game (W:v24 vs B:v25) FEN=knbrqbnr/1pp4p/p2pp1p1/5p2/2P1P3/5P1P/PP1P2P1/RNBQRBNK\ w\ -\ -\ 0\ 1 -> result 1/2-1/2 max-plies
Game (W:v24 vs B:v25) FEN=rnbqrbnk/p1pp1p2/1p4pp/4p3/8/1P1PPP1P/P1P3P1/KNBRQBNR\ w\ -\ -\ 0\ 1 -> result 1-0 checkmate
Game (W:v24 vs B:v25) FEN=knbrqbnr/2p1p1pp/pp3p2/3p4/8/1PP1PP1P/P2P2P1/RNBQRBNK\ w\ -\ -\ 0\ 1 -> result 1/2-1/2 max-plies
Game (W:v24 vs B:v25) FEN=rnbqrbnk/p4pp1/1p2p2p/2pp4/2P1P3/3P1P1P/PP4P1/KNBRQBNR\ w\ -\ -\ 0\ 1 -> result 1-0 checkmate
Game (W:v24 vs B:v25) FEN=rnbqrbnk/p4p1p/1pp1p1p1/3p4/8/1PPP1P1P/P3P1P1/KNBRQBNR\ w\ -\ -\ 0\ 1 -> result 1/2-1/2 threefold-repetition
Game (W:v24 vs B:v25) FEN=rnbqrbnk/5ppp/ppppp3/8/8/1P1PPP1P/P1P3P1/KNBRQBNR\ w\ -\ -\ 0\ 1 -> result 1-0 checkmate
Game (W:v24 vs B:v25) FEN=rnbqrbnk/ppp3p1/3p3p/4pp2/5P2/P1PPP3/1P4PP/KNBRQBNR\ w\ -\ -\ 0\ 1 -> result 1-0 checkmate
Game (W:v24 vs B:v25) FEN=rnbqrbnk/pp4pp/2p2p2/3pp3/5P2/3PP1PP/PPP5/KNBRQBNR\ w\ -\ -\ 0\ 1 -> result 0-1 checkmate
Game (W:v24 vs B:v25) FEN=knbrqbnr/pp2pp2/6pp/2pp4/4PP2/1P1P4/P1P3PP/RNBQRBNK\ w\ -\ -\ 0\ 1 -> result 0-1 checkmate
Game (W:v24 vs B:v25) FEN=knbrqbnr/p1p3p1/1p1p3p/4pp2/2P1P3/6PP/PP1P1P2/RNBQRBNK\ w\ -\ -\ 0\ 1 -> result 1/2-1/2 max-plies
Game (W:v24 vs B:v25) FEN=knbrqbnr/ppp4p/4ppp1/3p4/2PP4/4P1PP/PP3P2/RNBQRBNK\ w\ -\ -\ 0\ 1 -> result 0-1 checkmate
Game (W:v24 vs B:v25) FEN=rnbqrbnk/1pp3pp/p4p2/3pp3/3P1P2/1PP5/P3P1PP/KNBRQBNR\ w\ -\ -\ 0\ 1 -> result 0-1 checkmate
