=== Worker 6 start ===
Running matches: games_per_side=50, depth=8, max_plies=150, movetime_ms=10, fen_or_book=book, version_a=v27, version_b=v28

Batch 1/2: v27 white vs v28 black, 50 games
Game (W:v27 vs B:v28) FEN=rnbqrbnk/p1p3pp/1p1p1p2/4p3/2P1P3/P2P1P2/1P4PP/KNBRQBNR\ w\ -\ -\ 0\ 1 -> result 1-0 checkmate
Game (W:v27 vs B:v28) FEN=rnbqrbnk/5ppp/ppp1p3/3p4/3P4/P1P3P1/1P2PP1P/KNBRQBNR\ w\ -\ -\ 0\ 1 -> result 0-1 checkmate
Game (W:v27 vs B:v28) FEN=rnbqrbnk/1p1p1p1p/p5p1/2p1p3/8/1P1PP1PP/P1P2P2/KNBRQBNR\ w\ -\ -\ 0\ 1 -> result 1-0 checkmate
Game (W:v27 vs B:v28) FEN=knbrqbnr/1p2p2p/p1pp2p1/5p2/4P3/P2P2P1/1PP2P1P/RNBQRBNK\ w\ -\ -\ 0\ 1 -> result 1/2-1/2 max-plies
Game (W:v27 vs B:v28) FEN=rnbqrbnk/p5pp/1p1pp3/2p2p2/3P4/1P2P2P/P1P2PP1/KNBRQBNR\ w\ -\ -\ 0\ 1 -> result 1-0 checkmate
Game (W:v27 vs B:v28) FEN=knbrqbnr/p1p1p2p/1p4p1/3p1p2/3P4/P1P1P1P1/1P3P1P/RNBQRBNK\ w\ -\ -\ 0\ 1 -> result 1/2-1/2 max-plies
Game (W:v27 vs B:v28) FEN=knbrqbnr/p3ppp1/1pp4p/3p4/5P2/P2PP1P1/1PP4P/RNBQRBNK\ w\ -\ -\ 0\ 1 -> result 1/2-1/2 max-plies
Game (W:v27 vs B:v28) FEN=rnbqrbnk/ppp4p/3p2p1/4pp2/2P1PP2/1P1P4/P5PP/KNBRQBNR\ w\ -\ -\ 0\ 1 -> result 1-0 checkmate
Game (W:v27 vs B:v28) FEN=rnbqrbnk/3p2pp/pp2pp2/2p5/8/P1PPPP2/1P4PP/KNBRQBNR\ w\ -\ -\ 0\ 1 -> result 1-0 checkmate
Game (W:v27 vs B:v28) FEN=knbrqbnr/p1p2p1p/1p4p1/3pp3/3P4/2P1PPP1/PP5P/RNBQRBNK\ w\ -\ -\ 0\ 1 -> result 0-1 checkmate
Game (W:v27 vs B:v28) FEN=rnbqrbnk/p2p2p1/1p2pp1p/2p5/8/P2PPPP1/1PP4P/KNBRQBNR\ w\ -\ -\ 0\ 1 -> result 1/2-1/2 max-plies
Game (W:v27 vs B:v28) FEN=rnbqrbnk/p2p1p1p/1p4p1/2p1p3/2P1P3/PP1P4/5PPP/KNBRQBNR\ w\ -\ -\ 0\ 1 -> result 1/2-1/2 max-plies
Game (W:v27 vs B:v28) FEN=rnbqrbnk/2pp2pp/pp6/4pp2/8/1PPPP1P1/P4P1P/KNBRQBNR\ w\ -\ -\ 0\ 1 -> result 1-0 checkmate
Game (W:v27 vs B:v28) FEN=rnbqrbnk/1p4pp/p3p3/2pp1p2/2PP4/4P1P1/PP3P1P/KNBRQBNR\ w\ -\ -\ 0\ 1 -> result 1-0 checkmate
Game (W:v27 vs B:v28) FEN=rnbqrbnk/1pp4p/p3p1p1/3p1p2/8/1P1PP1PP/P1P2P2/KNBRQBNR\ w\ -\ -\ 0\ 1 -> result 1/2-1/2 max-plies
Game (W:v27 vs B:v28) FEN=rnbqrbnk/p5pp/1pppp3/5p2/2PP4/1P4P1/P3PP1P/KNBRQBNR\ w\ -\ -\ 0\ 1 -> result 0-1 checkmate
Game (W:v27 vs B:v28) FEN=knbrqbnr/pp3p1p/2p3p1/3pp3/4P3/P1P3P1/1P1P1P1P/RNBQRBNK\ w\ -\ -\ 0\ 1 -> result 0-1 checkmate
Game (W:v27 vs B:v28) FEN=knbrqbnr/pp5p/3p1pp1/2p1p3/8/PP1PP1P1/2P2P1P/RNBQRBNK\ w\ -\ c6\ 0\ 1 -> result 1-0 checkmate
Game (W:v27 vs B:v28) FEN=rnbqrbnk/3p2pp/ppp1p3/5p2/3P1P2/PP6/2P1P1PP/KNBRQBNR\ w\ -\ -\ 0\ 1 -> result 0-1 checkmate
Game (W:v27 vs B:v28) FEN=knbrqbnr/pp3p2/2pp2pp/4p3/3P4/2P1PP1P/PP4P1/RNBQRBNK\ w\ -\ -\ 0\ 1 -> result 1-0 checkmate
Game (W:v27 vs B:v28) FEN=knbrqbnr/pp4pp/2p5/3ppp2/2P1P3/1P4P1/P2P1P1P/RNBQRBNK\ w\ -\ -\ 0\ 1 -> result 0-1 checkmate
Game (W:v27 vs B:v28) FEN=rnbqrbnk/pp4p1/3ppp1p/2p5/3P4/1P4PP/P1P1PP2/KNBRQBNR\ w\ -\ -\ 0\ 1 -> result 0-1 checkmate
Game (W:v27 vs B:v28) FEN=knbrqbnr/p1p2p2/1p1pp1pp/8/3P4/4PPPP/PPP5/RNBQRBNK\ w\ -\ -\ 0\ 1 -> result 0-1 checkmate
Game (W:v27 vs B:v28) FEN=rnbqrbnk/1pp3pp/p7/3ppp2/3P4/1PP2P2/P3P1PP/KNBRQBNR\ w\ -\ -\ 0\ 1 -> result 0-1 checkmate
Game (W:v27 vs B:v28) FEN=knbrqbnr/pp4p1/2pp3p/4pp2/2P1P3/6PP/PP1P1P2/RNBQRBNK\ w\ -\ -\ 0\ 1 -> result 1-0 checkmate
Game (W:v27 vs B:v28) FEN=knbrqbnr/pp4p1/2ppp2p/5p2/2PP4/P3P1P1/1P3P1P/RNBQRBNK\ w\ -\ -\ 0\ 1 -> result 0-1 checkmate
Game (W:v27 vs B:v28) FEN=knbrqbnr/p4pp1/1pppp2p/8/4P3/5PPP/PPPP4/RNBQRBNK\ w\ -\ -\ 0\ 1 -> result 1/2-1/2 max-plies
Game (W:v27 vs B:v28) FEN=rnbqrbnk/ppp4p/3p2p1/4pp2/2P5/PP1PP3/5PPP/KNBRQBNR\ w\ -\ -\ 0\ 1 -> result 1-0 checkmate
Game (W:v27 vs B:v28) FEN=knbrqbnr/ppp2p2/6pp/3pp3/2P2P2/P2PP3/1P4PP/RNBQRBNK\ w\ -\ -\ 0\ 1 -> result 0-1 checkmate
Game (W:v27 vs B:v28) FEN=rnbqrbnk/p5pp/1p2p3/2pp1p2/4PP2/1PPP4/P5PP/KNBRQBNR\ w\ -\ -\ 0\ 1 -> result 1/2-1/2 max-plies
Game (W:v27 vs B:v28) FEN=rnbqrbnk/p4pp1/1p1pp2p/2p5/8/P2PPPP1/1PP4P/KNBRQBNR\ w\ -\ -\ 0\ 1 -> result 1-0 checkmate
Game (W:v27 vs B:v28) FEN=knbrqbnr/pp4p1/2ppp2p/5p2/2P1PP2/7P/PP1P2P1/RNBQRBNK\ w\ -\ -\ 0\ 1 -> result 0-1 checkmate
Game (W:v27 vs B:v28) FEN=rnbqrbnk/p4ppp/1p1p4/2p1p3/2P5/3PPP1P/PP4P1/KNBRQBNR\ w\ -\ -\ 0\ 1 -> result 0-1 checkmate
Game (W:v27 vs B:v28) FEN=knbrqbnr/pp4p1/3p1p1p/2p1p3/3P1P2/P3P1P1/1PP4P/RNBQRBNK\ w\ -\ -\ 0\ 1 -> result 1-0 checkmate
Game (W:v27 vs B:v28) FEN=rnbqrbnk/p1p2pp1/1p1p3p/4p3/4P3/P1PP1P2/1P4PP/KNBRQBNR\ w\ -\ -\ 0\ 1 -> result 0-1 checkmate
Game (W:v27 vs B:v28) FEN=knbrqbnr/1p3p1p/p2p2p1/2p1p3/4PP2/2PP4/PP4PP/RNBQRBNK\ w\ -\ -\ 0\ 1 -> result 1-0 checkmate
Game (W:v27 vs B:v28) FEN=rnbqrbnk/1p4pp/p3p3/2pp1p2/4P3/2PP1PP1/PP5P/KNBRQBNR\ w\ -\ -\ 0\ 1 -> result 1/2-1/2 threefold-repetition
Game (W:v27 vs B:v28) FEN=knbrqbnr/1p2pp1p/p1p3p1/3p4/2P2P2/3PP1P1/PP5P/RNBQRBNK\ w\ -\ -\ 0\ 1 -> result 1/2-1/2 max-plies
Game (W:v27 vs B:v28) FEN=knbrqbnr/pp5p/3pp1p1/2p2p2/2P1P3/P4P2/1P1P2PP/RNBQRBNK\ w\ -\ c6\ 0\ 1 -> result 1-0 checkmate
Game (W:v27 vs B:v28) FEN=knbrqbnr/p4ppp/1p6/2ppp3/8/1PP1PP1P/P2P2P1/RNBQRBNK\ w\ -\ -\ 0\ 1 -> result 0-1 checkmate
Game (W:v27 vs B:v28) FEN=rnbqrbnk/p2p1p1p/1pp3p1/4p3/2P5/1P1PP1P1/P4P1P/KNBRQBNR\ w\ -\ -\ 0\ 1 -> result 1-0 checkmate
Game (W:v27 vs B:v28) FEN=rnbqrbnk/pp3pp1/7p/2ppp3/5P2/2PPP1P1/PP5P/KNBRQBNR\ w\ -\ -\ 0\ 1 -> result 1/2-1/2 max-plies
Game (W:v27 vs B:v28) FEN=knbrqbnr/2p3pp/pp1p4/4pp2/8/1PPPPP2/P5PP/RNBQRBNK\ w\ -\ -\ 0\ 1 -> result 1/2-1/2 max-plies
Game (W:v27 vs B:v28) FEN=rnbqrbnk/1p3ppp/p1pp4/4p3/3P4/1PP4P/P3PPP1/KNBRQBNR\ w\ -\ -\ 0\ 1 -> result 1/2-1/2 threefold-repetition
Game (W:v27 vs B:v28) FEN=rnbqrbnk/pp4p1/2pppp1p/8/2P2P2/1P1P3P/P3P1P1/KNBRQBNR\ w\ -\ -\ 0\ 1 -> result 0-1 checkmate
Game (W:v27 vs B:v28) FEN=knbrqbnr/2p2p1p/pp1pp1p1/8/3P1P2/2P1P1P1/PP5P/RNBQRBNK\ w\ -\ -\ 0\ 1 -> result 1/2-1/2 max-plies
Game (W:v27 vs B:v28) FEN=knbrqbnr/pp2pp2/2p3pp/3p4/4P3/PP4P1/2PP1P1P/RNBQRBNK\ w\ -\ -\ 0\ 1 -> result 0-1 checkmate
Game (W:v27 vs B:v28) FEN=knbrqbnr/pp2p2p/2p3p1/3p1p2/3P4/PP2P1P1/2P2P1P/RNBQRBNK\ w\ -\ -\ 0\ 1 -> result 1-0 checkmate
Game (W:v27 vs B:v28) FEN=knbrqbnr/p3ppp1/1pp4p/3p4/5P2/P2PP1P1/1PP4P/RNBQRBNK\ w\ -\ -\ 0\ 1 -> result 0-1 checkmate
Game (W:v27 vs B:v28) FEN=rnbqrbnk/1pp3pp/p4p2/3pp3/5P2/3PP1PP/PPP5/KNBRQBNR\ w\ -\ -\ 0\ 1 -> result 1/2-1/2 max-plies
Batch 2/2: v28 white vs v27 black, 50 games
Game (W:v28 vs B:v27) FEN=rnbqrbnk/pp1p2p1/5p1p/2p1p3/4P3/1P1P1P1P/P1P3P1/KNBRQBNR\ w\ -\ -\ 0\ 1 -> result 1/2-1/2 max-plies
Game (W:v28 vs B:v27) FEN=knbrqbnr/p1p3p1/1p1ppp1p/8/5P2/1PP1P1P1/P2P3P/RNBQRBNK\ w\ -\ -\ 0\ 1 -> result 1-0 checkmate
Game (W:v28 vs B:v27) FEN=knbrqbnr/p1p4p/1p1pp1p1/5p2/8/3PPPPP/PPP5/RNBQRBNK\ w\ -\ -\ 0\ 1 -> result 1/2-1/2 max-plies
Game (W:v28 vs B:v27) FEN=rnbqrbnk/p4p1p/1pp1p1p1/3p4/8/1PPPPP2/P5PP/KNBRQBNR\ w\ -\ -\ 0\ 1 -> result 0-1 checkmate
Game (W:v28 vs B:v27) FEN=knbrqbnr/1pp1p2p/p5p1/3p1p2/3P1P2/2P1P1P1/PP5P/RNBQRBNK\ w\ -\ -\ 0\ 1 -> result 0-1 checkmate
Game (W:v28 vs B:v27) FEN=knbrqbnr/ppp4p/5pp1/3pp3/2P5/1P1PP1P1/P4P1P/RNBQRBNK\ w\ -\ -\ 0\ 1 -> result 1/2-1/2 max-plies
Game (W:v28 vs B:v27) FEN=knbrqbnr/p3p1p1/1ppp1p1p/8/5P2/PP2P1P1/2PP3P/RNBQRBNK\ w\ -\ -\ 0\ 1 -> result 0-1 checkmate
Game (W:v28 vs B:v27) FEN=rnbqrbnk/2p2p1p/pp2p1p1/3p4/2P5/1P1PP1P1/P4P1P/KNBRQBNR\ w\ -\ -\ 0\ 1 -> result 1-0 checkmate
Game (W:v28 vs B:v27) FEN=rnbqrbnk/pp5p/4p1p1/2pp1p2/4P3/1P1P1PP1/P1P4P/KNBRQBNR\ w\ -\ c6\ 0\ 1 -> result 0-1 checkmate
Game (W:v28 vs B:v27) FEN=rnbqrbnk/p5pp/1pp1p3/3p1p2/5P2/PP1P2P1/2P1P2P/KNBRQBNR\ w\ -\ -\ 0\ 1 -> result 1/2-1/2 threefold-repetition
Game (W:v28 vs B:v27) FEN=knbrqbnr/1pp4p/p2pp1p1/5p2/3PP3/1P4P1/P1P2P1P/RNBQRBNK\ w\ -\ -\ 0\ 1 -> result 0-1 checkmate
Game (W:v28 vs B:v27) FEN=knbrqbnr/p4pp1/1pppp2p/8/5P2/P1P1P1P1/1P1P3P/RNBQRBNK\ w\ -\ -\ 0\ 1 -> result 1-0 checkmate
Game (W:v28 vs B:v27) FEN=knbrqbnr/ppp3p1/4pp1p/3p4/2PP4/4PP1P/PP4P1/RNBQRBNK\ w\ -\ -\ 0\ 1 -> result 1/2-1/2 max-plies
Game (W:v28 vs B:v27) FEN=rnbqrbnk/p5pp/1ppppp2/8/2PP4/4P1P1/PP3P1P/KNBRQBNR\ w\ -\ -\ 0\ 1 -> result 1-0 checkmate
Game (W:v28 vs B:v27) FEN=rnbqrbnk/pp5p/4ppp1/2pp4/2P5/3PP1PP/PP3P2/KNBRQBNR\ w\ -\ c6\ 0\ 1 -> result 0-1 checkmate
Game (W:v28 vs B:v27) FEN=knbrqbnr/p1p2p2/1p1pp1pp/8/3P4/4PPPP/PPP5/RNBQRBNK\ w\ -\ -\ 0\ 1 -> result 0-1 checkmate
Game (W:v28 vs B:v27) FEN=knbrqbnr/1pp4p/p2pppp1/8/2P1P3/P5P1/1P1P1P1P/RNBQRBNK\ w\ -\ -\ 0\ 1 -> result 0-1 checkmate
Game (W:v28 vs B:v27) FEN=knbrqbnr/p5pp/1ppppp2/8/8/PP2PPP1/2PP3P/RNBQRBNK\ w\ -\ -\ 0\ 1 -> result 0-1 checkmate
Game (W:v28 vs B:v27) FEN=knbrqbnr/p4pp1/1pppp2p/8/4P3/5PPP/PPPP4/RNBQRBNK\ w\ -\ -\ 0\ 1 -> result 1/2-1/2 threefold-repetition
Game (W:v28 vs B:v27) FEN=rnbqrbnk/1p3p1p/p3p1p1/2pp4/3P4/1PP3P1/P3PP1P/KNBRQBNR\ w\ -\ -\ 0\ 1 -> result 0-1 checkmate
Game (W:v28 vs B:v27) FEN=rnbqrbnk/p4p1p/1p2p1p1/2pp4/3P4/1P2P1P1/P1P2P1P/KNBRQBNR\ w\ -\ -\ 0\ 1 -> result 1-0 checkmate
Game (W:v28 vs B:v27) FEN=rnbqrbnk/p2p3p/1p2p1p1/2p2p2/8/PPPP1P2/4P1PP/KNBRQBNR\ w\ -\ -\ 0\ 1 -> result 0-1 checkmate
Game (W:v28 vs B:v27) FEN=knbrqbnr/p3ppp1/1pp4p/3p4/5P2/1P1PP2P/P1P3P1/RNBQRBNK\ w\ -\ -\ 0\ 1 -> result 0-1 checkmate
Game (W:v28 vs B:v27) FEN=knbrqbnr/1p4pp/p2p1p2/2p1p3/8/1PP1PP1P/P2P2P1/RNBQRBNK\ w\ -\ -\ 0\ 1 -> result 0-1 checkmate
Game (W:v28 vs B:v27) FEN=knbrqbnr/pp2p1p1/2p2p1p/3p4/2P5/3PPP1P/PP4P1/RNBQRBNK\ w\ -\ -\ 0\ 1 -> result 1-0 checkmate
Game (W:v28 vs B:v27) FEN=knbrqbnr/p1p2pp1/1p2p2p/3p4/5P2/2PPP2P/PP4P1/RNBQRBNK\ w\ -\ -\ 0\ 1 -> result 1/2-1/2 max-plies
Game (W:v28 vs B:v27) FEN=rnbqrbnk/p1p3pp/1p1p4/4pp2/3P4/1PP2P2/P3P1PP/KNBRQBNR\ w\ -\ -\ 0\ 1 -> result 1/2-1/2 max-plies
Game (W:v28 vs B:v27) FEN=rnbqrbnk/ppp2p2/6pp/3pp3/4P3/1PPP3P/P4PP1/KNBRQBNR\ w\ -\ -\ 0\ 1 -> result 1-0 checkmate
Game (W:v28 vs B:v27) FEN=rnbqrbnk/p1p3pp/1p1p4/4pp2/3P4/1PP2P2/P3P1PP/KNBRQBNR\ w\ -\ -\ 0\ 1 -> result 1/2-1/2 max-plies
Game (W:v28 vs B:v27) FEN=rnbqrbnk/pp4pp/2pp4/4pp2/3PP3/PP6/2P2PPP/KNBRQBNR\ w\ -\ -\ 0\ 1 -> result 0-1 checkmate
Game (W:v28 vs B:v27) FEN=rnbqrbnk/pp4p1/2pppp1p/8/2P5/1P1PPP2/P5PP/KNBRQBNR\ w\ -\ -\ 0\ 1 -> result 1/2-1/2 max-plies
Game (W:v28 vs B:v27) FEN=rnbqrbnk/1pp4p/p3ppp1/3p4/2P5/PP1PP3/5PPP/KNBRQBNR\ w\ -\ -\ 0\ 1 -> result 0-1 checkmate
Game (W:v28 vs B:v27) FEN=rnbqrbnk/p2p3p/1p2ppp1/2p5/8/1PPPP2P/P4PP1/KNBRQBNR\ w\ -\ -\ 0\ 1 -> result 0-1 checkmate
Game (W:v28 vs B:v27) FEN=knbrqbnr/1p4pp/p1pp4/4pp2/4P3/1P1P2P1/P1P2P1P/RNBQRBNK\ w\ -\ -\ 0\ 1 -> result 0-1 checkmate
Game (W:v28 vs B:v27) FEN=knbrqbnr/p1p3p1/1p1p1p1p/4p3/5P2/1PP1P2P/P2P2P1/RNBQRBNK\ w\ -\ -\ 0\ 1 -> result 1/2-1/2 max-plies
Game (W:v28 vs B:v27) FEN=rnbqrbnk/p1pp2p1/1p5p/4pp2/3P4/1P2P1P1/P1P2P1P/KNBRQBNR\ w\ -\ -\ 0\ 1 -> result 0-1 checkmate
Game (W:v28 vs B:v27) FEN=rnbqrbnk/pp4p1/2p1p2p/3p1p2/4P3/1PPP3P/P4PP1/KNBRQBNR\ w\ -\ -\ 0\ 1 -> result 1-0 checkmate
Game (W:v28 vs B:v27) FEN=rnbqrbnk/p1p3pp/1p1p4/4pp2/2P2P2/1P1PP3/P5PP/KNBRQBNR\ w\ -\ -\ 0\ 1 -> result 1/2-1/2 max-plies
Game (W:v28 vs B:v27) FEN=rnbqrbnk/ppp3p1/3p1p1p/4p3/2PP4/1P5P/P3PPP1/KNBRQBNR\ w\ -\ -\ 0\ 1 -> result 1/2-1/2 max-plies
Game (W:v28 vs B:v27) FEN=knbrqbnr/p1p1p1p1/1p5p/3p1p2/2P5/4PPPP/PP1P4/RNBQRBNK\ w\ -\ -\ 0\ 1 -> result 0-1 checkmate
Game (W:v28 vs B:v27) FEN=rnbqrbnk/p1p2p2/1p1pp1pp/8/8/1PPPPP2/P5PP/KNBRQBNR\ w\ -\ -\ 0\ 1 -> result 1-0 checkmate
Game (W:v28 vs B:v27) FEN=knbrqbnr/p4ppp/1pp1p3/3p4/2PP4/4P1PP/PP3P2/RNBQRBNK\ w\ -\ -\ 0\ 1 -> result 1-0 checkmate
Game (W:v28 vs B:v27) FEN=knbrqbnr/pp3p2/2ppp1pp/8/8/PP1PPP2/2P3PP/RNBQRBNK\ w\ -\ -\ 0\ 1 -> result 1-0 checkmate
Game (W:v28 vs B:v27) FEN=knbrqbnr/pp2p3/2pp2pp/5p2/3PPP2/P7/1PP3PP/RNBQRBNK\ w\ -\ -\ 0\ 1 -> result 1-0 checkmate
Game (W:v28 vs B:v27) FEN=rnbqrbnk/pp4p1/2p1p2p/3p1p2/2PP4/P5P1/1P2PP1P/KNBRQBNR\ w\ -\ -\ 0\ 1 -> result 0-1 checkmate
Game (W:v28 vs B:v27) FEN=rnbqrbnk/p2p2p1/1pp1pp1p/8/8/1PPPP2P/P4PP1/KNBRQBNR\ w\ -\ -\ 0\ 1 -> result 0-1 checkmate
Game (W:v28 vs B:v27) FEN=rnbqrbnk/2p3pp/pp2p3/3p1p2/4P3/1PPP1P2/P5PP/KNBRQBNR\ w\ -\ -\ 0\ 1 -> result 1/2-1/2 max-plies
Game (W:v28 vs B:v27) FEN=knbrqbnr/ppp1p3/6pp/3p1p2/8/PPPPP3/5PPP/RNBQRBNK\ w\ -\ -\ 0\ 1 -> result 1-0 checkmate
Game (W:v28 vs B:v27) FEN=knbrqbnr/pp3pp1/7p/2ppp3/8/PP1PPP2/2P3PP/RNBQRBNK\ w\ -\ -\ 0\ 1 -> result 1/2-1/2 max-plies
Game (W:v28 vs B:v27) FEN=rnbqrbnk/1p4pp/p2pp3/2p2p2/2P5/3PP1PP/PP3P2/KNBRQBNR\ w\ -\ -\ 0\ 1 -> result 1/2-1/2 threefold-repetition

=== Match Summary ===
Total games: 100
v27 wins: 38
v28 wins: 31
draws:   31
=== Worker 6 end ===
