=== Worker 8 start ===
Running matches: games_per_side=10, depth=8, max_plies=150, movetime_ms=200, fen_or_book=book, version_a=v29, version_b=v30

Batch 1/2: v29 white vs v30 black, 10 games
Game (W:v29 vs B:v30) FEN=knbrqbnr/pp2p1p1/2p4p/3p1p2/3P4/P1P1PP2/1P4PP/RNBQRBNK\ w\ -\ -\ 0\ 1 -> result 1/2-1/2 max-plies
Game (W:v29 vs B:v30) FEN=rnbqrbnk/pp4p1/3pp2p/2p2p2/3P4/5PPP/PPP1P3/KNBRQBNR\ w\ -\ -\ 0\ 1 -> result 1/2-1/2 max-plies
Game (W:v29 vs B:v30) FEN=knbrqbnr/1p2p1pp/p1p2p2/3p4/8/1P1PPP1P/P1P3P1/RNBQRBNK\ w\ -\ -\ 0\ 1 -> result 1-0 checkmate
Game (W:v29 vs B:v30) FEN=knbrqbnr/pp3p2/3pp1pp/2p5/3P4/2P1P1PP/PP3P2/RNBQRBNK\ w\ -\ -\ 0\ 1 -> result 1/2-1/2 max-plies
Game (W:v29 vs B:v30) FEN=knbrqbnr/pp2p1p1/2p2p1p/3p4/3P4/P3PPP1/1PP4P/RNBQRBNK\ w\ -\ -\ 0\ 1 -> result 0-1 checkmate
Game (W:v29 vs B:v30) FEN=knbrqbnr/1p4pp/p2pp3/2p2p2/8/1P1PP1PP/P1P2P2/RNBQRBNK\ w\ -\ -\ 0\ 1 -> result 0-1 checkmate
Game (W:v29 vs B:v30) FEN=knbrqbnr/1pp1p2p/p5p1/3p1p2/4P3/P4PP1/1PPP3P/RNBQRBNK\ w\ -\ -\ 0\ 1 -> result 0-1 checkmate
Game (W:v29 vs B:v30) FEN=knbrqbnr/1p4pp/p1pp4/4pp2/3PP3/P5P1/1PP2P1P/RNBQRBNK\ w\ -\ -\ 0\ 1 -> result 1-0 checkmate
Game (W:v29 vs B:v30) FEN=knbrqbnr/1pp4p/p2p1pp1/4p3/2P2P2/PP2P3/3P2PP/RNBQRBNK\ w\ -\ -\ 0\ 1 -> result 0-1 checkmate
Game (W:v29 vs B:v30) FEN=knbrqbnr/p4ppp/1pp1p3/3p4/4P3/P4PP1/1PPP3P/RNBQRBNK\ w\ -\ -\ 0\ 1 -> result 1/2-1/2 max-plies
Batch 2/2: v30 white vs v29 black, 10 games
Game (W:v30 vs B:v29) FEN=knbrqbnr/pp5p/2pp1pp1/4p3/8/PPPPP3/5PPP/RNBQRBNK\ w\ -\ -\ 0\ 1 -> result 1/2-1/2 max-plies
Game (W:v30 vs B:v29) FEN=rnbqrbnk/p5pp/1p1pp3/2p2p2/2PP1P2/7P/PP2P1P1/KNBRQBNR\ w\ -\ -\ 0\ 1 -> result 0-1 checkmate
Game (W:v30 vs B:v29) FEN=rnbqrbnk/pp4p1/4pp1p/2pp4/2PP4/4P1P1/PP3P1P/KNBRQBNR\ w\ -\ -\ 0\ 1 -> result 1-0 checkmate
Game (W:v30 vs B:v29) FEN=rnbqrbnk/1p4pp/p1pppp2/8/3PP3/1P5P/P1P2PP1/KNBRQBNR\ w\ -\ -\ 0\ 1 -> result 1/2-1/2 max-plies
Game (W:v30 vs B:v29) FEN=knbrqbnr/pp5p/2pp1pp1/4p3/3PPP2/1P6/P1P3PP/RNBQRBNK\ w\ -\ -\ 0\ 1 -> result 0-1 checkmate
Game (W:v30 vs B:v29) FEN=knbrqbnr/pp4p1/2pppp1p/8/8/P1P1PPP1/1P1P3P/RNBQRBNK\ w\ -\ -\ 0\ 1 -> result 1-0 checkmate
Game (W:v30 vs B:v29) FEN=knbrqbnr/ppp5/3ppppp/8/8/1P1PPP1P/P1P3P1/RNBQRBNK\ w\ -\ -\ 0\ 1 -> result 0-1 checkmate
Game (W:v30 vs B:v29) FEN=knbrqbnr/pp3p2/2ppp1pp/8/2P1P3/1P1P4/P4PPP/RNBQRBNK\ w\ -\ -\ 0\ 1 -> result 1-0 checkmate
Game (W:v30 vs B:v29) FEN=knbrqbnr/pp3p2/3pp1pp/2p5/2P2P2/3PP2P/PP4P1/RNBQRBNK\ w\ -\ -\ 0\ 1 -> result 1/2-1/2 max-plies
Game (W:v30 vs B:v29) FEN=rnbqrbnk/p1p4p/1p1pp1p1/5p2/2PP4/PP6/4PPPP/KNBRQBNR\ w\ -\ -\ 0\ 1 -> result 1-0 checkmate

=== Match Summary ===
Total games: 20
v29 wins: 5
v30 wins: 8
draws:   7
=== Worker 8 end ===
