=== Worker 3 start ===
Running matches: games_per_side=10, depth=8, max_plies=150, movetime_ms=200, fen_or_book=book, version_a=v29, version_b=v30

Batch 1/2: v29 white vs v30 black, 10 games
Game (W:v29 vs B:v30) FEN=knbrqbnr/2p3pp/pp1ppp2/8/5P2/P1P1P1P1/1P1P3P/RNBQRBNK\ w\ -\ -\ 0\ 1 -> result 1-0 checkmate
Game (W:v29 vs B:v30) FEN=rnbqrbnk/ppp5/4pppp/3p4/8/PPPP2P1/4PP1P/KNBRQBNR\ w\ -\ -\ 0\ 1 -> result 1/2-1/2 max-plies
Game (W:v29 vs B:v30) FEN=rnbqrbnk/ppp3p1/3p1p1p/4p3/2PP4/1P5P/P3PPP1/KNBRQBNR\ w\ -\ -\ 0\ 1 -> result 1-0 checkmate
Game (W:v29 vs B:v30) FEN=rnbqrbnk/p2p2p1/1p2pp1p/2p5/2PP4/1P5P/P3PPP1/KNBRQBNR\ w\ -\ -\ 0\ 1 -> result 0-1 checkmate
Game (W:v29 vs B:v30) FEN=knbrqbnr/pp2pp2/2p3pp/3p4/4P3/PP4P1/2PP1P1P/RNBQRBNK\ w\ -\ -\ 0\ 1 -> result 1-0 checkmate
Game (W:v29 vs B:v30) FEN=knbrqbnr/pp3p1p/2p1p1p1/3p4/2P1PP2/3P4/PP4PP/RNBQRBNK\ w\ -\ -\ 0\ 1 -> result 1-0 checkmate
Game (W:v29 vs B:v30) FEN=rnbqrbnk/3p2pp/ppp1pp2/8/4P3/PPPP4/5PPP/KNBRQBNR\ w\ -\ -\ 0\ 1 -> result 0-1 checkmate
Game (W:v29 vs B:v30) FEN=rnbqrbnk/ppp3p1/5p1p/3pp3/2P5/3PP1PP/PP3P2/KNBRQBNR\ w\ -\ -\ 0\ 1 -> result 0-1 checkmate
Game (W:v29 vs B:v30) FEN=knbrqbnr/1p3ppp/p1p1p3/3p4/5P2/2PPP2P/PP4P1/RNBQRBNK\ w\ -\ -\ 0\ 1 -> result 1-0 checkmate
Game (W:v29 vs B:v30) FEN=rnbqrbnk/2p3pp/pp2p3/3p1p2/4P3/1PPP1P2/P5PP/KNBRQBNR\ w\ -\ -\ 0\ 1 -> result 1-0 checkmate
Batch 2/2: v30 white vs v29 black, 10 games
Game (W:v30 vs B:v29) FEN=knbrqbnr/p1p3pp/1p6/3ppp2/2P2P2/3PP1P1/PP5P/RNBQRBNK\ w\ -\ -\ 0\ 1 -> result 1/2-1/2 threefold-repetition
Game (W:v30 vs B:v29) FEN=knbrqbnr/pp4p1/3ppp1p/2p5/4P3/1P3PP1/P1PP3P/RNBQRBNK\ w\ -\ -\ 0\ 1 -> result 1-0 checkmate
Game (W:v30 vs B:v29) FEN=rnbqrbnk/1pp4p/p3ppp1/3p4/2P5/PP1PP3/5PPP/KNBRQBNR\ w\ -\ -\ 0\ 1 -> result 1-0 checkmate
Game (W:v30 vs B:v29) FEN=knbrqbnr/2p2p1p/pp1p2p1/4p3/5P2/1P1PP1P1/P1P4P/RNBQRBNK\ w\ -\ -\ 0\ 1 -> result 0-1 checkmate
Game (W:v30 vs B:v29) FEN=rnbqrbnk/1pp3pp/p2p1p2/4p3/2PP4/P3P3/1P3PPP/KNBRQBNR\ w\ -\ -\ 0\ 1 -> result 0-1 checkmate
Game (W:v30 vs B:v29) FEN=rnbqrbnk/p1p3pp/1p1p1p2/4p3/2P1P3/P2P1P2/1P4PP/KNBRQBNR\ w\ -\ -\ 0\ 1 -> result 1/2-1/2 max-plies
Game (W:v30 vs B:v29) FEN=knbrqbnr/p5pp/1pppp3/5p2/3P4/PP2P1P1/2P2P1P/RNBQRBNK\ w\ -\ -\ 0\ 1 -> result 0-1 checkmate
Game (W:v30 vs B:v29) FEN=rnbqrbnk/3p1ppp/pp6/2p1p3/2P5/3PPPP1/PP5P/KNBRQBNR\ w\ -\ -\ 0\ 1 -> result 0-1 checkmate
Game (W:v30 vs B:v29) FEN=rnbqrbnk/p4p1p/1p1pp1p1/2p5/4P3/PP1P1P2/2P3PP/KNBRQBNR\ w\ -\ -\ 0\ 1 -> result 1/2-1/2 max-plies
Game (W:v30 vs B:v29) FEN=knbrqbnr/p1p1p3/1p1p2pp/5p2/5P2/1PP1P2P/P2P2P1/RNBQRBNK\ w\ -\ -\ 0\ 1 -> result 0-1 checkmate

=== Match Summary ===
Total games: 20
v29 wins: 11
v30 wins: 5
draws:   4
=== Worker 3 end ===
