=== Worker 7 start ===
Running matches: games_per_side=5, depth=8, max_plies=150, movetime_ms=100, fen_or_book=startpos, version_a=v24, version_b=v25

Batch 1/2: v24 white vs v25 black, 5 games
Game (W:v24 vs B:v25) FEN=startpos -> result 1/2-1/2 max-plies
Game (W:v24 vs B:v25) FEN=startpos -> result 1-0 checkmate
Game (W:v24 vs B:v25) FEN=startpos -> result 1-0 checkmate
Game (W:v24 vs B:v25) FEN=startpos -> result 1-0 checkmate
Game (W:v24 vs B:v25) FEN=startpos -> result 1-0 checkmate
Batch 2/2: v25 white vs v24 black, 5 games
Game (W:v25 vs B:v24) FEN=startpos -> result 1-0 checkmate
Game (W:v25 vs B:v24) FEN=startpos -> result 1/2-1/2 threefold-repetition
Game (W:v25 vs B:v24) FEN=startpos -> result 1/2-1/2 max-plies
Game (W:v25 vs B:v24) FEN=startpos -> result 1-0 checkmate
Game (W:v25 vs B:v24) FEN=startpos -> result 1-0 checkmate

=== Match Summary ===
Total games: 10
v24 wins: 4
v25 wins: 3
draws:   3
=== Worker 7 end ===
