=== Worker 1 start ===
Running matches: games_per_side=20, depth=8, max_plies=150, movetime_ms=10, fen_or_book=book, version_a=v25, version_b=v26

Batch 1/2: v25 white vs v26 black, 20 games
Game (W:v25 vs B:v26) FEN=knbrqbnr/pp5p/3pppp1/2p5/8/2PPP1PP/PP3P2/RNBQRBNK\ w\ -\ c6\ 0\ 1 -> result 1-0 checkmate
Game (W:v25 vs B:v26) FEN=rnbqrbnk/1p1p2pp/p1p2p2/4p3/3PP3/PP6/2P2PPP/KNBRQBNR\ w\ -\ -\ 0\ 1 -> result 1-0 checkmate
Game (W:v25 vs B:v26) FEN=knbrqbnr/5ppp/pppp4/4p3/2P2P2/4P1PP/PP1P4/RNBQRBNK\ w\ -\ -\ 0\ 1 -> result 1/2-1/2 max-plies
Game (W:v25 vs B:v26) FEN=knbrqbnr/1p3ppp/p1p1p3/3p4/2P1PP2/6P1/PP1P3P/RNBQRBNK\ w\ -\ -\ 0\ 1 -> result 0-1 checkmate
Game (W:v25 vs B:v26) FEN=rnbqrbnk/p1p2pp1/1p1p3p/4p3/5P2/PP1PP3/2P3PP/KNBRQBNR\ w\ -\ -\ 0\ 1 -> result 0-1 checkmate
Game (W:v25 vs B:v26) FEN=knbrqbnr/pp3p1p/4p1p1/2pp4/5P2/1PP1P1P1/P2P3P/RNBQRBNK\ w\ -\ c6\ 0\ 1 -> result 1/2-1/2 max-plies
Game (W:v25 vs B:v26) FEN=rnbqrbnk/1p4pp/p1pppp2/8/3P4/1P2PP2/P1P3PP/KNBRQBNR\ w\ -\ -\ 0\ 1 -> result 1/2-1/2 max-plies
Game (W:v25 vs B:v26) FEN=rnbqrbnk/pp5p/4ppp1/2pp4/2P5/3PP1PP/PP3P2/KNBRQBNR\ w\ -\ c6\ 0\ 1 -> result 1/2-1/2 max-plies
Game (W:v25 vs B:v26) FEN=rnbqrbnk/2pp2pp/pp6/4pp2/5P2/PPPP4/4P1PP/KNBRQBNR\ w\ -\ -\ 0\ 1 -> result 0-1 checkmate
Game (W:v25 vs B:v26) FEN=knbrqbnr/p1p3pp/1p3p2/3pp3/2P5/P3PPP1/1P1P3P/RNBQRBNK\ w\ -\ -\ 0\ 1 -> result 1/2-1/2 max-plies
Game (W:v25 vs B:v26) FEN=knbrqbnr/pp3p1p/4p1p1/2pp4/8/2PPP1PP/PP3P2/RNBQRBNK\ w\ -\ c6\ 0\ 1 -> result 0-1 checkmate
Game (W:v25 vs B:v26) FEN=rnbqrbnk/p2p3p/1p2p1p1/2p2p2/8/PPPP1P2/4P1PP/KNBRQBNR\ w\ -\ -\ 0\ 1 -> result 0-1 checkmate
Game (W:v25 vs B:v26) FEN=rnbqrbnk/1pp2p1p/p2p2p1/4p3/2P5/P2PP1P1/1P3P1P/KNBRQBNR\ w\ -\ -\ 0\ 1 -> result 1-0 checkmate
Game (W:v25 vs B:v26) FEN=knbrqbnr/1p4pp/p1pp4/4pp2/3PP3/P5P1/1PP2P1P/RNBQRBNK\ w\ -\ -\ 0\ 1 -> result 1/2-1/2 max-plies
Game (W:v25 vs B:v26) FEN=knbrqbnr/p1p2p2/1p1p2pp/4p3/2P1PP2/6P1/PP1P3P/RNBQRBNK\ w\ -\ -\ 0\ 1 -> result 0-1 checkmate
Game (W:v25 vs B:v26) FEN=rnbqrbnk/p1p3p1/1p2pp1p/3p4/2P5/3PPP1P/PP4P1/KNBRQBNR\ w\ -\ -\ 0\ 1 -> result 0-1 checkmate
Game (W:v25 vs B:v26) FEN=knbrqbnr/p3p1pp/1p6/2pp1p2/8/2PPP1PP/PP3P2/RNBQRBNK\ w\ -\ -\ 0\ 1 -> result 1/2-1/2 max-plies
Game (W:v25 vs B:v26) FEN=knbrqbnr/p4pp1/1ppp3p/4p3/3P4/PP2P1P1/2P2P1P/RNBQRBNK\ w\ -\ -\ 0\ 1 -> result 0-1 checkmate
Game (W:v25 vs B:v26) FEN=knbrqbnr/pp3pp1/2p4p/3pp3/4P3/PP4P1/2PP1P1P/RNBQRBNK\ w\ -\ -\ 0\ 1 -> result 0-1 checkmate
Game (W:v25 vs B:v26) FEN=rnbqrbnk/p4pp1/1pp1p2p/3p4/3P4/1P2P2P/P1P2PP1/KNBRQBNR\ w\ -\ -\ 0\ 1 -> result 0-1 checkmate
Batch 2/2: v26 white vs v25 black, 20 games
Game (W:v26 vs B:v25) FEN=rnbqrbnk/pp4p1/3pp2p/2p2p2/8/1PPPPP2/P5PP/KNBRQBNR\ w\ -\ -\ 0\ 1 -> result 1-0 checkmate
Game (W:v26 vs B:v25) FEN=rnbqrbnk/p5pp/1pp1p3/3p1p2/2PP4/P3P3/1P3PPP/KNBRQBNR\ w\ -\ -\ 0\ 1 -> result 1/2-1/2 max-plies
Game (W:v26 vs B:v25) FEN=knbrqbnr/p1p3p1/1p1pp2p/5p2/8/2PPP1PP/PP3P2/RNBQRBNK\ w\ -\ -\ 0\ 1 -> result 0-1 checkmate
Game (W:v26 vs B:v25) FEN=knbrqbnr/p1p4p/1p1pp1p1/5p2/4P3/5PPP/PPPP4/RNBQRBNK\ w\ -\ -\ 0\ 1 -> result 0-1 checkmate
Game (W:v26 vs B:v25) FEN=rnbqrbnk/pp4p1/4pp1p/2pp4/2P1P3/3P2PP/PP3P2/KNBRQBNR\ w\ -\ -\ 0\ 1 -> result 0-1 checkmate
Game (W:v26 vs B:v25) FEN=rnbqrbnk/pp4p1/3pp2p/2p2p2/3P4/5PPP/PPP1P3/KNBRQBNR\ w\ -\ -\ 0\ 1 -> result 0-1 checkmate
Game (W:v26 vs B:v25) FEN=rnbqrbnk/p1pp2p1/1p3p1p/4p3/8/PP1PPP2/2P3PP/KNBRQBNR\ w\ -\ -\ 0\ 1 -> result 0-1 checkmate
Game (W:v26 vs B:v25) FEN=rnbqrbnk/5ppp/ppppp3/8/3P4/P3PP2/1PP3PP/KNBRQBNR\ w\ -\ -\ 0\ 1 -> result 1/2-1/2 max-plies
Game (W:v26 vs B:v25) FEN=rnbqrbnk/2pp2pp/pp6/4pp2/5P2/PPPP4/4P1PP/KNBRQBNR\ w\ -\ -\ 0\ 1 -> result 1/2-1/2 max-plies
Game (W:v26 vs B:v25) FEN=rnbqrbnk/2pp2pp/pp6/4pp2/4P3/PPPP4/5PPP/KNBRQBNR\ w\ -\ -\ 0\ 1 -> result 0-1 checkmate
Game (W:v26 vs B:v25) FEN=rnbqrbnk/p5pp/1p2pp2/2pp4/4PP2/P2P2P1/1PP4P/KNBRQBNR\ w\ -\ -\ 0\ 1 -> result 1/2-1/2 max-plies
Game (W:v26 vs B:v25) FEN=rnbqrbnk/ppp3p1/3p1p1p/4p3/4P3/1P1P1PP1/P1P4P/KNBRQBNR\ w\ -\ -\ 0\ 1 -> result 1-0 checkmate
Game (W:v26 vs B:v25) FEN=knbrqbnr/pp3pp1/2p1p2p/3p4/8/P1PPPP2/1P4PP/RNBQRBNK\ w\ -\ -\ 0\ 1 -> result 1/2-1/2 max-plies
Game (W:v26 vs B:v25) FEN=knbrqbnr/p3p1p1/1ppp3p/5p2/5P2/P2PP1P1/1PP4P/RNBQRBNK\ w\ -\ -\ 0\ 1 -> result 0-1 checkmate
Game (W:v26 vs B:v25) FEN=knbrqbnr/pp4p1/3p1p1p/2p1p3/3PP3/5PP1/PPP4P/RNBQRBNK\ w\ -\ -\ 0\ 1 -> result 0-1 checkmate
Game (W:v26 vs B:v25) FEN=rnbqrbnk/p2p2p1/1p2pp1p/2p5/4P3/P1PP1P2/1P4PP/KNBRQBNR\ w\ -\ -\ 0\ 1 -> result 0-1 checkmate
Game (W:v26 vs B:v25) FEN=rnbqrbnk/p1p3p1/1p2pp1p/3p4/4P3/PP1P2P1/2P2P1P/KNBRQBNR\ w\ -\ -\ 0\ 1 -> result 1/2-1/2 threefold-repetition
Game (W:v26 vs B:v25) FEN=rnbqrbnk/ppp3p1/5p1p/3pp3/8/P1PPP1P1/1P3P1P/KNBRQBNR\ w\ -\ -\ 0\ 1 -> result 1-0 checkmate
Game (W:v26 vs B:v25) FEN=rnbqrbnk/pp4p1/2p1pp1p/3p4/3P4/1P2P1P1/P1P2P1P/KNBRQBNR\ w\ -\ -\ 0\ 1 -> result 0-1 checkmate
Game (W:v26 vs B:v25) FEN=knbrqbnr/ppp1p3/6pp/3p1p2/3P4/1PP1P2P/P4PP1/RNBQRBNK\ w\ -\ -\ 0\ 1 -> result 0-1 checkmate

=== Match Summary ===
Total games: 40
v25 wins: 14
v26 wins: 13
draws:   13
=== Worker 1 end ===
