=== Worker 6 start ===
Running matches: games_per_side=50, depth=8, max_plies=150, movetime_ms=10, fen_or_book=book, version_a=v21, version_b=v22

Batch 1/2: v21 white vs v22 black, 50 games
Game (W:v21 vs B:v22) FEN=knbrqbnr/1p4pp/p1pp1p2/4p3/3P4/PP2P1P1/2P2P1P/RNBQRBNK\ w\ -\ -\ 0\ 1 -> result 0-1 checkmate
Game (W:v21 vs B:v22) FEN=rnbqrbnk/1p1p2pp/p4p2/2p1p3/4P3/2PP1PP1/PP5P/KNBRQBNR\ w\ -\ -\ 0\ 1 -> result 0-1 checkmate
Game (W:v21 vs B:v22) FEN=rnbqrbnk/p1p3p1/1p1pp2p/5p2/2PP4/PP6/4PPPP/KNBRQBNR\ w\ -\ -\ 0\ 1 -> result 1/2-1/2 threefold-repetition
Game (W:v21 vs B:v22) FEN=rnbqrbnk/2p2p1p/pp1pp1p1/8/2P5/1P1PP2P/P4PP1/KNBRQBNR\ w\ -\ -\ 0\ 1 -> result 0-1 checkmate
Game (W:v21 vs B:v22) FEN=rnbqrbnk/p1p2pp1/1p5p/3pp3/3P4/1PP1P3/P4PPP/KNBRQBNR\ w\ -\ -\ 0\ 1 -> result 1/2-1/2 max-plies
Game (W:v21 vs B:v22) FEN=rnbqrbnk/3p2pp/ppp1pp2/8/4P3/PPPP4/5PPP/KNBRQBNR\ w\ -\ -\ 0\ 1 -> result 1/2-1/2 max-plies
Game (W:v21 vs B:v22) FEN=rnbqrbnk/p5pp/1p2p3/2pp1p2/8/2PP1PPP/PP2P3/KNBRQBNR\ w\ -\ -\ 0\ 1 -> result 1-0 checkmate
Game (W:v21 vs B:v22) FEN=knbrqbnr/p4pp1/1ppp3p/4p3/3P4/PP2P1P1/2P2P1P/RNBQRBNK\ w\ -\ -\ 0\ 1 -> result 0-1 checkmate
Game (W:v21 vs B:v22) FEN=knbrqbnr/2p1pp1p/pp4p1/3p4/8/1PP1PP1P/P2P2P1/RNBQRBNK\ w\ -\ -\ 0\ 1 -> result 1-0 checkmate
Game (W:v21 vs B:v22) FEN=rnbqrbnk/5ppp/pp2p3/2pp4/4P3/2PP1P1P/PP4P1/KNBRQBNR\ w\ -\ -\ 0\ 1 -> result 1/2-1/2 threefold-repetition
Game (W:v21 vs B:v22) FEN=rnbqrbnk/pp4p1/2p1pp1p/3p4/3P4/1P2P1P1/P1P2P1P/KNBRQBNR\ w\ -\ -\ 0\ 1 -> result 0-1 checkmate
Game (W:v21 vs B:v22) FEN=knbrqbnr/1p3ppp/p3p3/2pp4/3P1P2/1P2P2P/P1P3P1/RNBQRBNK\ w\ -\ -\ 0\ 1 -> result 0-1 checkmate
Game (W:v21 vs B:v22) FEN=rnbqrbnk/pp3p1p/3p2p1/2p1p3/3P4/PPP5/4PPPP/KNBRQBNR\ w\ -\ c6\ 0\ 1 -> result 1-0 checkmate
Game (W:v21 vs B:v22) FEN=rnbqrbnk/1pp3pp/p7/3ppp2/8/2PPPP1P/PP4P1/KNBRQBNR\ w\ -\ -\ 0\ 1 -> result 1-0 checkmate
Game (W:v21 vs B:v22) FEN=rnbqrbnk/1p4pp/p3p3/2pp1p2/3P4/2P1P2P/PP3PP1/KNBRQBNR\ w\ -\ -\ 0\ 1 -> result 1-0 checkmate
Game (W:v21 vs B:v22) FEN=knbrqbnr/pp3p1p/2p1p1p1/3p4/3PPP2/6P1/PPP4P/RNBQRBNK\ w\ -\ -\ 0\ 1 -> result 1-0 checkmate
Game (W:v21 vs B:v22) FEN=rnbqrbnk/p2p2pp/1p3p2/2p1p3/4P3/2PP1P1P/PP4P1/KNBRQBNR\ w\ -\ -\ 0\ 1 -> result 1-0 checkmate
Game (W:v21 vs B:v22) FEN=rnbqrbnk/1pp3pp/p2p4/4pp2/3P4/P1P2P2/1P2P1PP/KNBRQBNR\ w\ -\ -\ 0\ 1 -> result 0-1 checkmate
Game (W:v21 vs B:v22) FEN=rnbqrbnk/ppp5/4pppp/3p4/8/PPPP2P1/4PP1P/KNBRQBNR\ w\ -\ -\ 0\ 1 -> result 1/2-1/2 max-plies
Game (W:v21 vs B:v22) FEN=knbrqbnr/ppp5/3p1ppp/4p3/2P1PP2/6P1/PP1P3P/RNBQRBNK\ w\ -\ -\ 0\ 1 -> result 1/2-1/2 threefold-repetition
Game (W:v21 vs B:v22) FEN=rnbqrbnk/p1p2pp1/1p1p3p/4p3/5P2/PP1PP3/2P3PP/KNBRQBNR\ w\ -\ -\ 0\ 1 -> result 1/2-1/2 max-plies
Game (W:v21 vs B:v22) FEN=rnbqrbnk/1pp3pp/p2p4/4pp2/4P3/1PPP2P1/P4P1P/KNBRQBNR\ w\ -\ -\ 0\ 1 -> result 1/2-1/2 max-plies
Game (W:v21 vs B:v22) FEN=knbrqbnr/1p4pp/p1pppp2/8/3P1P2/2P1P1P1/PP5P/RNBQRBNK\ w\ -\ -\ 0\ 1 -> result 0-1 checkmate
Game (W:v21 vs B:v22) FEN=rnbqrbnk/1ppp3p/p4pp1/4p3/2P5/P2P1PP1/1P2P2P/KNBRQBNR\ w\ -\ -\ 0\ 1 -> result 1-0 checkmate
Game (W:v21 vs B:v22) FEN=knbrqbnr/2p3pp/pp1pp3/5p2/5P2/P1PPP3/1P4PP/RNBQRBNK\ w\ -\ -\ 0\ 1 -> result 1-0 checkmate
Game (W:v21 vs B:v22) FEN=knbrqbnr/p3p2p/1ppp1pp1/8/8/1PPPP1P1/P4P1P/RNBQRBNK\ w\ -\ -\ 0\ 1 -> result 1-0 checkmate
Game (W:v21 vs B:v22) FEN=rnbqrbnk/1p3p1p/p2pp1p1/2p5/5P2/1PPPP3/P5PP/KNBRQBNR\ w\ -\ -\ 0\ 1 -> result 1-0 checkmate
Game (W:v21 vs B:v22) FEN=knbrqbnr/1p2p2p/p1pp1pp1/8/5P2/P2PP1P1/1PP4P/RNBQRBNK\ w\ -\ -\ 0\ 1 -> result 1/2-1/2 max-plies
Game (W:v21 vs B:v22) FEN=rnbqrbnk/p1p2pp1/1p5p/3pp3/5P2/PP1P2P1/2P1P2P/KNBRQBNR\ w\ -\ -\ 0\ 1 -> result 0-1 checkmate
Game (W:v21 vs B:v22) FEN=knbrqbnr/2p3pp/pp1pp3/5p2/3P1P2/2P1P2P/PP4P1/RNBQRBNK\ w\ -\ -\ 0\ 1 -> result 1-0 checkmate
Game (W:v21 vs B:v22) FEN=knbrqbnr/p1p3p1/1p1pp2p/5p2/8/1P1PP1PP/P1P2P2/RNBQRBNK\ w\ -\ -\ 0\ 1 -> result 1/2-1/2 max-plies
Game (W:v21 vs B:v22) FEN=rnbqrbnk/ppp2p2/3p2pp/4p3/2P2P2/1P1P3P/P3P1P1/KNBRQBNR\ w\ -\ -\ 0\ 1 -> result 0-1 checkmate
Game (W:v21 vs B:v22) FEN=knbrqbnr/ppp4p/5pp1/3pp3/8/PP1PPP2/2P3PP/RNBQRBNK\ w\ -\ -\ 0\ 1 -> result 0-1 checkmate
Game (W:v21 vs B:v22) FEN=knbrqbnr/1p4pp/p1pp4/4pp2/3P4/1PP1PP2/P5PP/RNBQRBNK\ w\ -\ -\ 0\ 1 -> result 1-0 checkmate
Game (W:v21 vs B:v22) FEN=knbrqbnr/pp4p1/2pp1p1p/4p3/5P2/P1PPP3/1P4PP/RNBQRBNK\ w\ -\ -\ 0\ 1 -> result 1-0 checkmate
Game (W:v21 vs B:v22) FEN=rnbqrbnk/p4ppp/1ppp4/4p3/2P1P3/P2P1P2/1P4PP/KNBRQBNR\ w\ -\ -\ 0\ 1 -> result 0-1 checkmate
Game (W:v21 vs B:v22) FEN=rnbqrbnk/pp3pp1/7p/2ppp3/3P4/P1P2P2/1P2P1PP/KNBRQBNR\ w\ -\ -\ 0\ 1 -> result 0-1 checkmate
Game (W:v21 vs B:v22) FEN=rnbqrbnk/p1p3p1/1p2p2p/3p1p2/2P5/P2PPP2/1P4PP/KNBRQBNR\ w\ -\ -\ 0\ 1 -> result 1-0 checkmate
Game (W:v21 vs B:v22) FEN=knbrqbnr/pp4p1/3p3p/2p1pp2/4PP2/1P1P4/P1P3PP/RNBQRBNK\ w\ -\ -\ 0\ 1 -> result 1-0 checkmate
Game (W:v21 vs B:v22) FEN=rnbqrbnk/1pp3pp/p4p2/3pp3/2P5/3PP1PP/PP3P2/KNBRQBNR\ w\ -\ -\ 0\ 1 -> result 1-0 checkmate
Game (W:v21 vs B:v22) FEN=rnbqrbnk/pp3p2/3pp1pp/2p5/2P2P2/1P1P2P1/P3P2P/KNBRQBNR\ w\ -\ -\ 0\ 1 -> result 0-1 checkmate
Game (W:v21 vs B:v22) FEN=knbrqbnr/ppp5/3ppppp/8/2P2P2/3PP2P/PP4P1/RNBQRBNK\ w\ -\ -\ 0\ 1 -> result 1-0 checkmate
Game (W:v21 vs B:v22) FEN=rnbqrbnk/p2p3p/1p2ppp1/2p5/2PP4/1P5P/P3PPP1/KNBRQBNR\ w\ -\ -\ 0\ 1 -> result 0-1 checkmate
Game (W:v21 vs B:v22) FEN=knbrqbnr/pp2pp2/2p3pp/3p4/2P5/3PPPP1/PP5P/RNBQRBNK\ w\ -\ -\ 0\ 1 -> result 1-0 checkmate
Game (W:v21 vs B:v22) FEN=rnbqrbnk/p4ppp/1ppp4/4p3/3P4/2P1P1P1/PP3P1P/KNBRQBNR\ w\ -\ -\ 0\ 1 -> result 1-0 checkmate
Game (W:v21 vs B:v22) FEN=knbrqbnr/2p3pp/pp1p1p2/4p3/8/1P1PPPP1/P1P4P/RNBQRBNK\ w\ -\ -\ 0\ 1 -> result 0-1 checkmate
Game (W:v21 vs B:v22) FEN=rnbqrbnk/p2p3p/1p2p1p1/2p2p2/8/PPPP2P1/4PP1P/KNBRQBNR\ w\ -\ -\ 0\ 1 -> result 0-1 checkmate
Game (W:v21 vs B:v22) FEN=knbrqbnr/pp2p3/2pp1ppp/8/4P3/1P3P1P/P1PP2P1/RNBQRBNK\ w\ -\ -\ 0\ 1 -> result 0-1 checkmate
Game (W:v21 vs B:v22) FEN=knbrqbnr/pp2pp2/6pp/2pp4/8/1PP1PPP1/P2P3P/RNBQRBNK\ w\ -\ -\ 0\ 1 -> result 1-0 checkmate
Game (W:v21 vs B:v22) FEN=rnbqrbnk/5ppp/pp1pp3/2p5/2PPP3/5P2/PP4PP/KNBRQBNR\ w\ -\ -\ 0\ 1 -> result 0-1 checkmate
Batch 2/2: v22 white vs v21 black, 50 games
Game (W:v22 vs B:v21) FEN=rnbqrbnk/2p2p1p/pp1pp1p1/8/2P5/1P1PP2P/P4PP1/KNBRQBNR\ w\ -\ -\ 0\ 1 -> result 1-0 checkmate
Game (W:v22 vs B:v21) FEN=rnbqrbnk/2p3pp/pp1pp3/5p2/2P5/1P1P1PP1/P3P2P/KNBRQBNR\ w\ -\ -\ 0\ 1 -> result 1/2-1/2 max-plies
Game (W:v22 vs B:v21) FEN=knbrqbnr/pp2p1p1/2p2p1p/3p4/2P5/3PPP1P/PP4P1/RNBQRBNK\ w\ -\ -\ 0\ 1 -> result 0-1 checkmate
Game (W:v22 vs B:v21) FEN=rnbqrbnk/1p3p1p/p3p1p1/2pp4/5P2/1P1PP1P1/P1P4P/KNBRQBNR\ w\ -\ -\ 0\ 1 -> result 1/2-1/2 max-plies
Game (W:v22 vs B:v21) FEN=rnbqrbnk/3p2pp/ppp1p3/5p2/2PP4/1P3P2/P3P1PP/KNBRQBNR\ w\ -\ -\ 0\ 1 -> result 1-0 checkmate
Game (W:v22 vs B:v21) FEN=knbrqbnr/1p4pp/p1pp4/4pp2/3P4/1PP1PP2/P5PP/RNBQRBNK\ w\ -\ -\ 0\ 1 -> result 0-1 checkmate
Game (W:v22 vs B:v21) FEN=knbrqbnr/ppp4p/5pp1/3pp3/8/PP1PPP2/2P3PP/RNBQRBNK\ w\ -\ -\ 0\ 1 -> result 0-1 checkmate
Game (W:v22 vs B:v21) FEN=rnbqrbnk/p1p2p2/1p1pp1pp/8/8/PPPP2P1/4PP1P/KNBRQBNR\ w\ -\ -\ 0\ 1 -> result 0-1 checkmate
Game (W:v22 vs B:v21) FEN=rnbqrbnk/p1pp3p/1p3pp1/4p3/3P4/PPP5/4PPPP/KNBRQBNR\ w\ -\ -\ 0\ 1 -> result 0-1 checkmate
Game (W:v22 vs B:v21) FEN=rnbqrbnk/ppp5/4p1pp/3p1p2/3P4/PPP5/4PPPP/KNBRQBNR\ w\ -\ -\ 0\ 1 -> result 1-0 checkmate
Game (W:v22 vs B:v21) FEN=rnbqrbnk/pp4p1/4pp1p/2pp4/2PPP3/7P/PP3PP1/KNBRQBNR\ w\ -\ -\ 0\ 1 -> result 0-1 checkmate
Game (W:v22 vs B:v21) FEN=rnbqrbnk/pp5p/4p1p1/2pp1p2/8/P1PP1PP1/1P2P2P/KNBRQBNR\ w\ -\ c6\ 0\ 1 -> result 1/2-1/2 max-plies
Game (W:v22 vs B:v21) FEN=knbrqbnr/2p2p1p/pp1p2p1/4p3/5P2/1P1PP1P1/P1P4P/RNBQRBNK\ w\ -\ -\ 0\ 1 -> result 1-0 checkmate
Game (W:v22 vs B:v21) FEN=knbrqbnr/pp5p/2pp2p1/4pp2/2PP4/4PP1P/PP4P1/RNBQRBNK\ w\ -\ -\ 0\ 1 -> result 1-0 checkmate
Game (W:v22 vs B:v21) FEN=rnbqrbnk/p2p1p2/1p2p1pp/2p5/3P4/P3P1P1/1PP2P1P/KNBRQBNR\ w\ -\ -\ 0\ 1 -> result 1-0 checkmate
Game (W:v22 vs B:v21) FEN=knbrqbnr/pp4pp/5p2/2ppp3/2PP4/4P1PP/PP3P2/RNBQRBNK\ w\ -\ c6\ 0\ 1 -> result 1/2-1/2 max-plies
Game (W:v22 vs B:v21) FEN=rnbqrbnk/pp4pp/2pp1p2/4p3/4PP2/P2P2P1/1PP4P/KNBRQBNR\ w\ -\ -\ 0\ 1 -> result 1-0 checkmate
Game (W:v22 vs B:v21) FEN=rnbqrbnk/p2p2pp/1p3p2/2p1p3/4P3/2PP1P1P/PP4P1/KNBRQBNR\ w\ -\ -\ 0\ 1 -> result 0-1 checkmate
Game (W:v22 vs B:v21) FEN=rnbqrbnk/p1pp2p1/1p5p/4pp2/3P4/1P2P1P1/P1P2P1P/KNBRQBNR\ w\ -\ -\ 0\ 1 -> result 1-0 checkmate
Game (W:v22 vs B:v21) FEN=rnbqrbnk/ppp4p/3p1pp1/4p3/4P3/1P1P1P1P/P1P3P1/KNBRQBNR\ w\ -\ -\ 0\ 1 -> result 1-0 checkmate
Game (W:v22 vs B:v21) FEN=rnbqrbnk/1p3p1p/p2pp1p1/2p5/2P2P2/1P1P3P/P3P1P1/KNBRQBNR\ w\ -\ -\ 0\ 1 -> result 1-0 checkmate
Game (W:v22 vs B:v21) FEN=knbrqbnr/5ppp/pp1pp3/2p5/2P2P2/4P1PP/PP1P4/RNBQRBNK\ w\ -\ -\ 0\ 1 -> result 0-1 checkmate
Game (W:v22 vs B:v21) FEN=rnbqrbnk/1p1p1p1p/p5p1/2p1p3/8/1P1PP1PP/P1P2P2/KNBRQBNR\ w\ -\ -\ 0\ 1 -> result 1-0 checkmate
Game (W:v22 vs B:v21) FEN=rnbqrbnk/p1p2p1p/1p1p2p1/4p3/2P5/1P1P1P1P/P3P1P1/KNBRQBNR\ w\ -\ -\ 0\ 1 -> result 0-1 checkmate
Game (W:v22 vs B:v21) FEN=rnbqrbnk/pppp4/5ppp/4p3/8/PPPP1P2/4P1PP/KNBRQBNR\ w\ -\ -\ 0\ 1 -> result 0-1 checkmate
Game (W:v22 vs B:v21) FEN=knbrqbnr/2p3pp/pp1p4/4pp2/3P4/2P1PPP1/PP5P/RNBQRBNK\ w\ -\ -\ 0\ 1 -> result 1/2-1/2 threefold-repetition
Game (W:v22 vs B:v21) FEN=rnbqrbnk/p2p2p1/1pp1pp1p/8/8/1PPPP2P/P4PP1/KNBRQBNR\ w\ -\ -\ 0\ 1 -> result 1-0 checkmate
Game (W:v22 vs B:v21) FEN=knbrqbnr/p1p2pp1/1p2p2p/3p4/5P2/2PPP2P/PP4P1/RNBQRBNK\ w\ -\ -\ 0\ 1 -> result 1/2-1/2 max-plies
Game (W:v22 vs B:v21) FEN=rnbqrbnk/1pp3pp/p2p1p2/4p3/3P4/P1P1P3/1P3PPP/KNBRQBNR\ w\ -\ -\ 0\ 1 -> result 1/2-1/2 threefold-repetition
Game (W:v22 vs B:v21) FEN=knbrqbnr/ppp1p3/6pp/3p1p2/8/PPPPP3/5PPP/RNBQRBNK\ w\ -\ -\ 0\ 1 -> result 1/2-1/2 max-plies
Game (W:v22 vs B:v21) FEN=rnbqrbnk/p2p1p1p/1p4p1/2p1p3/2P1P3/PP1P4/5PPP/KNBRQBNR\ w\ -\ -\ 0\ 1 -> result 0-1 checkmate
Game (W:v22 vs B:v21) FEN=knbrqbnr/1p2pp1p/p1p3p1/3p4/5P2/1PP1P1P1/P2P3P/RNBQRBNK\ w\ -\ -\ 0\ 1 -> result 1/2-1/2 threefold-repetition
Game (W:v22 vs B:v21) FEN=rnbqrbnk/2p2ppp/pp1p4/4p3/2P5/3PP1PP/PP3P2/KNBRQBNR\ w\ -\ -\ 0\ 1 -> result 1/2-1/2 max-plies
Game (W:v22 vs B:v21) FEN=knbrqbnr/pp4p1/3ppp1p/2p5/8/PP2PPP1/2PP3P/RNBQRBNK\ w\ -\ -\ 0\ 1 -> result 1/2-1/2 max-plies
Game (W:v22 vs B:v21) FEN=rnbqrbnk/5ppp/ppppp3/8/3P4/1P2P2P/P1P2PP1/KNBRQBNR\ w\ -\ -\ 0\ 1 -> result 1/2-1/2 max-plies
Game (W:v22 vs B:v21) FEN=rnbqrbnk/pp4pp/2pp1p2/4p3/2PP4/1P2P3/P4PPP/KNBRQBNR\ w\ -\ -\ 0\ 1 -> result 1/2-1/2 max-plies
Game (W:v22 vs B:v21) FEN=rnbqrbnk/1pp3pp/p2p4/4pp2/4P3/PP1P2P1/2P2P1P/KNBRQBNR\ w\ -\ -\ 0\ 1 -> result 0-1 checkmate
Game (W:v22 vs B:v21) FEN=rnbqrbnk/5ppp/ppp1p3/3p4/3P1P2/1PP5/P3P1PP/KNBRQBNR\ w\ -\ -\ 0\ 1 -> result 0-1 checkmate
Game (W:v22 vs B:v21) FEN=knbrqbnr/pp2pp2/2p3pp/3p4/2P5/3PP1PP/PP3P2/RNBQRBNK\ w\ -\ -\ 0\ 1 -> result 1-0 checkmate
Game (W:v22 vs B:v21) FEN=rnbqrbnk/pp5p/4ppp1/2pp4/2P5/3PP1PP/PP3P2/KNBRQBNR\ w\ -\ c6\ 0\ 1 -> result 1-0 checkmate
Game (W:v22 vs B:v21) FEN=rnbqrbnk/2pp2pp/pp3p2/4p3/2P1P3/3P2PP/PP3P2/KNBRQBNR\ w\ -\ -\ 0\ 1 -> result 1/2-1/2 threefold-repetition
Game (W:v22 vs B:v21) FEN=rnbqrbnk/1p4pp/p3p3/2pp1p2/2P2P2/P2PP3/1P4PP/KNBRQBNR\ w\ -\ -\ 0\ 1 -> result 0-1 checkmate
Game (W:v22 vs B:v21) FEN=rnbqrbnk/p1p3p1/1p1pp2p/5p2/2PP4/PP6/4PPPP/KNBRQBNR\ w\ -\ -\ 0\ 1 -> result 0-1 checkmate
Game (W:v22 vs B:v21) FEN=knbrqbnr/p4pp1/1pppp2p/8/4P3/5PPP/PPPP4/RNBQRBNK\ w\ -\ -\ 0\ 1 -> result 1-0 checkmate
Game (W:v22 vs B:v21) FEN=knbrqbnr/pp2p1p1/2p2p1p/3p4/4P3/1P3P1P/P1PP2P1/RNBQRBNK\ w\ -\ -\ 0\ 1 -> result 1-0 checkmate
Game (W:v22 vs B:v21) FEN=knbrqbnr/pp5p/3p1pp1/2p1p3/2P5/3PP1PP/PP3P2/RNBQRBNK\ w\ -\ c6\ 0\ 1 -> result 1/2-1/2 max-plies
Game (W:v22 vs B:v21) FEN=rnbqrbnk/pp1p2p1/2p4p/4pp2/2P5/PP1PP3/5PPP/KNBRQBNR\ w\ -\ -\ 0\ 1 -> result 1/2-1/2 threefold-repetition
Game (W:v22 vs B:v21) FEN=rnbqrbnk/p2p2p1/1p2pp1p/2p5/8/P2PPPP1/1PP4P/KNBRQBNR\ w\ -\ -\ 0\ 1 -> result 1-0 checkmate
Game (W:v22 vs B:v21) FEN=knbrqbnr/pp4pp/4pp2/2pp4/3P4/2P1PPP1/PP5P/RNBQRBNK\ w\ -\ c6\ 0\ 1 -> result 1/2-1/2 threefold-repetition
Game (W:v22 vs B:v21) FEN=rnbqrbnk/p5pp/1pp1p3/3p1p2/3P4/1P2P2P/P1P2PP1/KNBRQBNR\ w\ -\ -\ 0\ 1 -> result 1/2-1/2 max-plies

=== Match Summary ===
Total games: 100
v21 wins: 36
v22 wins: 36
draws:   28
=== Worker 6 end ===
